[0.315s] DEBUG:colcon:Command line arguments: ['/usr/bin/colcon', 'build']
[0.315s] DEBUG:colcon:Parsed command line arguments: Namespace(log_base=None, log_level=None, verb_name='build', build_base='build', install_base='install', merge_install=False, symlink_install=False, test_result_base=None, continue_on_error=False, executor='parallel', parallel_workers=8, event_handlers=None, ignore_user_meta=False, metas=['./colcon.meta'], base_paths=['.'], packages_ignore=None, packages_ignore_regex=None, paths=None, packages_up_to=None, packages_up_to_regex=None, packages_above=None, packages_above_and_dependencies=None, packages_above_depth=None, packages_select_by_dep=None, packages_skip_by_dep=None, packages_skip_up_to=None, packages_select_build_failed=False, packages_skip_build_finished=False, packages_select_test_failures=False, packages_skip_test_passed=False, packages_select=None, packages_skip=None, packages_select_regex=None, packages_skip_regex=None, packages_start=None, packages_end=None, allow_overriding=[], cmake_args=None, cmake_target=None, cmake_target_skip_unavailable=False, cmake_clean_cache=False, cmake_clean_first=False, cmake_force_configure=False, ament_cmake_args=None, catkin_cmake_args=None, catkin_skip_building_tests=False, mixin_files=None, mixin=None, verb_parser=<colcon_mixin.mixin.mixin_argument.MixinArgumentDecorator object at 0x7c89ecb6d660>, verb_extension=<colcon_core.verb.build.BuildVerb object at 0x7c89ecc725f0>, main=<bound method BuildVerb.main of <colcon_core.verb.build.BuildVerb object at 0x7c89ecc725f0>>, mixin_verb=('build',))
[1.554s] Level 1:colcon.colcon_core.package_discovery:discover_packages(colcon_meta) check parameters
[1.555s] Level 1:colcon.colcon_core.package_discovery:discover_packages(recursive) check parameters
[1.555s] Level 1:colcon.colcon_core.package_discovery:discover_packages(ignore) check parameters
[1.555s] Level 1:colcon.colcon_core.package_discovery:discover_packages(path) check parameters
[1.555s] Level 1:colcon.colcon_core.package_discovery:discover_packages(colcon_meta) discover
[1.555s] Level 1:colcon.colcon_core.package_discovery:discover_packages(recursive) discover
[1.556s] INFO:colcon.colcon_core.package_discovery:Crawling recursively for packages in '/home/matrix/ros2_ws'
[1.556s] Level 1:colcon.colcon_core.package_identification:_identify(.) by extensions ['ignore', 'ignore_ament_install']
[1.557s] Level 1:colcon.colcon_core.package_identification:_identify(.) by extension 'ignore'
[1.557s] Level 1:colcon.colcon_core.package_identification:_identify(.) by extension 'ignore_ament_install'
[1.558s] Level 1:colcon.colcon_core.package_identification:_identify(.) by extensions ['colcon_pkg']
[1.558s] Level 1:colcon.colcon_core.package_identification:_identify(.) by extension 'colcon_pkg'
[1.559s] Level 1:colcon.colcon_core.package_identification:_identify(.) by extensions ['colcon_meta']
[1.559s] Level 1:colcon.colcon_core.package_identification:_identify(.) by extension 'colcon_meta'
[1.559s] Level 1:colcon.colcon_core.package_identification:_identify(.) by extensions ['ros']
[1.560s] Level 1:colcon.colcon_core.package_identification:_identify(.) by extension 'ros'
[1.629s] Level 1:colcon.colcon_core.package_identification:_identify(.) by extensions ['cmake', 'python']
[1.629s] Level 1:colcon.colcon_core.package_identification:_identify(.) by extension 'cmake'
[1.629s] Level 1:colcon.colcon_core.package_identification:_identify(.) by extension 'python'
[1.630s] Level 1:colcon.colcon_core.package_identification:_identify(.) by extensions ['python_setup_py']
[1.630s] Level 1:colcon.colcon_core.package_identification:_identify(.) by extension 'python_setup_py'
[1.631s] Level 1:colcon.colcon_core.package_identification:_identify(build) by extensions ['ignore', 'ignore_ament_install']
[1.631s] Level 1:colcon.colcon_core.package_identification:_identify(build) by extension 'ignore'
[1.632s] Level 1:colcon.colcon_core.package_identification:_identify(build) ignored
[1.632s] Level 1:colcon.colcon_core.package_identification:_identify(install) by extensions ['ignore', 'ignore_ament_install']
[1.633s] Level 1:colcon.colcon_core.package_identification:_identify(install) by extension 'ignore'
[1.633s] Level 1:colcon.colcon_core.package_identification:_identify(install) ignored
[1.634s] Level 1:colcon.colcon_core.package_identification:_identify(log) by extensions ['ignore', 'ignore_ament_install']
[1.635s] Level 1:colcon.colcon_core.package_identification:_identify(log) by extension 'ignore'
[1.635s] Level 1:colcon.colcon_core.package_identification:_identify(log) ignored
[1.636s] Level 1:colcon.colcon_core.package_identification:_identify(src) by extensions ['ignore', 'ignore_ament_install']
[1.636s] Level 1:colcon.colcon_core.package_identification:_identify(src) by extension 'ignore'
[1.637s] Level 1:colcon.colcon_core.package_identification:_identify(src) by extension 'ignore_ament_install'
[1.638s] Level 1:colcon.colcon_core.package_identification:_identify(src) by extensions ['colcon_pkg']
[1.639s] Level 1:colcon.colcon_core.package_identification:_identify(src) by extension 'colcon_pkg'
[1.639s] Level 1:colcon.colcon_core.package_identification:_identify(src) by extensions ['colcon_meta']
[1.639s] Level 1:colcon.colcon_core.package_identification:_identify(src) by extension 'colcon_meta'
[1.640s] Level 1:colcon.colcon_core.package_identification:_identify(src) by extensions ['ros']
[1.640s] Level 1:colcon.colcon_core.package_identification:_identify(src) by extension 'ros'
[1.641s] Level 1:colcon.colcon_core.package_identification:_identify(src) by extensions ['cmake', 'python']
[1.641s] Level 1:colcon.colcon_core.package_identification:_identify(src) by extension 'cmake'
[1.641s] Level 1:colcon.colcon_core.package_identification:_identify(src) by extension 'python'
[1.642s] Level 1:colcon.colcon_core.package_identification:_identify(src) by extensions ['python_setup_py']
[1.642s] Level 1:colcon.colcon_core.package_identification:_identify(src) by extension 'python_setup_py'
[1.643s] Level 1:colcon.colcon_core.package_identification:_identify(src/cpp_node) by extensions ['ignore', 'ignore_ament_install']
[1.643s] Level 1:colcon.colcon_core.package_identification:_identify(src/cpp_node) by extension 'ignore'
[1.644s] Level 1:colcon.colcon_core.package_identification:_identify(src/cpp_node) by extension 'ignore_ament_install'
[1.644s] Level 1:colcon.colcon_core.package_identification:_identify(src/cpp_node) by extensions ['colcon_pkg']
[1.644s] Level 1:colcon.colcon_core.package_identification:_identify(src/cpp_node) by extension 'colcon_pkg'
[1.645s] Level 1:colcon.colcon_core.package_identification:_identify(src/cpp_node) by extensions ['colcon_meta']
[1.645s] Level 1:colcon.colcon_core.package_identification:_identify(src/cpp_node) by extension 'colcon_meta'
[1.645s] Level 1:colcon.colcon_core.package_identification:_identify(src/cpp_node) by extensions ['ros']
[1.646s] Level 1:colcon.colcon_core.package_identification:_identify(src/cpp_node) by extension 'ros'
[1.664s] DEBUG:colcon.colcon_core.package_identification:Package 'src/cpp_node' with type 'ros.ament_cmake' and name 'cpp_node'
[1.665s] Level 1:colcon.colcon_core.package_identification:_identify(src/custom_msg) by extensions ['ignore', 'ignore_ament_install']
[1.666s] Level 1:colcon.colcon_core.package_identification:_identify(src/custom_msg) by extension 'ignore'
[1.666s] Level 1:colcon.colcon_core.package_identification:_identify(src/custom_msg) by extension 'ignore_ament_install'
[1.667s] Level 1:colcon.colcon_core.package_identification:_identify(src/custom_msg) by extensions ['colcon_pkg']
[1.667s] Level 1:colcon.colcon_core.package_identification:_identify(src/custom_msg) by extension 'colcon_pkg'
[1.668s] Level 1:colcon.colcon_core.package_identification:_identify(src/custom_msg) by extensions ['colcon_meta']
[1.668s] Level 1:colcon.colcon_core.package_identification:_identify(src/custom_msg) by extension 'colcon_meta'
[1.669s] Level 1:colcon.colcon_core.package_identification:_identify(src/custom_msg) by extensions ['ros']
[1.670s] Level 1:colcon.colcon_core.package_identification:_identify(src/custom_msg) by extension 'ros'
[1.676s] DEBUG:colcon.colcon_core.package_identification:Package 'src/custom_msg' with type 'ros.ament_cmake' and name 'custom_msg'
[1.677s] Level 1:colcon.colcon_core.package_identification:_identify(src/py_node) by extensions ['ignore', 'ignore_ament_install']
[1.678s] Level 1:colcon.colcon_core.package_identification:_identify(src/py_node) by extension 'ignore'
[1.679s] Level 1:colcon.colcon_core.package_identification:_identify(src/py_node) by extension 'ignore_ament_install'
[1.679s] Level 1:colcon.colcon_core.package_identification:_identify(src/py_node) by extensions ['colcon_pkg']
[1.680s] Level 1:colcon.colcon_core.package_identification:_identify(src/py_node) by extension 'colcon_pkg'
[1.680s] Level 1:colcon.colcon_core.package_identification:_identify(src/py_node) by extensions ['colcon_meta']
[1.681s] Level 1:colcon.colcon_core.package_identification:_identify(src/py_node) by extension 'colcon_meta'
[1.681s] Level 1:colcon.colcon_core.package_identification:_identify(src/py_node) by extensions ['ros']
[1.682s] Level 1:colcon.colcon_core.package_identification:_identify(src/py_node) by extension 'ros'
[1.686s] DEBUG:colcon.colcon_core.package_identification:Package 'src/py_node' with type 'ros.ament_python' and name 'py_node'
[1.688s] Level 1:colcon.colcon_core.package_identification:_identify(src/use_custom_msg) by extensions ['ignore', 'ignore_ament_install']
[1.689s] Level 1:colcon.colcon_core.package_identification:_identify(src/use_custom_msg) by extension 'ignore'
[1.689s] Level 1:colcon.colcon_core.package_identification:_identify(src/use_custom_msg) by extension 'ignore_ament_install'
[1.689s] Level 1:colcon.colcon_core.package_identification:_identify(src/use_custom_msg) by extensions ['colcon_pkg']
[1.690s] Level 1:colcon.colcon_core.package_identification:_identify(src/use_custom_msg) by extension 'colcon_pkg'
[1.690s] Level 1:colcon.colcon_core.package_identification:_identify(src/use_custom_msg) by extensions ['colcon_meta']
[1.690s] Level 1:colcon.colcon_core.package_identification:_identify(src/use_custom_msg) by extension 'colcon_meta'
[1.691s] Level 1:colcon.colcon_core.package_identification:_identify(src/use_custom_msg) by extensions ['ros']
[1.691s] Level 1:colcon.colcon_core.package_identification:_identify(src/use_custom_msg) by extension 'ros'
[1.694s] DEBUG:colcon.colcon_core.package_identification:Package 'src/use_custom_msg' with type 'ros.ament_cmake' and name 'use_custom_msg'
[1.694s] Level 1:colcon.colcon_core.package_discovery:discover_packages(recursive) using defaults
[1.695s] Level 1:colcon.colcon_core.package_discovery:discover_packages(ignore) discover
[1.695s] Level 1:colcon.colcon_core.package_discovery:discover_packages(ignore) using defaults
[1.695s] Level 1:colcon.colcon_core.package_discovery:discover_packages(path) discover
[1.695s] Level 1:colcon.colcon_core.package_discovery:discover_packages(path) using defaults
[1.850s] Level 1:colcon.colcon_core.package_discovery:discover_packages(prefix_path) check parameters
[1.851s] Level 1:colcon.colcon_core.package_discovery:discover_packages(prefix_path) discover
[1.878s] DEBUG:colcon.colcon_installed_package_information.package_discovery:Found 298 installed packages in /opt/ros/humble
[1.887s] Level 1:colcon.colcon_core.package_discovery:discover_packages(prefix_path) using defaults
[2.187s] Level 5:colcon.colcon_core.verb:set package 'cpp_node' build argument 'cmake_args' from command line to 'None'
[2.187s] Level 5:colcon.colcon_core.verb:set package 'cpp_node' build argument 'cmake_target' from command line to 'None'
[2.187s] Level 5:colcon.colcon_core.verb:set package 'cpp_node' build argument 'cmake_target_skip_unavailable' from command line to 'False'
[2.187s] Level 5:colcon.colcon_core.verb:set package 'cpp_node' build argument 'cmake_clean_cache' from command line to 'False'
[2.188s] Level 5:colcon.colcon_core.verb:set package 'cpp_node' build argument 'cmake_clean_first' from command line to 'False'
[2.188s] Level 5:colcon.colcon_core.verb:set package 'cpp_node' build argument 'cmake_force_configure' from command line to 'False'
[2.188s] Level 5:colcon.colcon_core.verb:set package 'cpp_node' build argument 'ament_cmake_args' from command line to 'None'
[2.188s] Level 5:colcon.colcon_core.verb:set package 'cpp_node' build argument 'catkin_cmake_args' from command line to 'None'
[2.188s] Level 5:colcon.colcon_core.verb:set package 'cpp_node' build argument 'catkin_skip_building_tests' from command line to 'False'
[2.189s] DEBUG:colcon.colcon_core.verb:Building package 'cpp_node' with the following arguments: {'ament_cmake_args': None, 'build_base': '/home/matrix/ros2_ws/build/cpp_node', 'catkin_cmake_args': None, 'catkin_skip_building_tests': False, 'cmake_args': None, 'cmake_clean_cache': False, 'cmake_clean_first': False, 'cmake_force_configure': False, 'cmake_target': None, 'cmake_target_skip_unavailable': False, 'install_base': '/home/matrix/ros2_ws/install/cpp_node', 'merge_install': False, 'path': '/home/matrix/ros2_ws/src/cpp_node', 'symlink_install': False, 'test_result_base': None}
[2.190s] Level 5:colcon.colcon_core.verb:set package 'custom_msg' build argument 'cmake_args' from command line to 'None'
[2.190s] Level 5:colcon.colcon_core.verb:set package 'custom_msg' build argument 'cmake_target' from command line to 'None'
[2.191s] Level 5:colcon.colcon_core.verb:set package 'custom_msg' build argument 'cmake_target_skip_unavailable' from command line to 'False'
[2.191s] Level 5:colcon.colcon_core.verb:set package 'custom_msg' build argument 'cmake_clean_cache' from command line to 'False'
[2.191s] Level 5:colcon.colcon_core.verb:set package 'custom_msg' build argument 'cmake_clean_first' from command line to 'False'
[2.191s] Level 5:colcon.colcon_core.verb:set package 'custom_msg' build argument 'cmake_force_configure' from command line to 'False'
[2.192s] Level 5:colcon.colcon_core.verb:set package 'custom_msg' build argument 'ament_cmake_args' from command line to 'None'
[2.192s] Level 5:colcon.colcon_core.verb:set package 'custom_msg' build argument 'catkin_cmake_args' from command line to 'None'
[2.193s] Level 5:colcon.colcon_core.verb:set package 'custom_msg' build argument 'catkin_skip_building_tests' from command line to 'False'
[2.193s] DEBUG:colcon.colcon_core.verb:Building package 'custom_msg' with the following arguments: {'ament_cmake_args': None, 'build_base': '/home/matrix/ros2_ws/build/custom_msg', 'catkin_cmake_args': None, 'catkin_skip_building_tests': False, 'cmake_args': None, 'cmake_clean_cache': False, 'cmake_clean_first': False, 'cmake_force_configure': False, 'cmake_target': None, 'cmake_target_skip_unavailable': False, 'install_base': '/home/matrix/ros2_ws/install/custom_msg', 'merge_install': False, 'path': '/home/matrix/ros2_ws/src/custom_msg', 'symlink_install': False, 'test_result_base': None}
[2.196s] Level 5:colcon.colcon_core.verb:set package 'py_node' build argument 'cmake_args' from command line to 'None'
[2.196s] Level 5:colcon.colcon_core.verb:set package 'py_node' build argument 'cmake_target' from command line to 'None'
[2.197s] Level 5:colcon.colcon_core.verb:set package 'py_node' build argument 'cmake_target_skip_unavailable' from command line to 'False'
[2.197s] Level 5:colcon.colcon_core.verb:set package 'py_node' build argument 'cmake_clean_cache' from command line to 'False'
[2.197s] Level 5:colcon.colcon_core.verb:set package 'py_node' build argument 'cmake_clean_first' from command line to 'False'
[2.197s] Level 5:colcon.colcon_core.verb:set package 'py_node' build argument 'cmake_force_configure' from command line to 'False'
[2.197s] Level 5:colcon.colcon_core.verb:set package 'py_node' build argument 'ament_cmake_args' from command line to 'None'
[2.198s] Level 5:colcon.colcon_core.verb:set package 'py_node' build argument 'catkin_cmake_args' from command line to 'None'
[2.198s] Level 5:colcon.colcon_core.verb:set package 'py_node' build argument 'catkin_skip_building_tests' from command line to 'False'
[2.198s] DEBUG:colcon.colcon_core.verb:Building package 'py_node' with the following arguments: {'ament_cmake_args': None, 'build_base': '/home/matrix/ros2_ws/build/py_node', 'catkin_cmake_args': None, 'catkin_skip_building_tests': False, 'cmake_args': None, 'cmake_clean_cache': False, 'cmake_clean_first': False, 'cmake_force_configure': False, 'cmake_target': None, 'cmake_target_skip_unavailable': False, 'install_base': '/home/matrix/ros2_ws/install/py_node', 'merge_install': False, 'path': '/home/matrix/ros2_ws/src/py_node', 'symlink_install': False, 'test_result_base': None}
[2.199s] Level 5:colcon.colcon_core.verb:set package 'use_custom_msg' build argument 'cmake_args' from command line to 'None'
[2.200s] Level 5:colcon.colcon_core.verb:set package 'use_custom_msg' build argument 'cmake_target' from command line to 'None'
[2.200s] Level 5:colcon.colcon_core.verb:set package 'use_custom_msg' build argument 'cmake_target_skip_unavailable' from command line to 'False'
[2.200s] Level 5:colcon.colcon_core.verb:set package 'use_custom_msg' build argument 'cmake_clean_cache' from command line to 'False'
[2.201s] Level 5:colcon.colcon_core.verb:set package 'use_custom_msg' build argument 'cmake_clean_first' from command line to 'False'
[2.201s] Level 5:colcon.colcon_core.verb:set package 'use_custom_msg' build argument 'cmake_force_configure' from command line to 'False'
[2.201s] Level 5:colcon.colcon_core.verb:set package 'use_custom_msg' build argument 'ament_cmake_args' from command line to 'None'
[2.202s] Level 5:colcon.colcon_core.verb:set package 'use_custom_msg' build argument 'catkin_cmake_args' from command line to 'None'
[2.202s] Level 5:colcon.colcon_core.verb:set package 'use_custom_msg' build argument 'catkin_skip_building_tests' from command line to 'False'
[2.205s] DEBUG:colcon.colcon_core.verb:Building package 'use_custom_msg' with the following arguments: {'ament_cmake_args': None, 'build_base': '/home/matrix/ros2_ws/build/use_custom_msg', 'catkin_cmake_args': None, 'catkin_skip_building_tests': False, 'cmake_args': None, 'cmake_clean_cache': False, 'cmake_clean_first': False, 'cmake_force_configure': False, 'cmake_target': None, 'cmake_target_skip_unavailable': False, 'install_base': '/home/matrix/ros2_ws/install/use_custom_msg', 'merge_install': False, 'path': '/home/matrix/ros2_ws/src/use_custom_msg', 'symlink_install': False, 'test_result_base': None}
[2.206s] INFO:colcon.colcon_core.executor:Executing jobs using 'parallel' executor
[2.217s] DEBUG:colcon.colcon_parallel_executor.executor.parallel:run_until_complete
[2.219s] INFO:colcon.colcon_ros.task.ament_cmake.build:Building ROS package in '/home/matrix/ros2_ws/src/custom_msg' with build type 'ament_cmake'
[2.220s] INFO:colcon.colcon_cmake.task.cmake.build:Building CMake package in '/home/matrix/ros2_ws/src/custom_msg'
[2.238s] INFO:colcon.colcon_core.plugin_system:Skipping extension 'colcon_core.shell.bat': Not used on non-Windows systems
[2.240s] INFO:colcon.colcon_core.shell:Skip shell extension 'powershell' for command environment: Not usable outside of PowerShell
[2.240s] DEBUG:colcon.colcon_core.shell:Skip shell extension 'dsv' for command environment
[2.276s] INFO:colcon.colcon_ros.task.ament_cmake.build:Building ROS package in '/home/matrix/ros2_ws/src/cpp_node' with build type 'ament_cmake'
[2.277s] INFO:colcon.colcon_cmake.task.cmake.build:Building CMake package in '/home/matrix/ros2_ws/src/cpp_node'
[2.278s] INFO:colcon.colcon_core.shell:Skip shell extension 'powershell' for command environment: Not usable outside of PowerShell
[2.279s] DEBUG:colcon.colcon_core.shell:Skip shell extension 'dsv' for command environment
[2.331s] INFO:colcon.colcon_ros.task.ament_python.build:Building ROS package in '/home/matrix/ros2_ws/src/py_node' with build type 'ament_python'
[2.332s] Level 1:colcon.colcon_core.shell:create_environment_hook('py_node', 'ament_prefix_path')
[2.334s] INFO:colcon.colcon_core.shell:Creating environment hook '/home/matrix/ros2_ws/install/py_node/share/py_node/hook/ament_prefix_path.ps1'
[2.346s] INFO:colcon.colcon_core.shell:Creating environment descriptor '/home/matrix/ros2_ws/install/py_node/share/py_node/hook/ament_prefix_path.dsv'
[2.352s] INFO:colcon.colcon_core.shell:Creating environment hook '/home/matrix/ros2_ws/install/py_node/share/py_node/hook/ament_prefix_path.sh'
[2.358s] INFO:colcon.colcon_core.shell:Skip shell extension 'powershell' for command environment: Not usable outside of PowerShell
[2.359s] DEBUG:colcon.colcon_core.shell:Skip shell extension 'dsv' for command environment
[2.487s] DEBUG:colcon.colcon_core.event_handler.log_command:Invoking command in '/home/matrix/ros2_ws/build/custom_msg': CMAKE_PREFIX_PATH=/opt/ros/humble /usr/bin/cmake --build /home/matrix/ros2_ws/build/custom_msg -- -j8 -l8
[2.547s] DEBUG:colcon.colcon_core.event_handler.log_command:Invoking command in '/home/matrix/ros2_ws/build/cpp_node': CMAKE_PREFIX_PATH=/opt/ros/humble /usr/bin/cmake --build /home/matrix/ros2_ws/build/cpp_node -- -j8 -l8
[5.311s] INFO:colcon.colcon_core.task.python.build:Building Python package in '/home/matrix/ros2_ws/src/py_node'
[5.312s] INFO:colcon.colcon_core.shell:Skip shell extension 'powershell' for command environment: Not usable outside of PowerShell
[5.319s] DEBUG:colcon.colcon_core.shell:Skip shell extension 'dsv' for command environment
[5.436s] DEBUG:colcon.colcon_core.event_handler.log_command:Invoked command in '/home/matrix/ros2_ws/build/cpp_node' returned '0': CMAKE_PREFIX_PATH=/opt/ros/humble /usr/bin/cmake --build /home/matrix/ros2_ws/build/cpp_node -- -j8 -l8
[5.601s] DEBUG:colcon.colcon_core.event_handler.log_command:Invoking command in '/home/matrix/ros2_ws/build/cpp_node': CMAKE_PREFIX_PATH=/opt/ros/humble /usr/bin/cmake --install /home/matrix/ros2_ws/build/cpp_node
[5.822s] Level 1:colcon.colcon_core.environment:create_environment_scripts_only(cpp_node)
[5.828s] DEBUG:colcon.colcon_core.event_handler.log_command:Invoked command in '/home/matrix/ros2_ws/build/cpp_node' returned '0': CMAKE_PREFIX_PATH=/opt/ros/humble /usr/bin/cmake --install /home/matrix/ros2_ws/build/cpp_node
[5.875s] Level 1:colcon.colcon_core.environment:checking '/home/matrix/ros2_ws/install/cpp_node' for CMake module files
[5.885s] Level 1:colcon.colcon_core.environment:checking '/home/matrix/ros2_ws/install/cpp_node' for CMake config files
[5.889s] Level 1:colcon.colcon_core.shell:create_environment_hook('cpp_node', 'cmake_prefix_path')
[5.890s] INFO:colcon.colcon_core.shell:Creating environment hook '/home/matrix/ros2_ws/install/cpp_node/share/cpp_node/hook/cmake_prefix_path.ps1'
[5.894s] INFO:colcon.colcon_core.shell:Creating environment descriptor '/home/matrix/ros2_ws/install/cpp_node/share/cpp_node/hook/cmake_prefix_path.dsv'
[5.900s] INFO:colcon.colcon_core.shell:Creating environment hook '/home/matrix/ros2_ws/install/cpp_node/share/cpp_node/hook/cmake_prefix_path.sh'
[5.905s] Level 1:colcon.colcon_core.environment:checking '/home/matrix/ros2_ws/install/cpp_node/lib'
[5.907s] Level 1:colcon.colcon_core.environment:checking '/home/matrix/ros2_ws/install/cpp_node/bin'
[5.907s] Level 1:colcon.colcon_core.environment:checking '/home/matrix/ros2_ws/install/cpp_node/lib/pkgconfig/cpp_node.pc'
[5.908s] Level 1:colcon.colcon_core.environment:checking '/home/matrix/ros2_ws/install/cpp_node/lib/python3.10/site-packages'
[5.910s] Level 1:colcon.colcon_core.environment:checking '/home/matrix/ros2_ws/install/cpp_node/bin'
[5.913s] INFO:colcon.colcon_core.shell:Creating package script '/home/matrix/ros2_ws/install/cpp_node/share/cpp_node/package.ps1'
[5.920s] INFO:colcon.colcon_core.shell:Creating package descriptor '/home/matrix/ros2_ws/install/cpp_node/share/cpp_node/package.dsv'
[5.926s] INFO:colcon.colcon_core.shell:Creating package script '/home/matrix/ros2_ws/install/cpp_node/share/cpp_node/package.sh'
[5.934s] INFO:colcon.colcon_core.shell:Creating package script '/home/matrix/ros2_ws/install/cpp_node/share/cpp_node/package.bash'
[5.941s] INFO:colcon.colcon_core.shell:Creating package script '/home/matrix/ros2_ws/install/cpp_node/share/cpp_node/package.zsh'
[5.950s] Level 1:colcon.colcon_core.environment:create_file_with_runtime_dependencies(/home/matrix/ros2_ws/install/cpp_node/share/colcon-core/packages/cpp_node)
[5.965s] Level 1:colcon.colcon_core.environment:create_environment_scripts_only(cpp_node)
[5.967s] Level 1:colcon.colcon_core.environment:checking '/home/matrix/ros2_ws/install/cpp_node' for CMake module files
[5.980s] Level 1:colcon.colcon_core.environment:checking '/home/matrix/ros2_ws/install/cpp_node' for CMake config files
[5.989s] Level 1:colcon.colcon_core.shell:create_environment_hook('cpp_node', 'cmake_prefix_path')
[5.990s] INFO:colcon.colcon_core.shell:Creating environment hook '/home/matrix/ros2_ws/install/cpp_node/share/cpp_node/hook/cmake_prefix_path.ps1'
[5.993s] INFO:colcon.colcon_core.shell:Creating environment descriptor '/home/matrix/ros2_ws/install/cpp_node/share/cpp_node/hook/cmake_prefix_path.dsv'
[5.997s] INFO:colcon.colcon_core.shell:Creating environment hook '/home/matrix/ros2_ws/install/cpp_node/share/cpp_node/hook/cmake_prefix_path.sh'
[6.005s] Level 1:colcon.colcon_core.environment:checking '/home/matrix/ros2_ws/install/cpp_node/lib'
[6.008s] Level 1:colcon.colcon_core.environment:checking '/home/matrix/ros2_ws/install/cpp_node/bin'
[6.009s] Level 1:colcon.colcon_core.environment:checking '/home/matrix/ros2_ws/install/cpp_node/lib/pkgconfig/cpp_node.pc'
[6.013s] Level 1:colcon.colcon_core.environment:checking '/home/matrix/ros2_ws/install/cpp_node/lib/python3.10/site-packages'
[6.015s] Level 1:colcon.colcon_core.environment:checking '/home/matrix/ros2_ws/install/cpp_node/bin'
[6.020s] INFO:colcon.colcon_core.shell:Creating package script '/home/matrix/ros2_ws/install/cpp_node/share/cpp_node/package.ps1'
[6.027s] INFO:colcon.colcon_core.shell:Creating package descriptor '/home/matrix/ros2_ws/install/cpp_node/share/cpp_node/package.dsv'
[6.032s] INFO:colcon.colcon_core.shell:Creating package script '/home/matrix/ros2_ws/install/cpp_node/share/cpp_node/package.sh'
[6.036s] INFO:colcon.colcon_core.shell:Creating package script '/home/matrix/ros2_ws/install/cpp_node/share/cpp_node/package.bash'
[6.041s] INFO:colcon.colcon_core.shell:Creating package script '/home/matrix/ros2_ws/install/cpp_node/share/cpp_node/package.zsh'
[6.045s] Level 1:colcon.colcon_core.environment:create_file_with_runtime_dependencies(/home/matrix/ros2_ws/install/cpp_node/share/colcon-core/packages/cpp_node)
[9.145s] DEBUG:colcon.colcon_core.event_handler.log_command:Invoking command in '/home/matrix/ros2_ws/src/py_node': PYTHONPATH=/home/matrix/ros2_ws/build/py_node/prefix_override:/usr/lib/python3/dist-packages/colcon_core/task/python/colcon_distutils_commands:/home/matrix/ros2_ws/install/py_node/lib/python3.10/site-packages:${PYTHONPATH} /usr/bin/python3 -W ignore:setup.py install is deprecated -W ignore:easy_install command is deprecated setup.py egg_info --egg-base ../../build/py_node build --build-base /home/matrix/ros2_ws/build/py_node/build install --record /home/matrix/ros2_ws/build/py_node/install.log --single-version-externally-managed install_data
[11.572s] Level 1:colcon.colcon_core.environment:checking '/home/matrix/ros2_ws/install/py_node' for CMake module files
[11.583s] DEBUG:colcon.colcon_core.event_handler.log_command:Invoked command in '/home/matrix/ros2_ws/src/py_node' returned '0': PYTHONPATH=/home/matrix/ros2_ws/build/py_node/prefix_override:/usr/lib/python3/dist-packages/colcon_core/task/python/colcon_distutils_commands:/home/matrix/ros2_ws/install/py_node/lib/python3.10/site-packages:${PYTHONPATH} /usr/bin/python3 -W ignore:setup.py install is deprecated -W ignore:easy_install command is deprecated setup.py egg_info --egg-base ../../build/py_node build --build-base /home/matrix/ros2_ws/build/py_node/build install --record /home/matrix/ros2_ws/build/py_node/install.log --single-version-externally-managed install_data
[11.587s] Level 1:colcon.colcon_core.environment:checking '/home/matrix/ros2_ws/install/py_node' for CMake config files
[11.596s] Level 1:colcon.colcon_core.environment:checking '/home/matrix/ros2_ws/install/py_node/lib'
[11.596s] Level 1:colcon.colcon_core.environment:checking '/home/matrix/ros2_ws/install/py_node/bin'
[11.597s] Level 1:colcon.colcon_core.environment:checking '/home/matrix/ros2_ws/install/py_node/lib/pkgconfig/py_node.pc'
[11.598s] Level 1:colcon.colcon_core.environment:checking '/home/matrix/ros2_ws/install/py_node/lib/python3.10/site-packages'
[11.598s] Level 1:colcon.colcon_core.shell:create_environment_hook('py_node', 'pythonpath')
[11.601s] INFO:colcon.colcon_core.shell:Creating environment hook '/home/matrix/ros2_ws/install/py_node/share/py_node/hook/pythonpath.ps1'
[11.604s] INFO:colcon.colcon_core.shell:Creating environment descriptor '/home/matrix/ros2_ws/install/py_node/share/py_node/hook/pythonpath.dsv'
[11.606s] INFO:colcon.colcon_core.shell:Creating environment hook '/home/matrix/ros2_ws/install/py_node/share/py_node/hook/pythonpath.sh'
[11.623s] Level 1:colcon.colcon_core.environment:checking '/home/matrix/ros2_ws/install/py_node/bin'
[11.624s] Level 1:colcon.colcon_core.environment:create_environment_scripts_only(py_node)
[11.626s] INFO:colcon.colcon_core.shell:Creating package script '/home/matrix/ros2_ws/install/py_node/share/py_node/package.ps1'
[11.634s] INFO:colcon.colcon_core.shell:Creating package descriptor '/home/matrix/ros2_ws/install/py_node/share/py_node/package.dsv'
[11.637s] INFO:colcon.colcon_core.shell:Creating package script '/home/matrix/ros2_ws/install/py_node/share/py_node/package.sh'
[11.646s] INFO:colcon.colcon_core.shell:Creating package script '/home/matrix/ros2_ws/install/py_node/share/py_node/package.bash'
[11.649s] INFO:colcon.colcon_core.shell:Creating package script '/home/matrix/ros2_ws/install/py_node/share/py_node/package.zsh'
[11.651s] Level 1:colcon.colcon_core.environment:create_file_with_runtime_dependencies(/home/matrix/ros2_ws/install/py_node/share/colcon-core/packages/py_node)
[59.015s] DEBUG:colcon.colcon_core.event_handler.log_command:Invoked command in '/home/matrix/ros2_ws/build/custom_msg' returned '0': CMAKE_PREFIX_PATH=/opt/ros/humble /usr/bin/cmake --build /home/matrix/ros2_ws/build/custom_msg -- -j8 -l8
[59.038s] DEBUG:colcon.colcon_core.event_handler.log_command:Invoking command in '/home/matrix/ros2_ws/build/custom_msg': CMAKE_PREFIX_PATH=/opt/ros/humble /usr/bin/cmake --install /home/matrix/ros2_ws/build/custom_msg
[60.006s] Level 1:colcon.colcon_core.environment:create_environment_scripts_only(custom_msg)
[60.009s] Level 1:colcon.colcon_core.environment:checking '/home/matrix/ros2_ws/install/custom_msg' for CMake module files
[60.028s] DEBUG:colcon.colcon_core.event_handler.log_command:Invoked command in '/home/matrix/ros2_ws/build/custom_msg' returned '0': CMAKE_PREFIX_PATH=/opt/ros/humble /usr/bin/cmake --install /home/matrix/ros2_ws/build/custom_msg
[60.037s] Level 1:colcon.colcon_core.environment:checking '/home/matrix/ros2_ws/install/custom_msg' for CMake config files
[60.041s] Level 1:colcon.colcon_core.shell:create_environment_hook('custom_msg', 'cmake_prefix_path')
[60.042s] INFO:colcon.colcon_core.shell:Creating environment hook '/home/matrix/ros2_ws/install/custom_msg/share/custom_msg/hook/cmake_prefix_path.ps1'
[60.045s] INFO:colcon.colcon_core.shell:Creating environment descriptor '/home/matrix/ros2_ws/install/custom_msg/share/custom_msg/hook/cmake_prefix_path.dsv'
[60.049s] INFO:colcon.colcon_core.shell:Creating environment hook '/home/matrix/ros2_ws/install/custom_msg/share/custom_msg/hook/cmake_prefix_path.sh'
[60.052s] Level 1:colcon.colcon_core.environment:checking '/home/matrix/ros2_ws/install/custom_msg/lib'
[60.053s] Level 1:colcon.colcon_core.shell:create_environment_hook('custom_msg', 'ld_library_path_lib')
[60.056s] INFO:colcon.colcon_core.shell:Creating environment hook '/home/matrix/ros2_ws/install/custom_msg/share/custom_msg/hook/ld_library_path_lib.ps1'
[60.059s] INFO:colcon.colcon_core.shell:Creating environment descriptor '/home/matrix/ros2_ws/install/custom_msg/share/custom_msg/hook/ld_library_path_lib.dsv'
[60.062s] INFO:colcon.colcon_core.shell:Creating environment hook '/home/matrix/ros2_ws/install/custom_msg/share/custom_msg/hook/ld_library_path_lib.sh'
[60.068s] Level 1:colcon.colcon_core.environment:checking '/home/matrix/ros2_ws/install/custom_msg/bin'
[60.071s] Level 1:colcon.colcon_core.environment:checking '/home/matrix/ros2_ws/install/custom_msg/lib/pkgconfig/custom_msg.pc'
[60.076s] Level 1:colcon.colcon_core.environment:checking '/home/matrix/ros2_ws/install/custom_msg/lib/python3.10/site-packages'
[60.077s] Level 1:colcon.colcon_core.environment:checking '/home/matrix/ros2_ws/install/custom_msg/bin'
[60.078s] INFO:colcon.colcon_core.shell:Creating package script '/home/matrix/ros2_ws/install/custom_msg/share/custom_msg/package.ps1'
[60.084s] INFO:colcon.colcon_core.shell:Creating package descriptor '/home/matrix/ros2_ws/install/custom_msg/share/custom_msg/package.dsv'
[60.093s] INFO:colcon.colcon_core.shell:Creating package script '/home/matrix/ros2_ws/install/custom_msg/share/custom_msg/package.sh'
[60.096s] INFO:colcon.colcon_core.shell:Creating package script '/home/matrix/ros2_ws/install/custom_msg/share/custom_msg/package.bash'
[60.102s] INFO:colcon.colcon_core.shell:Creating package script '/home/matrix/ros2_ws/install/custom_msg/share/custom_msg/package.zsh'
[60.104s] Level 1:colcon.colcon_core.environment:create_file_with_runtime_dependencies(/home/matrix/ros2_ws/install/custom_msg/share/colcon-core/packages/custom_msg)
[60.108s] Level 1:colcon.colcon_core.environment:create_environment_scripts_only(custom_msg)
[60.110s] Level 1:colcon.colcon_core.environment:checking '/home/matrix/ros2_ws/install/custom_msg' for CMake module files
[60.125s] Level 1:colcon.colcon_core.environment:checking '/home/matrix/ros2_ws/install/custom_msg' for CMake config files
[60.127s] Level 1:colcon.colcon_core.shell:create_environment_hook('custom_msg', 'cmake_prefix_path')
[60.128s] INFO:colcon.colcon_core.shell:Creating environment hook '/home/matrix/ros2_ws/install/custom_msg/share/custom_msg/hook/cmake_prefix_path.ps1'
[60.130s] INFO:colcon.colcon_core.shell:Creating environment descriptor '/home/matrix/ros2_ws/install/custom_msg/share/custom_msg/hook/cmake_prefix_path.dsv'
[60.134s] INFO:colcon.colcon_core.shell:Creating environment hook '/home/matrix/ros2_ws/install/custom_msg/share/custom_msg/hook/cmake_prefix_path.sh'
[60.138s] Level 1:colcon.colcon_core.environment:checking '/home/matrix/ros2_ws/install/custom_msg/lib'
[60.138s] Level 1:colcon.colcon_core.shell:create_environment_hook('custom_msg', 'ld_library_path_lib')
[60.139s] INFO:colcon.colcon_core.shell:Creating environment hook '/home/matrix/ros2_ws/install/custom_msg/share/custom_msg/hook/ld_library_path_lib.ps1'
[60.142s] INFO:colcon.colcon_core.shell:Creating environment descriptor '/home/matrix/ros2_ws/install/custom_msg/share/custom_msg/hook/ld_library_path_lib.dsv'
[60.144s] INFO:colcon.colcon_core.shell:Creating environment hook '/home/matrix/ros2_ws/install/custom_msg/share/custom_msg/hook/ld_library_path_lib.sh'
[60.148s] Level 1:colcon.colcon_core.environment:checking '/home/matrix/ros2_ws/install/custom_msg/bin'
[60.148s] Level 1:colcon.colcon_core.environment:checking '/home/matrix/ros2_ws/install/custom_msg/lib/pkgconfig/custom_msg.pc'
[60.149s] Level 1:colcon.colcon_core.environment:checking '/home/matrix/ros2_ws/install/custom_msg/lib/python3.10/site-packages'
[60.150s] Level 1:colcon.colcon_core.environment:checking '/home/matrix/ros2_ws/install/custom_msg/bin'
[60.151s] INFO:colcon.colcon_core.shell:Creating package script '/home/matrix/ros2_ws/install/custom_msg/share/custom_msg/package.ps1'
[60.154s] INFO:colcon.colcon_core.shell:Creating package descriptor '/home/matrix/ros2_ws/install/custom_msg/share/custom_msg/package.dsv'
[60.159s] INFO:colcon.colcon_core.shell:Creating package script '/home/matrix/ros2_ws/install/custom_msg/share/custom_msg/package.sh'
[60.164s] INFO:colcon.colcon_core.shell:Creating package script '/home/matrix/ros2_ws/install/custom_msg/share/custom_msg/package.bash'
[60.172s] INFO:colcon.colcon_core.shell:Creating package script '/home/matrix/ros2_ws/install/custom_msg/share/custom_msg/package.zsh'
[60.175s] Level 1:colcon.colcon_core.environment:create_file_with_runtime_dependencies(/home/matrix/ros2_ws/install/custom_msg/share/colcon-core/packages/custom_msg)
[60.178s] INFO:colcon.colcon_ros.task.ament_cmake.build:Building ROS package in '/home/matrix/ros2_ws/src/use_custom_msg' with build type 'ament_cmake'
[60.179s] INFO:colcon.colcon_cmake.task.cmake.build:Building CMake package in '/home/matrix/ros2_ws/src/use_custom_msg'
[60.180s] INFO:colcon.colcon_core.shell:Skip shell extension 'powershell' for command environment: Not usable outside of PowerShell
[60.180s] DEBUG:colcon.colcon_core.shell:Skip shell extension 'dsv' for command environment
[60.357s] DEBUG:colcon.colcon_core.event_handler.log_command:Invoking command in '/home/matrix/ros2_ws/build/use_custom_msg': AMENT_PREFIX_PATH=/home/matrix/ros2_ws/install/custom_msg:${AMENT_PREFIX_PATH} CMAKE_PREFIX_PATH=/home/matrix/ros2_ws/install/custom_msg:/opt/ros/humble LD_LIBRARY_PATH=/home/matrix/ros2_ws/install/custom_msg/lib:${LD_LIBRARY_PATH} PYTHONPATH=/home/matrix/ros2_ws/install/custom_msg/local/lib/python3.10/dist-packages:${PYTHONPATH} /usr/bin/cmake --build /home/matrix/ros2_ws/build/use_custom_msg -- -j8 -l8
[106.922s] DEBUG:colcon.colcon_core.event_handler.log_command:Invoked command in '/home/matrix/ros2_ws/build/use_custom_msg' returned '0': AMENT_PREFIX_PATH=/home/matrix/ros2_ws/install/custom_msg:${AMENT_PREFIX_PATH} CMAKE_PREFIX_PATH=/home/matrix/ros2_ws/install/custom_msg:/opt/ros/humble LD_LIBRARY_PATH=/home/matrix/ros2_ws/install/custom_msg/lib:${LD_LIBRARY_PATH} PYTHONPATH=/home/matrix/ros2_ws/install/custom_msg/local/lib/python3.10/dist-packages:${PYTHONPATH} /usr/bin/cmake --build /home/matrix/ros2_ws/build/use_custom_msg -- -j8 -l8
[106.939s] DEBUG:colcon.colcon_core.event_handler.log_command:Invoking command in '/home/matrix/ros2_ws/build/use_custom_msg': AMENT_PREFIX_PATH=/home/matrix/ros2_ws/install/custom_msg:${AMENT_PREFIX_PATH} CMAKE_PREFIX_PATH=/home/matrix/ros2_ws/install/custom_msg:/opt/ros/humble LD_LIBRARY_PATH=/home/matrix/ros2_ws/install/custom_msg/lib:${LD_LIBRARY_PATH} PYTHONPATH=/home/matrix/ros2_ws/install/custom_msg/local/lib/python3.10/dist-packages:${PYTHONPATH} /usr/bin/cmake --install /home/matrix/ros2_ws/build/use_custom_msg
[107.202s] Level 1:colcon.colcon_core.environment:create_environment_scripts_only(use_custom_msg)
[107.204s] Level 1:colcon.colcon_core.environment:checking '/home/matrix/ros2_ws/install/use_custom_msg' for CMake module files
[107.222s] Level 1:colcon.colcon_core.environment:checking '/home/matrix/ros2_ws/install/use_custom_msg' for CMake config files
[107.230s] DEBUG:colcon.colcon_core.event_handler.log_command:Invoked command in '/home/matrix/ros2_ws/build/use_custom_msg' returned '0': AMENT_PREFIX_PATH=/home/matrix/ros2_ws/install/custom_msg:${AMENT_PREFIX_PATH} CMAKE_PREFIX_PATH=/home/matrix/ros2_ws/install/custom_msg:/opt/ros/humble LD_LIBRARY_PATH=/home/matrix/ros2_ws/install/custom_msg/lib:${LD_LIBRARY_PATH} PYTHONPATH=/home/matrix/ros2_ws/install/custom_msg/local/lib/python3.10/dist-packages:${PYTHONPATH} /usr/bin/cmake --install /home/matrix/ros2_ws/build/use_custom_msg
[107.237s] Level 1:colcon.colcon_core.shell:create_environment_hook('use_custom_msg', 'cmake_prefix_path')
[107.238s] INFO:colcon.colcon_core.shell:Creating environment hook '/home/matrix/ros2_ws/install/use_custom_msg/share/use_custom_msg/hook/cmake_prefix_path.ps1'
[107.242s] INFO:colcon.colcon_core.shell:Creating environment descriptor '/home/matrix/ros2_ws/install/use_custom_msg/share/use_custom_msg/hook/cmake_prefix_path.dsv'
[107.246s] INFO:colcon.colcon_core.shell:Creating environment hook '/home/matrix/ros2_ws/install/use_custom_msg/share/use_custom_msg/hook/cmake_prefix_path.sh'
[107.249s] Level 1:colcon.colcon_core.environment:checking '/home/matrix/ros2_ws/install/use_custom_msg/lib'
[107.250s] Level 1:colcon.colcon_core.environment:checking '/home/matrix/ros2_ws/install/use_custom_msg/bin'
[107.250s] Level 1:colcon.colcon_core.environment:checking '/home/matrix/ros2_ws/install/use_custom_msg/lib/pkgconfig/use_custom_msg.pc'
[107.251s] Level 1:colcon.colcon_core.environment:checking '/home/matrix/ros2_ws/install/use_custom_msg/lib/python3.10/site-packages'
[107.252s] Level 1:colcon.colcon_core.environment:checking '/home/matrix/ros2_ws/install/use_custom_msg/bin'
[107.253s] INFO:colcon.colcon_core.shell:Creating package script '/home/matrix/ros2_ws/install/use_custom_msg/share/use_custom_msg/package.ps1'
[107.265s] INFO:colcon.colcon_core.shell:Creating package descriptor '/home/matrix/ros2_ws/install/use_custom_msg/share/use_custom_msg/package.dsv'
[107.269s] INFO:colcon.colcon_core.shell:Creating package script '/home/matrix/ros2_ws/install/use_custom_msg/share/use_custom_msg/package.sh'
[107.272s] INFO:colcon.colcon_core.shell:Creating package script '/home/matrix/ros2_ws/install/use_custom_msg/share/use_custom_msg/package.bash'
[107.274s] INFO:colcon.colcon_core.shell:Creating package script '/home/matrix/ros2_ws/install/use_custom_msg/share/use_custom_msg/package.zsh'
[107.277s] Level 1:colcon.colcon_core.environment:create_file_with_runtime_dependencies(/home/matrix/ros2_ws/install/use_custom_msg/share/colcon-core/packages/use_custom_msg)
[107.281s] Level 1:colcon.colcon_core.environment:create_environment_scripts_only(use_custom_msg)
[107.282s] Level 1:colcon.colcon_core.environment:checking '/home/matrix/ros2_ws/install/use_custom_msg' for CMake module files
[107.286s] Level 1:colcon.colcon_core.environment:checking '/home/matrix/ros2_ws/install/use_custom_msg' for CMake config files
[107.288s] Level 1:colcon.colcon_core.shell:create_environment_hook('use_custom_msg', 'cmake_prefix_path')
[107.289s] INFO:colcon.colcon_core.shell:Creating environment hook '/home/matrix/ros2_ws/install/use_custom_msg/share/use_custom_msg/hook/cmake_prefix_path.ps1'
[107.292s] INFO:colcon.colcon_core.shell:Creating environment descriptor '/home/matrix/ros2_ws/install/use_custom_msg/share/use_custom_msg/hook/cmake_prefix_path.dsv'
[107.295s] INFO:colcon.colcon_core.shell:Creating environment hook '/home/matrix/ros2_ws/install/use_custom_msg/share/use_custom_msg/hook/cmake_prefix_path.sh'
[107.298s] Level 1:colcon.colcon_core.environment:checking '/home/matrix/ros2_ws/install/use_custom_msg/lib'
[107.299s] Level 1:colcon.colcon_core.environment:checking '/home/matrix/ros2_ws/install/use_custom_msg/bin'
[107.300s] Level 1:colcon.colcon_core.environment:checking '/home/matrix/ros2_ws/install/use_custom_msg/lib/pkgconfig/use_custom_msg.pc'
[107.301s] Level 1:colcon.colcon_core.environment:checking '/home/matrix/ros2_ws/install/use_custom_msg/lib/python3.10/site-packages'
[107.302s] Level 1:colcon.colcon_core.environment:checking '/home/matrix/ros2_ws/install/use_custom_msg/bin'
[107.305s] INFO:colcon.colcon_core.shell:Creating package script '/home/matrix/ros2_ws/install/use_custom_msg/share/use_custom_msg/package.ps1'
[107.309s] INFO:colcon.colcon_core.shell:Creating package descriptor '/home/matrix/ros2_ws/install/use_custom_msg/share/use_custom_msg/package.dsv'
[107.312s] INFO:colcon.colcon_core.shell:Creating package script '/home/matrix/ros2_ws/install/use_custom_msg/share/use_custom_msg/package.sh'
[107.317s] INFO:colcon.colcon_core.shell:Creating package script '/home/matrix/ros2_ws/install/use_custom_msg/share/use_custom_msg/package.bash'
[107.322s] INFO:colcon.colcon_core.shell:Creating package script '/home/matrix/ros2_ws/install/use_custom_msg/share/use_custom_msg/package.zsh'
[107.327s] Level 1:colcon.colcon_core.environment:create_file_with_runtime_dependencies(/home/matrix/ros2_ws/install/use_custom_msg/share/colcon-core/packages/use_custom_msg)
[107.331s] DEBUG:colcon.colcon_parallel_executor.executor.parallel:closing loop
[107.333s] DEBUG:colcon.colcon_parallel_executor.executor.parallel:loop closed
[107.336s] DEBUG:colcon.colcon_parallel_executor.executor.parallel:run_until_complete finished with '0'
[107.336s] DEBUG:colcon.colcon_core.event_reactor:joining thread
[107.398s] INFO:colcon.colcon_core.plugin_system:Skipping extension 'colcon_notification.desktop_notification.terminal_notifier': Not used on non-Darwin systems
[107.398s] INFO:colcon.colcon_core.plugin_system:Skipping extension 'colcon_notification.desktop_notification.win32': Not used on non-Windows systems
[107.398s] INFO:colcon.colcon_notification.desktop_notification:Sending desktop notification using 'notify2'
[107.540s] DEBUG:colcon.colcon_core.event_reactor:joined thread
[107.542s] INFO:colcon.colcon_core.shell:Creating prefix script '/home/matrix/ros2_ws/install/local_setup.ps1'
[107.551s] INFO:colcon.colcon_core.shell:Creating prefix util module '/home/matrix/ros2_ws/install/_local_setup_util_ps1.py'
[107.557s] INFO:colcon.colcon_core.shell:Creating prefix chain script '/home/matrix/ros2_ws/install/setup.ps1'
[107.566s] INFO:colcon.colcon_core.shell:Creating prefix script '/home/matrix/ros2_ws/install/local_setup.sh'
[107.572s] INFO:colcon.colcon_core.shell:Creating prefix util module '/home/matrix/ros2_ws/install/_local_setup_util_sh.py'
[107.578s] INFO:colcon.colcon_core.shell:Creating prefix chain script '/home/matrix/ros2_ws/install/setup.sh'
[107.584s] INFO:colcon.colcon_core.shell:Creating prefix script '/home/matrix/ros2_ws/install/local_setup.bash'
[107.588s] INFO:colcon.colcon_core.shell:Creating prefix chain script '/home/matrix/ros2_ws/install/setup.bash'
[107.598s] INFO:colcon.colcon_core.shell:Creating prefix script '/home/matrix/ros2_ws/install/local_setup.zsh'
[107.605s] INFO:colcon.colcon_core.shell:Creating prefix chain script '/home/matrix/ros2_ws/install/setup.zsh'
