[0.058s] Invoking command in '/home/matrix/ros2_ws/build/custom_pkg': CMAKE_PREFIX_PATH=/opt/ros/humble /usr/bin/cmake --build /home/matrix/ros2_ws/build/custom_pkg -- -j8 -l8
[0.253s] [35m[1mConsolidate compiler generated dependencies of target custom_pkg__rosidl_generator_c[0m
[0.303s] [  3%] Built target custom_pkg__cpp
[0.314s] [ 12%] Built target custom_pkg__rosidl_generator_c
[0.370s] [ 12%] Built target ament_cmake_python_copy_custom_pkg
[0.370s] [35m[1mConsolidate compiler generated dependencies of target custom_pkg__rosidl_typesupport_cpp[0m
[0.375s] [35m[1mConsolidate compiler generated dependencies of target custom_pkg__rosidl_typesupport_fastrtps_cpp[0m
[0.384s] [35m[1mConsolidate compiler generated dependencies of target custom_pkg__rosidl_typesupport_fastrtps_c[0m
[0.384s] [35m[1mConsolidate compiler generated dependencies of target custom_pkg__rosidl_typesupport_introspection_cpp[0m
[0.399s] [35m[1mConsolidate compiler generated dependencies of target custom_pkg__rosidl_typesupport_c[0m
[0.399s] [35m[1mConsolidate compiler generated dependencies of target custom_pkg__rosidl_typesupport_introspection_c[0m
[0.467s] [ 22%] Built target custom_pkg__rosidl_typesupport_cpp
[0.487s] [ 32%] Built target custom_pkg__rosidl_typesupport_fastrtps_cpp
[0.492s] [ 41%] Built target custom_pkg__rosidl_typesupport_introspection_c
[0.492s] [ 51%] Built target custom_pkg__rosidl_typesupport_introspection_cpp
[0.492s] [ 61%] Built target custom_pkg__rosidl_typesupport_fastrtps_c
[0.498s] [ 70%] Built target custom_pkg__rosidl_typesupport_c
[0.614s] [ 70%] Built target custom_pkg
[0.735s] [ 74%] Built target custom_pkg__py
[0.793s] [35m[1mConsolidate compiler generated dependencies of target custom_pkg__rosidl_generator_py[0m
[0.873s] [ 80%] Built target custom_pkg__rosidl_generator_py
[0.932s] [35m[1mConsolidate compiler generated dependencies of target custom_pkg__rosidl_typesupport_introspection_c__pyext[0m
[0.934s] [35m[1mConsolidate compiler generated dependencies of target custom_pkg__rosidl_typesupport_c__pyext[0m
[0.934s] [35m[1mConsolidate compiler generated dependencies of target custom_pkg__rosidl_typesupport_fastrtps_c__pyext[0m
[1.023s] [ 87%] Built target custom_pkg__rosidl_typesupport_introspection_c__pyext
[1.027s] [ 93%] Built target custom_pkg__rosidl_typesupport_c__pyext
[1.028s] [100%] Built target custom_pkg__rosidl_typesupport_fastrtps_c__pyext
[1.152s] running egg_info
[1.154s] writing custom_pkg.egg-info/PKG-INFO
[1.154s] writing dependency_links to custom_pkg.egg-info/dependency_links.txt
[1.156s] writing top-level names to custom_pkg.egg-info/top_level.txt
[1.161s] reading manifest file 'custom_pkg.egg-info/SOURCES.txt'
[1.163s] writing manifest file 'custom_pkg.egg-info/SOURCES.txt'
[1.233s] [100%] Built target ament_cmake_python_build_custom_pkg_egg
[1.283s] Invoked command in '/home/matrix/ros2_ws/build/custom_pkg' returned '0': CMAKE_PREFIX_PATH=/opt/ros/humble /usr/bin/cmake --build /home/matrix/ros2_ws/build/custom_pkg -- -j8 -l8
[1.321s] Invoking command in '/home/matrix/ros2_ws/build/custom_pkg': CMAKE_PREFIX_PATH=/opt/ros/humble /usr/bin/cmake --install /home/matrix/ros2_ws/build/custom_pkg
[1.355s] -- Install configuration: ""
[1.356s] -- Up-to-date: /home/matrix/ros2_ws/install/custom_pkg/share/ament_index/resource_index/rosidl_interfaces/custom_pkg
[1.357s] -- Up-to-date: /home/matrix/ros2_ws/install/custom_pkg/include/custom_pkg/custom_pkg
[1.357s] -- Up-to-date: /home/matrix/ros2_ws/install/custom_pkg/include/custom_pkg/custom_pkg/msg
[1.358s] -- Up-to-date: /home/matrix/ros2_ws/install/custom_pkg/include/custom_pkg/custom_pkg/msg/rosidl_generator_c__visibility_control.h
[1.359s] -- Up-to-date: /home/matrix/ros2_ws/install/custom_pkg/include/custom_pkg/custom_pkg/msg/age.h
[1.360s] -- Up-to-date: /home/matrix/ros2_ws/install/custom_pkg/include/custom_pkg/custom_pkg/msg/detail
[1.360s] -- Up-to-date: /home/matrix/ros2_ws/install/custom_pkg/include/custom_pkg/custom_pkg/msg/detail/age__functions.c
[1.360s] -- Up-to-date: /home/matrix/ros2_ws/install/custom_pkg/include/custom_pkg/custom_pkg/msg/detail/age__functions.h
[1.361s] -- Up-to-date: /home/matrix/ros2_ws/install/custom_pkg/include/custom_pkg/custom_pkg/msg/detail/age__struct.h
[1.362s] -- Up-to-date: /home/matrix/ros2_ws/install/custom_pkg/include/custom_pkg/custom_pkg/msg/detail/age__type_support.h
[1.362s] -- Up-to-date: /home/matrix/ros2_ws/install/custom_pkg/share/custom_pkg/environment/library_path.sh
[1.363s] -- Up-to-date: /home/matrix/ros2_ws/install/custom_pkg/share/custom_pkg/environment/library_path.dsv
[1.365s] -- Up-to-date: /home/matrix/ros2_ws/install/custom_pkg/lib/libcustom_pkg__rosidl_generator_c.so
[1.368s] -- Up-to-date: /home/matrix/ros2_ws/install/custom_pkg/include/custom_pkg/custom_pkg
[1.369s] -- Up-to-date: /home/matrix/ros2_ws/install/custom_pkg/include/custom_pkg/custom_pkg/msg
[1.370s] -- Up-to-date: /home/matrix/ros2_ws/install/custom_pkg/include/custom_pkg/custom_pkg/msg/rosidl_typesupport_fastrtps_c__visibility_control.h
[1.370s] -- Up-to-date: /home/matrix/ros2_ws/install/custom_pkg/include/custom_pkg/custom_pkg/msg/detail
[1.373s] -- Up-to-date: /home/matrix/ros2_ws/install/custom_pkg/include/custom_pkg/custom_pkg/msg/detail/age__rosidl_typesupport_fastrtps_c.h
[1.373s] -- Up-to-date: /home/matrix/ros2_ws/install/custom_pkg/lib/libcustom_pkg__rosidl_typesupport_fastrtps_c.so
[1.376s] -- Up-to-date: /home/matrix/ros2_ws/install/custom_pkg/include/custom_pkg/custom_pkg
[1.378s] -- Up-to-date: /home/matrix/ros2_ws/install/custom_pkg/include/custom_pkg/custom_pkg/msg
[1.379s] -- Up-to-date: /home/matrix/ros2_ws/install/custom_pkg/include/custom_pkg/custom_pkg/msg/rosidl_typesupport_introspection_c__visibility_control.h
[1.379s] -- Up-to-date: /home/matrix/ros2_ws/install/custom_pkg/include/custom_pkg/custom_pkg/msg/detail
[1.380s] -- Up-to-date: /home/matrix/ros2_ws/install/custom_pkg/include/custom_pkg/custom_pkg/msg/detail/age__rosidl_typesupport_introspection_c.h
[1.380s] -- Up-to-date: /home/matrix/ros2_ws/install/custom_pkg/include/custom_pkg/custom_pkg/msg/detail/age__type_support.c
[1.383s] -- Up-to-date: /home/matrix/ros2_ws/install/custom_pkg/lib/libcustom_pkg__rosidl_typesupport_introspection_c.so
[1.387s] -- Up-to-date: /home/matrix/ros2_ws/install/custom_pkg/lib/libcustom_pkg__rosidl_typesupport_c.so
[1.390s] -- Up-to-date: /home/matrix/ros2_ws/install/custom_pkg/include/custom_pkg/custom_pkg
[1.390s] -- Up-to-date: /home/matrix/ros2_ws/install/custom_pkg/include/custom_pkg/custom_pkg/msg
[1.391s] -- Up-to-date: /home/matrix/ros2_ws/install/custom_pkg/include/custom_pkg/custom_pkg/msg/rosidl_generator_cpp__visibility_control.hpp
[1.394s] -- Up-to-date: /home/matrix/ros2_ws/install/custom_pkg/include/custom_pkg/custom_pkg/msg/age.hpp
[1.394s] -- Up-to-date: /home/matrix/ros2_ws/install/custom_pkg/include/custom_pkg/custom_pkg/msg/detail
[1.394s] -- Up-to-date: /home/matrix/ros2_ws/install/custom_pkg/include/custom_pkg/custom_pkg/msg/detail/age__type_support.hpp
[1.395s] -- Up-to-date: /home/matrix/ros2_ws/install/custom_pkg/include/custom_pkg/custom_pkg/msg/detail/age__struct.hpp
[1.395s] -- Up-to-date: /home/matrix/ros2_ws/install/custom_pkg/include/custom_pkg/custom_pkg/msg/detail/age__builder.hpp
[1.395s] -- Up-to-date: /home/matrix/ros2_ws/install/custom_pkg/include/custom_pkg/custom_pkg/msg/detail/age__traits.hpp
[1.395s] -- Up-to-date: /home/matrix/ros2_ws/install/custom_pkg/include/custom_pkg/custom_pkg
[1.396s] -- Up-to-date: /home/matrix/ros2_ws/install/custom_pkg/include/custom_pkg/custom_pkg/msg
[1.396s] -- Up-to-date: /home/matrix/ros2_ws/install/custom_pkg/include/custom_pkg/custom_pkg/msg/rosidl_typesupport_fastrtps_cpp__visibility_control.h
[1.396s] -- Up-to-date: /home/matrix/ros2_ws/install/custom_pkg/include/custom_pkg/custom_pkg/msg/detail
[1.396s] -- Up-to-date: /home/matrix/ros2_ws/install/custom_pkg/include/custom_pkg/custom_pkg/msg/detail/age__rosidl_typesupport_fastrtps_cpp.hpp
[1.397s] -- Up-to-date: /home/matrix/ros2_ws/install/custom_pkg/include/custom_pkg/custom_pkg/msg/detail/dds_fastrtps
[1.397s] -- Up-to-date: /home/matrix/ros2_ws/install/custom_pkg/lib/libcustom_pkg__rosidl_typesupport_fastrtps_cpp.so
[1.403s] -- Up-to-date: /home/matrix/ros2_ws/install/custom_pkg/include/custom_pkg/custom_pkg
[1.403s] -- Up-to-date: /home/matrix/ros2_ws/install/custom_pkg/include/custom_pkg/custom_pkg/msg
[1.403s] -- Up-to-date: /home/matrix/ros2_ws/install/custom_pkg/include/custom_pkg/custom_pkg/msg/detail
[1.404s] -- Up-to-date: /home/matrix/ros2_ws/install/custom_pkg/include/custom_pkg/custom_pkg/msg/detail/age__type_support.cpp
[1.404s] -- Up-to-date: /home/matrix/ros2_ws/install/custom_pkg/include/custom_pkg/custom_pkg/msg/detail/age__rosidl_typesupport_introspection_cpp.hpp
[1.404s] -- Up-to-date: /home/matrix/ros2_ws/install/custom_pkg/lib/libcustom_pkg__rosidl_typesupport_introspection_cpp.so
[1.405s] -- Up-to-date: /home/matrix/ros2_ws/install/custom_pkg/lib/libcustom_pkg__rosidl_typesupport_cpp.so
[1.408s] -- Up-to-date: /home/matrix/ros2_ws/install/custom_pkg/share/custom_pkg/environment/pythonpath.sh
[1.409s] -- Up-to-date: /home/matrix/ros2_ws/install/custom_pkg/share/custom_pkg/environment/pythonpath.dsv
[1.409s] -- Up-to-date: /home/matrix/ros2_ws/install/custom_pkg/local/lib/python3.10/dist-packages/custom_pkg-0.0.0-py3.10.egg-info
[1.410s] -- Installing: /home/matrix/ros2_ws/install/custom_pkg/local/lib/python3.10/dist-packages/custom_pkg-0.0.0-py3.10.egg-info/SOURCES.txt
[1.411s] -- Installing: /home/matrix/ros2_ws/install/custom_pkg/local/lib/python3.10/dist-packages/custom_pkg-0.0.0-py3.10.egg-info/PKG-INFO
[1.412s] -- Installing: /home/matrix/ros2_ws/install/custom_pkg/local/lib/python3.10/dist-packages/custom_pkg-0.0.0-py3.10.egg-info/dependency_links.txt
[1.413s] -- Installing: /home/matrix/ros2_ws/install/custom_pkg/local/lib/python3.10/dist-packages/custom_pkg-0.0.0-py3.10.egg-info/top_level.txt
[1.414s] -- Up-to-date: /home/matrix/ros2_ws/install/custom_pkg/local/lib/python3.10/dist-packages/custom_pkg
[1.415s] -- Up-to-date: /home/matrix/ros2_ws/install/custom_pkg/local/lib/python3.10/dist-packages/custom_pkg/msg
[1.416s] -- Up-to-date: /home/matrix/ros2_ws/install/custom_pkg/local/lib/python3.10/dist-packages/custom_pkg/msg/_age.py
[1.416s] -- Up-to-date: /home/matrix/ros2_ws/install/custom_pkg/local/lib/python3.10/dist-packages/custom_pkg/msg/_age_s.c
[1.417s] -- Up-to-date: /home/matrix/ros2_ws/install/custom_pkg/local/lib/python3.10/dist-packages/custom_pkg/msg/__init__.py
[1.418s] -- Up-to-date: /home/matrix/ros2_ws/install/custom_pkg/local/lib/python3.10/dist-packages/custom_pkg/custom_pkg_s__rosidl_typesupport_fastrtps_c.cpython-310-x86_64-linux-gnu.so
[1.419s] -- Up-to-date: /home/matrix/ros2_ws/install/custom_pkg/local/lib/python3.10/dist-packages/custom_pkg/custom_pkg_s__rosidl_typesupport_c.cpython-310-x86_64-linux-gnu.so
[1.419s] -- Up-to-date: /home/matrix/ros2_ws/install/custom_pkg/local/lib/python3.10/dist-packages/custom_pkg/__init__.py
[1.420s] -- Up-to-date: /home/matrix/ros2_ws/install/custom_pkg/local/lib/python3.10/dist-packages/custom_pkg/libcustom_pkg__rosidl_generator_py.so
[1.420s] -- Up-to-date: /home/matrix/ros2_ws/install/custom_pkg/local/lib/python3.10/dist-packages/custom_pkg/custom_pkg_s__rosidl_typesupport_introspection_c.cpython-310-x86_64-linux-gnu.so
[1.420s] -- Up-to-date: /home/matrix/ros2_ws/install/custom_pkg/local/lib/python3.10/dist-packages/custom_pkg/_custom_pkg_s.ep.rosidl_typesupport_c.c
[1.420s] -- Up-to-date: /home/matrix/ros2_ws/install/custom_pkg/local/lib/python3.10/dist-packages/custom_pkg/_custom_pkg_s.ep.rosidl_typesupport_fastrtps_c.c
[1.421s] -- Up-to-date: /home/matrix/ros2_ws/install/custom_pkg/local/lib/python3.10/dist-packages/custom_pkg/_custom_pkg_s.ep.rosidl_typesupport_introspection_c.c
[1.506s] Listing '/home/matrix/ros2_ws/install/custom_pkg/local/lib/python3.10/dist-packages/custom_pkg'...
[1.506s] Listing '/home/matrix/ros2_ws/install/custom_pkg/local/lib/python3.10/dist-packages/custom_pkg/msg'...
[1.514s] -- Up-to-date: /home/matrix/ros2_ws/install/custom_pkg/local/lib/python3.10/dist-packages/custom_pkg/custom_pkg_s__rosidl_typesupport_fastrtps_c.cpython-310-x86_64-linux-gnu.so
[1.517s] -- Up-to-date: /home/matrix/ros2_ws/install/custom_pkg/local/lib/python3.10/dist-packages/custom_pkg/custom_pkg_s__rosidl_typesupport_introspection_c.cpython-310-x86_64-linux-gnu.so
[1.523s] -- Up-to-date: /home/matrix/ros2_ws/install/custom_pkg/local/lib/python3.10/dist-packages/custom_pkg/custom_pkg_s__rosidl_typesupport_c.cpython-310-x86_64-linux-gnu.so
[1.526s] -- Up-to-date: /home/matrix/ros2_ws/install/custom_pkg/lib/libcustom_pkg__rosidl_generator_py.so
[1.527s] -- Up-to-date: /home/matrix/ros2_ws/install/custom_pkg/share/custom_pkg/msg/Age.idl
[1.528s] -- Up-to-date: /home/matrix/ros2_ws/install/custom_pkg/share/custom_pkg/msg/Age.msg
[1.529s] -- Up-to-date: /home/matrix/ros2_ws/install/custom_pkg/share/ament_index/resource_index/package_run_dependencies/custom_pkg
[1.529s] -- Up-to-date: /home/matrix/ros2_ws/install/custom_pkg/share/ament_index/resource_index/parent_prefix_path/custom_pkg
[1.531s] -- Up-to-date: /home/matrix/ros2_ws/install/custom_pkg/share/custom_pkg/environment/ament_prefix_path.sh
[1.531s] -- Up-to-date: /home/matrix/ros2_ws/install/custom_pkg/share/custom_pkg/environment/ament_prefix_path.dsv
[1.531s] -- Up-to-date: /home/matrix/ros2_ws/install/custom_pkg/share/custom_pkg/environment/path.sh
[1.532s] -- Up-to-date: /home/matrix/ros2_ws/install/custom_pkg/share/custom_pkg/environment/path.dsv
[1.533s] -- Up-to-date: /home/matrix/ros2_ws/install/custom_pkg/share/custom_pkg/local_setup.bash
[1.535s] -- Up-to-date: /home/matrix/ros2_ws/install/custom_pkg/share/custom_pkg/local_setup.sh
[1.535s] -- Up-to-date: /home/matrix/ros2_ws/install/custom_pkg/share/custom_pkg/local_setup.zsh
[1.535s] -- Up-to-date: /home/matrix/ros2_ws/install/custom_pkg/share/custom_pkg/local_setup.dsv
[1.536s] -- Installing: /home/matrix/ros2_ws/install/custom_pkg/share/custom_pkg/package.dsv
[1.536s] -- Up-to-date: /home/matrix/ros2_ws/install/custom_pkg/share/ament_index/resource_index/packages/custom_pkg
[1.537s] -- Up-to-date: /home/matrix/ros2_ws/install/custom_pkg/share/custom_pkg/cmake/export_custom_pkg__rosidl_generator_cExport.cmake
[1.537s] -- Up-to-date: /home/matrix/ros2_ws/install/custom_pkg/share/custom_pkg/cmake/export_custom_pkg__rosidl_generator_cExport-noconfig.cmake
[1.537s] -- Up-to-date: /home/matrix/ros2_ws/install/custom_pkg/share/custom_pkg/cmake/export_custom_pkg__rosidl_typesupport_fastrtps_cExport.cmake
[1.538s] -- Up-to-date: /home/matrix/ros2_ws/install/custom_pkg/share/custom_pkg/cmake/export_custom_pkg__rosidl_typesupport_fastrtps_cExport-noconfig.cmake
[1.539s] -- Up-to-date: /home/matrix/ros2_ws/install/custom_pkg/share/custom_pkg/cmake/custom_pkg__rosidl_typesupport_introspection_cExport.cmake
[1.539s] -- Up-to-date: /home/matrix/ros2_ws/install/custom_pkg/share/custom_pkg/cmake/custom_pkg__rosidl_typesupport_introspection_cExport-noconfig.cmake
[1.539s] -- Up-to-date: /home/matrix/ros2_ws/install/custom_pkg/share/custom_pkg/cmake/custom_pkg__rosidl_typesupport_cExport.cmake
[1.540s] -- Up-to-date: /home/matrix/ros2_ws/install/custom_pkg/share/custom_pkg/cmake/custom_pkg__rosidl_typesupport_cExport-noconfig.cmake
[1.540s] -- Up-to-date: /home/matrix/ros2_ws/install/custom_pkg/share/custom_pkg/cmake/export_custom_pkg__rosidl_generator_cppExport.cmake
[1.541s] -- Up-to-date: /home/matrix/ros2_ws/install/custom_pkg/share/custom_pkg/cmake/export_custom_pkg__rosidl_typesupport_fastrtps_cppExport.cmake
[1.541s] -- Up-to-date: /home/matrix/ros2_ws/install/custom_pkg/share/custom_pkg/cmake/export_custom_pkg__rosidl_typesupport_fastrtps_cppExport-noconfig.cmake
[1.544s] -- Up-to-date: /home/matrix/ros2_ws/install/custom_pkg/share/custom_pkg/cmake/custom_pkg__rosidl_typesupport_introspection_cppExport.cmake
[1.544s] -- Up-to-date: /home/matrix/ros2_ws/install/custom_pkg/share/custom_pkg/cmake/custom_pkg__rosidl_typesupport_introspection_cppExport-noconfig.cmake
[1.548s] -- Up-to-date: /home/matrix/ros2_ws/install/custom_pkg/share/custom_pkg/cmake/custom_pkg__rosidl_typesupport_cppExport.cmake
[1.548s] -- Up-to-date: /home/matrix/ros2_ws/install/custom_pkg/share/custom_pkg/cmake/custom_pkg__rosidl_typesupport_cppExport-noconfig.cmake
[1.548s] -- Up-to-date: /home/matrix/ros2_ws/install/custom_pkg/share/custom_pkg/cmake/export_custom_pkg__rosidl_generator_pyExport.cmake
[1.549s] -- Up-to-date: /home/matrix/ros2_ws/install/custom_pkg/share/custom_pkg/cmake/export_custom_pkg__rosidl_generator_pyExport-noconfig.cmake
[1.549s] -- Up-to-date: /home/matrix/ros2_ws/install/custom_pkg/share/custom_pkg/cmake/rosidl_cmake-extras.cmake
[1.549s] -- Up-to-date: /home/matrix/ros2_ws/install/custom_pkg/share/custom_pkg/cmake/ament_cmake_export_dependencies-extras.cmake
[1.550s] -- Up-to-date: /home/matrix/ros2_ws/install/custom_pkg/share/custom_pkg/cmake/ament_cmake_export_include_directories-extras.cmake
[1.550s] -- Up-to-date: /home/matrix/ros2_ws/install/custom_pkg/share/custom_pkg/cmake/ament_cmake_export_libraries-extras.cmake
[1.550s] -- Up-to-date: /home/matrix/ros2_ws/install/custom_pkg/share/custom_pkg/cmake/ament_cmake_export_targets-extras.cmake
[1.551s] -- Up-to-date: /home/matrix/ros2_ws/install/custom_pkg/share/custom_pkg/cmake/rosidl_cmake_export_typesupport_targets-extras.cmake
[1.551s] -- Up-to-date: /home/matrix/ros2_ws/install/custom_pkg/share/custom_pkg/cmake/rosidl_cmake_export_typesupport_libraries-extras.cmake
[1.551s] -- Up-to-date: /home/matrix/ros2_ws/install/custom_pkg/share/custom_pkg/cmake/custom_pkgConfig.cmake
[1.552s] -- Up-to-date: /home/matrix/ros2_ws/install/custom_pkg/share/custom_pkg/cmake/custom_pkgConfig-version.cmake
[1.552s] -- Up-to-date: /home/matrix/ros2_ws/install/custom_pkg/share/custom_pkg/package.xml
[1.557s] Invoked command in '/home/matrix/ros2_ws/build/custom_pkg' returned '0': CMAKE_PREFIX_PATH=/opt/ros/humble /usr/bin/cmake --install /home/matrix/ros2_ws/build/custom_pkg
