[0.258s] Invoking command in '/home/matrix/ros2_ws/build/custom_msg': CMAKE_PREFIX_PATH=/opt/ros/humble /usr/bin/cmake --build /home/matrix/ros2_ws/build/custom_msg -- -j8 -l8
[0.660s] -- Found ament_cmake: 1.3.11 (/opt/ros/humble/share/ament_cmake/cmake)
[2.293s] -- Found rosidl_default_generators: 1.2.0 (/opt/ros/humble/share/rosidl_default_generators/cmake)
[2.316s] -- Using all available rosidl_typesupport_c: rosidl_typesupport_fastrtps_c;rosidl_typesupport_introspection_c
[2.350s] -- Found rosidl_adapter: 3.1.6 (/opt/ros/humble/share/rosidl_adapter/cmake)
[2.662s] -- Using all available rosidl_typesupport_cpp: rosidl_typesupport_fastrtps_cpp;rosidl_typesupport_introspection_cpp
[2.935s] -- Found std_msgs: 4.2.4 (/opt/ros/humble/share/std_msgs/cmake)
[5.799s] -- Found ament_cmake_ros: 0.10.0 (/opt/ros/humble/share/ament_cmake_ros/cmake)
[8.183s] -- Using all available rosidl_typesupport_c: rosidl_typesupport_fastrtps_c;rosidl_typesupport_introspection_c
[10.749s] -- Using all available rosidl_typesupport_cpp: rosidl_typesupport_fastrtps_cpp;rosidl_typesupport_introspection_cpp
[10.860s] -- Found python_cmake_module: 0.10.0 (/opt/ros/humble/share/python_cmake_module/cmake)
[10.965s] -- Using PYTHON_EXECUTABLE: /usr/bin/python3
[10.965s] -- Using PYTHON_INCLUDE_DIRS: /usr/include/python3.10
[10.965s] -- Using PYTHON_LIBRARIES: /usr/lib/x86_64-linux-gnu/libpython3.10.so
[11.123s] -- Configuring done
[11.406s] -- Generating done
[11.460s] -- Build files have been written to: /home/matrix/ros2_ws/build/custom_msg
[11.734s] [  3%] [34m[1mGenerating C code for ROS interfaces[0m
[11.887s] [  6%] [34m[1mGenerating C++ code for ROS interfaces[0m
[12.083s] [  6%] Built target ament_cmake_python_copy_custom_msg
[13.973s] [35m[1mConsolidate compiler generated dependencies of target custom_msg__rosidl_generator_c[0m
[14.191s] [  6%] Built target custom_msg__cpp
[14.322s] [  9%] [32mBuilding C object CMakeFiles/custom_msg__rosidl_generator_c.dir/rosidl_generator_c/custom_msg/msg/detail/age__functions.c.o[0m
[14.439s] [ 12%] [34m[1mGenerating C++ type support for eProsima Fast-RTPS[0m
[14.496s] [ 16%] [34m[1mGenerating C++ introspection for ROS interfaces[0m
[15.242s] [ 19%] [32m[1mLinking C shared library libcustom_msg__rosidl_generator_c.so[0m
[15.616s] running egg_info
[15.625s] writing custom_msg.egg-info/PKG-INFO
[15.634s] writing dependency_links to custom_msg.egg-info/dependency_links.txt
[15.638s] writing top-level names to custom_msg.egg-info/top_level.txt
[15.670s] reading manifest file 'custom_msg.egg-info/SOURCES.txt'
[15.681s] writing manifest file 'custom_msg.egg-info/SOURCES.txt'
[16.019s] [ 19%] Built target ament_cmake_python_build_custom_msg_egg
[16.200s] [ 19%] Built target custom_msg__rosidl_generator_c
[16.627s] [35m[1mConsolidate compiler generated dependencies of target custom_msg__rosidl_typesupport_introspection_cpp[0m
[16.724s] [35m[1mConsolidate compiler generated dependencies of target custom_msg__rosidl_typesupport_fastrtps_cpp[0m
[16.885s] [ 22%] [32mBuilding CXX object CMakeFiles/custom_msg__rosidl_typesupport_introspection_cpp.dir/rosidl_typesupport_introspection_cpp/custom_msg/msg/detail/age__type_support.cpp.o[0m
[16.977s] [ 25%] [32mBuilding CXX object CMakeFiles/custom_msg__rosidl_typesupport_fastrtps_cpp.dir/rosidl_typesupport_fastrtps_cpp/custom_msg/msg/detail/dds_fastrtps/age__type_support.cpp.o[0m
[20.426s] [ 29%] [32m[1mLinking CXX shared library libcustom_msg__rosidl_typesupport_introspection_cpp.so[0m
[20.454s] [ 32%] [32m[1mLinking CXX shared library libcustom_msg__rosidl_typesupport_fastrtps_cpp.so[0m
[21.222s] [ 32%] Built target custom_msg__rosidl_typesupport_introspection_cpp
[21.439s] [ 32%] Built target custom_msg__rosidl_typesupport_fastrtps_cpp
[21.619s] [ 35%] [34m[1mGenerating C type support dispatch for ROS interfaces[0m
[23.069s] [35m[1mConsolidate compiler generated dependencies of target custom_msg__rosidl_typesupport_c[0m
[23.315s] [ 38%] [32mBuilding CXX object CMakeFiles/custom_msg__rosidl_typesupport_c.dir/rosidl_typesupport_c/custom_msg/msg/age__type_support.cpp.o[0m
[23.808s] [ 41%] [32m[1mLinking CXX shared library libcustom_msg__rosidl_typesupport_c.so[0m
[24.439s] [ 41%] Built target custom_msg__rosidl_typesupport_c
[24.637s] [ 45%] [34m[1mGenerating C introspection for ROS interfaces[0m
[26.113s] [35m[1mConsolidate compiler generated dependencies of target custom_msg__rosidl_typesupport_introspection_c[0m
[26.302s] [ 48%] [32mBuilding C object CMakeFiles/custom_msg__rosidl_typesupport_introspection_c.dir/rosidl_typesupport_introspection_c/custom_msg/msg/detail/age__type_support.c.o[0m
[26.839s] [ 51%] [32m[1mLinking C shared library libcustom_msg__rosidl_typesupport_introspection_c.so[0m
[27.365s] [ 51%] Built target custom_msg__rosidl_typesupport_introspection_c
[27.543s] [ 54%] [34m[1mGenerating C type support for eProsima Fast-RTPS[0m
[29.264s] [35m[1mConsolidate compiler generated dependencies of target custom_msg__rosidl_typesupport_fastrtps_c[0m
[29.504s] [ 58%] [32mBuilding CXX object CMakeFiles/custom_msg__rosidl_typesupport_fastrtps_c.dir/rosidl_typesupport_fastrtps_c/custom_msg/msg/detail/age__type_support_c.cpp.o[0m
[32.571s] [ 61%] [32m[1mLinking CXX shared library libcustom_msg__rosidl_typesupport_fastrtps_c.so[0m
[33.871s] [ 61%] Built target custom_msg__rosidl_typesupport_fastrtps_c
[34.304s] [ 64%] [34m[1mGenerating C++ type support dispatch for ROS interfaces[0m
[37.485s] [35m[1mConsolidate compiler generated dependencies of target custom_msg__rosidl_typesupport_cpp[0m
[37.804s] [ 67%] [32mBuilding CXX object CMakeFiles/custom_msg__rosidl_typesupport_cpp.dir/rosidl_typesupport_cpp/custom_msg/msg/age__type_support.cpp.o[0m
[42.468s] [ 70%] [32m[1mLinking CXX shared library libcustom_msg__rosidl_typesupport_cpp.so[0m
[43.094s] [ 70%] Built target custom_msg__rosidl_typesupport_cpp
[43.593s] [ 70%] Built target custom_msg
[43.979s] [ 74%] [34m[1mGenerating Python code for ROS interfaces[0m
[46.176s] [ 74%] Built target custom_msg__py
[46.414s] [35m[1mConsolidate compiler generated dependencies of target custom_msg__rosidl_generator_py[0m
[46.708s] [ 77%] [32mBuilding C object CMakeFiles/custom_msg__rosidl_generator_py.dir/rosidl_generator_py/custom_msg/msg/_age_s.c.o[0m
[48.080s] [ 80%] [32m[1mLinking C shared library rosidl_generator_py/custom_msg/libcustom_msg__rosidl_generator_py.so[0m
[48.796s] [ 80%] Built target custom_msg__rosidl_generator_py
[48.996s] [35m[1mConsolidate compiler generated dependencies of target custom_msg__rosidl_typesupport_fastrtps_c__pyext[0m
[49.216s] [ 83%] [32mBuilding C object CMakeFiles/custom_msg__rosidl_typesupport_fastrtps_c__pyext.dir/rosidl_generator_py/custom_msg/_custom_msg_s.ep.rosidl_typesupport_fastrtps_c.c.o[0m
[50.702s] [ 87%] [32m[1mLinking C shared library rosidl_generator_py/custom_msg/custom_msg_s__rosidl_typesupport_fastrtps_c.cpython-310-x86_64-linux-gnu.so[0m
[51.352s] [ 87%] Built target custom_msg__rosidl_typesupport_fastrtps_c__pyext
[51.546s] [35m[1mConsolidate compiler generated dependencies of target custom_msg__rosidl_typesupport_c__pyext[0m
[51.769s] [ 90%] [32mBuilding C object CMakeFiles/custom_msg__rosidl_typesupport_c__pyext.dir/rosidl_generator_py/custom_msg/_custom_msg_s.ep.rosidl_typesupport_c.c.o[0m
[53.217s] [ 93%] [32m[1mLinking C shared library rosidl_generator_py/custom_msg/custom_msg_s__rosidl_typesupport_c.cpython-310-x86_64-linux-gnu.so[0m
[53.929s] [ 93%] Built target custom_msg__rosidl_typesupport_c__pyext
[54.143s] [35m[1mConsolidate compiler generated dependencies of target custom_msg__rosidl_typesupport_introspection_c__pyext[0m
[54.395s] [ 96%] [32mBuilding C object CMakeFiles/custom_msg__rosidl_typesupport_introspection_c__pyext.dir/rosidl_generator_py/custom_msg/_custom_msg_s.ep.rosidl_typesupport_introspection_c.c.o[0m
[55.974s] [100%] [32m[1mLinking C shared library rosidl_generator_py/custom_msg/custom_msg_s__rosidl_typesupport_introspection_c.cpython-310-x86_64-linux-gnu.so[0m
[56.604s] [100%] Built target custom_msg__rosidl_typesupport_introspection_c__pyext
[56.790s] Invoked command in '/home/matrix/ros2_ws/build/custom_msg' returned '0': CMAKE_PREFIX_PATH=/opt/ros/humble /usr/bin/cmake --build /home/matrix/ros2_ws/build/custom_msg -- -j8 -l8
[56.813s] Invoking command in '/home/matrix/ros2_ws/build/custom_msg': CMAKE_PREFIX_PATH=/opt/ros/humble /usr/bin/cmake --install /home/matrix/ros2_ws/build/custom_msg
[56.954s] -- Install configuration: ""
[56.956s] -- Up-to-date: /home/matrix/ros2_ws/install/custom_msg/share/ament_index/resource_index/rosidl_interfaces/custom_msg
[56.958s] -- Up-to-date: /home/matrix/ros2_ws/install/custom_msg/include/custom_msg/custom_msg
[56.960s] -- Up-to-date: /home/matrix/ros2_ws/install/custom_msg/include/custom_msg/custom_msg/msg
[56.961s] -- Up-to-date: /home/matrix/ros2_ws/install/custom_msg/include/custom_msg/custom_msg/msg/rosidl_generator_c__visibility_control.h
[56.961s] -- Installing: /home/matrix/ros2_ws/install/custom_msg/include/custom_msg/custom_msg/msg/age.h
[56.964s] -- Up-to-date: /home/matrix/ros2_ws/install/custom_msg/include/custom_msg/custom_msg/msg/detail
[56.965s] -- Installing: /home/matrix/ros2_ws/install/custom_msg/include/custom_msg/custom_msg/msg/detail/age__functions.c
[56.971s] -- Installing: /home/matrix/ros2_ws/install/custom_msg/include/custom_msg/custom_msg/msg/detail/age__functions.h
[56.972s] -- Installing: /home/matrix/ros2_ws/install/custom_msg/include/custom_msg/custom_msg/msg/detail/age__struct.h
[56.976s] -- Installing: /home/matrix/ros2_ws/install/custom_msg/include/custom_msg/custom_msg/msg/detail/age__type_support.h
[56.977s] -- Up-to-date: /home/matrix/ros2_ws/install/custom_msg/share/custom_msg/environment/library_path.sh
[56.984s] -- Installing: /home/matrix/ros2_ws/install/custom_msg/share/custom_msg/environment/library_path.dsv
[56.990s] -- Installing: /home/matrix/ros2_ws/install/custom_msg/lib/libcustom_msg__rosidl_generator_c.so
[57.016s] -- Set runtime path of "/home/matrix/ros2_ws/install/custom_msg/lib/libcustom_msg__rosidl_generator_c.so" to ""
[57.017s] -- Up-to-date: /home/matrix/ros2_ws/install/custom_msg/include/custom_msg/custom_msg
[57.018s] -- Up-to-date: /home/matrix/ros2_ws/install/custom_msg/include/custom_msg/custom_msg/msg
[57.022s] -- Up-to-date: /home/matrix/ros2_ws/install/custom_msg/include/custom_msg/custom_msg/msg/rosidl_typesupport_fastrtps_c__visibility_control.h
[57.023s] -- Up-to-date: /home/matrix/ros2_ws/install/custom_msg/include/custom_msg/custom_msg/msg/detail
[57.025s] -- Installing: /home/matrix/ros2_ws/install/custom_msg/include/custom_msg/custom_msg/msg/detail/age__rosidl_typesupport_fastrtps_c.h
[57.027s] -- Installing: /home/matrix/ros2_ws/install/custom_msg/lib/libcustom_msg__rosidl_typesupport_fastrtps_c.so
[57.050s] -- Set runtime path of "/home/matrix/ros2_ws/install/custom_msg/lib/libcustom_msg__rosidl_typesupport_fastrtps_c.so" to ""
[57.058s] -- Up-to-date: /home/matrix/ros2_ws/install/custom_msg/include/custom_msg/custom_msg
[57.061s] -- Up-to-date: /home/matrix/ros2_ws/install/custom_msg/include/custom_msg/custom_msg/msg
[57.061s] -- Up-to-date: /home/matrix/ros2_ws/install/custom_msg/include/custom_msg/custom_msg/msg/rosidl_typesupport_introspection_c__visibility_control.h
[57.062s] -- Up-to-date: /home/matrix/ros2_ws/install/custom_msg/include/custom_msg/custom_msg/msg/detail
[57.064s] -- Installing: /home/matrix/ros2_ws/install/custom_msg/include/custom_msg/custom_msg/msg/detail/age__rosidl_typesupport_introspection_c.h
[57.067s] -- Installing: /home/matrix/ros2_ws/install/custom_msg/include/custom_msg/custom_msg/msg/detail/age__type_support.c
[57.079s] -- Installing: /home/matrix/ros2_ws/install/custom_msg/lib/libcustom_msg__rosidl_typesupport_introspection_c.so
[57.097s] -- Set runtime path of "/home/matrix/ros2_ws/install/custom_msg/lib/libcustom_msg__rosidl_typesupport_introspection_c.so" to ""
[57.109s] -- Installing: /home/matrix/ros2_ws/install/custom_msg/lib/libcustom_msg__rosidl_typesupport_c.so
[57.118s] -- Set runtime path of "/home/matrix/ros2_ws/install/custom_msg/lib/libcustom_msg__rosidl_typesupport_c.so" to ""
[57.123s] -- Up-to-date: /home/matrix/ros2_ws/install/custom_msg/include/custom_msg/custom_msg
[57.124s] -- Up-to-date: /home/matrix/ros2_ws/install/custom_msg/include/custom_msg/custom_msg/msg
[57.126s] -- Up-to-date: /home/matrix/ros2_ws/install/custom_msg/include/custom_msg/custom_msg/msg/rosidl_generator_cpp__visibility_control.hpp
[57.130s] -- Installing: /home/matrix/ros2_ws/install/custom_msg/include/custom_msg/custom_msg/msg/age.hpp
[57.131s] -- Up-to-date: /home/matrix/ros2_ws/install/custom_msg/include/custom_msg/custom_msg/msg/detail
[57.138s] -- Installing: /home/matrix/ros2_ws/install/custom_msg/include/custom_msg/custom_msg/msg/detail/age__type_support.hpp
[57.142s] -- Installing: /home/matrix/ros2_ws/install/custom_msg/include/custom_msg/custom_msg/msg/detail/age__struct.hpp
[57.144s] -- Installing: /home/matrix/ros2_ws/install/custom_msg/include/custom_msg/custom_msg/msg/detail/age__builder.hpp
[57.145s] -- Installing: /home/matrix/ros2_ws/install/custom_msg/include/custom_msg/custom_msg/msg/detail/age__traits.hpp
[57.155s] -- Up-to-date: /home/matrix/ros2_ws/install/custom_msg/include/custom_msg/custom_msg
[57.156s] -- Up-to-date: /home/matrix/ros2_ws/install/custom_msg/include/custom_msg/custom_msg/msg
[57.157s] -- Up-to-date: /home/matrix/ros2_ws/install/custom_msg/include/custom_msg/custom_msg/msg/rosidl_typesupport_fastrtps_cpp__visibility_control.h
[57.159s] -- Up-to-date: /home/matrix/ros2_ws/install/custom_msg/include/custom_msg/custom_msg/msg/detail
[57.160s] -- Installing: /home/matrix/ros2_ws/install/custom_msg/include/custom_msg/custom_msg/msg/detail/age__rosidl_typesupport_fastrtps_cpp.hpp
[57.160s] -- Up-to-date: /home/matrix/ros2_ws/install/custom_msg/include/custom_msg/custom_msg/msg/detail/dds_fastrtps
[57.165s] -- Installing: /home/matrix/ros2_ws/install/custom_msg/lib/libcustom_msg__rosidl_typesupport_fastrtps_cpp.so
[57.176s] -- Set runtime path of "/home/matrix/ros2_ws/install/custom_msg/lib/libcustom_msg__rosidl_typesupport_fastrtps_cpp.so" to ""
[57.184s] -- Up-to-date: /home/matrix/ros2_ws/install/custom_msg/include/custom_msg/custom_msg
[57.189s] -- Up-to-date: /home/matrix/ros2_ws/install/custom_msg/include/custom_msg/custom_msg/msg
[57.190s] -- Up-to-date: /home/matrix/ros2_ws/install/custom_msg/include/custom_msg/custom_msg/msg/detail
[57.191s] -- Installing: /home/matrix/ros2_ws/install/custom_msg/include/custom_msg/custom_msg/msg/detail/age__type_support.cpp
[57.193s] -- Installing: /home/matrix/ros2_ws/install/custom_msg/include/custom_msg/custom_msg/msg/detail/age__rosidl_typesupport_introspection_cpp.hpp
[57.194s] -- Installing: /home/matrix/ros2_ws/install/custom_msg/lib/libcustom_msg__rosidl_typesupport_introspection_cpp.so
[57.209s] -- Set runtime path of "/home/matrix/ros2_ws/install/custom_msg/lib/libcustom_msg__rosidl_typesupport_introspection_cpp.so" to ""
[57.218s] -- Installing: /home/matrix/ros2_ws/install/custom_msg/lib/libcustom_msg__rosidl_typesupport_cpp.so
[57.231s] -- Set runtime path of "/home/matrix/ros2_ws/install/custom_msg/lib/libcustom_msg__rosidl_typesupport_cpp.so" to ""
[57.234s] -- Up-to-date: /home/matrix/ros2_ws/install/custom_msg/share/custom_msg/environment/pythonpath.sh
[57.237s] -- Installing: /home/matrix/ros2_ws/install/custom_msg/share/custom_msg/environment/pythonpath.dsv
[57.239s] -- Up-to-date: /home/matrix/ros2_ws/install/custom_msg/local/lib/python3.10/dist-packages/custom_msg-0.0.0-py3.10.egg-info
[57.246s] -- Installing: /home/matrix/ros2_ws/install/custom_msg/local/lib/python3.10/dist-packages/custom_msg-0.0.0-py3.10.egg-info/SOURCES.txt
[57.252s] -- Installing: /home/matrix/ros2_ws/install/custom_msg/local/lib/python3.10/dist-packages/custom_msg-0.0.0-py3.10.egg-info/PKG-INFO
[57.253s] -- Installing: /home/matrix/ros2_ws/install/custom_msg/local/lib/python3.10/dist-packages/custom_msg-0.0.0-py3.10.egg-info/dependency_links.txt
[57.254s] -- Installing: /home/matrix/ros2_ws/install/custom_msg/local/lib/python3.10/dist-packages/custom_msg-0.0.0-py3.10.egg-info/top_level.txt
[57.255s] -- Up-to-date: /home/matrix/ros2_ws/install/custom_msg/local/lib/python3.10/dist-packages/custom_msg
[57.256s] -- Installing: /home/matrix/ros2_ws/install/custom_msg/local/lib/python3.10/dist-packages/custom_msg/custom_msg_s__rosidl_typesupport_fastrtps_c.cpython-310-x86_64-linux-gnu.so
[57.256s] -- Installing: /home/matrix/ros2_ws/install/custom_msg/local/lib/python3.10/dist-packages/custom_msg/libcustom_msg__rosidl_generator_py.so
[57.261s] -- Up-to-date: /home/matrix/ros2_ws/install/custom_msg/local/lib/python3.10/dist-packages/custom_msg/msg
[57.270s] -- Installing: /home/matrix/ros2_ws/install/custom_msg/local/lib/python3.10/dist-packages/custom_msg/msg/_age.py
[57.271s] -- Installing: /home/matrix/ros2_ws/install/custom_msg/local/lib/python3.10/dist-packages/custom_msg/msg/_age_s.c
[57.276s] -- Installing: /home/matrix/ros2_ws/install/custom_msg/local/lib/python3.10/dist-packages/custom_msg/msg/__init__.py
[57.277s] -- Installing: /home/matrix/ros2_ws/install/custom_msg/local/lib/python3.10/dist-packages/custom_msg/__init__.py
[57.277s] -- Installing: /home/matrix/ros2_ws/install/custom_msg/local/lib/python3.10/dist-packages/custom_msg/custom_msg_s__rosidl_typesupport_introspection_c.cpython-310-x86_64-linux-gnu.so
[57.278s] -- Installing: /home/matrix/ros2_ws/install/custom_msg/local/lib/python3.10/dist-packages/custom_msg/_custom_msg_s.ep.rosidl_typesupport_introspection_c.c
[57.283s] -- Installing: /home/matrix/ros2_ws/install/custom_msg/local/lib/python3.10/dist-packages/custom_msg/_custom_msg_s.ep.rosidl_typesupport_c.c
[57.283s] -- Installing: /home/matrix/ros2_ws/install/custom_msg/local/lib/python3.10/dist-packages/custom_msg/_custom_msg_s.ep.rosidl_typesupport_fastrtps_c.c
[57.284s] -- Installing: /home/matrix/ros2_ws/install/custom_msg/local/lib/python3.10/dist-packages/custom_msg/custom_msg_s__rosidl_typesupport_c.cpython-310-x86_64-linux-gnu.so
[57.559s] Listing '/home/matrix/ros2_ws/install/custom_msg/local/lib/python3.10/dist-packages/custom_msg'...
[57.560s] Compiling '/home/matrix/ros2_ws/install/custom_msg/local/lib/python3.10/dist-packages/custom_msg/__init__.py'...
[57.561s] Listing '/home/matrix/ros2_ws/install/custom_msg/local/lib/python3.10/dist-packages/custom_msg/msg'...
[57.564s] Compiling '/home/matrix/ros2_ws/install/custom_msg/local/lib/python3.10/dist-packages/custom_msg/msg/__init__.py'...
[57.565s] Compiling '/home/matrix/ros2_ws/install/custom_msg/local/lib/python3.10/dist-packages/custom_msg/msg/_age.py'...
[57.588s] -- Installing: /home/matrix/ros2_ws/install/custom_msg/local/lib/python3.10/dist-packages/custom_msg/custom_msg_s__rosidl_typesupport_fastrtps_c.cpython-310-x86_64-linux-gnu.so
[57.598s] -- Set runtime path of "/home/matrix/ros2_ws/install/custom_msg/local/lib/python3.10/dist-packages/custom_msg/custom_msg_s__rosidl_typesupport_fastrtps_c.cpython-310-x86_64-linux-gnu.so" to ""
[57.605s] -- Installing: /home/matrix/ros2_ws/install/custom_msg/local/lib/python3.10/dist-packages/custom_msg/custom_msg_s__rosidl_typesupport_introspection_c.cpython-310-x86_64-linux-gnu.so
[57.616s] -- Set runtime path of "/home/matrix/ros2_ws/install/custom_msg/local/lib/python3.10/dist-packages/custom_msg/custom_msg_s__rosidl_typesupport_introspection_c.cpython-310-x86_64-linux-gnu.so" to ""
[57.625s] -- Installing: /home/matrix/ros2_ws/install/custom_msg/local/lib/python3.10/dist-packages/custom_msg/custom_msg_s__rosidl_typesupport_c.cpython-310-x86_64-linux-gnu.so
[57.638s] -- Set runtime path of "/home/matrix/ros2_ws/install/custom_msg/local/lib/python3.10/dist-packages/custom_msg/custom_msg_s__rosidl_typesupport_c.cpython-310-x86_64-linux-gnu.so" to ""
[57.646s] -- Installing: /home/matrix/ros2_ws/install/custom_msg/lib/libcustom_msg__rosidl_generator_py.so
[57.667s] -- Set runtime path of "/home/matrix/ros2_ws/install/custom_msg/lib/libcustom_msg__rosidl_generator_py.so" to ""
[57.668s] -- Installing: /home/matrix/ros2_ws/install/custom_msg/share/custom_msg/msg/Age.idl
[57.677s] -- Installing: /home/matrix/ros2_ws/install/custom_msg/share/custom_msg/msg/Age.msg
[57.680s] -- Up-to-date: /home/matrix/ros2_ws/install/custom_msg/share/ament_index/resource_index/package_run_dependencies/custom_msg
[57.683s] -- Up-to-date: /home/matrix/ros2_ws/install/custom_msg/share/ament_index/resource_index/parent_prefix_path/custom_msg
[57.684s] -- Up-to-date: /home/matrix/ros2_ws/install/custom_msg/share/custom_msg/environment/ament_prefix_path.sh
[57.685s] -- Installing: /home/matrix/ros2_ws/install/custom_msg/share/custom_msg/environment/ament_prefix_path.dsv
[57.689s] -- Up-to-date: /home/matrix/ros2_ws/install/custom_msg/share/custom_msg/environment/path.sh
[57.690s] -- Installing: /home/matrix/ros2_ws/install/custom_msg/share/custom_msg/environment/path.dsv
[57.694s] -- Up-to-date: /home/matrix/ros2_ws/install/custom_msg/share/custom_msg/local_setup.bash
[57.695s] -- Up-to-date: /home/matrix/ros2_ws/install/custom_msg/share/custom_msg/local_setup.sh
[57.697s] -- Up-to-date: /home/matrix/ros2_ws/install/custom_msg/share/custom_msg/local_setup.zsh
[57.697s] -- Installing: /home/matrix/ros2_ws/install/custom_msg/share/custom_msg/local_setup.dsv
[57.700s] -- Installing: /home/matrix/ros2_ws/install/custom_msg/share/custom_msg/package.dsv
[57.704s] -- Up-to-date: /home/matrix/ros2_ws/install/custom_msg/share/ament_index/resource_index/packages/custom_msg
[57.709s] -- Up-to-date: /home/matrix/ros2_ws/install/custom_msg/share/custom_msg/cmake/export_custom_msg__rosidl_generator_cExport.cmake
[57.710s] -- Up-to-date: /home/matrix/ros2_ws/install/custom_msg/share/custom_msg/cmake/export_custom_msg__rosidl_generator_cExport-noconfig.cmake
[57.716s] -- Up-to-date: /home/matrix/ros2_ws/install/custom_msg/share/custom_msg/cmake/export_custom_msg__rosidl_typesupport_fastrtps_cExport.cmake
[57.717s] -- Up-to-date: /home/matrix/ros2_ws/install/custom_msg/share/custom_msg/cmake/export_custom_msg__rosidl_typesupport_fastrtps_cExport-noconfig.cmake
[57.718s] -- Up-to-date: /home/matrix/ros2_ws/install/custom_msg/share/custom_msg/cmake/custom_msg__rosidl_typesupport_introspection_cExport.cmake
[57.719s] -- Up-to-date: /home/matrix/ros2_ws/install/custom_msg/share/custom_msg/cmake/custom_msg__rosidl_typesupport_introspection_cExport-noconfig.cmake
[57.720s] -- Up-to-date: /home/matrix/ros2_ws/install/custom_msg/share/custom_msg/cmake/custom_msg__rosidl_typesupport_cExport.cmake
[57.730s] -- Up-to-date: /home/matrix/ros2_ws/install/custom_msg/share/custom_msg/cmake/custom_msg__rosidl_typesupport_cExport-noconfig.cmake
[57.731s] -- Up-to-date: /home/matrix/ros2_ws/install/custom_msg/share/custom_msg/cmake/export_custom_msg__rosidl_generator_cppExport.cmake
[57.732s] -- Up-to-date: /home/matrix/ros2_ws/install/custom_msg/share/custom_msg/cmake/export_custom_msg__rosidl_typesupport_fastrtps_cppExport.cmake
[57.738s] -- Up-to-date: /home/matrix/ros2_ws/install/custom_msg/share/custom_msg/cmake/export_custom_msg__rosidl_typesupport_fastrtps_cppExport-noconfig.cmake
[57.738s] -- Up-to-date: /home/matrix/ros2_ws/install/custom_msg/share/custom_msg/cmake/custom_msg__rosidl_typesupport_introspection_cppExport.cmake
[57.739s] -- Up-to-date: /home/matrix/ros2_ws/install/custom_msg/share/custom_msg/cmake/custom_msg__rosidl_typesupport_introspection_cppExport-noconfig.cmake
[57.742s] -- Up-to-date: /home/matrix/ros2_ws/install/custom_msg/share/custom_msg/cmake/custom_msg__rosidl_typesupport_cppExport.cmake
[57.743s] -- Up-to-date: /home/matrix/ros2_ws/install/custom_msg/share/custom_msg/cmake/custom_msg__rosidl_typesupport_cppExport-noconfig.cmake
[57.745s] -- Up-to-date: /home/matrix/ros2_ws/install/custom_msg/share/custom_msg/cmake/export_custom_msg__rosidl_generator_pyExport.cmake
[57.746s] -- Up-to-date: /home/matrix/ros2_ws/install/custom_msg/share/custom_msg/cmake/export_custom_msg__rosidl_generator_pyExport-noconfig.cmake
[57.748s] -- Up-to-date: /home/matrix/ros2_ws/install/custom_msg/share/custom_msg/cmake/rosidl_cmake-extras.cmake
[57.749s] -- Up-to-date: /home/matrix/ros2_ws/install/custom_msg/share/custom_msg/cmake/ament_cmake_export_dependencies-extras.cmake
[57.750s] -- Up-to-date: /home/matrix/ros2_ws/install/custom_msg/share/custom_msg/cmake/ament_cmake_export_include_directories-extras.cmake
[57.752s] -- Up-to-date: /home/matrix/ros2_ws/install/custom_msg/share/custom_msg/cmake/ament_cmake_export_libraries-extras.cmake
[57.754s] -- Up-to-date: /home/matrix/ros2_ws/install/custom_msg/share/custom_msg/cmake/ament_cmake_export_targets-extras.cmake
[57.755s] -- Up-to-date: /home/matrix/ros2_ws/install/custom_msg/share/custom_msg/cmake/rosidl_cmake_export_typesupport_targets-extras.cmake
[57.756s] -- Up-to-date: /home/matrix/ros2_ws/install/custom_msg/share/custom_msg/cmake/rosidl_cmake_export_typesupport_libraries-extras.cmake
[57.756s] -- Up-to-date: /home/matrix/ros2_ws/install/custom_msg/share/custom_msg/cmake/custom_msgConfig.cmake
[57.757s] -- Up-to-date: /home/matrix/ros2_ws/install/custom_msg/share/custom_msg/cmake/custom_msgConfig-version.cmake
[57.757s] -- Installing: /home/matrix/ros2_ws/install/custom_msg/share/custom_msg/package.xml
[57.804s] Invoked command in '/home/matrix/ros2_ws/build/custom_msg' returned '0': CMAKE_PREFIX_PATH=/opt/ros/humble /usr/bin/cmake --install /home/matrix/ros2_ws/build/custom_msg
