[0.082s] Invoking command in '/home/matrix/ros2_ws/build/cpp_node': CMAKE_PREFIX_PATH=/opt/ros/humble /usr/bin/cmake /home/matrix/ros2_ws/src/cpp_node -DCMAKE_INSTALL_PREFIX=/home/matrix/ros2_ws/install/cpp_node
[0.365s] -- The C compiler identification is GNU 11.4.0
[0.631s] -- The CXX compiler identification is GNU 11.4.0
[0.666s] -- Detecting C compiler ABI info
[1.012s] -- Detecting C compiler ABI info - done
[1.022s] -- Check for working C compiler: /usr/bin/cc - skipped
[1.023s] -- Detecting C compile features
[1.024s] -- Detecting C compile features - done
[1.033s] -- Detecting CXX compiler ABI info
[1.473s] -- Detecting CXX compiler ABI info - done
[1.487s] -- Check for working CXX compiler: /usr/bin/c++ - skipped
[1.488s] -- Detecting CXX compile features
[1.494s] -- Detecting CXX compile features - done
[1.500s] -- Found ament_cmake: 1.3.11 (/opt/ros/humble/share/ament_cmake/cmake)
[2.006s] -- Found Python3: /usr/bin/python3 (found version "3.10.12") found components: Interpreter 
[2.286s] -- Found rclcpp: 16.0.11 (/opt/ros/humble/share/rclcpp/cmake)
[2.403s] -- Found rosidl_generator_c: 3.1.6 (/opt/ros/humble/share/rosidl_generator_c/cmake)
[2.418s] -- Found rosidl_adapter: 3.1.6 (/opt/ros/humble/share/rosidl_adapter/cmake)
[2.442s] -- Found rosidl_generator_cpp: 3.1.6 (/opt/ros/humble/share/rosidl_generator_cpp/cmake)
[2.480s] -- Using all available rosidl_typesupport_c: rosidl_typesupport_fastrtps_c;rosidl_typesupport_introspection_c
[2.527s] -- Using all available rosidl_typesupport_cpp: rosidl_typesupport_fastrtps_cpp;rosidl_typesupport_introspection_cpp
[2.650s] -- Found rmw_implementation_cmake: 6.1.2 (/opt/ros/humble/share/rmw_implementation_cmake/cmake)
[2.656s] -- Found rmw_fastrtps_cpp: 6.2.7 (/opt/ros/humble/share/rmw_fastrtps_cpp/cmake)
[2.984s] -- Found OpenSSL: /usr/lib/x86_64-linux-gnu/libcrypto.so (found version "3.0.2")  
[3.049s] -- Found FastRTPS: /opt/ros/humble/include  
[3.171s] -- Using RMW implementation 'rmw_fastrtps_cpp' as default
[3.193s] -- Looking for pthread.h
[3.560s] -- Looking for pthread.h - found
[3.562s] -- Performing Test CMAKE_HAVE_LIBC_PTHREAD
[3.922s] -- Performing Test CMAKE_HAVE_LIBC_PTHREAD - Success
[3.928s] -- Found Threads: TRUE  
[4.041s] -- Found ament_lint_auto: 0.12.11 (/opt/ros/humble/share/ament_lint_auto/cmake)
[4.233s] -- Added test 'cppcheck' to perform static code analysis on C / C++ code
[4.233s] -- Configured cppcheck include dirs: 
[4.234s] -- Configured cppcheck exclude dirs and/or files: 
[4.236s] -- Added test 'lint_cmake' to check CMake code style
[4.242s] -- Added test 'uncrustify' to check C / C++ code style
[4.242s] -- Configured uncrustify additional arguments: 
[4.244s] -- Added test 'xmllint' to check XML markup files
[4.250s] -- Configuring done
[4.308s] -- Generating done
[4.321s] -- Build files have been written to: /home/matrix/ros2_ws/build/cpp_node
