[2.070s] Invoking command in '/home/matrix/ros2_ws/src/py_node': PYTHONPATH=/home/matrix/ros2_ws/build/py_node/prefix_override:/usr/lib/python3/dist-packages/colcon_core/task/python/colcon_distutils_commands:/home/matrix/ros2_ws/install/py_node/lib/python3.10/site-packages:${PYTHONPATH} /usr/bin/python3 -W ignore:setup.py install is deprecated -W ignore:easy_install command is deprecated setup.py egg_info --egg-base ../../build/py_node build --build-base /home/matrix/ros2_ws/build/py_node/build install --record /home/matrix/ros2_ws/build/py_node/install.log --single-version-externally-managed install_data
[2.756s] running egg_info
[2.760s] writing ../../build/py_node/py_node.egg-info/PKG-INFO
[2.763s] writing dependency_links to ../../build/py_node/py_node.egg-info/dependency_links.txt
[2.763s] writing entry points to ../../build/py_node/py_node.egg-info/entry_points.txt
[2.764s] writing requirements to ../../build/py_node/py_node.egg-info/requires.txt
[2.764s] writing top-level names to ../../build/py_node/py_node.egg-info/top_level.txt
[2.768s] reading manifest file '../../build/py_node/py_node.egg-info/SOURCES.txt'
[2.769s] writing manifest file '../../build/py_node/py_node.egg-info/SOURCES.txt'
[2.771s] running build
[2.771s] running build_py
[2.771s] running install
[2.774s] running install_lib
[2.776s] running install_data
[2.776s] running install_egg_info
[2.782s] removing '/home/matrix/ros2_ws/install/py_node/lib/python3.10/site-packages/py_node-0.0.0-py3.10.egg-info' (and everything under it)
[2.784s] Copying ../../build/py_node/py_node.egg-info to /home/matrix/ros2_ws/install/py_node/lib/python3.10/site-packages/py_node-0.0.0-py3.10.egg-info
[2.789s] running install_scripts
[2.836s] Installing listener script to /home/matrix/ros2_ws/install/py_node/lib/py_node
[2.837s] Installing talker script to /home/matrix/ros2_ws/install/py_node/lib/py_node
[2.839s] writing list of installed files to '/home/matrix/ros2_ws/build/py_node/install.log'
[2.868s] Invoked command in '/home/matrix/ros2_ws/src/py_node' returned '0': PYTHONPATH=/home/matrix/ros2_ws/build/py_node/prefix_override:/usr/lib/python3/dist-packages/colcon_core/task/python/colcon_distutils_commands:/home/matrix/ros2_ws/install/py_node/lib/python3.10/site-packages:${PYTHONPATH} /usr/bin/python3 -W ignore:setup.py install is deprecated -W ignore:easy_install command is deprecated setup.py egg_info --egg-base ../../build/py_node build --build-base /home/matrix/ros2_ws/build/py_node/build install --record /home/matrix/ros2_ws/build/py_node/install.log --single-version-externally-managed install_data
