[2.078s] Invoking command in '/home/matrix/ros2_ws/src/py_node': PYTHONPATH=/home/matrix/ros2_ws/build/py_node/prefix_override:/usr/lib/python3/dist-packages/colcon_core/task/python/colcon_distutils_commands:/home/matrix/ros2_ws/install/py_node/lib/python3.10/site-packages:${PYTHONPATH} /usr/bin/python3 -W ignore:setup.py install is deprecated -W ignore:easy_install command is deprecated setup.py egg_info --egg-base ../../build/py_node build --build-base /home/matrix/ros2_ws/build/py_node/build install --record /home/matrix/ros2_ws/build/py_node/install.log --single-version-externally-managed install_data
[2.781s] running egg_info
[2.784s] writing ../../build/py_node/py_node.egg-info/PKG-INFO
[2.785s] writing dependency_links to ../../build/py_node/py_node.egg-info/dependency_links.txt
[2.787s] writing entry points to ../../build/py_node/py_node.egg-info/entry_points.txt
[2.787s] writing requirements to ../../build/py_node/py_node.egg-info/requires.txt
[2.788s] writing top-level names to ../../build/py_node/py_node.egg-info/top_level.txt
[2.793s] reading manifest file '../../build/py_node/py_node.egg-info/SOURCES.txt'
[2.797s] writing manifest file '../../build/py_node/py_node.egg-info/SOURCES.txt'
[2.799s] running build
[2.799s] running build_py
[2.800s] running install
[2.803s] running install_lib
[2.806s] running install_data
[2.807s] running install_egg_info
[2.812s] removing '/home/matrix/ros2_ws/install/py_node/lib/python3.10/site-packages/py_node-0.0.0-py3.10.egg-info' (and everything under it)
[2.813s] Copying ../../build/py_node/py_node.egg-info to /home/matrix/ros2_ws/install/py_node/lib/python3.10/site-packages/py_node-0.0.0-py3.10.egg-info
[2.817s] running install_scripts
[2.867s] Installing listener script to /home/matrix/ros2_ws/install/py_node/lib/py_node
[2.868s] Installing talker script to /home/matrix/ros2_ws/install/py_node/lib/py_node
[2.869s] writing list of installed files to '/home/matrix/ros2_ws/build/py_node/install.log'
[2.904s] Invoked command in '/home/matrix/ros2_ws/src/py_node' returned '0': PYTHONPATH=/home/matrix/ros2_ws/build/py_node/prefix_override:/usr/lib/python3/dist-packages/colcon_core/task/python/colcon_distutils_commands:/home/matrix/ros2_ws/install/py_node/lib/python3.10/site-packages:${PYTHONPATH} /usr/bin/python3 -W ignore:setup.py install is deprecated -W ignore:easy_install command is deprecated setup.py egg_info --egg-base ../../build/py_node build --build-base /home/matrix/ros2_ws/build/py_node/build install --record /home/matrix/ros2_ws/build/py_node/install.log --single-version-externally-managed install_data
