[6.807s] Invoking command in '/home/matrix/ros2_ws/src/py_node': PYTHONPATH=/home/matrix/ros2_ws/build/py_node/prefix_override:/usr/lib/python3/dist-packages/colcon_core/task/python/colcon_distutils_commands:/home/matrix/ros2_ws/install/py_node/lib/python3.10/site-packages:${PYTHONPATH} /usr/bin/python3 -W ignore:setup.py install is deprecated -W ignore:easy_install command is deprecated setup.py egg_info --egg-base ../../build/py_node build --build-base /home/matrix/ros2_ws/build/py_node/build install --record /home/matrix/ros2_ws/build/py_node/install.log --single-version-externally-managed install_data
[8.856s] running egg_info
[8.868s] writing ../../build/py_node/py_node.egg-info/PKG-INFO
[8.869s] writing dependency_links to ../../build/py_node/py_node.egg-info/dependency_links.txt
[8.881s] writing entry points to ../../build/py_node/py_node.egg-info/entry_points.txt
[8.886s] writing requirements to ../../build/py_node/py_node.egg-info/requires.txt
[8.887s] writing top-level names to ../../build/py_node/py_node.egg-info/top_level.txt
[8.896s] reading manifest file '../../build/py_node/py_node.egg-info/SOURCES.txt'
[8.911s] writing manifest file '../../build/py_node/py_node.egg-info/SOURCES.txt'
[8.914s] running build
[8.920s] running build_py
[8.920s] running install
[8.924s] running install_lib
[8.934s] running install_data
[8.935s] running install_egg_info
[8.947s] removing '/home/matrix/ros2_ws/install/py_node/lib/python3.10/site-packages/py_node-0.0.0-py3.10.egg-info' (and everything under it)
[8.950s] Copying ../../build/py_node/py_node.egg-info to /home/matrix/ros2_ws/install/py_node/lib/python3.10/site-packages/py_node-0.0.0-py3.10.egg-info
[8.960s] running install_scripts
[9.134s] Installing listener script to /home/matrix/ros2_ws/install/py_node/lib/py_node
[9.139s] Installing talker script to /home/matrix/ros2_ws/install/py_node/lib/py_node
[9.144s] writing list of installed files to '/home/matrix/ros2_ws/build/py_node/install.log'
[9.245s] Invoked command in '/home/matrix/ros2_ws/src/py_node' returned '0': PYTHONPATH=/home/matrix/ros2_ws/build/py_node/prefix_override:/usr/lib/python3/dist-packages/colcon_core/task/python/colcon_distutils_commands:/home/matrix/ros2_ws/install/py_node/lib/python3.10/site-packages:${PYTHONPATH} /usr/bin/python3 -W ignore:setup.py install is deprecated -W ignore:easy_install command is deprecated setup.py egg_info --egg-base ../../build/py_node build --build-base /home/matrix/ros2_ws/build/py_node/build install --record /home/matrix/ros2_ws/build/py_node/install.log --single-version-externally-managed install_data
