[1.866s] Invoking command in '/home/matrix/ros2_ws/src/py_node': PYTHONPATH=/home/matrix/ros2_ws/build/py_node/prefix_override:/usr/lib/python3/dist-packages/colcon_core/task/python/colcon_distutils_commands:/home/matrix/ros2_ws/install/py_node/lib/python3.10/site-packages:${PYTHONPATH} /usr/bin/python3 -W ignore:setup.py install is deprecated -W ignore:easy_install command is deprecated setup.py egg_info --egg-base ../../build/py_node build --build-base /home/matrix/ros2_ws/build/py_node/build install --record /home/matrix/ros2_ws/build/py_node/install.log --single-version-externally-managed install_data
[2.591s] running egg_info
[2.592s] writing ../../build/py_node/py_node.egg-info/PKG-INFO
[2.594s] writing dependency_links to ../../build/py_node/py_node.egg-info/dependency_links.txt
[2.595s] writing entry points to ../../build/py_node/py_node.egg-info/entry_points.txt
[2.595s] writing requirements to ../../build/py_node/py_node.egg-info/requires.txt
[2.596s] writing top-level names to ../../build/py_node/py_node.egg-info/top_level.txt
[2.600s] reading manifest file '../../build/py_node/py_node.egg-info/SOURCES.txt'
[2.602s] writing manifest file '../../build/py_node/py_node.egg-info/SOURCES.txt'
[2.603s] running build
[2.603s] running build_py
[2.604s] running install
[2.605s] running install_lib
[2.609s] running install_data
[2.609s] running install_egg_info
[2.615s] removing '/home/matrix/ros2_ws/install/py_node/lib/python3.10/site-packages/py_node-0.0.0-py3.10.egg-info' (and everything under it)
[2.617s] Copying ../../build/py_node/py_node.egg-info to /home/matrix/ros2_ws/install/py_node/lib/python3.10/site-packages/py_node-0.0.0-py3.10.egg-info
[2.620s] running install_scripts
[2.667s] Installing listener script to /home/matrix/ros2_ws/install/py_node/lib/py_node
[2.668s] Installing talker script to /home/matrix/ros2_ws/install/py_node/lib/py_node
[2.670s] writing list of installed files to '/home/matrix/ros2_ws/build/py_node/install.log'
[2.703s] Invoked command in '/home/matrix/ros2_ws/src/py_node' returned '0': PYTHONPATH=/home/matrix/ros2_ws/build/py_node/prefix_override:/usr/lib/python3/dist-packages/colcon_core/task/python/colcon_distutils_commands:/home/matrix/ros2_ws/install/py_node/lib/python3.10/site-packages:${PYTHONPATH} /usr/bin/python3 -W ignore:setup.py install is deprecated -W ignore:easy_install command is deprecated setup.py egg_info --egg-base ../../build/py_node build --build-base /home/matrix/ros2_ws/build/py_node/build install --record /home/matrix/ros2_ws/build/py_node/install.log --single-version-externally-managed install_data
