[0.083s] Invoking command in '/home/matrix/ros2_ws/build/custom_pkg': CMAKE_PREFIX_PATH=${CMAKE_PREFIX_PATH}:/home/matrix/ros2_ws/install/py_node:/opt/ros/humble /usr/bin/cmake --build /home/matrix/ros2_ws/build/custom_pkg -- -j8 -l8
[0.276s] -- Found ament_cmake: 1.3.11 (/opt/ros/humble/share/ament_cmake/cmake)
[0.827s] -- Found rosidl_default_generators: 1.2.0 (/opt/ros/humble/share/rosidl_default_generators/cmake)
[0.831s] -- Using all available rosidl_typesupport_c: rosidl_typesupport_fastrtps_c;rosidl_typesupport_introspection_c
[0.844s] -- Found rosidl_adapter: 3.1.6 (/opt/ros/humble/share/rosidl_adapter/cmake)
[0.938s] -- Using all available rosidl_typesupport_cpp: rosidl_typesupport_fastrtps_cpp;rosidl_typesupport_introspection_cpp
[1.050s] -- Found std_msgs: 4.2.4 (/opt/ros/humble/share/std_msgs/cmake)
[1.101s] -- Found rclcpp: 16.0.11 (/opt/ros/humble/share/rclcpp/cmake)
[1.183s] -- Found rmw_implementation_cmake: 6.1.2 (/opt/ros/humble/share/rmw_implementation_cmake/cmake)
[1.184s] -- Found rmw_fastrtps_cpp: 6.2.7 (/opt/ros/humble/share/rmw_fastrtps_cpp/cmake)
[1.576s] -- Using RMW implementation 'rmw_fastrtps_cpp' as default
[2.652s] -- Found ament_cmake_ros: 0.10.0 (/opt/ros/humble/share/ament_cmake_ros/cmake)
[3.356s] -- Using all available rosidl_typesupport_c: rosidl_typesupport_fastrtps_c;rosidl_typesupport_introspection_c
[4.268s] -- Using all available rosidl_typesupport_cpp: rosidl_typesupport_fastrtps_cpp;rosidl_typesupport_introspection_cpp
[4.345s] -- Found python_cmake_module: 0.10.0 (/opt/ros/humble/share/python_cmake_module/cmake)
[4.426s] -- Using PYTHON_EXECUTABLE: /usr/bin/python3
[4.426s] -- Using PYTHON_INCLUDE_DIRS: /usr/include/python3.10
[4.427s] -- Using PYTHON_LIBRARIES: /usr/lib/x86_64-linux-gnu/libpython3.10.so
[4.525s] [31mCMake Error at CMakeLists.txt:26 (install):
[4.525s]   install TARGETS given target "msg_sub" which does not exist.
[4.525s] 
[4.526s] [0m
[4.526s] -- Found ament_lint_auto: 0.12.11 (/opt/ros/humble/share/ament_lint_auto/cmake)
[4.822s] -- Added test 'cppcheck' to perform static code analysis on C / C++ code
[4.822s] -- Configured cppcheck include dirs: 
[4.822s] -- Configured cppcheck exclude dirs and/or files: 
[4.855s] -- Added test 'flake8' to check Python code syntax and style conventions
[4.919s] -- Added test 'lint_cmake' to check CMake code style
[4.950s] -- Added test 'pep257' to check Python code against some of the docstring style conventions in PEP 257
[5.204s] -- Added test 'uncrustify' to check C / C++ code style
[5.204s] -- Configured uncrustify additional arguments: 
[5.234s] -- Added test 'xmllint' to check XML markup files
[5.243s] -- Configuring incomplete, errors occurred!
[5.245s] See also "/home/matrix/ros2_ws/build/custom_pkg/CMakeFiles/CMakeOutput.log".
[5.264s] gmake: *** [Makefile:829: cmake_check_build_system] Error 1
[5.272s] Invoked command in '/home/matrix/ros2_ws/build/custom_pkg' returned '2': CMAKE_PREFIX_PATH=${CMAKE_PREFIX_PATH}:/home/matrix/ros2_ws/install/py_node:/opt/ros/humble /usr/bin/cmake --build /home/matrix/ros2_ws/build/custom_pkg -- -j8 -l8
