[0.362s] DEBUG:colcon:Command line arguments: ['/usr/bin/colcon', 'build']
[0.363s] DEBUG:colcon:Parsed command line arguments: Namespace(log_base=None, log_level=None, verb_name='build', build_base='build', install_base='install', merge_install=False, symlink_install=False, test_result_base=None, continue_on_error=False, executor='parallel', parallel_workers=8, event_handlers=None, ignore_user_meta=False, metas=['./colcon.meta'], base_paths=['.'], packages_ignore=None, packages_ignore_regex=None, paths=None, packages_up_to=None, packages_up_to_regex=None, packages_above=None, packages_above_and_dependencies=None, packages_above_depth=None, packages_select_by_dep=None, packages_skip_by_dep=None, packages_skip_up_to=None, packages_select_build_failed=False, packages_skip_build_finished=False, packages_select_test_failures=False, packages_skip_test_passed=False, packages_select=None, packages_skip=None, packages_select_regex=None, packages_skip_regex=None, packages_start=None, packages_end=None, allow_overriding=[], cmake_args=None, cmake_target=None, cmake_target_skip_unavailable=False, cmake_clean_cache=False, cmake_clean_first=False, cmake_force_configure=False, ament_cmake_args=None, catkin_cmake_args=None, catkin_skip_building_tests=False, mixin_files=None, mixin=None, verb_parser=<colcon_mixin.mixin.mixin_argument.MixinArgumentDecorator object at 0x7d722031d6c0>, verb_extension=<colcon_core.verb.build.BuildVerb object at 0x7d722041e650>, main=<bound method BuildVerb.main of <colcon_core.verb.build.BuildVerb object at 0x7d722041e650>>, mixin_verb=('build',))
[1.313s] Level 1:colcon.colcon_core.package_discovery:discover_packages(colcon_meta) check parameters
[1.313s] Level 1:colcon.colcon_core.package_discovery:discover_packages(recursive) check parameters
[1.313s] Level 1:colcon.colcon_core.package_discovery:discover_packages(ignore) check parameters
[1.314s] Level 1:colcon.colcon_core.package_discovery:discover_packages(path) check parameters
[1.314s] Level 1:colcon.colcon_core.package_discovery:discover_packages(colcon_meta) discover
[1.314s] Level 1:colcon.colcon_core.package_discovery:discover_packages(recursive) discover
[1.314s] INFO:colcon.colcon_core.package_discovery:Crawling recursively for packages in '/home/matrix/ros2_ws'
[1.315s] Level 1:colcon.colcon_core.package_identification:_identify(.) by extensions ['ignore', 'ignore_ament_install']
[1.315s] Level 1:colcon.colcon_core.package_identification:_identify(.) by extension 'ignore'
[1.316s] Level 1:colcon.colcon_core.package_identification:_identify(.) by extension 'ignore_ament_install'
[1.316s] Level 1:colcon.colcon_core.package_identification:_identify(.) by extensions ['colcon_pkg']
[1.316s] Level 1:colcon.colcon_core.package_identification:_identify(.) by extension 'colcon_pkg'
[1.317s] Level 1:colcon.colcon_core.package_identification:_identify(.) by extensions ['colcon_meta']
[1.317s] Level 1:colcon.colcon_core.package_identification:_identify(.) by extension 'colcon_meta'
[1.317s] Level 1:colcon.colcon_core.package_identification:_identify(.) by extensions ['ros']
[1.318s] Level 1:colcon.colcon_core.package_identification:_identify(.) by extension 'ros'
[1.378s] Level 1:colcon.colcon_core.package_identification:_identify(.) by extensions ['cmake', 'python']
[1.378s] Level 1:colcon.colcon_core.package_identification:_identify(.) by extension 'cmake'
[1.379s] Level 1:colcon.colcon_core.package_identification:_identify(.) by extension 'python'
[1.379s] Level 1:colcon.colcon_core.package_identification:_identify(.) by extensions ['python_setup_py']
[1.379s] Level 1:colcon.colcon_core.package_identification:_identify(.) by extension 'python_setup_py'
[1.380s] Level 1:colcon.colcon_core.package_identification:_identify(build) by extensions ['ignore', 'ignore_ament_install']
[1.380s] Level 1:colcon.colcon_core.package_identification:_identify(build) by extension 'ignore'
[1.380s] Level 1:colcon.colcon_core.package_identification:_identify(build) ignored
[1.381s] Level 1:colcon.colcon_core.package_identification:_identify(install) by extensions ['ignore', 'ignore_ament_install']
[1.381s] Level 1:colcon.colcon_core.package_identification:_identify(install) by extension 'ignore'
[1.382s] Level 1:colcon.colcon_core.package_identification:_identify(install) ignored
[1.382s] Level 1:colcon.colcon_core.package_identification:_identify(log) by extensions ['ignore', 'ignore_ament_install']
[1.383s] Level 1:colcon.colcon_core.package_identification:_identify(log) by extension 'ignore'
[1.383s] Level 1:colcon.colcon_core.package_identification:_identify(log) ignored
[1.384s] Level 1:colcon.colcon_core.package_identification:_identify(src) by extensions ['ignore', 'ignore_ament_install']
[1.384s] Level 1:colcon.colcon_core.package_identification:_identify(src) by extension 'ignore'
[1.384s] Level 1:colcon.colcon_core.package_identification:_identify(src) by extension 'ignore_ament_install'
[1.385s] Level 1:colcon.colcon_core.package_identification:_identify(src) by extensions ['colcon_pkg']
[1.385s] Level 1:colcon.colcon_core.package_identification:_identify(src) by extension 'colcon_pkg'
[1.385s] Level 1:colcon.colcon_core.package_identification:_identify(src) by extensions ['colcon_meta']
[1.385s] Level 1:colcon.colcon_core.package_identification:_identify(src) by extension 'colcon_meta'
[1.386s] Level 1:colcon.colcon_core.package_identification:_identify(src) by extensions ['ros']
[1.386s] Level 1:colcon.colcon_core.package_identification:_identify(src) by extension 'ros'
[1.387s] Level 1:colcon.colcon_core.package_identification:_identify(src) by extensions ['cmake', 'python']
[1.387s] Level 1:colcon.colcon_core.package_identification:_identify(src) by extension 'cmake'
[1.387s] Level 1:colcon.colcon_core.package_identification:_identify(src) by extension 'python'
[1.387s] Level 1:colcon.colcon_core.package_identification:_identify(src) by extensions ['python_setup_py']
[1.387s] Level 1:colcon.colcon_core.package_identification:_identify(src) by extension 'python_setup_py'
[1.388s] Level 1:colcon.colcon_core.package_identification:_identify(src/cpp_node) by extensions ['ignore', 'ignore_ament_install']
[1.388s] Level 1:colcon.colcon_core.package_identification:_identify(src/cpp_node) by extension 'ignore'
[1.389s] Level 1:colcon.colcon_core.package_identification:_identify(src/cpp_node) by extension 'ignore_ament_install'
[1.389s] Level 1:colcon.colcon_core.package_identification:_identify(src/cpp_node) by extensions ['colcon_pkg']
[1.389s] Level 1:colcon.colcon_core.package_identification:_identify(src/cpp_node) by extension 'colcon_pkg'
[1.389s] Level 1:colcon.colcon_core.package_identification:_identify(src/cpp_node) by extensions ['colcon_meta']
[1.389s] Level 1:colcon.colcon_core.package_identification:_identify(src/cpp_node) by extension 'colcon_meta'
[1.390s] Level 1:colcon.colcon_core.package_identification:_identify(src/cpp_node) by extensions ['ros']
[1.390s] Level 1:colcon.colcon_core.package_identification:_identify(src/cpp_node) by extension 'ros'
[1.401s] DEBUG:colcon.colcon_core.package_identification:Package 'src/cpp_node' with type 'ros.ament_cmake' and name 'cpp_node'
[1.402s] Level 1:colcon.colcon_core.package_identification:_identify(src/custom_pkg) by extensions ['ignore', 'ignore_ament_install']
[1.402s] Level 1:colcon.colcon_core.package_identification:_identify(src/custom_pkg) by extension 'ignore'
[1.403s] Level 1:colcon.colcon_core.package_identification:_identify(src/custom_pkg) by extension 'ignore_ament_install'
[1.403s] Level 1:colcon.colcon_core.package_identification:_identify(src/custom_pkg) by extensions ['colcon_pkg']
[1.403s] Level 1:colcon.colcon_core.package_identification:_identify(src/custom_pkg) by extension 'colcon_pkg'
[1.404s] Level 1:colcon.colcon_core.package_identification:_identify(src/custom_pkg) by extensions ['colcon_meta']
[1.404s] Level 1:colcon.colcon_core.package_identification:_identify(src/custom_pkg) by extension 'colcon_meta'
[1.404s] Level 1:colcon.colcon_core.package_identification:_identify(src/custom_pkg) by extensions ['ros']
[1.404s] Level 1:colcon.colcon_core.package_identification:_identify(src/custom_pkg) by extension 'ros'
[1.407s] DEBUG:colcon.colcon_core.package_identification:Package 'src/custom_pkg' with type 'ros.ament_cmake' and name 'custom_pkg'
[1.408s] Level 1:colcon.colcon_core.package_identification:_identify(src/py_node) by extensions ['ignore', 'ignore_ament_install']
[1.408s] Level 1:colcon.colcon_core.package_identification:_identify(src/py_node) by extension 'ignore'
[1.409s] Level 1:colcon.colcon_core.package_identification:_identify(src/py_node) by extension 'ignore_ament_install'
[1.409s] Level 1:colcon.colcon_core.package_identification:_identify(src/py_node) by extensions ['colcon_pkg']
[1.409s] Level 1:colcon.colcon_core.package_identification:_identify(src/py_node) by extension 'colcon_pkg'
[1.409s] Level 1:colcon.colcon_core.package_identification:_identify(src/py_node) by extensions ['colcon_meta']
[1.410s] Level 1:colcon.colcon_core.package_identification:_identify(src/py_node) by extension 'colcon_meta'
[1.410s] Level 1:colcon.colcon_core.package_identification:_identify(src/py_node) by extensions ['ros']
[1.410s] Level 1:colcon.colcon_core.package_identification:_identify(src/py_node) by extension 'ros'
[1.412s] DEBUG:colcon.colcon_core.package_identification:Package 'src/py_node' with type 'ros.ament_python' and name 'py_node'
[1.412s] Level 1:colcon.colcon_core.package_discovery:discover_packages(recursive) using defaults
[1.412s] Level 1:colcon.colcon_core.package_discovery:discover_packages(ignore) discover
[1.412s] Level 1:colcon.colcon_core.package_discovery:discover_packages(ignore) using defaults
[1.412s] Level 1:colcon.colcon_core.package_discovery:discover_packages(path) discover
[1.413s] Level 1:colcon.colcon_core.package_discovery:discover_packages(path) using defaults
[1.533s] Level 1:colcon.colcon_core.package_discovery:discover_packages(prefix_path) check parameters
[1.534s] Level 1:colcon.colcon_core.package_discovery:discover_packages(prefix_path) discover
[1.560s] DEBUG:colcon.colcon_installed_package_information.package_discovery:Found 298 installed packages in /opt/ros/humble
[1.568s] Level 1:colcon.colcon_core.package_discovery:discover_packages(prefix_path) using defaults
[1.891s] Level 5:colcon.colcon_core.verb:set package 'cpp_node' build argument 'cmake_args' from command line to 'None'
[1.891s] Level 5:colcon.colcon_core.verb:set package 'cpp_node' build argument 'cmake_target' from command line to 'None'
[1.892s] Level 5:colcon.colcon_core.verb:set package 'cpp_node' build argument 'cmake_target_skip_unavailable' from command line to 'False'
[1.892s] Level 5:colcon.colcon_core.verb:set package 'cpp_node' build argument 'cmake_clean_cache' from command line to 'False'
[1.892s] Level 5:colcon.colcon_core.verb:set package 'cpp_node' build argument 'cmake_clean_first' from command line to 'False'
[1.892s] Level 5:colcon.colcon_core.verb:set package 'cpp_node' build argument 'cmake_force_configure' from command line to 'False'
[1.893s] Level 5:colcon.colcon_core.verb:set package 'cpp_node' build argument 'ament_cmake_args' from command line to 'None'
[1.893s] Level 5:colcon.colcon_core.verb:set package 'cpp_node' build argument 'catkin_cmake_args' from command line to 'None'
[1.893s] Level 5:colcon.colcon_core.verb:set package 'cpp_node' build argument 'catkin_skip_building_tests' from command line to 'False'
[1.893s] DEBUG:colcon.colcon_core.verb:Building package 'cpp_node' with the following arguments: {'ament_cmake_args': None, 'build_base': '/home/matrix/ros2_ws/build/cpp_node', 'catkin_cmake_args': None, 'catkin_skip_building_tests': False, 'cmake_args': None, 'cmake_clean_cache': False, 'cmake_clean_first': False, 'cmake_force_configure': False, 'cmake_target': None, 'cmake_target_skip_unavailable': False, 'install_base': '/home/matrix/ros2_ws/install/cpp_node', 'merge_install': False, 'path': '/home/matrix/ros2_ws/src/cpp_node', 'symlink_install': False, 'test_result_base': None}
[1.895s] Level 5:colcon.colcon_core.verb:set package 'custom_pkg' build argument 'cmake_args' from command line to 'None'
[1.895s] Level 5:colcon.colcon_core.verb:set package 'custom_pkg' build argument 'cmake_target' from command line to 'None'
[1.895s] Level 5:colcon.colcon_core.verb:set package 'custom_pkg' build argument 'cmake_target_skip_unavailable' from command line to 'False'
[1.896s] Level 5:colcon.colcon_core.verb:set package 'custom_pkg' build argument 'cmake_clean_cache' from command line to 'False'
[1.896s] Level 5:colcon.colcon_core.verb:set package 'custom_pkg' build argument 'cmake_clean_first' from command line to 'False'
[1.896s] Level 5:colcon.colcon_core.verb:set package 'custom_pkg' build argument 'cmake_force_configure' from command line to 'False'
[1.896s] Level 5:colcon.colcon_core.verb:set package 'custom_pkg' build argument 'ament_cmake_args' from command line to 'None'
[1.896s] Level 5:colcon.colcon_core.verb:set package 'custom_pkg' build argument 'catkin_cmake_args' from command line to 'None'
[1.896s] Level 5:colcon.colcon_core.verb:set package 'custom_pkg' build argument 'catkin_skip_building_tests' from command line to 'False'
[1.897s] DEBUG:colcon.colcon_core.verb:Building package 'custom_pkg' with the following arguments: {'ament_cmake_args': None, 'build_base': '/home/matrix/ros2_ws/build/custom_pkg', 'catkin_cmake_args': None, 'catkin_skip_building_tests': False, 'cmake_args': None, 'cmake_clean_cache': False, 'cmake_clean_first': False, 'cmake_force_configure': False, 'cmake_target': None, 'cmake_target_skip_unavailable': False, 'install_base': '/home/matrix/ros2_ws/install/custom_pkg', 'merge_install': False, 'path': '/home/matrix/ros2_ws/src/custom_pkg', 'symlink_install': False, 'test_result_base': None}
[1.898s] Level 5:colcon.colcon_core.verb:set package 'py_node' build argument 'cmake_args' from command line to 'None'
[1.898s] Level 5:colcon.colcon_core.verb:set package 'py_node' build argument 'cmake_target' from command line to 'None'
[1.898s] Level 5:colcon.colcon_core.verb:set package 'py_node' build argument 'cmake_target_skip_unavailable' from command line to 'False'
[1.899s] Level 5:colcon.colcon_core.verb:set package 'py_node' build argument 'cmake_clean_cache' from command line to 'False'
[1.899s] Level 5:colcon.colcon_core.verb:set package 'py_node' build argument 'cmake_clean_first' from command line to 'False'
[1.899s] Level 5:colcon.colcon_core.verb:set package 'py_node' build argument 'cmake_force_configure' from command line to 'False'
[1.899s] Level 5:colcon.colcon_core.verb:set package 'py_node' build argument 'ament_cmake_args' from command line to 'None'
[1.899s] Level 5:colcon.colcon_core.verb:set package 'py_node' build argument 'catkin_cmake_args' from command line to 'None'
[1.900s] Level 5:colcon.colcon_core.verb:set package 'py_node' build argument 'catkin_skip_building_tests' from command line to 'False'
[1.900s] DEBUG:colcon.colcon_core.verb:Building package 'py_node' with the following arguments: {'ament_cmake_args': None, 'build_base': '/home/matrix/ros2_ws/build/py_node', 'catkin_cmake_args': None, 'catkin_skip_building_tests': False, 'cmake_args': None, 'cmake_clean_cache': False, 'cmake_clean_first': False, 'cmake_force_configure': False, 'cmake_target': None, 'cmake_target_skip_unavailable': False, 'install_base': '/home/matrix/ros2_ws/install/py_node', 'merge_install': False, 'path': '/home/matrix/ros2_ws/src/py_node', 'symlink_install': False, 'test_result_base': None}
[1.901s] INFO:colcon.colcon_core.executor:Executing jobs using 'parallel' executor
[1.906s] DEBUG:colcon.colcon_parallel_executor.executor.parallel:run_until_complete
[1.908s] INFO:colcon.colcon_ros.task.ament_cmake.build:Building ROS package in '/home/matrix/ros2_ws/src/cpp_node' with build type 'ament_cmake'
[1.909s] INFO:colcon.colcon_cmake.task.cmake.build:Building CMake package in '/home/matrix/ros2_ws/src/cpp_node'
[1.928s] INFO:colcon.colcon_core.plugin_system:Skipping extension 'colcon_core.shell.bat': Not used on non-Windows systems
[1.929s] INFO:colcon.colcon_core.shell:Skip shell extension 'powershell' for command environment: Not usable outside of PowerShell
[1.929s] DEBUG:colcon.colcon_core.shell:Skip shell extension 'dsv' for command environment
[1.961s] INFO:colcon.colcon_ros.task.ament_cmake.build:Building ROS package in '/home/matrix/ros2_ws/src/custom_pkg' with build type 'ament_cmake'
[1.962s] INFO:colcon.colcon_cmake.task.cmake.build:Building CMake package in '/home/matrix/ros2_ws/src/custom_pkg'
[1.963s] INFO:colcon.colcon_core.shell:Skip shell extension 'powershell' for command environment: Not usable outside of PowerShell
[1.963s] DEBUG:colcon.colcon_core.shell:Skip shell extension 'dsv' for command environment
[1.998s] INFO:colcon.colcon_ros.task.ament_python.build:Building ROS package in '/home/matrix/ros2_ws/src/py_node' with build type 'ament_python'
[1.999s] Level 1:colcon.colcon_core.shell:create_environment_hook('py_node', 'ament_prefix_path')
[2.000s] INFO:colcon.colcon_core.shell:Creating environment hook '/home/matrix/ros2_ws/install/py_node/share/py_node/hook/ament_prefix_path.ps1'
[2.007s] INFO:colcon.colcon_core.shell:Creating environment descriptor '/home/matrix/ros2_ws/install/py_node/share/py_node/hook/ament_prefix_path.dsv'
[2.015s] INFO:colcon.colcon_core.shell:Creating environment hook '/home/matrix/ros2_ws/install/py_node/share/py_node/hook/ament_prefix_path.sh'
[2.020s] INFO:colcon.colcon_core.shell:Skip shell extension 'powershell' for command environment: Not usable outside of PowerShell
[2.020s] DEBUG:colcon.colcon_core.shell:Skip shell extension 'dsv' for command environment
[2.099s] DEBUG:colcon.colcon_core.event_handler.log_command:Invoking command in '/home/matrix/ros2_ws/build/cpp_node': CMAKE_PREFIX_PATH=/opt/ros/humble /usr/bin/cmake --build /home/matrix/ros2_ws/build/cpp_node -- -j8 -l8
[2.133s] DEBUG:colcon.colcon_core.event_handler.log_command:Invoking command in '/home/matrix/ros2_ws/build/custom_pkg': CMAKE_PREFIX_PATH=/opt/ros/humble /usr/bin/cmake --build /home/matrix/ros2_ws/build/custom_pkg -- -j8 -l8
[3.798s] INFO:colcon.colcon_core.task.python.build:Building Python package in '/home/matrix/ros2_ws/src/py_node'
[3.799s] INFO:colcon.colcon_core.shell:Skip shell extension 'powershell' for command environment: Not usable outside of PowerShell
[3.799s] DEBUG:colcon.colcon_core.shell:Skip shell extension 'dsv' for command environment
[3.839s] DEBUG:colcon.colcon_core.event_handler.log_command:Invoked command in '/home/matrix/ros2_ws/build/cpp_node' returned '0': CMAKE_PREFIX_PATH=/opt/ros/humble /usr/bin/cmake --build /home/matrix/ros2_ws/build/cpp_node -- -j8 -l8
[3.923s] DEBUG:colcon.colcon_core.event_handler.log_command:Invoking command in '/home/matrix/ros2_ws/build/cpp_node': CMAKE_PREFIX_PATH=/opt/ros/humble /usr/bin/cmake --install /home/matrix/ros2_ws/build/cpp_node
[4.064s] Level 1:colcon.colcon_core.environment:create_environment_scripts_only(cpp_node)
[4.067s] DEBUG:colcon.colcon_core.event_handler.log_command:Invoked command in '/home/matrix/ros2_ws/build/cpp_node' returned '0': CMAKE_PREFIX_PATH=/opt/ros/humble /usr/bin/cmake --install /home/matrix/ros2_ws/build/cpp_node
[4.087s] Level 1:colcon.colcon_core.environment:checking '/home/matrix/ros2_ws/install/cpp_node' for CMake module files
[4.091s] Level 1:colcon.colcon_core.environment:checking '/home/matrix/ros2_ws/install/cpp_node' for CMake config files
[4.093s] Level 1:colcon.colcon_core.shell:create_environment_hook('cpp_node', 'cmake_prefix_path')
[4.093s] INFO:colcon.colcon_core.shell:Creating environment hook '/home/matrix/ros2_ws/install/cpp_node/share/cpp_node/hook/cmake_prefix_path.ps1'
[4.096s] INFO:colcon.colcon_core.shell:Creating environment descriptor '/home/matrix/ros2_ws/install/cpp_node/share/cpp_node/hook/cmake_prefix_path.dsv'
[4.097s] INFO:colcon.colcon_core.shell:Creating environment hook '/home/matrix/ros2_ws/install/cpp_node/share/cpp_node/hook/cmake_prefix_path.sh'
[4.104s] Level 1:colcon.colcon_core.environment:checking '/home/matrix/ros2_ws/install/cpp_node/lib'
[4.105s] Level 1:colcon.colcon_core.environment:checking '/home/matrix/ros2_ws/install/cpp_node/bin'
[4.105s] Level 1:colcon.colcon_core.environment:checking '/home/matrix/ros2_ws/install/cpp_node/lib/pkgconfig/cpp_node.pc'
[4.106s] Level 1:colcon.colcon_core.environment:checking '/home/matrix/ros2_ws/install/cpp_node/lib/python3.10/site-packages'
[4.106s] Level 1:colcon.colcon_core.environment:checking '/home/matrix/ros2_ws/install/cpp_node/bin'
[4.107s] INFO:colcon.colcon_core.shell:Creating package script '/home/matrix/ros2_ws/install/cpp_node/share/cpp_node/package.ps1'
[4.116s] INFO:colcon.colcon_core.shell:Creating package descriptor '/home/matrix/ros2_ws/install/cpp_node/share/cpp_node/package.dsv'
[4.119s] INFO:colcon.colcon_core.shell:Creating package script '/home/matrix/ros2_ws/install/cpp_node/share/cpp_node/package.sh'
[4.125s] INFO:colcon.colcon_core.shell:Creating package script '/home/matrix/ros2_ws/install/cpp_node/share/cpp_node/package.bash'
[4.129s] INFO:colcon.colcon_core.shell:Creating package script '/home/matrix/ros2_ws/install/cpp_node/share/cpp_node/package.zsh'
[4.136s] Level 1:colcon.colcon_core.environment:create_file_with_runtime_dependencies(/home/matrix/ros2_ws/install/cpp_node/share/colcon-core/packages/cpp_node)
[4.141s] Level 1:colcon.colcon_core.environment:create_environment_scripts_only(cpp_node)
[4.142s] Level 1:colcon.colcon_core.environment:checking '/home/matrix/ros2_ws/install/cpp_node' for CMake module files
[4.149s] Level 1:colcon.colcon_core.environment:checking '/home/matrix/ros2_ws/install/cpp_node' for CMake config files
[4.157s] Level 1:colcon.colcon_core.shell:create_environment_hook('cpp_node', 'cmake_prefix_path')
[4.158s] INFO:colcon.colcon_core.shell:Creating environment hook '/home/matrix/ros2_ws/install/cpp_node/share/cpp_node/hook/cmake_prefix_path.ps1'
[4.173s] INFO:colcon.colcon_core.shell:Creating environment descriptor '/home/matrix/ros2_ws/install/cpp_node/share/cpp_node/hook/cmake_prefix_path.dsv'
[4.176s] INFO:colcon.colcon_core.shell:Creating environment hook '/home/matrix/ros2_ws/install/cpp_node/share/cpp_node/hook/cmake_prefix_path.sh'
[4.182s] Level 1:colcon.colcon_core.environment:checking '/home/matrix/ros2_ws/install/cpp_node/lib'
[4.183s] Level 1:colcon.colcon_core.environment:checking '/home/matrix/ros2_ws/install/cpp_node/bin'
[4.183s] Level 1:colcon.colcon_core.environment:checking '/home/matrix/ros2_ws/install/cpp_node/lib/pkgconfig/cpp_node.pc'
[4.184s] Level 1:colcon.colcon_core.environment:checking '/home/matrix/ros2_ws/install/cpp_node/lib/python3.10/site-packages'
[4.187s] Level 1:colcon.colcon_core.environment:checking '/home/matrix/ros2_ws/install/cpp_node/bin'
[4.189s] INFO:colcon.colcon_core.shell:Creating package script '/home/matrix/ros2_ws/install/cpp_node/share/cpp_node/package.ps1'
[4.192s] INFO:colcon.colcon_core.shell:Creating package descriptor '/home/matrix/ros2_ws/install/cpp_node/share/cpp_node/package.dsv'
[4.195s] INFO:colcon.colcon_core.shell:Creating package script '/home/matrix/ros2_ws/install/cpp_node/share/cpp_node/package.sh'
[4.198s] INFO:colcon.colcon_core.shell:Creating package script '/home/matrix/ros2_ws/install/cpp_node/share/cpp_node/package.bash'
[4.201s] INFO:colcon.colcon_core.shell:Creating package script '/home/matrix/ros2_ws/install/cpp_node/share/cpp_node/package.zsh'
[4.208s] Level 1:colcon.colcon_core.environment:create_file_with_runtime_dependencies(/home/matrix/ros2_ws/install/cpp_node/share/colcon-core/packages/cpp_node)
[6.020s] DEBUG:colcon.colcon_core.event_handler.log_command:Invoking command in '/home/matrix/ros2_ws/src/py_node': PYTHONPATH=/home/matrix/ros2_ws/build/py_node/prefix_override:/usr/lib/python3/dist-packages/colcon_core/task/python/colcon_distutils_commands:/home/matrix/ros2_ws/install/py_node/lib/python3.10/site-packages:${PYTHONPATH} /usr/bin/python3 -W ignore:setup.py install is deprecated -W ignore:easy_install command is deprecated setup.py egg_info --egg-base ../../build/py_node build --build-base /home/matrix/ros2_ws/build/py_node/build install --record /home/matrix/ros2_ws/build/py_node/install.log --single-version-externally-managed install_data
[7.376s] Level 1:colcon.colcon_core.environment:checking '/home/matrix/ros2_ws/install/py_node' for CMake module files
[7.379s] DEBUG:colcon.colcon_core.event_handler.log_command:Invoked command in '/home/matrix/ros2_ws/src/py_node' returned '0': PYTHONPATH=/home/matrix/ros2_ws/build/py_node/prefix_override:/usr/lib/python3/dist-packages/colcon_core/task/python/colcon_distutils_commands:/home/matrix/ros2_ws/install/py_node/lib/python3.10/site-packages:${PYTHONPATH} /usr/bin/python3 -W ignore:setup.py install is deprecated -W ignore:easy_install command is deprecated setup.py egg_info --egg-base ../../build/py_node build --build-base /home/matrix/ros2_ws/build/py_node/build install --record /home/matrix/ros2_ws/build/py_node/install.log --single-version-externally-managed install_data
[7.383s] Level 1:colcon.colcon_core.environment:checking '/home/matrix/ros2_ws/install/py_node' for CMake config files
[7.387s] Level 1:colcon.colcon_core.environment:checking '/home/matrix/ros2_ws/install/py_node/lib'
[7.387s] Level 1:colcon.colcon_core.environment:checking '/home/matrix/ros2_ws/install/py_node/bin'
[7.387s] Level 1:colcon.colcon_core.environment:checking '/home/matrix/ros2_ws/install/py_node/lib/pkgconfig/py_node.pc'
[7.390s] Level 1:colcon.colcon_core.environment:checking '/home/matrix/ros2_ws/install/py_node/lib/python3.10/site-packages'
[7.390s] Level 1:colcon.colcon_core.shell:create_environment_hook('py_node', 'pythonpath')
[7.391s] INFO:colcon.colcon_core.shell:Creating environment hook '/home/matrix/ros2_ws/install/py_node/share/py_node/hook/pythonpath.ps1'
[7.392s] INFO:colcon.colcon_core.shell:Creating environment descriptor '/home/matrix/ros2_ws/install/py_node/share/py_node/hook/pythonpath.dsv'
[7.394s] INFO:colcon.colcon_core.shell:Creating environment hook '/home/matrix/ros2_ws/install/py_node/share/py_node/hook/pythonpath.sh'
[7.396s] Level 1:colcon.colcon_core.environment:checking '/home/matrix/ros2_ws/install/py_node/bin'
[7.397s] Level 1:colcon.colcon_core.environment:create_environment_scripts_only(py_node)
[7.398s] INFO:colcon.colcon_core.shell:Creating package script '/home/matrix/ros2_ws/install/py_node/share/py_node/package.ps1'
[7.404s] INFO:colcon.colcon_core.shell:Creating package descriptor '/home/matrix/ros2_ws/install/py_node/share/py_node/package.dsv'
[7.407s] INFO:colcon.colcon_core.shell:Creating package script '/home/matrix/ros2_ws/install/py_node/share/py_node/package.sh'
[7.409s] INFO:colcon.colcon_core.shell:Creating package script '/home/matrix/ros2_ws/install/py_node/share/py_node/package.bash'
[7.411s] INFO:colcon.colcon_core.shell:Creating package script '/home/matrix/ros2_ws/install/py_node/share/py_node/package.zsh'
[7.413s] Level 1:colcon.colcon_core.environment:create_file_with_runtime_dependencies(/home/matrix/ros2_ws/install/py_node/share/colcon-core/packages/py_node)
[10.622s] DEBUG:colcon.colcon_core.event_handler.log_command:Invoked command in '/home/matrix/ros2_ws/build/custom_pkg' returned '0': CMAKE_PREFIX_PATH=/opt/ros/humble /usr/bin/cmake --build /home/matrix/ros2_ws/build/custom_pkg -- -j8 -l8
[10.634s] DEBUG:colcon.colcon_core.event_handler.log_command:Invoking command in '/home/matrix/ros2_ws/build/custom_pkg': CMAKE_PREFIX_PATH=/opt/ros/humble /usr/bin/cmake --install /home/matrix/ros2_ws/build/custom_pkg
[11.092s] Level 1:colcon.colcon_core.environment:create_environment_scripts_only(custom_pkg)
[11.093s] Level 1:colcon.colcon_core.environment:checking '/home/matrix/ros2_ws/install/custom_pkg' for CMake module files
[11.095s] DEBUG:colcon.colcon_core.event_handler.log_command:Invoked command in '/home/matrix/ros2_ws/build/custom_pkg' returned '0': CMAKE_PREFIX_PATH=/opt/ros/humble /usr/bin/cmake --install /home/matrix/ros2_ws/build/custom_pkg
[11.101s] Level 1:colcon.colcon_core.environment:checking '/home/matrix/ros2_ws/install/custom_pkg' for CMake config files
[11.104s] Level 1:colcon.colcon_core.shell:create_environment_hook('custom_pkg', 'cmake_prefix_path')
[11.104s] INFO:colcon.colcon_core.shell:Creating environment hook '/home/matrix/ros2_ws/install/custom_pkg/share/custom_pkg/hook/cmake_prefix_path.ps1'
[11.107s] INFO:colcon.colcon_core.shell:Creating environment descriptor '/home/matrix/ros2_ws/install/custom_pkg/share/custom_pkg/hook/cmake_prefix_path.dsv'
[11.109s] INFO:colcon.colcon_core.shell:Creating environment hook '/home/matrix/ros2_ws/install/custom_pkg/share/custom_pkg/hook/cmake_prefix_path.sh'
[11.116s] Level 1:colcon.colcon_core.environment:checking '/home/matrix/ros2_ws/install/custom_pkg/lib'
[11.118s] Level 1:colcon.colcon_core.shell:create_environment_hook('custom_pkg', 'ld_library_path_lib')
[11.119s] INFO:colcon.colcon_core.shell:Creating environment hook '/home/matrix/ros2_ws/install/custom_pkg/share/custom_pkg/hook/ld_library_path_lib.ps1'
[11.121s] INFO:colcon.colcon_core.shell:Creating environment descriptor '/home/matrix/ros2_ws/install/custom_pkg/share/custom_pkg/hook/ld_library_path_lib.dsv'
[11.126s] INFO:colcon.colcon_core.shell:Creating environment hook '/home/matrix/ros2_ws/install/custom_pkg/share/custom_pkg/hook/ld_library_path_lib.sh'
[11.128s] Level 1:colcon.colcon_core.environment:checking '/home/matrix/ros2_ws/install/custom_pkg/bin'
[11.128s] Level 1:colcon.colcon_core.environment:checking '/home/matrix/ros2_ws/install/custom_pkg/lib/pkgconfig/custom_pkg.pc'
[11.129s] Level 1:colcon.colcon_core.environment:checking '/home/matrix/ros2_ws/install/custom_pkg/lib/python3.10/site-packages'
[11.130s] Level 1:colcon.colcon_core.environment:checking '/home/matrix/ros2_ws/install/custom_pkg/bin'
[11.132s] INFO:colcon.colcon_core.shell:Creating package script '/home/matrix/ros2_ws/install/custom_pkg/share/custom_pkg/package.ps1'
[11.134s] INFO:colcon.colcon_core.shell:Creating package descriptor '/home/matrix/ros2_ws/install/custom_pkg/share/custom_pkg/package.dsv'
[11.138s] INFO:colcon.colcon_core.shell:Creating package script '/home/matrix/ros2_ws/install/custom_pkg/share/custom_pkg/package.sh'
[11.141s] INFO:colcon.colcon_core.shell:Creating package script '/home/matrix/ros2_ws/install/custom_pkg/share/custom_pkg/package.bash'
[11.143s] INFO:colcon.colcon_core.shell:Creating package script '/home/matrix/ros2_ws/install/custom_pkg/share/custom_pkg/package.zsh'
[11.145s] Level 1:colcon.colcon_core.environment:create_file_with_runtime_dependencies(/home/matrix/ros2_ws/install/custom_pkg/share/colcon-core/packages/custom_pkg)
[11.150s] Level 1:colcon.colcon_core.environment:create_environment_scripts_only(custom_pkg)
[11.150s] Level 1:colcon.colcon_core.environment:checking '/home/matrix/ros2_ws/install/custom_pkg' for CMake module files
[11.154s] Level 1:colcon.colcon_core.environment:checking '/home/matrix/ros2_ws/install/custom_pkg' for CMake config files
[11.157s] Level 1:colcon.colcon_core.shell:create_environment_hook('custom_pkg', 'cmake_prefix_path')
[11.157s] INFO:colcon.colcon_core.shell:Creating environment hook '/home/matrix/ros2_ws/install/custom_pkg/share/custom_pkg/hook/cmake_prefix_path.ps1'
[11.159s] INFO:colcon.colcon_core.shell:Creating environment descriptor '/home/matrix/ros2_ws/install/custom_pkg/share/custom_pkg/hook/cmake_prefix_path.dsv'
[11.161s] INFO:colcon.colcon_core.shell:Creating environment hook '/home/matrix/ros2_ws/install/custom_pkg/share/custom_pkg/hook/cmake_prefix_path.sh'
[11.166s] Level 1:colcon.colcon_core.environment:checking '/home/matrix/ros2_ws/install/custom_pkg/lib'
[11.167s] Level 1:colcon.colcon_core.shell:create_environment_hook('custom_pkg', 'ld_library_path_lib')
[11.168s] INFO:colcon.colcon_core.shell:Creating environment hook '/home/matrix/ros2_ws/install/custom_pkg/share/custom_pkg/hook/ld_library_path_lib.ps1'
[11.171s] INFO:colcon.colcon_core.shell:Creating environment descriptor '/home/matrix/ros2_ws/install/custom_pkg/share/custom_pkg/hook/ld_library_path_lib.dsv'
[11.174s] INFO:colcon.colcon_core.shell:Creating environment hook '/home/matrix/ros2_ws/install/custom_pkg/share/custom_pkg/hook/ld_library_path_lib.sh'
[11.176s] Level 1:colcon.colcon_core.environment:checking '/home/matrix/ros2_ws/install/custom_pkg/bin'
[11.176s] Level 1:colcon.colcon_core.environment:checking '/home/matrix/ros2_ws/install/custom_pkg/lib/pkgconfig/custom_pkg.pc'
[11.177s] Level 1:colcon.colcon_core.environment:checking '/home/matrix/ros2_ws/install/custom_pkg/lib/python3.10/site-packages'
[11.178s] Level 1:colcon.colcon_core.environment:checking '/home/matrix/ros2_ws/install/custom_pkg/bin'
[11.179s] INFO:colcon.colcon_core.shell:Creating package script '/home/matrix/ros2_ws/install/custom_pkg/share/custom_pkg/package.ps1'
[11.182s] INFO:colcon.colcon_core.shell:Creating package descriptor '/home/matrix/ros2_ws/install/custom_pkg/share/custom_pkg/package.dsv'
[11.184s] INFO:colcon.colcon_core.shell:Creating package script '/home/matrix/ros2_ws/install/custom_pkg/share/custom_pkg/package.sh'
[11.186s] INFO:colcon.colcon_core.shell:Creating package script '/home/matrix/ros2_ws/install/custom_pkg/share/custom_pkg/package.bash'
[11.188s] INFO:colcon.colcon_core.shell:Creating package script '/home/matrix/ros2_ws/install/custom_pkg/share/custom_pkg/package.zsh'
[11.191s] Level 1:colcon.colcon_core.environment:create_file_with_runtime_dependencies(/home/matrix/ros2_ws/install/custom_pkg/share/colcon-core/packages/custom_pkg)
[11.193s] DEBUG:colcon.colcon_parallel_executor.executor.parallel:closing loop
[11.193s] DEBUG:colcon.colcon_parallel_executor.executor.parallel:loop closed
[11.194s] DEBUG:colcon.colcon_parallel_executor.executor.parallel:run_until_complete finished with '0'
[11.195s] DEBUG:colcon.colcon_core.event_reactor:joining thread
[11.234s] INFO:colcon.colcon_core.plugin_system:Skipping extension 'colcon_notification.desktop_notification.terminal_notifier': Not used on non-Darwin systems
[11.235s] INFO:colcon.colcon_core.plugin_system:Skipping extension 'colcon_notification.desktop_notification.win32': Not used on non-Windows systems
[11.235s] INFO:colcon.colcon_notification.desktop_notification:Sending desktop notification using 'notify2'
[11.354s] DEBUG:colcon.colcon_core.event_reactor:joined thread
[11.355s] INFO:colcon.colcon_core.shell:Creating prefix script '/home/matrix/ros2_ws/install/local_setup.ps1'
[11.357s] INFO:colcon.colcon_core.shell:Creating prefix util module '/home/matrix/ros2_ws/install/_local_setup_util_ps1.py'
[11.360s] INFO:colcon.colcon_core.shell:Creating prefix chain script '/home/matrix/ros2_ws/install/setup.ps1'
[11.362s] INFO:colcon.colcon_core.shell:Creating prefix script '/home/matrix/ros2_ws/install/local_setup.sh'
[11.365s] INFO:colcon.colcon_core.shell:Creating prefix util module '/home/matrix/ros2_ws/install/_local_setup_util_sh.py'
[11.368s] INFO:colcon.colcon_core.shell:Creating prefix chain script '/home/matrix/ros2_ws/install/setup.sh'
[11.372s] INFO:colcon.colcon_core.shell:Creating prefix script '/home/matrix/ros2_ws/install/local_setup.bash'
[11.375s] INFO:colcon.colcon_core.shell:Creating prefix chain script '/home/matrix/ros2_ws/install/setup.bash'
[11.378s] INFO:colcon.colcon_core.shell:Creating prefix script '/home/matrix/ros2_ws/install/local_setup.zsh'
[11.381s] INFO:colcon.colcon_core.shell:Creating prefix chain script '/home/matrix/ros2_ws/install/setup.zsh'
