[0.265s] DEBUG:colcon:Command line arguments: ['/usr/bin/colcon', 'build', '--packages-select', 'custom_pkg']
[0.266s] DEBUG:colcon:Parsed command line arguments: Namespace(log_base=None, log_level=None, verb_name='build', build_base='build', install_base='install', merge_install=False, symlink_install=False, test_result_base=None, continue_on_error=False, executor='parallel', parallel_workers=8, event_handlers=None, ignore_user_meta=False, metas=['./colcon.meta'], base_paths=['.'], packages_ignore=None, packages_ignore_regex=None, paths=None, packages_up_to=None, packages_up_to_regex=None, packages_above=None, packages_above_and_dependencies=None, packages_above_depth=None, packages_select_by_dep=None, packages_skip_by_dep=None, packages_skip_up_to=None, packages_select_build_failed=False, packages_skip_build_finished=False, packages_select_test_failures=False, packages_skip_test_passed=False, packages_select=['custom_pkg'], packages_skip=None, packages_select_regex=None, packages_skip_regex=None, packages_start=None, packages_end=None, allow_overriding=[], cmake_args=None, cmake_target=None, cmake_target_skip_unavailable=False, cmake_clean_cache=False, cmake_clean_first=False, cmake_force_configure=False, ament_cmake_args=None, catkin_cmake_args=None, catkin_skip_building_tests=False, mixin_files=None, mixin=None, verb_parser=<colcon_mixin.mixin.mixin_argument.MixinArgumentDecorator object at 0x700d226d5c60>, verb_extension=<colcon_core.verb.build.BuildVerb object at 0x700d227d6bf0>, main=<bound method BuildVerb.main of <colcon_core.verb.build.BuildVerb object at 0x700d227d6bf0>>, mixin_verb=('build',))
[0.695s] Level 1:colcon.colcon_core.package_discovery:discover_packages(colcon_meta) check parameters
[0.695s] Level 1:colcon.colcon_core.package_discovery:discover_packages(recursive) check parameters
[0.695s] Level 1:colcon.colcon_core.package_discovery:discover_packages(ignore) check parameters
[0.695s] Level 1:colcon.colcon_core.package_discovery:discover_packages(path) check parameters
[0.695s] Level 1:colcon.colcon_core.package_discovery:discover_packages(colcon_meta) discover
[0.695s] Level 1:colcon.colcon_core.package_discovery:discover_packages(recursive) discover
[0.695s] INFO:colcon.colcon_core.package_discovery:Crawling recursively for packages in '/home/matrix/ros2_ws'
[0.696s] Level 1:colcon.colcon_core.package_identification:_identify(.) by extensions ['ignore', 'ignore_ament_install']
[0.696s] Level 1:colcon.colcon_core.package_identification:_identify(.) by extension 'ignore'
[0.696s] Level 1:colcon.colcon_core.package_identification:_identify(.) by extension 'ignore_ament_install'
[0.696s] Level 1:colcon.colcon_core.package_identification:_identify(.) by extensions ['colcon_pkg']
[0.696s] Level 1:colcon.colcon_core.package_identification:_identify(.) by extension 'colcon_pkg'
[0.696s] Level 1:colcon.colcon_core.package_identification:_identify(.) by extensions ['colcon_meta']
[0.697s] Level 1:colcon.colcon_core.package_identification:_identify(.) by extension 'colcon_meta'
[0.697s] Level 1:colcon.colcon_core.package_identification:_identify(.) by extensions ['ros']
[0.697s] Level 1:colcon.colcon_core.package_identification:_identify(.) by extension 'ros'
[0.721s] Level 1:colcon.colcon_core.package_identification:_identify(.) by extensions ['cmake', 'python']
[0.721s] Level 1:colcon.colcon_core.package_identification:_identify(.) by extension 'cmake'
[0.722s] Level 1:colcon.colcon_core.package_identification:_identify(.) by extension 'python'
[0.722s] Level 1:colcon.colcon_core.package_identification:_identify(.) by extensions ['python_setup_py']
[0.722s] Level 1:colcon.colcon_core.package_identification:_identify(.) by extension 'python_setup_py'
[0.722s] Level 1:colcon.colcon_core.package_identification:_identify(build) by extensions ['ignore', 'ignore_ament_install']
[0.722s] Level 1:colcon.colcon_core.package_identification:_identify(build) by extension 'ignore'
[0.722s] Level 1:colcon.colcon_core.package_identification:_identify(build) ignored
[0.723s] Level 1:colcon.colcon_core.package_identification:_identify(install) by extensions ['ignore', 'ignore_ament_install']
[0.723s] Level 1:colcon.colcon_core.package_identification:_identify(install) by extension 'ignore'
[0.723s] Level 1:colcon.colcon_core.package_identification:_identify(install) ignored
[0.723s] Level 1:colcon.colcon_core.package_identification:_identify(log) by extensions ['ignore', 'ignore_ament_install']
[0.724s] Level 1:colcon.colcon_core.package_identification:_identify(log) by extension 'ignore'
[0.724s] Level 1:colcon.colcon_core.package_identification:_identify(log) ignored
[0.724s] Level 1:colcon.colcon_core.package_identification:_identify(src) by extensions ['ignore', 'ignore_ament_install']
[0.724s] Level 1:colcon.colcon_core.package_identification:_identify(src) by extension 'ignore'
[0.724s] Level 1:colcon.colcon_core.package_identification:_identify(src) by extension 'ignore_ament_install'
[0.724s] Level 1:colcon.colcon_core.package_identification:_identify(src) by extensions ['colcon_pkg']
[0.725s] Level 1:colcon.colcon_core.package_identification:_identify(src) by extension 'colcon_pkg'
[0.725s] Level 1:colcon.colcon_core.package_identification:_identify(src) by extensions ['colcon_meta']
[0.725s] Level 1:colcon.colcon_core.package_identification:_identify(src) by extension 'colcon_meta'
[0.725s] Level 1:colcon.colcon_core.package_identification:_identify(src) by extensions ['ros']
[0.725s] Level 1:colcon.colcon_core.package_identification:_identify(src) by extension 'ros'
[0.725s] Level 1:colcon.colcon_core.package_identification:_identify(src) by extensions ['cmake', 'python']
[0.725s] Level 1:colcon.colcon_core.package_identification:_identify(src) by extension 'cmake'
[0.725s] Level 1:colcon.colcon_core.package_identification:_identify(src) by extension 'python'
[0.726s] Level 1:colcon.colcon_core.package_identification:_identify(src) by extensions ['python_setup_py']
[0.726s] Level 1:colcon.colcon_core.package_identification:_identify(src) by extension 'python_setup_py'
[0.726s] Level 1:colcon.colcon_core.package_identification:_identify(src/cpp_node) by extensions ['ignore', 'ignore_ament_install']
[0.727s] Level 1:colcon.colcon_core.package_identification:_identify(src/cpp_node) by extension 'ignore'
[0.727s] Level 1:colcon.colcon_core.package_identification:_identify(src/cpp_node) by extension 'ignore_ament_install'
[0.727s] Level 1:colcon.colcon_core.package_identification:_identify(src/cpp_node) by extensions ['colcon_pkg']
[0.727s] Level 1:colcon.colcon_core.package_identification:_identify(src/cpp_node) by extension 'colcon_pkg'
[0.727s] Level 1:colcon.colcon_core.package_identification:_identify(src/cpp_node) by extensions ['colcon_meta']
[0.727s] Level 1:colcon.colcon_core.package_identification:_identify(src/cpp_node) by extension 'colcon_meta'
[0.728s] Level 1:colcon.colcon_core.package_identification:_identify(src/cpp_node) by extensions ['ros']
[0.728s] Level 1:colcon.colcon_core.package_identification:_identify(src/cpp_node) by extension 'ros'
[0.732s] DEBUG:colcon.colcon_core.package_identification:Package 'src/cpp_node' with type 'ros.ament_cmake' and name 'cpp_node'
[0.733s] Level 1:colcon.colcon_core.package_identification:_identify(src/custom_pkg) by extensions ['ignore', 'ignore_ament_install']
[0.733s] Level 1:colcon.colcon_core.package_identification:_identify(src/custom_pkg) by extension 'ignore'
[0.733s] Level 1:colcon.colcon_core.package_identification:_identify(src/custom_pkg) by extension 'ignore_ament_install'
[0.733s] Level 1:colcon.colcon_core.package_identification:_identify(src/custom_pkg) by extensions ['colcon_pkg']
[0.733s] Level 1:colcon.colcon_core.package_identification:_identify(src/custom_pkg) by extension 'colcon_pkg'
[0.733s] Level 1:colcon.colcon_core.package_identification:_identify(src/custom_pkg) by extensions ['colcon_meta']
[0.734s] Level 1:colcon.colcon_core.package_identification:_identify(src/custom_pkg) by extension 'colcon_meta'
[0.734s] Level 1:colcon.colcon_core.package_identification:_identify(src/custom_pkg) by extensions ['ros']
[0.734s] Level 1:colcon.colcon_core.package_identification:_identify(src/custom_pkg) by extension 'ros'
[0.735s] DEBUG:colcon.colcon_core.package_identification:Package 'src/custom_pkg' with type 'ros.ament_cmake' and name 'custom_pkg'
[0.735s] Level 1:colcon.colcon_core.package_identification:_identify(src/py_node) by extensions ['ignore', 'ignore_ament_install']
[0.736s] Level 1:colcon.colcon_core.package_identification:_identify(src/py_node) by extension 'ignore'
[0.736s] Level 1:colcon.colcon_core.package_identification:_identify(src/py_node) by extension 'ignore_ament_install'
[0.736s] Level 1:colcon.colcon_core.package_identification:_identify(src/py_node) by extensions ['colcon_pkg']
[0.736s] Level 1:colcon.colcon_core.package_identification:_identify(src/py_node) by extension 'colcon_pkg'
[0.736s] Level 1:colcon.colcon_core.package_identification:_identify(src/py_node) by extensions ['colcon_meta']
[0.736s] Level 1:colcon.colcon_core.package_identification:_identify(src/py_node) by extension 'colcon_meta'
[0.736s] Level 1:colcon.colcon_core.package_identification:_identify(src/py_node) by extensions ['ros']
[0.736s] Level 1:colcon.colcon_core.package_identification:_identify(src/py_node) by extension 'ros'
[0.737s] DEBUG:colcon.colcon_core.package_identification:Package 'src/py_node' with type 'ros.ament_python' and name 'py_node'
[0.737s] Level 1:colcon.colcon_core.package_discovery:discover_packages(recursive) using defaults
[0.738s] Level 1:colcon.colcon_core.package_discovery:discover_packages(ignore) discover
[0.738s] Level 1:colcon.colcon_core.package_discovery:discover_packages(ignore) using defaults
[0.738s] Level 1:colcon.colcon_core.package_discovery:discover_packages(path) discover
[0.738s] Level 1:colcon.colcon_core.package_discovery:discover_packages(path) using defaults
[0.787s] INFO:colcon.colcon_core.package_selection:Skipping not selected package 'cpp_node' in 'src/cpp_node'
[0.788s] INFO:colcon.colcon_core.package_selection:Skipping not selected package 'py_node' in 'src/py_node'
[0.788s] Level 1:colcon.colcon_core.package_discovery:discover_packages(prefix_path) check parameters
[0.789s] Level 1:colcon.colcon_core.package_discovery:discover_packages(prefix_path) discover
[0.796s] DEBUG:colcon.colcon_installed_package_information.package_discovery:Found 3 installed packages in /home/matrix/ros2_ws/install
[0.805s] DEBUG:colcon.colcon_installed_package_information.package_discovery:Found 298 installed packages in /opt/ros/humble
[0.808s] Level 1:colcon.colcon_core.package_discovery:discover_packages(prefix_path) using defaults
[0.923s] Level 5:colcon.colcon_core.verb:set package 'custom_pkg' build argument 'cmake_args' from command line to 'None'
[0.923s] Level 5:colcon.colcon_core.verb:set package 'custom_pkg' build argument 'cmake_target' from command line to 'None'
[0.923s] Level 5:colcon.colcon_core.verb:set package 'custom_pkg' build argument 'cmake_target_skip_unavailable' from command line to 'False'
[0.924s] Level 5:colcon.colcon_core.verb:set package 'custom_pkg' build argument 'cmake_clean_cache' from command line to 'False'
[0.924s] Level 5:colcon.colcon_core.verb:set package 'custom_pkg' build argument 'cmake_clean_first' from command line to 'False'
[0.924s] Level 5:colcon.colcon_core.verb:set package 'custom_pkg' build argument 'cmake_force_configure' from command line to 'False'
[0.924s] Level 5:colcon.colcon_core.verb:set package 'custom_pkg' build argument 'ament_cmake_args' from command line to 'None'
[0.924s] Level 5:colcon.colcon_core.verb:set package 'custom_pkg' build argument 'catkin_cmake_args' from command line to 'None'
[0.924s] Level 5:colcon.colcon_core.verb:set package 'custom_pkg' build argument 'catkin_skip_building_tests' from command line to 'False'
[0.924s] DEBUG:colcon.colcon_core.verb:Building package 'custom_pkg' with the following arguments: {'ament_cmake_args': None, 'build_base': '/home/matrix/ros2_ws/build/custom_pkg', 'catkin_cmake_args': None, 'catkin_skip_building_tests': False, 'cmake_args': None, 'cmake_clean_cache': False, 'cmake_clean_first': False, 'cmake_force_configure': False, 'cmake_target': None, 'cmake_target_skip_unavailable': False, 'install_base': '/home/matrix/ros2_ws/install/custom_pkg', 'merge_install': False, 'path': '/home/matrix/ros2_ws/src/custom_pkg', 'symlink_install': False, 'test_result_base': None}
[0.924s] INFO:colcon.colcon_core.executor:Executing jobs using 'parallel' executor
[0.927s] DEBUG:colcon.colcon_parallel_executor.executor.parallel:run_until_complete
[0.928s] INFO:colcon.colcon_ros.task.ament_cmake.build:Building ROS package in '/home/matrix/ros2_ws/src/custom_pkg' with build type 'ament_cmake'
[0.928s] INFO:colcon.colcon_cmake.task.cmake.build:Building CMake package in '/home/matrix/ros2_ws/src/custom_pkg'
[0.936s] INFO:colcon.colcon_core.plugin_system:Skipping extension 'colcon_core.shell.bat': Not used on non-Windows systems
[0.937s] INFO:colcon.colcon_core.shell:Skip shell extension 'powershell' for command environment: Not usable outside of PowerShell
[0.937s] DEBUG:colcon.colcon_core.shell:Skip shell extension 'dsv' for command environment
[0.988s] DEBUG:colcon.colcon_core.event_handler.log_command:Invoking command in '/home/matrix/ros2_ws/build/custom_pkg': CMAKE_PREFIX_PATH=${CMAKE_PREFIX_PATH}:/home/matrix/ros2_ws/install/py_node:/opt/ros/humble /usr/bin/cmake --build /home/matrix/ros2_ws/build/custom_pkg -- -j8 -l8
[3.301s] Level 1:colcon.colcon_core.environment:create_environment_scripts_only(custom_pkg)
[3.302s] DEBUG:colcon.colcon_core.event_handler.log_command:Invoked command in '/home/matrix/ros2_ws/build/custom_pkg' returned '2': CMAKE_PREFIX_PATH=${CMAKE_PREFIX_PATH}:/home/matrix/ros2_ws/install/py_node:/opt/ros/humble /usr/bin/cmake --build /home/matrix/ros2_ws/build/custom_pkg -- -j8 -l8
[3.308s] Level 1:colcon.colcon_core.environment:checking '/home/matrix/ros2_ws/install/custom_pkg' for CMake module files
[3.310s] Level 1:colcon.colcon_core.environment:checking '/home/matrix/ros2_ws/install/custom_pkg' for CMake config files
[3.312s] Level 1:colcon.colcon_core.shell:create_environment_hook('custom_pkg', 'cmake_prefix_path')
[3.312s] INFO:colcon.colcon_core.shell:Creating environment hook '/home/matrix/ros2_ws/install/custom_pkg/share/custom_pkg/hook/cmake_prefix_path.ps1'
[3.313s] INFO:colcon.colcon_core.shell:Creating environment descriptor '/home/matrix/ros2_ws/install/custom_pkg/share/custom_pkg/hook/cmake_prefix_path.dsv'
[3.314s] INFO:colcon.colcon_core.shell:Creating environment hook '/home/matrix/ros2_ws/install/custom_pkg/share/custom_pkg/hook/cmake_prefix_path.sh'
[3.316s] Level 1:colcon.colcon_core.environment:checking '/home/matrix/ros2_ws/install/custom_pkg/lib'
[3.316s] Level 1:colcon.colcon_core.shell:create_environment_hook('custom_pkg', 'ld_library_path_lib')
[3.317s] INFO:colcon.colcon_core.shell:Creating environment hook '/home/matrix/ros2_ws/install/custom_pkg/share/custom_pkg/hook/ld_library_path_lib.ps1'
[3.318s] INFO:colcon.colcon_core.shell:Creating environment descriptor '/home/matrix/ros2_ws/install/custom_pkg/share/custom_pkg/hook/ld_library_path_lib.dsv'
[3.319s] INFO:colcon.colcon_core.shell:Creating environment hook '/home/matrix/ros2_ws/install/custom_pkg/share/custom_pkg/hook/ld_library_path_lib.sh'
[3.320s] Level 1:colcon.colcon_core.environment:checking '/home/matrix/ros2_ws/install/custom_pkg/bin'
[3.320s] Level 1:colcon.colcon_core.environment:checking '/home/matrix/ros2_ws/install/custom_pkg/lib/pkgconfig/custom_pkg.pc'
[3.320s] Level 1:colcon.colcon_core.environment:checking '/home/matrix/ros2_ws/install/custom_pkg/lib/python3.10/site-packages'
[3.321s] Level 1:colcon.colcon_core.environment:checking '/home/matrix/ros2_ws/install/custom_pkg/bin'
[3.321s] INFO:colcon.colcon_core.shell:Creating package script '/home/matrix/ros2_ws/install/custom_pkg/share/custom_pkg/package.ps1'
[3.323s] INFO:colcon.colcon_core.shell:Creating package descriptor '/home/matrix/ros2_ws/install/custom_pkg/share/custom_pkg/package.dsv'
[3.324s] INFO:colcon.colcon_core.shell:Creating package script '/home/matrix/ros2_ws/install/custom_pkg/share/custom_pkg/package.sh'
[3.325s] INFO:colcon.colcon_core.shell:Creating package script '/home/matrix/ros2_ws/install/custom_pkg/share/custom_pkg/package.bash'
[3.326s] INFO:colcon.colcon_core.shell:Creating package script '/home/matrix/ros2_ws/install/custom_pkg/share/custom_pkg/package.zsh'
[3.328s] Level 1:colcon.colcon_core.environment:create_file_with_runtime_dependencies(/home/matrix/ros2_ws/install/custom_pkg/share/colcon-core/packages/custom_pkg)
[3.339s] DEBUG:colcon.colcon_parallel_executor.executor.parallel:closing loop
[3.340s] DEBUG:colcon.colcon_parallel_executor.executor.parallel:loop closed
[3.340s] DEBUG:colcon.colcon_parallel_executor.executor.parallel:run_until_complete finished with '2'
[3.340s] DEBUG:colcon.colcon_core.event_reactor:joining thread
[3.356s] INFO:colcon.colcon_core.plugin_system:Skipping extension 'colcon_notification.desktop_notification.terminal_notifier': Not used on non-Darwin systems
[3.357s] INFO:colcon.colcon_core.plugin_system:Skipping extension 'colcon_notification.desktop_notification.win32': Not used on non-Windows systems
[3.357s] INFO:colcon.colcon_notification.desktop_notification:Sending desktop notification using 'notify2'
[3.391s] DEBUG:colcon.colcon_core.event_reactor:joined thread
[3.391s] INFO:colcon.colcon_core.shell:Creating prefix script '/home/matrix/ros2_ws/install/local_setup.ps1'
[3.393s] INFO:colcon.colcon_core.shell:Creating prefix util module '/home/matrix/ros2_ws/install/_local_setup_util_ps1.py'
[3.395s] INFO:colcon.colcon_core.shell:Creating prefix chain script '/home/matrix/ros2_ws/install/setup.ps1'
[3.399s] INFO:colcon.colcon_core.shell:Creating prefix script '/home/matrix/ros2_ws/install/local_setup.sh'
[3.400s] INFO:colcon.colcon_core.shell:Creating prefix util module '/home/matrix/ros2_ws/install/_local_setup_util_sh.py'
[3.401s] INFO:colcon.colcon_core.shell:Creating prefix chain script '/home/matrix/ros2_ws/install/setup.sh'
[3.405s] INFO:colcon.colcon_core.shell:Creating prefix script '/home/matrix/ros2_ws/install/local_setup.bash'
[3.406s] INFO:colcon.colcon_core.shell:Creating prefix chain script '/home/matrix/ros2_ws/install/setup.bash'
[3.409s] INFO:colcon.colcon_core.shell:Creating prefix script '/home/matrix/ros2_ws/install/local_setup.zsh'
[3.410s] INFO:colcon.colcon_core.shell:Creating prefix chain script '/home/matrix/ros2_ws/install/setup.zsh'
