[ 50%] Built target talker
[100%] Built target listener
-- Install configuration: ""
-- Up-to-date: /home/matrix/ros2_ws/install/cpp_node/lib/cpp_node/talker
-- Up-to-date: /home/matrix/ros2_ws/install/cpp_node/lib/cpp_node/listener
-- Up-to-date: /home/matrix/ros2_ws/install/cpp_node/share/ament_index/resource_index/package_run_dependencies/cpp_node
-- Up-to-date: /home/matrix/ros2_ws/install/cpp_node/share/ament_index/resource_index/parent_prefix_path/cpp_node
-- Up-to-date: /home/matrix/ros2_ws/install/cpp_node/share/cpp_node/environment/ament_prefix_path.sh
-- Up-to-date: /home/matrix/ros2_ws/install/cpp_node/share/cpp_node/environment/ament_prefix_path.dsv
-- Up-to-date: /home/matrix/ros2_ws/install/cpp_node/share/cpp_node/environment/path.sh
-- Up-to-date: /home/matrix/ros2_ws/install/cpp_node/share/cpp_node/environment/path.dsv
-- Up-to-date: /home/matrix/ros2_ws/install/cpp_node/share/cpp_node/local_setup.bash
-- Up-to-date: /home/matrix/ros2_ws/install/cpp_node/share/cpp_node/local_setup.sh
-- Up-to-date: /home/matrix/ros2_ws/install/cpp_node/share/cpp_node/local_setup.zsh
-- Up-to-date: /home/matrix/ros2_ws/install/cpp_node/share/cpp_node/local_setup.dsv
-- Up-to-date: /home/matrix/ros2_ws/install/cpp_node/share/cpp_node/package.dsv
-- Up-to-date: /home/matrix/ros2_ws/install/cpp_node/share/ament_index/resource_index/packages/cpp_node
-- Up-to-date: /home/matrix/ros2_ws/install/cpp_node/share/cpp_node/cmake/cpp_nodeConfig.cmake
-- Up-to-date: /home/matrix/ros2_ws/install/cpp_node/share/cpp_node/cmake/cpp_nodeConfig-version.cmake
-- Up-to-date: /home/matrix/ros2_ws/install/cpp_node/share/cpp_node/package.xml
