[0.053s] Invoking command in '/home/matrix/ros2_ws/build/custom_pkg': CMAKE_PREFIX_PATH=${CMAKE_PREFIX_PATH}:/home/matrix/ros2_ws/install/py_node:/opt/ros/humble /usr/bin/cmake --build /home/matrix/ros2_ws/build/custom_pkg -- -j8 -l8
[0.176s] -- Found ament_cmake: 1.3.11 (/opt/ros/humble/share/ament_cmake/cmake)
[0.529s] -- Found rosidl_default_generators: 1.2.0 (/opt/ros/humble/share/rosidl_default_generators/cmake)
[0.533s] -- Using all available rosidl_typesupport_c: rosidl_typesupport_fastrtps_c;rosidl_typesupport_introspection_c
[0.547s] -- Found rosidl_adapter: 3.1.6 (/opt/ros/humble/share/rosidl_adapter/cmake)
[0.634s] -- Using all available rosidl_typesupport_cpp: rosidl_typesupport_fastrtps_cpp;rosidl_typesupport_introspection_cpp
[0.717s] -- Found std_msgs: 4.2.4 (/opt/ros/humble/share/std_msgs/cmake)
[0.767s] -- Found rclcpp: 16.0.11 (/opt/ros/humble/share/rclcpp/cmake)
[0.839s] -- Found rmw_implementation_cmake: 6.1.2 (/opt/ros/humble/share/rmw_implementation_cmake/cmake)
[0.843s] -- Found rmw_fastrtps_cpp: 6.2.7 (/opt/ros/humble/share/rmw_fastrtps_cpp/cmake)
[1.113s] -- Using RMW implementation 'rmw_fastrtps_cpp' as default
[1.897s] -- Found ament_cmake_ros: 0.10.0 (/opt/ros/humble/share/ament_cmake_ros/cmake)
[2.543s] -- Using all available rosidl_typesupport_c: rosidl_typesupport_fastrtps_c;rosidl_typesupport_introspection_c
[3.434s] -- Using all available rosidl_typesupport_cpp: rosidl_typesupport_fastrtps_cpp;rosidl_typesupport_introspection_cpp
[3.507s] -- Found python_cmake_module: 0.10.0 (/opt/ros/humble/share/python_cmake_module/cmake)
[3.570s] -- Using PYTHON_EXECUTABLE: /usr/bin/python3
[3.570s] -- Using PYTHON_INCLUDE_DIRS: /usr/include/python3.10
[3.570s] -- Using PYTHON_LIBRARIES: /usr/lib/x86_64-linux-gnu/libpython3.10.so
[3.660s] -- Found ament_lint_auto: 0.12.11 (/opt/ros/humble/share/ament_lint_auto/cmake)
[3.952s] -- Added test 'cppcheck' to perform static code analysis on C / C++ code
[3.952s] -- Configured cppcheck include dirs: 
[3.952s] -- Configured cppcheck exclude dirs and/or files: 
[3.987s] -- Added test 'flake8' to check Python code syntax and style conventions
[4.050s] -- Added test 'lint_cmake' to check CMake code style
[4.083s] -- Added test 'pep257' to check Python code against some of the docstring style conventions in PEP 257
[4.337s] -- Added test 'uncrustify' to check C / C++ code style
[4.337s] -- Configured uncrustify additional arguments: 
[4.373s] -- Added test 'xmllint' to check XML markup files
[4.378s] [31mCMake Error at /opt/ros/humble/share/ament_cmake_target_dependencies/cmake/ament_target_dependencies.cmake:77 (message):
[4.378s]   ament_target_dependencies() the passed package name 'custom_pkg' was not
[4.379s]   found before
[4.380s] Call Stack (most recent call first):
[4.380s]   CMakeLists.txt:44 (ament_target_dependencies)
[4.381s] 
[4.381s] [0m
[4.381s] -- Configuring incomplete, errors occurred!
[4.382s] See also "/home/matrix/ros2_ws/build/custom_pkg/CMakeFiles/CMakeOutput.log".
[4.397s] gmake: *** [Makefile:829: cmake_check_build_system] Error 1
[4.411s] Invoked command in '/home/matrix/ros2_ws/build/custom_pkg' returned '2': CMAKE_PREFIX_PATH=${CMAKE_PREFIX_PATH}:/home/matrix/ros2_ws/install/py_node:/opt/ros/humble /usr/bin/cmake --build /home/matrix/ros2_ws/build/custom_pkg -- -j8 -l8
