-- Found ament_cmake: 1.3.11 (/opt/ros/humble/share/ament_cmake/cmake)
-- Found rosidl_default_generators: 1.2.0 (/opt/ros/humble/share/rosidl_default_generators/cmake)
-- Using all available rosidl_typesupport_c: rosidl_typesupport_fastrtps_c;rosidl_typesupport_introspection_c
-- Found rosidl_adapter: 3.1.6 (/opt/ros/humble/share/rosidl_adapter/cmake)
-- Using all available rosidl_typesupport_cpp: rosidl_typesupport_fastrtps_cpp;rosidl_typesupport_introspection_cpp
-- Found std_msgs: 4.2.4 (/opt/ros/humble/share/std_msgs/cmake)
-- Found ament_cmake_ros: 0.10.0 (/opt/ros/humble/share/ament_cmake_ros/cmake)
-- Found ament_lint_auto: 0.12.11 (/opt/ros/humble/share/ament_lint_auto/cmake)
-- Using all available rosidl_typesupport_c: rosidl_typesupport_fastrtps_c;rosidl_typesupport_introspection_c
-- Using all available rosidl_typesupport_cpp: rosidl_typesupport_fastrtps_cpp;rosidl_typesupport_introspection_cpp
-- Found PythonInterp: /usr/bin/python3 (found suitable version "3.10.12", minimum required is "3.6") 
-- Found python_cmake_module: 0.10.0 (/opt/ros/humble/share/python_cmake_module/cmake)
-- Found PythonLibs: /usr/lib/x86_64-linux-gnu/libpython3.10.so (found suitable version "3.10.12", minimum required is "3.5") 
-- Using PYTHON_EXECUTABLE: /usr/bin/python3
-- Using PYTHON_INCLUDE_DIRS: /usr/include/python3.10
-- Using PYTHON_LIBRARIES: /usr/lib/x86_64-linux-gnu/libpython3.10.so
-- Found PythonExtra: .so  
-- Added test 'cppcheck' to perform static code analysis on C / C++ code
-- Configured cppcheck include dirs: 
-- Configured cppcheck exclude dirs and/or files: 
-- Added test 'lint_cmake' to check CMake code style
-- Added test 'uncrustify' to check C / C++ code style
-- Configured uncrustify additional arguments: 
-- Added test 'xmllint' to check XML markup files
-- Configuring done
-- Generating done
-- Build files have been written to: /home/matrix/ros2_ws/build/custom_pkg
[  3%] [34m[1mGenerating C code for ROS interfaces[0m
[  6%] [34m[1mGenerating C++ code for ROS interfaces[0m
[  6%] Built target ament_cmake_python_copy_custom_pkg
[  6%] Built target custom_pkg__cpp
[  9%] [32mBuilding C object CMakeFiles/custom_pkg__rosidl_generator_c.dir/rosidl_generator_c/custom_pkg/msg/detail/age__functions.c.o[0m
[ 12%] [34m[1mGenerating C++ type support dispatch for ROS interfaces[0m
[ 16%] [34m[1mGenerating C++ type support for eProsima Fast-RTPS[0m
[ 19%] [34m[1mGenerating C++ introspection for ROS interfaces[0m
running egg_info
creating custom_pkg.egg-info
writing custom_pkg.egg-info/PKG-INFO
writing dependency_links to custom_pkg.egg-info/dependency_links.txt
writing top-level names to custom_pkg.egg-info/top_level.txt
writing manifest file 'custom_pkg.egg-info/SOURCES.txt'
reading manifest file 'custom_pkg.egg-info/SOURCES.txt'
writing manifest file 'custom_pkg.egg-info/SOURCES.txt'
[ 22%] [32m[1mLinking C shared library libcustom_pkg__rosidl_generator_c.so[0m
[ 22%] Built target ament_cmake_python_build_custom_pkg_egg
[ 22%] Built target custom_pkg__rosidl_generator_c
[ 25%] [34m[1mGenerating C introspection for ROS interfaces[0m
[ 29%] [34m[1mGenerating C type support dispatch for ROS interfaces[0m
[ 32%] [34m[1mGenerating C type support for eProsima Fast-RTPS[0m
[ 35%] [32mBuilding CXX object CMakeFiles/custom_pkg__rosidl_typesupport_cpp.dir/rosidl_typesupport_cpp/custom_pkg/msg/age__type_support.cpp.o[0m
[ 38%] [32mBuilding CXX object CMakeFiles/custom_pkg__rosidl_typesupport_introspection_cpp.dir/rosidl_typesupport_introspection_cpp/custom_pkg/msg/detail/age__type_support.cpp.o[0m
[ 41%] [32mBuilding CXX object CMakeFiles/custom_pkg__rosidl_typesupport_fastrtps_cpp.dir/rosidl_typesupport_fastrtps_cpp/custom_pkg/msg/detail/dds_fastrtps/age__type_support.cpp.o[0m
[ 45%] [32mBuilding C object CMakeFiles/custom_pkg__rosidl_typesupport_introspection_c.dir/rosidl_typesupport_introspection_c/custom_pkg/msg/detail/age__type_support.c.o[0m
[ 48%] [32mBuilding CXX object CMakeFiles/custom_pkg__rosidl_typesupport_fastrtps_c.dir/rosidl_typesupport_fastrtps_c/custom_pkg/msg/detail/age__type_support_c.cpp.o[0m
[ 51%] [32mBuilding CXX object CMakeFiles/custom_pkg__rosidl_typesupport_c.dir/rosidl_typesupport_c/custom_pkg/msg/age__type_support.cpp.o[0m
[ 54%] [32m[1mLinking C shared library libcustom_pkg__rosidl_typesupport_introspection_c.so[0m
[ 58%] [32m[1mLinking CXX shared library libcustom_pkg__rosidl_typesupport_c.so[0m
[ 61%] [32m[1mLinking CXX shared library libcustom_pkg__rosidl_typesupport_cpp.so[0m
[ 61%] Built target custom_pkg__rosidl_typesupport_introspection_c
[ 61%] Built target custom_pkg__rosidl_typesupport_c
[ 61%] Built target custom_pkg__rosidl_typesupport_cpp
[ 64%] [32m[1mLinking CXX shared library libcustom_pkg__rosidl_typesupport_introspection_cpp.so[0m
[ 67%] [32m[1mLinking CXX shared library libcustom_pkg__rosidl_typesupport_fastrtps_cpp.so[0m
[ 67%] Built target custom_pkg__rosidl_typesupport_introspection_cpp
[ 70%] [32m[1mLinking CXX shared library libcustom_pkg__rosidl_typesupport_fastrtps_c.so[0m
[ 70%] Built target custom_pkg__rosidl_typesupport_fastrtps_cpp
[ 70%] Built target custom_pkg__rosidl_typesupport_fastrtps_c
[ 70%] Built target custom_pkg
[ 74%] [34m[1mGenerating Python code for ROS interfaces[0m
[ 74%] Built target custom_pkg__py
[ 77%] [32mBuilding C object CMakeFiles/custom_pkg__rosidl_generator_py.dir/rosidl_generator_py/custom_pkg/msg/_age_s.c.o[0m
[ 80%] [32m[1mLinking C shared library rosidl_generator_py/custom_pkg/libcustom_pkg__rosidl_generator_py.so[0m
[ 80%] Built target custom_pkg__rosidl_generator_py
[ 83%] [32mBuilding C object CMakeFiles/custom_pkg__rosidl_typesupport_fastrtps_c__pyext.dir/rosidl_generator_py/custom_pkg/_custom_pkg_s.ep.rosidl_typesupport_fastrtps_c.c.o[0m
[ 87%] [32mBuilding C object CMakeFiles/custom_pkg__rosidl_typesupport_introspection_c__pyext.dir/rosidl_generator_py/custom_pkg/_custom_pkg_s.ep.rosidl_typesupport_introspection_c.c.o[0m
[ 90%] [32mBuilding C object CMakeFiles/custom_pkg__rosidl_typesupport_c__pyext.dir/rosidl_generator_py/custom_pkg/_custom_pkg_s.ep.rosidl_typesupport_c.c.o[0m
[ 93%] [32m[1mLinking C shared library rosidl_generator_py/custom_pkg/custom_pkg_s__rosidl_typesupport_fastrtps_c.cpython-310-x86_64-linux-gnu.so[0m
[ 96%] [32m[1mLinking C shared library rosidl_generator_py/custom_pkg/custom_pkg_s__rosidl_typesupport_introspection_c.cpython-310-x86_64-linux-gnu.so[0m
[100%] [32m[1mLinking C shared library rosidl_generator_py/custom_pkg/custom_pkg_s__rosidl_typesupport_c.cpython-310-x86_64-linux-gnu.so[0m
[100%] Built target custom_pkg__rosidl_typesupport_fastrtps_c__pyext
[100%] Built target custom_pkg__rosidl_typesupport_introspection_c__pyext
[100%] Built target custom_pkg__rosidl_typesupport_c__pyext
-- Install configuration: ""
-- Installing: /home/matrix/ros2_ws/install/custom_pkg/share/ament_index/resource_index/rosidl_interfaces/custom_pkg
-- Installing: /home/matrix/ros2_ws/install/custom_pkg/include/custom_pkg/custom_pkg
-- Installing: /home/matrix/ros2_ws/install/custom_pkg/include/custom_pkg/custom_pkg/msg
-- Installing: /home/matrix/ros2_ws/install/custom_pkg/include/custom_pkg/custom_pkg/msg/rosidl_generator_c__visibility_control.h
-- Installing: /home/matrix/ros2_ws/install/custom_pkg/include/custom_pkg/custom_pkg/msg/age.h
-- Installing: /home/matrix/ros2_ws/install/custom_pkg/include/custom_pkg/custom_pkg/msg/detail
-- Installing: /home/matrix/ros2_ws/install/custom_pkg/include/custom_pkg/custom_pkg/msg/detail/age__functions.c
-- Installing: /home/matrix/ros2_ws/install/custom_pkg/include/custom_pkg/custom_pkg/msg/detail/age__functions.h
-- Installing: /home/matrix/ros2_ws/install/custom_pkg/include/custom_pkg/custom_pkg/msg/detail/age__struct.h
-- Installing: /home/matrix/ros2_ws/install/custom_pkg/include/custom_pkg/custom_pkg/msg/detail/age__type_support.h
-- Installing: /home/matrix/ros2_ws/install/custom_pkg/share/custom_pkg/environment/library_path.sh
-- Installing: /home/matrix/ros2_ws/install/custom_pkg/share/custom_pkg/environment/library_path.dsv
-- Installing: /home/matrix/ros2_ws/install/custom_pkg/lib/libcustom_pkg__rosidl_generator_c.so
-- Set runtime path of "/home/matrix/ros2_ws/install/custom_pkg/lib/libcustom_pkg__rosidl_generator_c.so" to ""
-- Up-to-date: /home/matrix/ros2_ws/install/custom_pkg/include/custom_pkg/custom_pkg
-- Up-to-date: /home/matrix/ros2_ws/install/custom_pkg/include/custom_pkg/custom_pkg/msg
-- Installing: /home/matrix/ros2_ws/install/custom_pkg/include/custom_pkg/custom_pkg/msg/rosidl_typesupport_fastrtps_c__visibility_control.h
-- Up-to-date: /home/matrix/ros2_ws/install/custom_pkg/include/custom_pkg/custom_pkg/msg/detail
-- Installing: /home/matrix/ros2_ws/install/custom_pkg/include/custom_pkg/custom_pkg/msg/detail/age__rosidl_typesupport_fastrtps_c.h
-- Installing: /home/matrix/ros2_ws/install/custom_pkg/lib/libcustom_pkg__rosidl_typesupport_fastrtps_c.so
-- Set runtime path of "/home/matrix/ros2_ws/install/custom_pkg/lib/libcustom_pkg__rosidl_typesupport_fastrtps_c.so" to ""
-- Up-to-date: /home/matrix/ros2_ws/install/custom_pkg/include/custom_pkg/custom_pkg
-- Up-to-date: /home/matrix/ros2_ws/install/custom_pkg/include/custom_pkg/custom_pkg/msg
-- Installing: /home/matrix/ros2_ws/install/custom_pkg/include/custom_pkg/custom_pkg/msg/rosidl_typesupport_introspection_c__visibility_control.h
-- Up-to-date: /home/matrix/ros2_ws/install/custom_pkg/include/custom_pkg/custom_pkg/msg/detail
-- Installing: /home/matrix/ros2_ws/install/custom_pkg/include/custom_pkg/custom_pkg/msg/detail/age__rosidl_typesupport_introspection_c.h
-- Installing: /home/matrix/ros2_ws/install/custom_pkg/include/custom_pkg/custom_pkg/msg/detail/age__type_support.c
-- Installing: /home/matrix/ros2_ws/install/custom_pkg/lib/libcustom_pkg__rosidl_typesupport_introspection_c.so
-- Set runtime path of "/home/matrix/ros2_ws/install/custom_pkg/lib/libcustom_pkg__rosidl_typesupport_introspection_c.so" to ""
-- Installing: /home/matrix/ros2_ws/install/custom_pkg/lib/libcustom_pkg__rosidl_typesupport_c.so
-- Set runtime path of "/home/matrix/ros2_ws/install/custom_pkg/lib/libcustom_pkg__rosidl_typesupport_c.so" to ""
-- Up-to-date: /home/matrix/ros2_ws/install/custom_pkg/include/custom_pkg/custom_pkg
-- Up-to-date: /home/matrix/ros2_ws/install/custom_pkg/include/custom_pkg/custom_pkg/msg
-- Installing: /home/matrix/ros2_ws/install/custom_pkg/include/custom_pkg/custom_pkg/msg/rosidl_generator_cpp__visibility_control.hpp
-- Installing: /home/matrix/ros2_ws/install/custom_pkg/include/custom_pkg/custom_pkg/msg/age.hpp
-- Up-to-date: /home/matrix/ros2_ws/install/custom_pkg/include/custom_pkg/custom_pkg/msg/detail
-- Installing: /home/matrix/ros2_ws/install/custom_pkg/include/custom_pkg/custom_pkg/msg/detail/age__type_support.hpp
-- Installing: /home/matrix/ros2_ws/install/custom_pkg/include/custom_pkg/custom_pkg/msg/detail/age__struct.hpp
-- Installing: /home/matrix/ros2_ws/install/custom_pkg/include/custom_pkg/custom_pkg/msg/detail/age__builder.hpp
-- Installing: /home/matrix/ros2_ws/install/custom_pkg/include/custom_pkg/custom_pkg/msg/detail/age__traits.hpp
-- Up-to-date: /home/matrix/ros2_ws/install/custom_pkg/include/custom_pkg/custom_pkg
-- Up-to-date: /home/matrix/ros2_ws/install/custom_pkg/include/custom_pkg/custom_pkg/msg
-- Installing: /home/matrix/ros2_ws/install/custom_pkg/include/custom_pkg/custom_pkg/msg/rosidl_typesupport_fastrtps_cpp__visibility_control.h
-- Up-to-date: /home/matrix/ros2_ws/install/custom_pkg/include/custom_pkg/custom_pkg/msg/detail
-- Installing: /home/matrix/ros2_ws/install/custom_pkg/include/custom_pkg/custom_pkg/msg/detail/age__rosidl_typesupport_fastrtps_cpp.hpp
-- Installing: /home/matrix/ros2_ws/install/custom_pkg/include/custom_pkg/custom_pkg/msg/detail/dds_fastrtps
-- Installing: /home/matrix/ros2_ws/install/custom_pkg/lib/libcustom_pkg__rosidl_typesupport_fastrtps_cpp.so
-- Set runtime path of "/home/matrix/ros2_ws/install/custom_pkg/lib/libcustom_pkg__rosidl_typesupport_fastrtps_cpp.so" to ""
-- Up-to-date: /home/matrix/ros2_ws/install/custom_pkg/include/custom_pkg/custom_pkg
-- Up-to-date: /home/matrix/ros2_ws/install/custom_pkg/include/custom_pkg/custom_pkg/msg
-- Up-to-date: /home/matrix/ros2_ws/install/custom_pkg/include/custom_pkg/custom_pkg/msg/detail
-- Installing: /home/matrix/ros2_ws/install/custom_pkg/include/custom_pkg/custom_pkg/msg/detail/age__type_support.cpp
-- Installing: /home/matrix/ros2_ws/install/custom_pkg/include/custom_pkg/custom_pkg/msg/detail/age__rosidl_typesupport_introspection_cpp.hpp
-- Installing: /home/matrix/ros2_ws/install/custom_pkg/lib/libcustom_pkg__rosidl_typesupport_introspection_cpp.so
-- Set runtime path of "/home/matrix/ros2_ws/install/custom_pkg/lib/libcustom_pkg__rosidl_typesupport_introspection_cpp.so" to ""
-- Installing: /home/matrix/ros2_ws/install/custom_pkg/lib/libcustom_pkg__rosidl_typesupport_cpp.so
-- Set runtime path of "/home/matrix/ros2_ws/install/custom_pkg/lib/libcustom_pkg__rosidl_typesupport_cpp.so" to ""
-- Installing: /home/matrix/ros2_ws/install/custom_pkg/share/custom_pkg/environment/pythonpath.sh
-- Installing: /home/matrix/ros2_ws/install/custom_pkg/share/custom_pkg/environment/pythonpath.dsv
-- Installing: /home/matrix/ros2_ws/install/custom_pkg/local/lib/python3.10/dist-packages/custom_pkg-0.0.0-py3.10.egg-info
-- Installing: /home/matrix/ros2_ws/install/custom_pkg/local/lib/python3.10/dist-packages/custom_pkg-0.0.0-py3.10.egg-info/SOURCES.txt
-- Installing: /home/matrix/ros2_ws/install/custom_pkg/local/lib/python3.10/dist-packages/custom_pkg-0.0.0-py3.10.egg-info/PKG-INFO
-- Installing: /home/matrix/ros2_ws/install/custom_pkg/local/lib/python3.10/dist-packages/custom_pkg-0.0.0-py3.10.egg-info/dependency_links.txt
-- Installing: /home/matrix/ros2_ws/install/custom_pkg/local/lib/python3.10/dist-packages/custom_pkg-0.0.0-py3.10.egg-info/top_level.txt
-- Installing: /home/matrix/ros2_ws/install/custom_pkg/local/lib/python3.10/dist-packages/custom_pkg
-- Installing: /home/matrix/ros2_ws/install/custom_pkg/local/lib/python3.10/dist-packages/custom_pkg/msg
-- Installing: /home/matrix/ros2_ws/install/custom_pkg/local/lib/python3.10/dist-packages/custom_pkg/msg/_age.py
-- Installing: /home/matrix/ros2_ws/install/custom_pkg/local/lib/python3.10/dist-packages/custom_pkg/msg/_age_s.c
-- Installing: /home/matrix/ros2_ws/install/custom_pkg/local/lib/python3.10/dist-packages/custom_pkg/msg/__init__.py
-- Installing: /home/matrix/ros2_ws/install/custom_pkg/local/lib/python3.10/dist-packages/custom_pkg/custom_pkg_s__rosidl_typesupport_fastrtps_c.cpython-310-x86_64-linux-gnu.so
-- Installing: /home/matrix/ros2_ws/install/custom_pkg/local/lib/python3.10/dist-packages/custom_pkg/custom_pkg_s__rosidl_typesupport_c.cpython-310-x86_64-linux-gnu.so
-- Installing: /home/matrix/ros2_ws/install/custom_pkg/local/lib/python3.10/dist-packages/custom_pkg/__init__.py
-- Installing: /home/matrix/ros2_ws/install/custom_pkg/local/lib/python3.10/dist-packages/custom_pkg/libcustom_pkg__rosidl_generator_py.so
-- Installing: /home/matrix/ros2_ws/install/custom_pkg/local/lib/python3.10/dist-packages/custom_pkg/custom_pkg_s__rosidl_typesupport_introspection_c.cpython-310-x86_64-linux-gnu.so
-- Installing: /home/matrix/ros2_ws/install/custom_pkg/local/lib/python3.10/dist-packages/custom_pkg/_custom_pkg_s.ep.rosidl_typesupport_c.c
-- Installing: /home/matrix/ros2_ws/install/custom_pkg/local/lib/python3.10/dist-packages/custom_pkg/_custom_pkg_s.ep.rosidl_typesupport_fastrtps_c.c
-- Installing: /home/matrix/ros2_ws/install/custom_pkg/local/lib/python3.10/dist-packages/custom_pkg/_custom_pkg_s.ep.rosidl_typesupport_introspection_c.c
Listing '/home/matrix/ros2_ws/install/custom_pkg/local/lib/python3.10/dist-packages/custom_pkg'...
Compiling '/home/matrix/ros2_ws/install/custom_pkg/local/lib/python3.10/dist-packages/custom_pkg/__init__.py'...
Listing '/home/matrix/ros2_ws/install/custom_pkg/local/lib/python3.10/dist-packages/custom_pkg/msg'...
Compiling '/home/matrix/ros2_ws/install/custom_pkg/local/lib/python3.10/dist-packages/custom_pkg/msg/__init__.py'...
Compiling '/home/matrix/ros2_ws/install/custom_pkg/local/lib/python3.10/dist-packages/custom_pkg/msg/_age.py'...
-- Installing: /home/matrix/ros2_ws/install/custom_pkg/local/lib/python3.10/dist-packages/custom_pkg/custom_pkg_s__rosidl_typesupport_fastrtps_c.cpython-310-x86_64-linux-gnu.so
-- Set runtime path of "/home/matrix/ros2_ws/install/custom_pkg/local/lib/python3.10/dist-packages/custom_pkg/custom_pkg_s__rosidl_typesupport_fastrtps_c.cpython-310-x86_64-linux-gnu.so" to ""
-- Installing: /home/matrix/ros2_ws/install/custom_pkg/local/lib/python3.10/dist-packages/custom_pkg/custom_pkg_s__rosidl_typesupport_introspection_c.cpython-310-x86_64-linux-gnu.so
-- Set runtime path of "/home/matrix/ros2_ws/install/custom_pkg/local/lib/python3.10/dist-packages/custom_pkg/custom_pkg_s__rosidl_typesupport_introspection_c.cpython-310-x86_64-linux-gnu.so" to ""
-- Installing: /home/matrix/ros2_ws/install/custom_pkg/local/lib/python3.10/dist-packages/custom_pkg/custom_pkg_s__rosidl_typesupport_c.cpython-310-x86_64-linux-gnu.so
-- Set runtime path of "/home/matrix/ros2_ws/install/custom_pkg/local/lib/python3.10/dist-packages/custom_pkg/custom_pkg_s__rosidl_typesupport_c.cpython-310-x86_64-linux-gnu.so" to ""
-- Installing: /home/matrix/ros2_ws/install/custom_pkg/lib/libcustom_pkg__rosidl_generator_py.so
-- Set runtime path of "/home/matrix/ros2_ws/install/custom_pkg/lib/libcustom_pkg__rosidl_generator_py.so" to ""
-- Installing: /home/matrix/ros2_ws/install/custom_pkg/share/custom_pkg/msg/Age.idl
-- Installing: /home/matrix/ros2_ws/install/custom_pkg/share/custom_pkg/msg/Age.msg
-- Installing: /home/matrix/ros2_ws/install/custom_pkg/share/ament_index/resource_index/package_run_dependencies/custom_pkg
-- Installing: /home/matrix/ros2_ws/install/custom_pkg/share/ament_index/resource_index/parent_prefix_path/custom_pkg
-- Installing: /home/matrix/ros2_ws/install/custom_pkg/share/custom_pkg/environment/ament_prefix_path.sh
-- Installing: /home/matrix/ros2_ws/install/custom_pkg/share/custom_pkg/environment/ament_prefix_path.dsv
-- Installing: /home/matrix/ros2_ws/install/custom_pkg/share/custom_pkg/environment/path.sh
-- Installing: /home/matrix/ros2_ws/install/custom_pkg/share/custom_pkg/environment/path.dsv
-- Installing: /home/matrix/ros2_ws/install/custom_pkg/share/custom_pkg/local_setup.bash
-- Installing: /home/matrix/ros2_ws/install/custom_pkg/share/custom_pkg/local_setup.sh
-- Installing: /home/matrix/ros2_ws/install/custom_pkg/share/custom_pkg/local_setup.zsh
-- Installing: /home/matrix/ros2_ws/install/custom_pkg/share/custom_pkg/local_setup.dsv
-- Installing: /home/matrix/ros2_ws/install/custom_pkg/share/custom_pkg/package.dsv
-- Installing: /home/matrix/ros2_ws/install/custom_pkg/share/ament_index/resource_index/packages/custom_pkg
-- Installing: /home/matrix/ros2_ws/install/custom_pkg/share/custom_pkg/cmake/export_custom_pkg__rosidl_generator_cExport.cmake
-- Installing: /home/matrix/ros2_ws/install/custom_pkg/share/custom_pkg/cmake/export_custom_pkg__rosidl_generator_cExport-noconfig.cmake
-- Installing: /home/matrix/ros2_ws/install/custom_pkg/share/custom_pkg/cmake/export_custom_pkg__rosidl_typesupport_fastrtps_cExport.cmake
-- Installing: /home/matrix/ros2_ws/install/custom_pkg/share/custom_pkg/cmake/export_custom_pkg__rosidl_typesupport_fastrtps_cExport-noconfig.cmake
-- Installing: /home/matrix/ros2_ws/install/custom_pkg/share/custom_pkg/cmake/custom_pkg__rosidl_typesupport_introspection_cExport.cmake
-- Installing: /home/matrix/ros2_ws/install/custom_pkg/share/custom_pkg/cmake/custom_pkg__rosidl_typesupport_introspection_cExport-noconfig.cmake
-- Installing: /home/matrix/ros2_ws/install/custom_pkg/share/custom_pkg/cmake/custom_pkg__rosidl_typesupport_cExport.cmake
-- Installing: /home/matrix/ros2_ws/install/custom_pkg/share/custom_pkg/cmake/custom_pkg__rosidl_typesupport_cExport-noconfig.cmake
-- Installing: /home/matrix/ros2_ws/install/custom_pkg/share/custom_pkg/cmake/export_custom_pkg__rosidl_generator_cppExport.cmake
-- Installing: /home/matrix/ros2_ws/install/custom_pkg/share/custom_pkg/cmake/export_custom_pkg__rosidl_typesupport_fastrtps_cppExport.cmake
-- Installing: /home/matrix/ros2_ws/install/custom_pkg/share/custom_pkg/cmake/export_custom_pkg__rosidl_typesupport_fastrtps_cppExport-noconfig.cmake
-- Installing: /home/matrix/ros2_ws/install/custom_pkg/share/custom_pkg/cmake/custom_pkg__rosidl_typesupport_introspection_cppExport.cmake
-- Installing: /home/matrix/ros2_ws/install/custom_pkg/share/custom_pkg/cmake/custom_pkg__rosidl_typesupport_introspection_cppExport-noconfig.cmake
-- Installing: /home/matrix/ros2_ws/install/custom_pkg/share/custom_pkg/cmake/custom_pkg__rosidl_typesupport_cppExport.cmake
-- Installing: /home/matrix/ros2_ws/install/custom_pkg/share/custom_pkg/cmake/custom_pkg__rosidl_typesupport_cppExport-noconfig.cmake
-- Installing: /home/matrix/ros2_ws/install/custom_pkg/share/custom_pkg/cmake/export_custom_pkg__rosidl_generator_pyExport.cmake
-- Installing: /home/matrix/ros2_ws/install/custom_pkg/share/custom_pkg/cmake/export_custom_pkg__rosidl_generator_pyExport-noconfig.cmake
-- Installing: /home/matrix/ros2_ws/install/custom_pkg/share/custom_pkg/cmake/rosidl_cmake-extras.cmake
-- Installing: /home/matrix/ros2_ws/install/custom_pkg/share/custom_pkg/cmake/ament_cmake_export_dependencies-extras.cmake
-- Installing: /home/matrix/ros2_ws/install/custom_pkg/share/custom_pkg/cmake/ament_cmake_export_include_directories-extras.cmake
-- Installing: /home/matrix/ros2_ws/install/custom_pkg/share/custom_pkg/cmake/ament_cmake_export_libraries-extras.cmake
-- Installing: /home/matrix/ros2_ws/install/custom_pkg/share/custom_pkg/cmake/ament_cmake_export_targets-extras.cmake
-- Installing: /home/matrix/ros2_ws/install/custom_pkg/share/custom_pkg/cmake/rosidl_cmake_export_typesupport_targets-extras.cmake
-- Installing: /home/matrix/ros2_ws/install/custom_pkg/share/custom_pkg/cmake/rosidl_cmake_export_typesupport_libraries-extras.cmake
-- Installing: /home/matrix/ros2_ws/install/custom_pkg/share/custom_pkg/cmake/custom_pkgConfig.cmake
-- Installing: /home/matrix/ros2_ws/install/custom_pkg/share/custom_pkg/cmake/custom_pkgConfig-version.cmake
-- Installing: /home/matrix/ros2_ws/install/custom_pkg/share/custom_pkg/package.xml
