[0.090s] Invoking command in '/home/matrix/ros2_ws/build/custom_pkg': CMAKE_PREFIX_PATH=/opt/ros/humble /usr/bin/cmake /home/matrix/ros2_ws/src/custom_pkg -DCMAKE_INSTALL_PREFIX=/home/matrix/ros2_ws/install/custom_pkg
[0.187s] -- Found ament_cmake: 1.3.11 (/opt/ros/humble/share/ament_cmake/cmake)
[0.557s] -- Found rosidl_default_generators: 1.2.0 (/opt/ros/humble/share/rosidl_default_generators/cmake)
[0.559s] -- Using all available rosidl_typesupport_c: rosidl_typesupport_fastrtps_c;rosidl_typesupport_introspection_c
[0.584s] -- Found rosidl_adapter: 3.1.6 (/opt/ros/humble/share/rosidl_adapter/cmake)
[0.676s] -- Using all available rosidl_typesupport_cpp: rosidl_typesupport_fastrtps_cpp;rosidl_typesupport_introspection_cpp
[0.761s] -- Found std_msgs: 4.2.4 (/opt/ros/humble/share/std_msgs/cmake)
[0.819s] -- Found ament_cmake_ros: 0.10.0 (/opt/ros/humble/share/ament_cmake_ros/cmake)
[0.833s] -- Found ament_lint_auto: 0.12.11 (/opt/ros/humble/share/ament_lint_auto/cmake)
[2.293s] -- Using all available rosidl_typesupport_c: rosidl_typesupport_fastrtps_c;rosidl_typesupport_introspection_c
[3.237s] -- Using all available rosidl_typesupport_cpp: rosidl_typesupport_fastrtps_cpp;rosidl_typesupport_introspection_cpp
[3.308s] -- Found PythonInterp: /usr/bin/python3 (found suitable version "3.10.12", minimum required is "3.6") 
[3.314s] -- Found python_cmake_module: 0.10.0 (/opt/ros/humble/share/python_cmake_module/cmake)
[3.394s] -- Found PythonLibs: /usr/lib/x86_64-linux-gnu/libpython3.10.so (found suitable version "3.10.12", minimum required is "3.5") 
[3.398s] -- Using PYTHON_EXECUTABLE: /usr/bin/python3
[3.398s] -- Using PYTHON_INCLUDE_DIRS: /usr/include/python3.10
[3.398s] -- Using PYTHON_LIBRARIES: /usr/lib/x86_64-linux-gnu/libpython3.10.so
[3.457s] -- Found PythonExtra: .so  
[3.621s] -- Added test 'cppcheck' to perform static code analysis on C / C++ code
[3.623s] -- Configured cppcheck include dirs: 
[3.623s] -- Configured cppcheck exclude dirs and/or files: 
[3.626s] -- Added test 'lint_cmake' to check CMake code style
[3.634s] -- Added test 'uncrustify' to check C / C++ code style
[3.635s] -- Configured uncrustify additional arguments: 
[3.637s] -- Added test 'xmllint' to check XML markup files
[3.751s] -- Configuring done
[3.933s] -- Generating done
[3.961s] -- Build files have been written to: /home/matrix/ros2_ws/build/custom_pkg
[3.990s] Invoked command in '/home/matrix/ros2_ws/build/custom_pkg' returned '0': CMAKE_PREFIX_PATH=/opt/ros/humble /usr/bin/cmake /home/matrix/ros2_ws/src/custom_pkg -DCMAKE_INSTALL_PREFIX=/home/matrix/ros2_ws/install/custom_pkg
[3.991s] Invoking command in '/home/matrix/ros2_ws/build/custom_pkg': CMAKE_PREFIX_PATH=/opt/ros/humble /usr/bin/cmake --build /home/matrix/ros2_ws/build/custom_pkg -- -j8 -l8
[4.217s] [  3%] [34m[1mGenerating C code for ROS interfaces[0m
[4.291s] [  6%] [34m[1mGenerating C++ code for ROS interfaces[0m
[4.351s] [  6%] Built target ament_cmake_python_copy_custom_pkg
[4.945s] [  6%] Built target custom_pkg__cpp
[4.997s] [  9%] [32mBuilding C object CMakeFiles/custom_pkg__rosidl_generator_c.dir/rosidl_generator_c/custom_pkg/msg/detail/age__functions.c.o[0m
[5.026s] [ 12%] [34m[1mGenerating C++ type support dispatch for ROS interfaces[0m
[5.035s] [ 16%] [34m[1mGenerating C++ type support for eProsima Fast-RTPS[0m
[5.038s] [ 19%] [34m[1mGenerating C++ introspection for ROS interfaces[0m
[5.306s] running egg_info
[5.307s] creating custom_pkg.egg-info
[5.310s] writing custom_pkg.egg-info/PKG-INFO
[5.314s] writing dependency_links to custom_pkg.egg-info/dependency_links.txt
[5.315s] writing top-level names to custom_pkg.egg-info/top_level.txt
[5.317s] writing manifest file 'custom_pkg.egg-info/SOURCES.txt'
[5.319s] reading manifest file 'custom_pkg.egg-info/SOURCES.txt'
[5.322s] writing manifest file 'custom_pkg.egg-info/SOURCES.txt'
[5.340s] [ 22%] [32m[1mLinking C shared library libcustom_pkg__rosidl_generator_c.so[0m
[5.420s] [ 22%] Built target ament_cmake_python_build_custom_pkg_egg
[5.572s] [ 22%] Built target custom_pkg__rosidl_generator_c
[5.645s] [ 25%] [34m[1mGenerating C introspection for ROS interfaces[0m
[5.662s] [ 29%] [34m[1mGenerating C type support dispatch for ROS interfaces[0m
[5.669s] [ 32%] [34m[1mGenerating C type support for eProsima Fast-RTPS[0m
[5.730s] [ 35%] [32mBuilding CXX object CMakeFiles/custom_pkg__rosidl_typesupport_cpp.dir/rosidl_typesupport_cpp/custom_pkg/msg/age__type_support.cpp.o[0m
[5.767s] [ 38%] [32mBuilding CXX object CMakeFiles/custom_pkg__rosidl_typesupport_introspection_cpp.dir/rosidl_typesupport_introspection_cpp/custom_pkg/msg/detail/age__type_support.cpp.o[0m
[5.796s] [ 41%] [32mBuilding CXX object CMakeFiles/custom_pkg__rosidl_typesupport_fastrtps_cpp.dir/rosidl_typesupport_fastrtps_cpp/custom_pkg/msg/detail/dds_fastrtps/age__type_support.cpp.o[0m
[6.384s] [ 45%] [32mBuilding C object CMakeFiles/custom_pkg__rosidl_typesupport_introspection_c.dir/rosidl_typesupport_introspection_c/custom_pkg/msg/detail/age__type_support.c.o[0m
[6.437s] [ 48%] [32mBuilding CXX object CMakeFiles/custom_pkg__rosidl_typesupport_fastrtps_c.dir/rosidl_typesupport_fastrtps_c/custom_pkg/msg/detail/age__type_support_c.cpp.o[0m
[6.472s] [ 51%] [32mBuilding CXX object CMakeFiles/custom_pkg__rosidl_typesupport_c.dir/rosidl_typesupport_c/custom_pkg/msg/age__type_support.cpp.o[0m
[6.735s] [ 54%] [32m[1mLinking C shared library libcustom_pkg__rosidl_typesupport_introspection_c.so[0m
[6.753s] [ 58%] [32m[1mLinking CXX shared library libcustom_pkg__rosidl_typesupport_c.so[0m
[6.970s] [ 61%] [32m[1mLinking CXX shared library libcustom_pkg__rosidl_typesupport_cpp.so[0m
[7.013s] [ 61%] Built target custom_pkg__rosidl_typesupport_introspection_c
[7.072s] [ 61%] Built target custom_pkg__rosidl_typesupport_c
[7.216s] [ 61%] Built target custom_pkg__rosidl_typesupport_cpp
[7.417s] [ 64%] [32m[1mLinking CXX shared library libcustom_pkg__rosidl_typesupport_introspection_cpp.so[0m
[7.525s] [ 67%] [32m[1mLinking CXX shared library libcustom_pkg__rosidl_typesupport_fastrtps_cpp.so[0m
[7.652s] [ 67%] Built target custom_pkg__rosidl_typesupport_introspection_cpp
[7.856s] [ 70%] [32m[1mLinking CXX shared library libcustom_pkg__rosidl_typesupport_fastrtps_c.so[0m
[7.876s] [ 70%] Built target custom_pkg__rosidl_typesupport_fastrtps_cpp
[8.176s] [ 70%] Built target custom_pkg__rosidl_typesupport_fastrtps_c
[8.275s] [ 70%] Built target custom_pkg
[8.378s] [ 74%] [34m[1mGenerating Python code for ROS interfaces[0m
[8.901s] [ 74%] Built target custom_pkg__py
[8.998s] [ 77%] [32mBuilding C object CMakeFiles/custom_pkg__rosidl_generator_py.dir/rosidl_generator_py/custom_pkg/msg/_age_s.c.o[0m
[9.534s] [ 80%] [32m[1mLinking C shared library rosidl_generator_py/custom_pkg/libcustom_pkg__rosidl_generator_py.so[0m
[9.726s] [ 80%] Built target custom_pkg__rosidl_generator_py
[9.835s] [ 83%] [32mBuilding C object CMakeFiles/custom_pkg__rosidl_typesupport_fastrtps_c__pyext.dir/rosidl_generator_py/custom_pkg/_custom_pkg_s.ep.rosidl_typesupport_fastrtps_c.c.o[0m
[9.857s] [ 87%] [32mBuilding C object CMakeFiles/custom_pkg__rosidl_typesupport_introspection_c__pyext.dir/rosidl_generator_py/custom_pkg/_custom_pkg_s.ep.rosidl_typesupport_introspection_c.c.o[0m
[9.865s] [ 90%] [32mBuilding C object CMakeFiles/custom_pkg__rosidl_typesupport_c__pyext.dir/rosidl_generator_py/custom_pkg/_custom_pkg_s.ep.rosidl_typesupport_c.c.o[0m
[10.360s] [ 93%] [32m[1mLinking C shared library rosidl_generator_py/custom_pkg/custom_pkg_s__rosidl_typesupport_fastrtps_c.cpython-310-x86_64-linux-gnu.so[0m
[10.380s] [ 96%] [32m[1mLinking C shared library rosidl_generator_py/custom_pkg/custom_pkg_s__rosidl_typesupport_introspection_c.cpython-310-x86_64-linux-gnu.so[0m
[10.396s] [100%] [32m[1mLinking C shared library rosidl_generator_py/custom_pkg/custom_pkg_s__rosidl_typesupport_c.cpython-310-x86_64-linux-gnu.so[0m
[10.589s] [100%] Built target custom_pkg__rosidl_typesupport_fastrtps_c__pyext
[10.605s] [100%] Built target custom_pkg__rosidl_typesupport_introspection_c__pyext
[10.608s] [100%] Built target custom_pkg__rosidl_typesupport_c__pyext
[10.668s] Invoked command in '/home/matrix/ros2_ws/build/custom_pkg' returned '0': CMAKE_PREFIX_PATH=/opt/ros/humble /usr/bin/cmake --build /home/matrix/ros2_ws/build/custom_pkg -- -j8 -l8
[10.713s] Invoking command in '/home/matrix/ros2_ws/build/custom_pkg': CMAKE_PREFIX_PATH=/opt/ros/humble /usr/bin/cmake --install /home/matrix/ros2_ws/build/custom_pkg
[10.745s] -- Install configuration: ""
[10.747s] -- Installing: /home/matrix/ros2_ws/install/custom_pkg/share/ament_index/resource_index/rosidl_interfaces/custom_pkg
[10.749s] -- Installing: /home/matrix/ros2_ws/install/custom_pkg/include/custom_pkg/custom_pkg
[10.751s] -- Installing: /home/matrix/ros2_ws/install/custom_pkg/include/custom_pkg/custom_pkg/msg
[10.753s] -- Installing: /home/matrix/ros2_ws/install/custom_pkg/include/custom_pkg/custom_pkg/msg/rosidl_generator_c__visibility_control.h
[10.754s] -- Installing: /home/matrix/ros2_ws/install/custom_pkg/include/custom_pkg/custom_pkg/msg/age.h
[10.761s] -- Installing: /home/matrix/ros2_ws/install/custom_pkg/include/custom_pkg/custom_pkg/msg/detail
[10.763s] -- Installing: /home/matrix/ros2_ws/install/custom_pkg/include/custom_pkg/custom_pkg/msg/detail/age__functions.c
[10.763s] -- Installing: /home/matrix/ros2_ws/install/custom_pkg/include/custom_pkg/custom_pkg/msg/detail/age__functions.h
[10.763s] -- Installing: /home/matrix/ros2_ws/install/custom_pkg/include/custom_pkg/custom_pkg/msg/detail/age__struct.h
[10.765s] -- Installing: /home/matrix/ros2_ws/install/custom_pkg/include/custom_pkg/custom_pkg/msg/detail/age__type_support.h
[10.766s] -- Installing: /home/matrix/ros2_ws/install/custom_pkg/share/custom_pkg/environment/library_path.sh
[10.767s] -- Installing: /home/matrix/ros2_ws/install/custom_pkg/share/custom_pkg/environment/library_path.dsv
[10.768s] -- Installing: /home/matrix/ros2_ws/install/custom_pkg/lib/libcustom_pkg__rosidl_generator_c.so
[10.774s] -- Set runtime path of "/home/matrix/ros2_ws/install/custom_pkg/lib/libcustom_pkg__rosidl_generator_c.so" to ""
[10.775s] -- Up-to-date: /home/matrix/ros2_ws/install/custom_pkg/include/custom_pkg/custom_pkg
[10.775s] -- Up-to-date: /home/matrix/ros2_ws/install/custom_pkg/include/custom_pkg/custom_pkg/msg
[10.777s] -- Installing: /home/matrix/ros2_ws/install/custom_pkg/include/custom_pkg/custom_pkg/msg/rosidl_typesupport_fastrtps_c__visibility_control.h
[10.778s] -- Up-to-date: /home/matrix/ros2_ws/install/custom_pkg/include/custom_pkg/custom_pkg/msg/detail
[10.778s] -- Installing: /home/matrix/ros2_ws/install/custom_pkg/include/custom_pkg/custom_pkg/msg/detail/age__rosidl_typesupport_fastrtps_c.h
[10.779s] -- Installing: /home/matrix/ros2_ws/install/custom_pkg/lib/libcustom_pkg__rosidl_typesupport_fastrtps_c.so
[10.784s] -- Set runtime path of "/home/matrix/ros2_ws/install/custom_pkg/lib/libcustom_pkg__rosidl_typesupport_fastrtps_c.so" to ""
[10.785s] -- Up-to-date: /home/matrix/ros2_ws/install/custom_pkg/include/custom_pkg/custom_pkg
[10.785s] -- Up-to-date: /home/matrix/ros2_ws/install/custom_pkg/include/custom_pkg/custom_pkg/msg
[10.786s] -- Installing: /home/matrix/ros2_ws/install/custom_pkg/include/custom_pkg/custom_pkg/msg/rosidl_typesupport_introspection_c__visibility_control.h
[10.787s] -- Up-to-date: /home/matrix/ros2_ws/install/custom_pkg/include/custom_pkg/custom_pkg/msg/detail
[10.787s] -- Installing: /home/matrix/ros2_ws/install/custom_pkg/include/custom_pkg/custom_pkg/msg/detail/age__rosidl_typesupport_introspection_c.h
[10.791s] -- Installing: /home/matrix/ros2_ws/install/custom_pkg/include/custom_pkg/custom_pkg/msg/detail/age__type_support.c
[10.791s] -- Installing: /home/matrix/ros2_ws/install/custom_pkg/lib/libcustom_pkg__rosidl_typesupport_introspection_c.so
[10.799s] -- Set runtime path of "/home/matrix/ros2_ws/install/custom_pkg/lib/libcustom_pkg__rosidl_typesupport_introspection_c.so" to ""
[10.799s] -- Installing: /home/matrix/ros2_ws/install/custom_pkg/lib/libcustom_pkg__rosidl_typesupport_c.so
[10.802s] -- Set runtime path of "/home/matrix/ros2_ws/install/custom_pkg/lib/libcustom_pkg__rosidl_typesupport_c.so" to ""
[10.804s] -- Up-to-date: /home/matrix/ros2_ws/install/custom_pkg/include/custom_pkg/custom_pkg
[10.804s] -- Up-to-date: /home/matrix/ros2_ws/install/custom_pkg/include/custom_pkg/custom_pkg/msg
[10.805s] -- Installing: /home/matrix/ros2_ws/install/custom_pkg/include/custom_pkg/custom_pkg/msg/rosidl_generator_cpp__visibility_control.hpp
[10.805s] -- Installing: /home/matrix/ros2_ws/install/custom_pkg/include/custom_pkg/custom_pkg/msg/age.hpp
[10.808s] -- Up-to-date: /home/matrix/ros2_ws/install/custom_pkg/include/custom_pkg/custom_pkg/msg/detail
[10.809s] -- Installing: /home/matrix/ros2_ws/install/custom_pkg/include/custom_pkg/custom_pkg/msg/detail/age__type_support.hpp
[10.810s] -- Installing: /home/matrix/ros2_ws/install/custom_pkg/include/custom_pkg/custom_pkg/msg/detail/age__struct.hpp
[10.810s] -- Installing: /home/matrix/ros2_ws/install/custom_pkg/include/custom_pkg/custom_pkg/msg/detail/age__builder.hpp
[10.811s] -- Installing: /home/matrix/ros2_ws/install/custom_pkg/include/custom_pkg/custom_pkg/msg/detail/age__traits.hpp
[10.811s] -- Up-to-date: /home/matrix/ros2_ws/install/custom_pkg/include/custom_pkg/custom_pkg
[10.812s] -- Up-to-date: /home/matrix/ros2_ws/install/custom_pkg/include/custom_pkg/custom_pkg/msg
[10.812s] -- Installing: /home/matrix/ros2_ws/install/custom_pkg/include/custom_pkg/custom_pkg/msg/rosidl_typesupport_fastrtps_cpp__visibility_control.h
[10.815s] -- Up-to-date: /home/matrix/ros2_ws/install/custom_pkg/include/custom_pkg/custom_pkg/msg/detail
[10.815s] -- Installing: /home/matrix/ros2_ws/install/custom_pkg/include/custom_pkg/custom_pkg/msg/detail/age__rosidl_typesupport_fastrtps_cpp.hpp
[10.817s] -- Installing: /home/matrix/ros2_ws/install/custom_pkg/include/custom_pkg/custom_pkg/msg/detail/dds_fastrtps
[10.817s] -- Installing: /home/matrix/ros2_ws/install/custom_pkg/lib/libcustom_pkg__rosidl_typesupport_fastrtps_cpp.so
[10.819s] -- Set runtime path of "/home/matrix/ros2_ws/install/custom_pkg/lib/libcustom_pkg__rosidl_typesupport_fastrtps_cpp.so" to ""
[10.820s] -- Up-to-date: /home/matrix/ros2_ws/install/custom_pkg/include/custom_pkg/custom_pkg
[10.822s] -- Up-to-date: /home/matrix/ros2_ws/install/custom_pkg/include/custom_pkg/custom_pkg/msg
[10.822s] -- Up-to-date: /home/matrix/ros2_ws/install/custom_pkg/include/custom_pkg/custom_pkg/msg/detail
[10.823s] -- Installing: /home/matrix/ros2_ws/install/custom_pkg/include/custom_pkg/custom_pkg/msg/detail/age__type_support.cpp
[10.826s] -- Installing: /home/matrix/ros2_ws/install/custom_pkg/include/custom_pkg/custom_pkg/msg/detail/age__rosidl_typesupport_introspection_cpp.hpp
[10.828s] -- Installing: /home/matrix/ros2_ws/install/custom_pkg/lib/libcustom_pkg__rosidl_typesupport_introspection_cpp.so
[10.831s] -- Set runtime path of "/home/matrix/ros2_ws/install/custom_pkg/lib/libcustom_pkg__rosidl_typesupport_introspection_cpp.so" to ""
[10.831s] -- Installing: /home/matrix/ros2_ws/install/custom_pkg/lib/libcustom_pkg__rosidl_typesupport_cpp.so
[10.836s] -- Set runtime path of "/home/matrix/ros2_ws/install/custom_pkg/lib/libcustom_pkg__rosidl_typesupport_cpp.so" to ""
[10.839s] -- Installing: /home/matrix/ros2_ws/install/custom_pkg/share/custom_pkg/environment/pythonpath.sh
[10.839s] -- Installing: /home/matrix/ros2_ws/install/custom_pkg/share/custom_pkg/environment/pythonpath.dsv
[10.839s] -- Installing: /home/matrix/ros2_ws/install/custom_pkg/local/lib/python3.10/dist-packages/custom_pkg-0.0.0-py3.10.egg-info
[10.840s] -- Installing: /home/matrix/ros2_ws/install/custom_pkg/local/lib/python3.10/dist-packages/custom_pkg-0.0.0-py3.10.egg-info/SOURCES.txt
[10.842s] -- Installing: /home/matrix/ros2_ws/install/custom_pkg/local/lib/python3.10/dist-packages/custom_pkg-0.0.0-py3.10.egg-info/PKG-INFO
[10.843s] -- Installing: /home/matrix/ros2_ws/install/custom_pkg/local/lib/python3.10/dist-packages/custom_pkg-0.0.0-py3.10.egg-info/dependency_links.txt
[10.847s] -- Installing: /home/matrix/ros2_ws/install/custom_pkg/local/lib/python3.10/dist-packages/custom_pkg-0.0.0-py3.10.egg-info/top_level.txt
[10.847s] -- Installing: /home/matrix/ros2_ws/install/custom_pkg/local/lib/python3.10/dist-packages/custom_pkg
[10.847s] -- Installing: /home/matrix/ros2_ws/install/custom_pkg/local/lib/python3.10/dist-packages/custom_pkg/msg
[10.849s] -- Installing: /home/matrix/ros2_ws/install/custom_pkg/local/lib/python3.10/dist-packages/custom_pkg/msg/_age.py
[10.849s] -- Installing: /home/matrix/ros2_ws/install/custom_pkg/local/lib/python3.10/dist-packages/custom_pkg/msg/_age_s.c
[10.850s] -- Installing: /home/matrix/ros2_ws/install/custom_pkg/local/lib/python3.10/dist-packages/custom_pkg/msg/__init__.py
[10.851s] -- Installing: /home/matrix/ros2_ws/install/custom_pkg/local/lib/python3.10/dist-packages/custom_pkg/custom_pkg_s__rosidl_typesupport_fastrtps_c.cpython-310-x86_64-linux-gnu.so
[10.852s] -- Installing: /home/matrix/ros2_ws/install/custom_pkg/local/lib/python3.10/dist-packages/custom_pkg/custom_pkg_s__rosidl_typesupport_c.cpython-310-x86_64-linux-gnu.so
[10.853s] -- Installing: /home/matrix/ros2_ws/install/custom_pkg/local/lib/python3.10/dist-packages/custom_pkg/__init__.py
[10.854s] -- Installing: /home/matrix/ros2_ws/install/custom_pkg/local/lib/python3.10/dist-packages/custom_pkg/libcustom_pkg__rosidl_generator_py.so
[10.855s] -- Installing: /home/matrix/ros2_ws/install/custom_pkg/local/lib/python3.10/dist-packages/custom_pkg/custom_pkg_s__rosidl_typesupport_introspection_c.cpython-310-x86_64-linux-gnu.so
[10.857s] -- Installing: /home/matrix/ros2_ws/install/custom_pkg/local/lib/python3.10/dist-packages/custom_pkg/_custom_pkg_s.ep.rosidl_typesupport_c.c
[10.859s] -- Installing: /home/matrix/ros2_ws/install/custom_pkg/local/lib/python3.10/dist-packages/custom_pkg/_custom_pkg_s.ep.rosidl_typesupport_fastrtps_c.c
[10.859s] -- Installing: /home/matrix/ros2_ws/install/custom_pkg/local/lib/python3.10/dist-packages/custom_pkg/_custom_pkg_s.ep.rosidl_typesupport_introspection_c.c
[10.957s] Listing '/home/matrix/ros2_ws/install/custom_pkg/local/lib/python3.10/dist-packages/custom_pkg'...
[10.957s] Compiling '/home/matrix/ros2_ws/install/custom_pkg/local/lib/python3.10/dist-packages/custom_pkg/__init__.py'...
[10.957s] Listing '/home/matrix/ros2_ws/install/custom_pkg/local/lib/python3.10/dist-packages/custom_pkg/msg'...
[10.958s] Compiling '/home/matrix/ros2_ws/install/custom_pkg/local/lib/python3.10/dist-packages/custom_pkg/msg/__init__.py'...
[10.958s] Compiling '/home/matrix/ros2_ws/install/custom_pkg/local/lib/python3.10/dist-packages/custom_pkg/msg/_age.py'...
[10.969s] -- Installing: /home/matrix/ros2_ws/install/custom_pkg/local/lib/python3.10/dist-packages/custom_pkg/custom_pkg_s__rosidl_typesupport_fastrtps_c.cpython-310-x86_64-linux-gnu.so
[10.974s] -- Set runtime path of "/home/matrix/ros2_ws/install/custom_pkg/local/lib/python3.10/dist-packages/custom_pkg/custom_pkg_s__rosidl_typesupport_fastrtps_c.cpython-310-x86_64-linux-gnu.so" to ""
[10.976s] -- Installing: /home/matrix/ros2_ws/install/custom_pkg/local/lib/python3.10/dist-packages/custom_pkg/custom_pkg_s__rosidl_typesupport_introspection_c.cpython-310-x86_64-linux-gnu.so
[10.981s] -- Set runtime path of "/home/matrix/ros2_ws/install/custom_pkg/local/lib/python3.10/dist-packages/custom_pkg/custom_pkg_s__rosidl_typesupport_introspection_c.cpython-310-x86_64-linux-gnu.so" to ""
[10.983s] -- Installing: /home/matrix/ros2_ws/install/custom_pkg/local/lib/python3.10/dist-packages/custom_pkg/custom_pkg_s__rosidl_typesupport_c.cpython-310-x86_64-linux-gnu.so
[10.988s] -- Set runtime path of "/home/matrix/ros2_ws/install/custom_pkg/local/lib/python3.10/dist-packages/custom_pkg/custom_pkg_s__rosidl_typesupport_c.cpython-310-x86_64-linux-gnu.so" to ""
[10.988s] -- Installing: /home/matrix/ros2_ws/install/custom_pkg/lib/libcustom_pkg__rosidl_generator_py.so
[10.993s] -- Set runtime path of "/home/matrix/ros2_ws/install/custom_pkg/lib/libcustom_pkg__rosidl_generator_py.so" to ""
[11.001s] -- Installing: /home/matrix/ros2_ws/install/custom_pkg/share/custom_pkg/msg/Age.idl
[11.001s] -- Installing: /home/matrix/ros2_ws/install/custom_pkg/share/custom_pkg/msg/Age.msg
[11.001s] -- Installing: /home/matrix/ros2_ws/install/custom_pkg/share/ament_index/resource_index/package_run_dependencies/custom_pkg
[11.001s] -- Installing: /home/matrix/ros2_ws/install/custom_pkg/share/ament_index/resource_index/parent_prefix_path/custom_pkg
[11.003s] -- Installing: /home/matrix/ros2_ws/install/custom_pkg/share/custom_pkg/environment/ament_prefix_path.sh
[11.003s] -- Installing: /home/matrix/ros2_ws/install/custom_pkg/share/custom_pkg/environment/ament_prefix_path.dsv
[11.003s] -- Installing: /home/matrix/ros2_ws/install/custom_pkg/share/custom_pkg/environment/path.sh
[11.003s] -- Installing: /home/matrix/ros2_ws/install/custom_pkg/share/custom_pkg/environment/path.dsv
[11.006s] -- Installing: /home/matrix/ros2_ws/install/custom_pkg/share/custom_pkg/local_setup.bash
[11.006s] -- Installing: /home/matrix/ros2_ws/install/custom_pkg/share/custom_pkg/local_setup.sh
[11.006s] -- Installing: /home/matrix/ros2_ws/install/custom_pkg/share/custom_pkg/local_setup.zsh
[11.008s] -- Installing: /home/matrix/ros2_ws/install/custom_pkg/share/custom_pkg/local_setup.dsv
[11.010s] -- Installing: /home/matrix/ros2_ws/install/custom_pkg/share/custom_pkg/package.dsv
[11.010s] -- Installing: /home/matrix/ros2_ws/install/custom_pkg/share/ament_index/resource_index/packages/custom_pkg
[11.010s] -- Installing: /home/matrix/ros2_ws/install/custom_pkg/share/custom_pkg/cmake/export_custom_pkg__rosidl_generator_cExport.cmake
[11.013s] -- Installing: /home/matrix/ros2_ws/install/custom_pkg/share/custom_pkg/cmake/export_custom_pkg__rosidl_generator_cExport-noconfig.cmake
[11.016s] -- Installing: /home/matrix/ros2_ws/install/custom_pkg/share/custom_pkg/cmake/export_custom_pkg__rosidl_typesupport_fastrtps_cExport.cmake
[11.016s] -- Installing: /home/matrix/ros2_ws/install/custom_pkg/share/custom_pkg/cmake/export_custom_pkg__rosidl_typesupport_fastrtps_cExport-noconfig.cmake
[11.017s] -- Installing: /home/matrix/ros2_ws/install/custom_pkg/share/custom_pkg/cmake/custom_pkg__rosidl_typesupport_introspection_cExport.cmake
[11.017s] -- Installing: /home/matrix/ros2_ws/install/custom_pkg/share/custom_pkg/cmake/custom_pkg__rosidl_typesupport_introspection_cExport-noconfig.cmake
[11.018s] -- Installing: /home/matrix/ros2_ws/install/custom_pkg/share/custom_pkg/cmake/custom_pkg__rosidl_typesupport_cExport.cmake
[11.022s] -- Installing: /home/matrix/ros2_ws/install/custom_pkg/share/custom_pkg/cmake/custom_pkg__rosidl_typesupport_cExport-noconfig.cmake
[11.024s] -- Installing: /home/matrix/ros2_ws/install/custom_pkg/share/custom_pkg/cmake/export_custom_pkg__rosidl_generator_cppExport.cmake
[11.024s] -- Installing: /home/matrix/ros2_ws/install/custom_pkg/share/custom_pkg/cmake/export_custom_pkg__rosidl_typesupport_fastrtps_cppExport.cmake
[11.024s] -- Installing: /home/matrix/ros2_ws/install/custom_pkg/share/custom_pkg/cmake/export_custom_pkg__rosidl_typesupport_fastrtps_cppExport-noconfig.cmake
[11.025s] -- Installing: /home/matrix/ros2_ws/install/custom_pkg/share/custom_pkg/cmake/custom_pkg__rosidl_typesupport_introspection_cppExport.cmake
[11.027s] -- Installing: /home/matrix/ros2_ws/install/custom_pkg/share/custom_pkg/cmake/custom_pkg__rosidl_typesupport_introspection_cppExport-noconfig.cmake
[11.028s] -- Installing: /home/matrix/ros2_ws/install/custom_pkg/share/custom_pkg/cmake/custom_pkg__rosidl_typesupport_cppExport.cmake
[11.029s] -- Installing: /home/matrix/ros2_ws/install/custom_pkg/share/custom_pkg/cmake/custom_pkg__rosidl_typesupport_cppExport-noconfig.cmake
[11.029s] -- Installing: /home/matrix/ros2_ws/install/custom_pkg/share/custom_pkg/cmake/export_custom_pkg__rosidl_generator_pyExport.cmake
[11.029s] -- Installing: /home/matrix/ros2_ws/install/custom_pkg/share/custom_pkg/cmake/export_custom_pkg__rosidl_generator_pyExport-noconfig.cmake
[11.031s] -- Installing: /home/matrix/ros2_ws/install/custom_pkg/share/custom_pkg/cmake/rosidl_cmake-extras.cmake
[11.031s] -- Installing: /home/matrix/ros2_ws/install/custom_pkg/share/custom_pkg/cmake/ament_cmake_export_dependencies-extras.cmake
[11.032s] -- Installing: /home/matrix/ros2_ws/install/custom_pkg/share/custom_pkg/cmake/ament_cmake_export_include_directories-extras.cmake
[11.033s] -- Installing: /home/matrix/ros2_ws/install/custom_pkg/share/custom_pkg/cmake/ament_cmake_export_libraries-extras.cmake
[11.034s] -- Installing: /home/matrix/ros2_ws/install/custom_pkg/share/custom_pkg/cmake/ament_cmake_export_targets-extras.cmake
[11.035s] -- Installing: /home/matrix/ros2_ws/install/custom_pkg/share/custom_pkg/cmake/rosidl_cmake_export_typesupport_targets-extras.cmake
[11.036s] -- Installing: /home/matrix/ros2_ws/install/custom_pkg/share/custom_pkg/cmake/rosidl_cmake_export_typesupport_libraries-extras.cmake
[11.037s] -- Installing: /home/matrix/ros2_ws/install/custom_pkg/share/custom_pkg/cmake/custom_pkgConfig.cmake
[11.038s] -- Installing: /home/matrix/ros2_ws/install/custom_pkg/share/custom_pkg/cmake/custom_pkgConfig-version.cmake
[11.039s] -- Installing: /home/matrix/ros2_ws/install/custom_pkg/share/custom_pkg/package.xml
[11.050s] Invoked command in '/home/matrix/ros2_ws/build/custom_pkg' returned '0': CMAKE_PREFIX_PATH=/opt/ros/humble /usr/bin/cmake --install /home/matrix/ros2_ws/build/custom_pkg
