[0.133s] DEBUG:colcon:Command line arguments: ['/usr/bin/colcon', 'build', '--packages-select', 'robot_arm_4dof']
[0.134s] DEBUG:colcon:Parsed command line arguments: Namespace(log_base=None, log_level=None, verb_name='build', build_base='build', install_base='install', merge_install=False, symlink_install=False, test_result_base=None, continue_on_error=False, executor='parallel', parallel_workers=8, event_handlers=None, ignore_user_meta=False, metas=['./colcon.meta'], base_paths=['.'], packages_ignore=None, packages_ignore_regex=None, paths=None, packages_up_to=None, packages_up_to_regex=None, packages_above=None, packages_above_and_dependencies=None, packages_above_depth=None, packages_select_by_dep=None, packages_skip_by_dep=None, packages_skip_up_to=None, packages_select_build_failed=False, packages_skip_build_finished=False, packages_select_test_failures=False, packages_skip_test_passed=False, packages_select=['robot_arm_4dof'], packages_skip=None, packages_select_regex=None, packages_skip_regex=None, packages_start=None, packages_end=None, allow_overriding=[], cmake_args=None, cmake_target=None, cmake_target_skip_unavailable=False, cmake_clean_cache=False, cmake_clean_first=False, cmake_force_configure=False, ament_cmake_args=None, catkin_cmake_args=None, catkin_skip_building_tests=False, mixin_files=None, mixin=None, verb_parser=<colcon_mixin.mixin.mixin_argument.MixinArgumentDecorator object at 0x7754e5762590>, verb_extension=<colcon_core.verb.build.BuildVerb object at 0x7754e585b520>, main=<bound method BuildVerb.main of <colcon_core.verb.build.BuildVerb object at 0x7754e585b520>>, mixin_verb=('build',))
[0.316s] Level 1:colcon.colcon_core.package_discovery:discover_packages(colcon_meta) check parameters
[0.316s] Level 1:colcon.colcon_core.package_discovery:discover_packages(recursive) check parameters
[0.316s] Level 1:colcon.colcon_core.package_discovery:discover_packages(ignore) check parameters
[0.317s] Level 1:colcon.colcon_core.package_discovery:discover_packages(path) check parameters
[0.317s] Level 1:colcon.colcon_core.package_discovery:discover_packages(colcon_meta) discover
[0.317s] Level 1:colcon.colcon_core.package_discovery:discover_packages(recursive) discover
[0.317s] INFO:colcon.colcon_core.package_discovery:Crawling recursively for packages in '/home/matrix/ros2_ws'
[0.317s] Level 1:colcon.colcon_core.package_identification:_identify(.) by extensions ['ignore', 'ignore_ament_install']
[0.317s] Level 1:colcon.colcon_core.package_identification:_identify(.) by extension 'ignore'
[0.317s] Level 1:colcon.colcon_core.package_identification:_identify(.) by extension 'ignore_ament_install'
[0.317s] Level 1:colcon.colcon_core.package_identification:_identify(.) by extensions ['colcon_pkg']
[0.317s] Level 1:colcon.colcon_core.package_identification:_identify(.) by extension 'colcon_pkg'
[0.317s] Level 1:colcon.colcon_core.package_identification:_identify(.) by extensions ['colcon_meta']
[0.317s] Level 1:colcon.colcon_core.package_identification:_identify(.) by extension 'colcon_meta'
[0.317s] Level 1:colcon.colcon_core.package_identification:_identify(.) by extensions ['ros']
[0.317s] Level 1:colcon.colcon_core.package_identification:_identify(.) by extension 'ros'
[0.329s] Level 1:colcon.colcon_core.package_identification:_identify(.) by extensions ['cmake', 'python']
[0.329s] Level 1:colcon.colcon_core.package_identification:_identify(.) by extension 'cmake'
[0.330s] Level 1:colcon.colcon_core.package_identification:_identify(.) by extension 'python'
[0.330s] Level 1:colcon.colcon_core.package_identification:_identify(.) by extensions ['python_setup_py']
[0.330s] Level 1:colcon.colcon_core.package_identification:_identify(.) by extension 'python_setup_py'
[0.330s] Level 1:colcon.colcon_core.package_identification:_identify(build) by extensions ['ignore', 'ignore_ament_install']
[0.330s] Level 1:colcon.colcon_core.package_identification:_identify(build) by extension 'ignore'
[0.330s] Level 1:colcon.colcon_core.package_identification:_identify(build) ignored
[0.330s] Level 1:colcon.colcon_core.package_identification:_identify(install) by extensions ['ignore', 'ignore_ament_install']
[0.330s] Level 1:colcon.colcon_core.package_identification:_identify(install) by extension 'ignore'
[0.330s] Level 1:colcon.colcon_core.package_identification:_identify(install) ignored
[0.331s] Level 1:colcon.colcon_core.package_identification:_identify(log) by extensions ['ignore', 'ignore_ament_install']
[0.331s] Level 1:colcon.colcon_core.package_identification:_identify(log) by extension 'ignore'
[0.331s] Level 1:colcon.colcon_core.package_identification:_identify(log) ignored
[0.331s] Level 1:colcon.colcon_core.package_identification:_identify(src) by extensions ['ignore', 'ignore_ament_install']
[0.331s] Level 1:colcon.colcon_core.package_identification:_identify(src) by extension 'ignore'
[0.331s] Level 1:colcon.colcon_core.package_identification:_identify(src) by extension 'ignore_ament_install'
[0.331s] Level 1:colcon.colcon_core.package_identification:_identify(src) by extensions ['colcon_pkg']
[0.331s] Level 1:colcon.colcon_core.package_identification:_identify(src) by extension 'colcon_pkg'
[0.331s] Level 1:colcon.colcon_core.package_identification:_identify(src) by extensions ['colcon_meta']
[0.332s] Level 1:colcon.colcon_core.package_identification:_identify(src) by extension 'colcon_meta'
[0.332s] Level 1:colcon.colcon_core.package_identification:_identify(src) by extensions ['ros']
[0.332s] Level 1:colcon.colcon_core.package_identification:_identify(src) by extension 'ros'
[0.332s] Level 1:colcon.colcon_core.package_identification:_identify(src) by extensions ['cmake', 'python']
[0.332s] Level 1:colcon.colcon_core.package_identification:_identify(src) by extension 'cmake'
[0.332s] Level 1:colcon.colcon_core.package_identification:_identify(src) by extension 'python'
[0.332s] Level 1:colcon.colcon_core.package_identification:_identify(src) by extensions ['python_setup_py']
[0.332s] Level 1:colcon.colcon_core.package_identification:_identify(src) by extension 'python_setup_py'
[0.332s] Level 1:colcon.colcon_core.package_identification:_identify(src/URDF) by extensions ['ignore', 'ignore_ament_install']
[0.332s] Level 1:colcon.colcon_core.package_identification:_identify(src/URDF) by extension 'ignore'
[0.332s] Level 1:colcon.colcon_core.package_identification:_identify(src/URDF) by extension 'ignore_ament_install'
[0.333s] Level 1:colcon.colcon_core.package_identification:_identify(src/URDF) by extensions ['colcon_pkg']
[0.333s] Level 1:colcon.colcon_core.package_identification:_identify(src/URDF) by extension 'colcon_pkg'
[0.333s] Level 1:colcon.colcon_core.package_identification:_identify(src/URDF) by extensions ['colcon_meta']
[0.333s] Level 1:colcon.colcon_core.package_identification:_identify(src/URDF) by extension 'colcon_meta'
[0.333s] Level 1:colcon.colcon_core.package_identification:_identify(src/URDF) by extensions ['ros']
[0.333s] Level 1:colcon.colcon_core.package_identification:_identify(src/URDF) by extension 'ros'
[0.336s] DEBUG:colcon.colcon_core.package_identification:Package 'src/URDF' with type 'ros.ament_cmake' and name 'URDF'
[0.336s] Level 1:colcon.colcon_core.package_identification:_identify(src/cpp_node) by extensions ['ignore', 'ignore_ament_install']
[0.336s] Level 1:colcon.colcon_core.package_identification:_identify(src/cpp_node) by extension 'ignore'
[0.336s] Level 1:colcon.colcon_core.package_identification:_identify(src/cpp_node) by extension 'ignore_ament_install'
[0.336s] Level 1:colcon.colcon_core.package_identification:_identify(src/cpp_node) by extensions ['colcon_pkg']
[0.336s] Level 1:colcon.colcon_core.package_identification:_identify(src/cpp_node) by extension 'colcon_pkg'
[0.337s] Level 1:colcon.colcon_core.package_identification:_identify(src/cpp_node) by extensions ['colcon_meta']
[0.337s] Level 1:colcon.colcon_core.package_identification:_identify(src/cpp_node) by extension 'colcon_meta'
[0.337s] Level 1:colcon.colcon_core.package_identification:_identify(src/cpp_node) by extensions ['ros']
[0.337s] Level 1:colcon.colcon_core.package_identification:_identify(src/cpp_node) by extension 'ros'
[0.338s] DEBUG:colcon.colcon_core.package_identification:Package 'src/cpp_node' with type 'ros.ament_cmake' and name 'cpp_node'
[0.338s] Level 1:colcon.colcon_core.package_identification:_identify(src/custom_msg) by extensions ['ignore', 'ignore_ament_install']
[0.338s] Level 1:colcon.colcon_core.package_identification:_identify(src/custom_msg) by extension 'ignore'
[0.339s] Level 1:colcon.colcon_core.package_identification:_identify(src/custom_msg) by extension 'ignore_ament_install'
[0.339s] Level 1:colcon.colcon_core.package_identification:_identify(src/custom_msg) by extensions ['colcon_pkg']
[0.339s] Level 1:colcon.colcon_core.package_identification:_identify(src/custom_msg) by extension 'colcon_pkg'
[0.339s] Level 1:colcon.colcon_core.package_identification:_identify(src/custom_msg) by extensions ['colcon_meta']
[0.339s] Level 1:colcon.colcon_core.package_identification:_identify(src/custom_msg) by extension 'colcon_meta'
[0.339s] Level 1:colcon.colcon_core.package_identification:_identify(src/custom_msg) by extensions ['ros']
[0.339s] Level 1:colcon.colcon_core.package_identification:_identify(src/custom_msg) by extension 'ros'
[0.340s] DEBUG:colcon.colcon_core.package_identification:Package 'src/custom_msg' with type 'ros.ament_cmake' and name 'custom_msg'
[0.340s] Level 1:colcon.colcon_core.package_identification:_identify(src/py_node) by extensions ['ignore', 'ignore_ament_install']
[0.340s] Level 1:colcon.colcon_core.package_identification:_identify(src/py_node) by extension 'ignore'
[0.340s] Level 1:colcon.colcon_core.package_identification:_identify(src/py_node) by extension 'ignore_ament_install'
[0.341s] Level 1:colcon.colcon_core.package_identification:_identify(src/py_node) by extensions ['colcon_pkg']
[0.341s] Level 1:colcon.colcon_core.package_identification:_identify(src/py_node) by extension 'colcon_pkg'
[0.341s] Level 1:colcon.colcon_core.package_identification:_identify(src/py_node) by extensions ['colcon_meta']
[0.341s] Level 1:colcon.colcon_core.package_identification:_identify(src/py_node) by extension 'colcon_meta'
[0.341s] Level 1:colcon.colcon_core.package_identification:_identify(src/py_node) by extensions ['ros']
[0.341s] Level 1:colcon.colcon_core.package_identification:_identify(src/py_node) by extension 'ros'
[0.342s] DEBUG:colcon.colcon_core.package_identification:Package 'src/py_node' with type 'ros.ament_python' and name 'py_node'
[0.342s] Level 1:colcon.colcon_core.package_identification:_identify(src/robotArm_4DOF) by extensions ['ignore', 'ignore_ament_install']
[0.342s] Level 1:colcon.colcon_core.package_identification:_identify(src/robotArm_4DOF) by extension 'ignore'
[0.342s] Level 1:colcon.colcon_core.package_identification:_identify(src/robotArm_4DOF) by extension 'ignore_ament_install'
[0.342s] Level 1:colcon.colcon_core.package_identification:_identify(src/robotArm_4DOF) by extensions ['colcon_pkg']
[0.342s] Level 1:colcon.colcon_core.package_identification:_identify(src/robotArm_4DOF) by extension 'colcon_pkg'
[0.343s] Level 1:colcon.colcon_core.package_identification:_identify(src/robotArm_4DOF) by extensions ['colcon_meta']
[0.343s] Level 1:colcon.colcon_core.package_identification:_identify(src/robotArm_4DOF) by extension 'colcon_meta'
[0.343s] Level 1:colcon.colcon_core.package_identification:_identify(src/robotArm_4DOF) by extensions ['ros']
[0.343s] Level 1:colcon.colcon_core.package_identification:_identify(src/robotArm_4DOF) by extension 'ros'
[0.344s] DEBUG:colcon.colcon_core.package_identification:Package 'src/robotArm_4DOF' with type 'ros.ament_cmake' and name 'robot_arm_4dof'
[0.344s] Level 1:colcon.colcon_core.package_identification:_identify(src/use_custom_msg) by extensions ['ignore', 'ignore_ament_install']
[0.344s] Level 1:colcon.colcon_core.package_identification:_identify(src/use_custom_msg) by extension 'ignore'
[0.344s] Level 1:colcon.colcon_core.package_identification:_identify(src/use_custom_msg) by extension 'ignore_ament_install'
[0.344s] Level 1:colcon.colcon_core.package_identification:_identify(src/use_custom_msg) by extensions ['colcon_pkg']
[0.344s] Level 1:colcon.colcon_core.package_identification:_identify(src/use_custom_msg) by extension 'colcon_pkg'
[0.345s] Level 1:colcon.colcon_core.package_identification:_identify(src/use_custom_msg) by extensions ['colcon_meta']
[0.345s] Level 1:colcon.colcon_core.package_identification:_identify(src/use_custom_msg) by extension 'colcon_meta'
[0.345s] Level 1:colcon.colcon_core.package_identification:_identify(src/use_custom_msg) by extensions ['ros']
[0.345s] Level 1:colcon.colcon_core.package_identification:_identify(src/use_custom_msg) by extension 'ros'
[0.346s] DEBUG:colcon.colcon_core.package_identification:Package 'src/use_custom_msg' with type 'ros.ament_cmake' and name 'use_custom_msg'
[0.346s] Level 1:colcon.colcon_core.package_discovery:discover_packages(recursive) using defaults
[0.346s] Level 1:colcon.colcon_core.package_discovery:discover_packages(ignore) discover
[0.346s] Level 1:colcon.colcon_core.package_discovery:discover_packages(ignore) using defaults
[0.346s] Level 1:colcon.colcon_core.package_discovery:discover_packages(path) discover
[0.346s] Level 1:colcon.colcon_core.package_discovery:discover_packages(path) using defaults
[0.389s] INFO:colcon.colcon_core.package_selection:Skipping not selected package 'URDF' in 'src/URDF'
[0.389s] INFO:colcon.colcon_core.package_selection:Skipping not selected package 'cpp_node' in 'src/cpp_node'
[0.389s] INFO:colcon.colcon_core.package_selection:Skipping not selected package 'custom_msg' in 'src/custom_msg'
[0.389s] INFO:colcon.colcon_core.package_selection:Skipping not selected package 'py_node' in 'src/py_node'
[0.389s] INFO:colcon.colcon_core.package_selection:Skipping not selected package 'use_custom_msg' in 'src/use_custom_msg'
[0.390s] Level 1:colcon.colcon_core.package_discovery:discover_packages(prefix_path) check parameters
[0.390s] Level 1:colcon.colcon_core.package_discovery:discover_packages(prefix_path) discover
[0.392s] DEBUG:colcon.colcon_installed_package_information.package_discovery:Found 298 installed packages in /opt/ros/humble
[0.394s] Level 1:colcon.colcon_core.package_discovery:discover_packages(prefix_path) using defaults
[0.440s] Level 5:colcon.colcon_core.verb:set package 'robot_arm_4dof' build argument 'cmake_args' from command line to 'None'
[0.440s] Level 5:colcon.colcon_core.verb:set package 'robot_arm_4dof' build argument 'cmake_target' from command line to 'None'
[0.440s] Level 5:colcon.colcon_core.verb:set package 'robot_arm_4dof' build argument 'cmake_target_skip_unavailable' from command line to 'False'
[0.440s] Level 5:colcon.colcon_core.verb:set package 'robot_arm_4dof' build argument 'cmake_clean_cache' from command line to 'False'
[0.440s] Level 5:colcon.colcon_core.verb:set package 'robot_arm_4dof' build argument 'cmake_clean_first' from command line to 'False'
[0.440s] Level 5:colcon.colcon_core.verb:set package 'robot_arm_4dof' build argument 'cmake_force_configure' from command line to 'False'
[0.440s] Level 5:colcon.colcon_core.verb:set package 'robot_arm_4dof' build argument 'ament_cmake_args' from command line to 'None'
[0.440s] Level 5:colcon.colcon_core.verb:set package 'robot_arm_4dof' build argument 'catkin_cmake_args' from command line to 'None'
[0.440s] Level 5:colcon.colcon_core.verb:set package 'robot_arm_4dof' build argument 'catkin_skip_building_tests' from command line to 'False'
[0.440s] DEBUG:colcon.colcon_core.verb:Building package 'robot_arm_4dof' with the following arguments: {'ament_cmake_args': None, 'build_base': '/home/matrix/ros2_ws/build/robot_arm_4dof', 'catkin_cmake_args': None, 'catkin_skip_building_tests': False, 'cmake_args': None, 'cmake_clean_cache': False, 'cmake_clean_first': False, 'cmake_force_configure': False, 'cmake_target': None, 'cmake_target_skip_unavailable': False, 'install_base': '/home/matrix/ros2_ws/install/robot_arm_4dof', 'merge_install': False, 'path': '/home/matrix/ros2_ws/src/robotArm_4DOF', 'symlink_install': False, 'test_result_base': None}
[0.440s] INFO:colcon.colcon_core.executor:Executing jobs using 'parallel' executor
[0.443s] DEBUG:colcon.colcon_parallel_executor.executor.parallel:run_until_complete
[0.444s] INFO:colcon.colcon_ros.task.ament_cmake.build:Building ROS package in '/home/matrix/ros2_ws/src/robotArm_4DOF' with build type 'ament_cmake'
[0.444s] INFO:colcon.colcon_cmake.task.cmake.build:Building CMake package in '/home/matrix/ros2_ws/src/robotArm_4DOF'
[0.447s] INFO:colcon.colcon_core.plugin_system:Skipping extension 'colcon_core.shell.bat': Not used on non-Windows systems
[0.447s] INFO:colcon.colcon_core.shell:Skip shell extension 'powershell' for command environment: Not usable outside of PowerShell
[0.447s] DEBUG:colcon.colcon_core.shell:Skip shell extension 'dsv' for command environment
[0.504s] DEBUG:colcon.colcon_core.event_handler.log_command:Invoking command in '/home/matrix/ros2_ws/build/robot_arm_4dof': CMAKE_PREFIX_PATH=/opt/ros/humble /usr/bin/cmake /home/matrix/ros2_ws/src/robotArm_4DOF -DCMAKE_INSTALL_PREFIX=/home/matrix/ros2_ws/install/robot_arm_4dof
[0.935s] DEBUG:colcon.colcon_core.event_handler.log_command:Invoked command in '/home/matrix/ros2_ws/build/robot_arm_4dof' returned '0': CMAKE_PREFIX_PATH=/opt/ros/humble /usr/bin/cmake /home/matrix/ros2_ws/src/robotArm_4DOF -DCMAKE_INSTALL_PREFIX=/home/matrix/ros2_ws/install/robot_arm_4dof
[0.939s] DEBUG:colcon.colcon_core.event_handler.log_command:Invoking command in '/home/matrix/ros2_ws/build/robot_arm_4dof': CMAKE_PREFIX_PATH=/opt/ros/humble /usr/bin/cmake --build /home/matrix/ros2_ws/build/robot_arm_4dof -- -j8 -l8
[1.218s] DEBUG:colcon.colcon_core.event_handler.log_command:Invoked command in '/home/matrix/ros2_ws/build/robot_arm_4dof' returned '0': CMAKE_PREFIX_PATH=/opt/ros/humble /usr/bin/cmake --build /home/matrix/ros2_ws/build/robot_arm_4dof -- -j8 -l8
[1.265s] DEBUG:colcon.colcon_core.event_handler.log_command:Invoking command in '/home/matrix/ros2_ws/build/robot_arm_4dof': CMAKE_PREFIX_PATH=/opt/ros/humble /usr/bin/cmake --install /home/matrix/ros2_ws/build/robot_arm_4dof
[1.300s] Level 1:colcon.colcon_core.environment:create_environment_scripts_only(robot_arm_4dof)
[1.304s] Level 1:colcon.colcon_core.environment:checking '/home/matrix/ros2_ws/install/robot_arm_4dof' for CMake module files
[1.301s] DEBUG:colcon.colcon_core.event_handler.log_command:Invoked command in '/home/matrix/ros2_ws/build/robot_arm_4dof' returned '0': CMAKE_PREFIX_PATH=/opt/ros/humble /usr/bin/cmake --install /home/matrix/ros2_ws/build/robot_arm_4dof
[1.305s] Level 1:colcon.colcon_core.environment:checking '/home/matrix/ros2_ws/install/robot_arm_4dof' for CMake config files
[1.305s] Level 1:colcon.colcon_core.shell:create_environment_hook('robot_arm_4dof', 'cmake_prefix_path')
[1.305s] INFO:colcon.colcon_core.shell:Creating environment hook '/home/matrix/ros2_ws/install/robot_arm_4dof/share/robot_arm_4dof/hook/cmake_prefix_path.ps1'
[1.309s] INFO:colcon.colcon_core.shell:Creating environment descriptor '/home/matrix/ros2_ws/install/robot_arm_4dof/share/robot_arm_4dof/hook/cmake_prefix_path.dsv'
[1.310s] INFO:colcon.colcon_core.shell:Creating environment hook '/home/matrix/ros2_ws/install/robot_arm_4dof/share/robot_arm_4dof/hook/cmake_prefix_path.sh'
[1.312s] Level 1:colcon.colcon_core.environment:checking '/home/matrix/ros2_ws/install/robot_arm_4dof/bin'
[1.312s] Level 1:colcon.colcon_core.environment:checking '/home/matrix/ros2_ws/install/robot_arm_4dof/lib/pkgconfig/robot_arm_4dof.pc'
[1.312s] Level 1:colcon.colcon_core.environment:checking '/home/matrix/ros2_ws/install/robot_arm_4dof/lib/python3.10/site-packages'
[1.313s] Level 1:colcon.colcon_core.environment:checking '/home/matrix/ros2_ws/install/robot_arm_4dof/bin'
[1.313s] INFO:colcon.colcon_core.shell:Creating package script '/home/matrix/ros2_ws/install/robot_arm_4dof/share/robot_arm_4dof/package.ps1'
[1.314s] INFO:colcon.colcon_core.shell:Creating package descriptor '/home/matrix/ros2_ws/install/robot_arm_4dof/share/robot_arm_4dof/package.dsv'
[1.315s] INFO:colcon.colcon_core.shell:Creating package script '/home/matrix/ros2_ws/install/robot_arm_4dof/share/robot_arm_4dof/package.sh'
[1.316s] INFO:colcon.colcon_core.shell:Creating package script '/home/matrix/ros2_ws/install/robot_arm_4dof/share/robot_arm_4dof/package.bash'
[1.318s] INFO:colcon.colcon_core.shell:Creating package script '/home/matrix/ros2_ws/install/robot_arm_4dof/share/robot_arm_4dof/package.zsh'
[1.319s] Level 1:colcon.colcon_core.environment:create_file_with_runtime_dependencies(/home/matrix/ros2_ws/install/robot_arm_4dof/share/colcon-core/packages/robot_arm_4dof)
[1.320s] Level 1:colcon.colcon_core.environment:create_environment_scripts_only(robot_arm_4dof)
[1.320s] Level 1:colcon.colcon_core.environment:checking '/home/matrix/ros2_ws/install/robot_arm_4dof' for CMake module files
[1.321s] Level 1:colcon.colcon_core.environment:checking '/home/matrix/ros2_ws/install/robot_arm_4dof' for CMake config files
[1.322s] Level 1:colcon.colcon_core.shell:create_environment_hook('robot_arm_4dof', 'cmake_prefix_path')
[1.322s] INFO:colcon.colcon_core.shell:Creating environment hook '/home/matrix/ros2_ws/install/robot_arm_4dof/share/robot_arm_4dof/hook/cmake_prefix_path.ps1'
[1.323s] INFO:colcon.colcon_core.shell:Creating environment descriptor '/home/matrix/ros2_ws/install/robot_arm_4dof/share/robot_arm_4dof/hook/cmake_prefix_path.dsv'
[1.323s] INFO:colcon.colcon_core.shell:Creating environment hook '/home/matrix/ros2_ws/install/robot_arm_4dof/share/robot_arm_4dof/hook/cmake_prefix_path.sh'
[1.324s] Level 1:colcon.colcon_core.environment:checking '/home/matrix/ros2_ws/install/robot_arm_4dof/bin'
[1.325s] Level 1:colcon.colcon_core.environment:checking '/home/matrix/ros2_ws/install/robot_arm_4dof/lib/pkgconfig/robot_arm_4dof.pc'
[1.325s] Level 1:colcon.colcon_core.environment:checking '/home/matrix/ros2_ws/install/robot_arm_4dof/lib/python3.10/site-packages'
[1.325s] Level 1:colcon.colcon_core.environment:checking '/home/matrix/ros2_ws/install/robot_arm_4dof/bin'
[1.326s] INFO:colcon.colcon_core.shell:Creating package script '/home/matrix/ros2_ws/install/robot_arm_4dof/share/robot_arm_4dof/package.ps1'
[1.327s] INFO:colcon.colcon_core.shell:Creating package descriptor '/home/matrix/ros2_ws/install/robot_arm_4dof/share/robot_arm_4dof/package.dsv'
[1.327s] INFO:colcon.colcon_core.shell:Creating package script '/home/matrix/ros2_ws/install/robot_arm_4dof/share/robot_arm_4dof/package.sh'
[1.328s] INFO:colcon.colcon_core.shell:Creating package script '/home/matrix/ros2_ws/install/robot_arm_4dof/share/robot_arm_4dof/package.bash'
[1.329s] INFO:colcon.colcon_core.shell:Creating package script '/home/matrix/ros2_ws/install/robot_arm_4dof/share/robot_arm_4dof/package.zsh'
[1.330s] Level 1:colcon.colcon_core.environment:create_file_with_runtime_dependencies(/home/matrix/ros2_ws/install/robot_arm_4dof/share/colcon-core/packages/robot_arm_4dof)
[1.330s] DEBUG:colcon.colcon_parallel_executor.executor.parallel:closing loop
[1.331s] DEBUG:colcon.colcon_parallel_executor.executor.parallel:loop closed
[1.331s] DEBUG:colcon.colcon_parallel_executor.executor.parallel:run_until_complete finished with '0'
[1.331s] DEBUG:colcon.colcon_core.event_reactor:joining thread
[1.341s] INFO:colcon.colcon_core.plugin_system:Skipping extension 'colcon_notification.desktop_notification.terminal_notifier': Not used on non-Darwin systems
[1.342s] INFO:colcon.colcon_core.plugin_system:Skipping extension 'colcon_notification.desktop_notification.win32': Not used on non-Windows systems
[1.342s] INFO:colcon.colcon_notification.desktop_notification:Sending desktop notification using 'notify2'
[1.359s] DEBUG:colcon.colcon_core.event_reactor:joined thread
[1.360s] INFO:colcon.colcon_core.shell:Creating prefix script '/home/matrix/ros2_ws/install/local_setup.ps1'
[1.361s] INFO:colcon.colcon_core.shell:Creating prefix util module '/home/matrix/ros2_ws/install/_local_setup_util_ps1.py'
[1.363s] INFO:colcon.colcon_core.shell:Creating prefix chain script '/home/matrix/ros2_ws/install/setup.ps1'
[1.364s] INFO:colcon.colcon_core.shell:Creating prefix script '/home/matrix/ros2_ws/install/local_setup.sh'
[1.365s] INFO:colcon.colcon_core.shell:Creating prefix util module '/home/matrix/ros2_ws/install/_local_setup_util_sh.py'
[1.366s] INFO:colcon.colcon_core.shell:Creating prefix chain script '/home/matrix/ros2_ws/install/setup.sh'
[1.368s] INFO:colcon.colcon_core.shell:Creating prefix script '/home/matrix/ros2_ws/install/local_setup.bash'
[1.369s] INFO:colcon.colcon_core.shell:Creating prefix chain script '/home/matrix/ros2_ws/install/setup.bash'
[1.370s] INFO:colcon.colcon_core.shell:Creating prefix script '/home/matrix/ros2_ws/install/local_setup.zsh'
[1.371s] INFO:colcon.colcon_core.shell:Creating prefix chain script '/home/matrix/ros2_ws/install/setup.zsh'
