[0.037s] Invoking command in '/home/matrix/ros2_ws/build/custom_msg': CMAKE_PREFIX_PATH=/opt/ros/humble /usr/bin/cmake /home/matrix/ros2_ws/src/custom_msg -DCMAKE_INSTALL_PREFIX=/home/matrix/ros2_ws/install/custom_msg
[0.282s] -- The C compiler identification is GNU 11.4.0
[0.510s] -- The CXX compiler identification is GNU 11.4.0
[0.537s] -- Detecting C compiler ABI info
[0.853s] -- Detecting C compiler ABI info - done
[0.862s] -- Check for working C compiler: /usr/bin/cc - skipped
[0.862s] -- Detecting C compile features
[0.862s] -- Detecting C compile features - done
[0.874s] -- Detecting CXX compiler ABI info
[1.227s] -- Detecting CXX compiler ABI info - done
[1.238s] -- Check for working CXX compiler: /usr/bin/c++ - skipped
[1.238s] -- Detecting CXX compile features
[1.239s] -- Detecting CXX compile features - done
[1.249s] -- Found ament_cmake: 1.3.11 (/opt/ros/humble/share/ament_cmake/cmake)
[1.655s] -- Found Python3: /usr/bin/python3 (found version "3.10.12") found components: Interpreter 
[1.862s] -- Found rosidl_default_generators: 1.2.0 (/opt/ros/humble/share/rosidl_default_generators/cmake)
[1.868s] -- Using all available rosidl_typesupport_c: rosidl_typesupport_fastrtps_c;rosidl_typesupport_introspection_c
[1.885s] -- Found rosidl_adapter: 3.1.6 (/opt/ros/humble/share/rosidl_adapter/cmake)
[1.988s] -- Using all available rosidl_typesupport_cpp: rosidl_typesupport_fastrtps_cpp;rosidl_typesupport_introspection_cpp
[2.087s] -- Found std_msgs: 4.2.4 (/opt/ros/humble/share/std_msgs/cmake)
[2.146s] [31mCMake Error at CMakeLists.txt:13 (rosidl_generate_interffaces):
[2.147s]   Unknown CMake command "rosidl_generate_interffaces".
[2.148s] 
[2.148s] [0m
[2.148s] -- Configuring incomplete, errors occurred!
[2.149s] See also "/home/matrix/ros2_ws/build/custom_msg/CMakeFiles/CMakeOutput.log".
[2.167s] Invoked command in '/home/matrix/ros2_ws/build/custom_msg' returned '1': CMAKE_PREFIX_PATH=/opt/ros/humble /usr/bin/cmake /home/matrix/ros2_ws/src/custom_msg -DCMAKE_INSTALL_PREFIX=/home/matrix/ros2_ws/install/custom_msg
