[35m[1mConsolidate compiler generated dependencies of target custom_listner[0m
[ 25%] [32mBuilding CXX object CMakeFiles/custom_listner.dir/src/sub.cpp.o[0m
[ 50%] [32m[1mLinking CXX executable custom_listner[0m
[ 50%] Built target custom_listner
[35m[1mConsolidate compiler generated dependencies of target custom_talker[0m
[ 75%] [32mBuilding CXX object CMakeFiles/custom_talker.dir/src/pub.cpp.o[0m
[100%] [32m[1mLinking CXX executable custom_talker[0m
[100%] Built target custom_talker
-- Install configuration: ""
-- Installing: /home/matrix/ros2_ws/install/use_custom_msg/lib/use_custom_msg/custom_listner
-- Set runtime path of "/home/matrix/ros2_ws/install/use_custom_msg/lib/use_custom_msg/custom_listner" to ""
-- Installing: /home/matrix/ros2_ws/install/use_custom_msg/lib/use_custom_msg/custom_talker
-- Set runtime path of "/home/matrix/ros2_ws/install/use_custom_msg/lib/use_custom_msg/custom_talker" to ""
-- Up-to-date: /home/matrix/ros2_ws/install/use_custom_msg/share/ament_index/resource_index/package_run_dependencies/use_custom_msg
-- Up-to-date: /home/matrix/ros2_ws/install/use_custom_msg/share/ament_index/resource_index/parent_prefix_path/use_custom_msg
-- Up-to-date: /home/matrix/ros2_ws/install/use_custom_msg/share/use_custom_msg/environment/ament_prefix_path.sh
-- Up-to-date: /home/matrix/ros2_ws/install/use_custom_msg/share/use_custom_msg/environment/ament_prefix_path.dsv
-- Up-to-date: /home/matrix/ros2_ws/install/use_custom_msg/share/use_custom_msg/environment/path.sh
-- Up-to-date: /home/matrix/ros2_ws/install/use_custom_msg/share/use_custom_msg/environment/path.dsv
-- Up-to-date: /home/matrix/ros2_ws/install/use_custom_msg/share/use_custom_msg/local_setup.bash
-- Up-to-date: /home/matrix/ros2_ws/install/use_custom_msg/share/use_custom_msg/local_setup.sh
-- Up-to-date: /home/matrix/ros2_ws/install/use_custom_msg/share/use_custom_msg/local_setup.zsh
-- Up-to-date: /home/matrix/ros2_ws/install/use_custom_msg/share/use_custom_msg/local_setup.dsv
-- Installing: /home/matrix/ros2_ws/install/use_custom_msg/share/use_custom_msg/package.dsv
-- Up-to-date: /home/matrix/ros2_ws/install/use_custom_msg/share/ament_index/resource_index/packages/use_custom_msg
-- Up-to-date: /home/matrix/ros2_ws/install/use_custom_msg/share/use_custom_msg/cmake/use_custom_msgConfig.cmake
-- Up-to-date: /home/matrix/ros2_ws/install/use_custom_msg/share/use_custom_msg/cmake/use_custom_msgConfig-version.cmake
-- Up-to-date: /home/matrix/ros2_ws/install/use_custom_msg/share/use_custom_msg/package.xml
