[0.160s] Invoking command in '/home/matrix/ros2_ws/build/use_custom_msg': AMENT_PREFIX_PATH=/home/matrix/ros2_ws/install/custom_msg:${AMENT_PREFIX_PATH} CMAKE_PREFIX_PATH=/home/matrix/ros2_ws/install/custom_msg:/opt/ros/humble LD_LIBRARY_PATH=/home/matrix/ros2_ws/install/custom_msg/lib:${LD_LIBRARY_PATH} PYTHONPATH=/home/matrix/ros2_ws/install/custom_msg/local/lib/python3.10/dist-packages:${PYTHONPATH} /usr/bin/cmake --build /home/matrix/ros2_ws/build/use_custom_msg -- -j8 -l8
[0.791s] [35m[1mConsolidate compiler generated dependencies of target custom_listner[0m
[1.126s] [ 25%] [32mBuilding CXX object CMakeFiles/custom_listner.dir/src/sub.cpp.o[0m
[24.421s] [ 50%] [32m[1mLinking CXX executable custom_listner[0m
[26.220s] [ 50%] Built target custom_listner
[26.316s] [35m[1mConsolidate compiler generated dependencies of target custom_talker[0m
[26.467s] [ 75%] [32mBuilding CXX object CMakeFiles/custom_talker.dir/src/pub.cpp.o[0m
[35.680s] [100%] [32m[1mLinking CXX executable custom_talker[0m
[36.483s] [100%] Built target custom_talker
[36.535s] Invoked command in '/home/matrix/ros2_ws/build/use_custom_msg' returned '0': AMENT_PREFIX_PATH=/home/matrix/ros2_ws/install/custom_msg:${AMENT_PREFIX_PATH} CMAKE_PREFIX_PATH=/home/matrix/ros2_ws/install/custom_msg:/opt/ros/humble LD_LIBRARY_PATH=/home/matrix/ros2_ws/install/custom_msg/lib:${LD_LIBRARY_PATH} PYTHONPATH=/home/matrix/ros2_ws/install/custom_msg/local/lib/python3.10/dist-packages:${PYTHONPATH} /usr/bin/cmake --build /home/matrix/ros2_ws/build/use_custom_msg -- -j8 -l8
[36.543s] Invoking command in '/home/matrix/ros2_ws/build/use_custom_msg': AMENT_PREFIX_PATH=/home/matrix/ros2_ws/install/custom_msg:${AMENT_PREFIX_PATH} CMAKE_PREFIX_PATH=/home/matrix/ros2_ws/install/custom_msg:/opt/ros/humble LD_LIBRARY_PATH=/home/matrix/ros2_ws/install/custom_msg/lib:${LD_LIBRARY_PATH} PYTHONPATH=/home/matrix/ros2_ws/install/custom_msg/local/lib/python3.10/dist-packages:${PYTHONPATH} /usr/bin/cmake --install /home/matrix/ros2_ws/build/use_custom_msg
[36.583s] -- Install configuration: ""
[36.587s] -- Installing: /home/matrix/ros2_ws/install/use_custom_msg/lib/use_custom_msg/custom_listner
[36.614s] -- Set runtime path of "/home/matrix/ros2_ws/install/use_custom_msg/lib/use_custom_msg/custom_listner" to ""
[36.623s] -- Installing: /home/matrix/ros2_ws/install/use_custom_msg/lib/use_custom_msg/custom_talker
[36.636s] -- Set runtime path of "/home/matrix/ros2_ws/install/use_custom_msg/lib/use_custom_msg/custom_talker" to ""
[36.636s] -- Up-to-date: /home/matrix/ros2_ws/install/use_custom_msg/share/ament_index/resource_index/package_run_dependencies/use_custom_msg
[36.637s] -- Up-to-date: /home/matrix/ros2_ws/install/use_custom_msg/share/ament_index/resource_index/parent_prefix_path/use_custom_msg
[36.637s] -- Up-to-date: /home/matrix/ros2_ws/install/use_custom_msg/share/use_custom_msg/environment/ament_prefix_path.sh
[36.642s] -- Up-to-date: /home/matrix/ros2_ws/install/use_custom_msg/share/use_custom_msg/environment/ament_prefix_path.dsv
[36.642s] -- Up-to-date: /home/matrix/ros2_ws/install/use_custom_msg/share/use_custom_msg/environment/path.sh
[36.643s] -- Up-to-date: /home/matrix/ros2_ws/install/use_custom_msg/share/use_custom_msg/environment/path.dsv
[36.643s] -- Up-to-date: /home/matrix/ros2_ws/install/use_custom_msg/share/use_custom_msg/local_setup.bash
[36.643s] -- Up-to-date: /home/matrix/ros2_ws/install/use_custom_msg/share/use_custom_msg/local_setup.sh
[36.644s] -- Up-to-date: /home/matrix/ros2_ws/install/use_custom_msg/share/use_custom_msg/local_setup.zsh
[36.644s] -- Up-to-date: /home/matrix/ros2_ws/install/use_custom_msg/share/use_custom_msg/local_setup.dsv
[36.644s] -- Installing: /home/matrix/ros2_ws/install/use_custom_msg/share/use_custom_msg/package.dsv
[36.645s] -- Up-to-date: /home/matrix/ros2_ws/install/use_custom_msg/share/ament_index/resource_index/packages/use_custom_msg
[36.645s] -- Up-to-date: /home/matrix/ros2_ws/install/use_custom_msg/share/use_custom_msg/cmake/use_custom_msgConfig.cmake
[36.645s] -- Up-to-date: /home/matrix/ros2_ws/install/use_custom_msg/share/use_custom_msg/cmake/use_custom_msgConfig-version.cmake
[36.645s] -- Up-to-date: /home/matrix/ros2_ws/install/use_custom_msg/share/use_custom_msg/package.xml
[36.650s] Invoked command in '/home/matrix/ros2_ws/build/use_custom_msg' returned '0': AMENT_PREFIX_PATH=/home/matrix/ros2_ws/install/custom_msg:${AMENT_PREFIX_PATH} CMAKE_PREFIX_PATH=/home/matrix/ros2_ws/install/custom_msg:/opt/ros/humble LD_LIBRARY_PATH=/home/matrix/ros2_ws/install/custom_msg/lib:${LD_LIBRARY_PATH} PYTHONPATH=/home/matrix/ros2_ws/install/custom_msg/local/lib/python3.10/dist-packages:${PYTHONPATH} /usr/bin/cmake --install /home/matrix/ros2_ws/build/use_custom_msg
