[35m[1mConsolidate compiler generated dependencies of target talker[0m
[ 25%] [32mBuilding CXX object CMakeFiles/listener.dir/src/sub.cpp.o[0m
[ 75%] Built target talker
[100%] [32m[1mLinking CXX executable listener[0m
[100%] Built target listener
-- Install configuration: ""
-- Installing: /home/matrix/ros2_ws/install/cpp_node/lib/cpp_node/talker
-- Set runtime path of "/home/matrix/ros2_ws/install/cpp_node/lib/cpp_node/talker" to ""
-- Installing: /home/matrix/ros2_ws/install/cpp_node/lib/cpp_node/listener
-- Set runtime path of "/home/matrix/ros2_ws/install/cpp_node/lib/cpp_node/listener" to ""
-- Installing: /home/matrix/ros2_ws/install/cpp_node/share/ament_index/resource_index/package_run_dependencies/cpp_node
-- Installing: /home/matrix/ros2_ws/install/cpp_node/share/ament_index/resource_index/parent_prefix_path/cpp_node
-- Installing: /home/matrix/ros2_ws/install/cpp_node/share/cpp_node/environment/ament_prefix_path.sh
-- Installing: /home/matrix/ros2_ws/install/cpp_node/share/cpp_node/environment/ament_prefix_path.dsv
-- Installing: /home/matrix/ros2_ws/install/cpp_node/share/cpp_node/environment/path.sh
-- Installing: /home/matrix/ros2_ws/install/cpp_node/share/cpp_node/environment/path.dsv
-- Installing: /home/matrix/ros2_ws/install/cpp_node/share/cpp_node/local_setup.bash
-- Installing: /home/matrix/ros2_ws/install/cpp_node/share/cpp_node/local_setup.sh
-- Installing: /home/matrix/ros2_ws/install/cpp_node/share/cpp_node/local_setup.zsh
-- Installing: /home/matrix/ros2_ws/install/cpp_node/share/cpp_node/local_setup.dsv
-- Installing: /home/matrix/ros2_ws/install/cpp_node/share/cpp_node/package.dsv
-- Installing: /home/matrix/ros2_ws/install/cpp_node/share/ament_index/resource_index/packages/cpp_node
-- Installing: /home/matrix/ros2_ws/install/cpp_node/share/cpp_node/cmake/cpp_nodeConfig.cmake
-- Installing: /home/matrix/ros2_ws/install/cpp_node/share/cpp_node/cmake/cpp_nodeConfig-version.cmake
-- Installing: /home/matrix/ros2_ws/install/cpp_node/share/cpp_node/package.xml
