[3.941s] Invoking command in '/home/matrix/ros2_ws/src/py_node': PYTHONPATH=/home/matrix/ros2_ws/build/py_node/prefix_override:/usr/lib/python3/dist-packages/colcon_core/task/python/colcon_distutils_commands:/home/matrix/ros2_ws/install/py_node/lib/python3.10/site-packages:${PYTHONPATH} /usr/bin/python3 -W ignore:setup.py install is deprecated -W ignore:easy_install command is deprecated setup.py egg_info --egg-base ../../build/py_node build --build-base /home/matrix/ros2_ws/build/py_node/build install --record /home/matrix/ros2_ws/build/py_node/install.log --single-version-externally-managed install_data
[4.843s] running egg_info
[4.844s] writing ../../build/py_node/py_node.egg-info/PKG-INFO
[4.847s] writing dependency_links to ../../build/py_node/py_node.egg-info/dependency_links.txt
[4.847s] writing entry points to ../../build/py_node/py_node.egg-info/entry_points.txt
[4.847s] writing requirements to ../../build/py_node/py_node.egg-info/requires.txt
[4.850s] writing top-level names to ../../build/py_node/py_node.egg-info/top_level.txt
[4.858s] reading manifest file '../../build/py_node/py_node.egg-info/SOURCES.txt'
[4.862s] writing manifest file '../../build/py_node/py_node.egg-info/SOURCES.txt'
[4.863s] running build
[4.863s] running build_py
[4.866s] running install
[4.866s] running install_lib
[4.871s] running install_data
[4.872s] running install_egg_info
[4.878s] removing '/home/matrix/ros2_ws/install/py_node/lib/python3.10/site-packages/py_node-0.0.0-py3.10.egg-info' (and everything under it)
[4.882s] Copying ../../build/py_node/py_node.egg-info to /home/matrix/ros2_ws/install/py_node/lib/python3.10/site-packages/py_node-0.0.0-py3.10.egg-info
[4.884s] running install_scripts
[4.940s] Installing listener script to /home/matrix/ros2_ws/install/py_node/lib/py_node
[4.943s] Installing talker script to /home/matrix/ros2_ws/install/py_node/lib/py_node
[4.943s] writing list of installed files to '/home/matrix/ros2_ws/build/py_node/install.log'
