[0.368s] Invoking command in '/home/matrix/ros2_ws/build/custom_msg': CMAKE_PREFIX_PATH=/opt/ros/humble /usr/bin/cmake --build /home/matrix/ros2_ws/build/custom_msg -- -j8 -l8
[1.523s] [  3%] Built target custom_msg__cpp
[2.197s] [  3%] Built target ament_cmake_python_copy_custom_msg
[2.415s] [35m[1mConsolidate compiler generated dependencies of target custom_msg__rosidl_typesupport_cpp[0m
[2.685s] [ 12%] Built target custom_msg__rosidl_typesupport_cpp
[5.208s] running egg_info
[5.216s] writing custom_msg.egg-info/PKG-INFO
[5.219s] writing dependency_links to custom_msg.egg-info/dependency_links.txt
[5.227s] writing top-level names to custom_msg.egg-info/top_level.txt
[5.248s] reading manifest file 'custom_msg.egg-info/SOURCES.txt'
[5.255s] writing manifest file 'custom_msg.egg-info/SOURCES.txt'
[5.486s] [ 12%] Built target ament_cmake_python_build_custom_msg_egg
[5.706s] [35m[1mConsolidate compiler generated dependencies of target custom_msg__rosidl_typesupport_introspection_cpp[0m
[5.971s] [ 22%] Built target custom_msg__rosidl_typesupport_introspection_cpp
[6.219s] [35m[1mConsolidate compiler generated dependencies of target custom_msg__rosidl_typesupport_fastrtps_cpp[0m
[6.490s] [ 32%] Built target custom_msg__rosidl_typesupport_fastrtps_cpp
[6.706s] [35m[1mConsolidate compiler generated dependencies of target custom_msg__rosidl_generator_c[0m
[6.978s] [ 41%] Built target custom_msg__rosidl_generator_c
[7.185s] [35m[1mConsolidate compiler generated dependencies of target custom_msg__rosidl_typesupport_fastrtps_c[0m
[7.453s] [ 51%] Built target custom_msg__rosidl_typesupport_fastrtps_c
[7.720s] [35m[1mConsolidate compiler generated dependencies of target custom_msg__rosidl_typesupport_c[0m
[7.949s] [ 61%] Built target custom_msg__rosidl_typesupport_c
[8.161s] [35m[1mConsolidate compiler generated dependencies of target custom_msg__rosidl_typesupport_introspection_c[0m
[8.449s] [ 70%] Built target custom_msg__rosidl_typesupport_introspection_c
[8.851s] [ 70%] Built target custom_msg
[9.330s] [ 74%] Built target custom_msg__py
[9.568s] [35m[1mConsolidate compiler generated dependencies of target custom_msg__rosidl_generator_py[0m
[9.861s] [ 80%] Built target custom_msg__rosidl_generator_py
[10.031s] [35m[1mConsolidate compiler generated dependencies of target custom_msg__rosidl_typesupport_fastrtps_c__pyext[0m
[10.251s] [ 87%] Built target custom_msg__rosidl_typesupport_fastrtps_c__pyext
[10.437s] [35m[1mConsolidate compiler generated dependencies of target custom_msg__rosidl_typesupport_c__pyext[0m
[10.664s] [ 93%] Built target custom_msg__rosidl_typesupport_c__pyext
[10.859s] [35m[1mConsolidate compiler generated dependencies of target custom_msg__rosidl_typesupport_introspection_c__pyext[0m
[11.107s] [100%] Built target custom_msg__rosidl_typesupport_introspection_c__pyext
[11.283s] Invoked command in '/home/matrix/ros2_ws/build/custom_msg' returned '0': CMAKE_PREFIX_PATH=/opt/ros/humble /usr/bin/cmake --build /home/matrix/ros2_ws/build/custom_msg -- -j8 -l8
[11.297s] Invoking command in '/home/matrix/ros2_ws/build/custom_msg': CMAKE_PREFIX_PATH=/opt/ros/humble /usr/bin/cmake --install /home/matrix/ros2_ws/build/custom_msg
[11.409s] -- Install configuration: ""
[11.410s] -- Up-to-date: /home/matrix/ros2_ws/install/custom_msg/share/ament_index/resource_index/rosidl_interfaces/custom_msg
[11.411s] -- Up-to-date: /home/matrix/ros2_ws/install/custom_msg/include/custom_msg/custom_msg
[11.423s] -- Up-to-date: /home/matrix/ros2_ws/install/custom_msg/include/custom_msg/custom_msg/msg
[11.423s] -- Up-to-date: /home/matrix/ros2_ws/install/custom_msg/include/custom_msg/custom_msg/msg/rosidl_generator_c__visibility_control.h
[11.429s] -- Up-to-date: /home/matrix/ros2_ws/install/custom_msg/include/custom_msg/custom_msg/msg/age.h
[11.430s] -- Up-to-date: /home/matrix/ros2_ws/install/custom_msg/include/custom_msg/custom_msg/msg/detail
[11.431s] -- Up-to-date: /home/matrix/ros2_ws/install/custom_msg/include/custom_msg/custom_msg/msg/detail/age__functions.c
[11.432s] -- Up-to-date: /home/matrix/ros2_ws/install/custom_msg/include/custom_msg/custom_msg/msg/detail/age__functions.h
[11.433s] -- Up-to-date: /home/matrix/ros2_ws/install/custom_msg/include/custom_msg/custom_msg/msg/detail/age__struct.h
[11.439s] -- Up-to-date: /home/matrix/ros2_ws/install/custom_msg/include/custom_msg/custom_msg/msg/detail/age__type_support.h
[11.440s] -- Up-to-date: /home/matrix/ros2_ws/install/custom_msg/share/custom_msg/environment/library_path.sh
[11.442s] -- Up-to-date: /home/matrix/ros2_ws/install/custom_msg/share/custom_msg/environment/library_path.dsv
[11.445s] -- Up-to-date: /home/matrix/ros2_ws/install/custom_msg/lib/libcustom_msg__rosidl_generator_c.so
[11.448s] -- Up-to-date: /home/matrix/ros2_ws/install/custom_msg/include/custom_msg/custom_msg
[11.453s] -- Up-to-date: /home/matrix/ros2_ws/install/custom_msg/include/custom_msg/custom_msg/msg
[11.459s] -- Up-to-date: /home/matrix/ros2_ws/install/custom_msg/include/custom_msg/custom_msg/msg/rosidl_typesupport_fastrtps_c__visibility_control.h
[11.461s] -- Up-to-date: /home/matrix/ros2_ws/install/custom_msg/include/custom_msg/custom_msg/msg/detail
[11.464s] -- Up-to-date: /home/matrix/ros2_ws/install/custom_msg/include/custom_msg/custom_msg/msg/detail/age__rosidl_typesupport_fastrtps_c.h
[11.465s] -- Up-to-date: /home/matrix/ros2_ws/install/custom_msg/lib/libcustom_msg__rosidl_typesupport_fastrtps_c.so
[11.470s] -- Up-to-date: /home/matrix/ros2_ws/install/custom_msg/include/custom_msg/custom_msg
[11.477s] -- Up-to-date: /home/matrix/ros2_ws/install/custom_msg/include/custom_msg/custom_msg/msg
[11.477s] -- Up-to-date: /home/matrix/ros2_ws/install/custom_msg/include/custom_msg/custom_msg/msg/rosidl_typesupport_introspection_c__visibility_control.h
[11.478s] -- Up-to-date: /home/matrix/ros2_ws/install/custom_msg/include/custom_msg/custom_msg/msg/detail
[11.479s] -- Up-to-date: /home/matrix/ros2_ws/install/custom_msg/include/custom_msg/custom_msg/msg/detail/age__rosidl_typesupport_introspection_c.h
[11.480s] -- Up-to-date: /home/matrix/ros2_ws/install/custom_msg/include/custom_msg/custom_msg/msg/detail/age__type_support.c
[11.482s] -- Up-to-date: /home/matrix/ros2_ws/install/custom_msg/lib/libcustom_msg__rosidl_typesupport_introspection_c.so
[11.495s] -- Up-to-date: /home/matrix/ros2_ws/install/custom_msg/lib/libcustom_msg__rosidl_typesupport_c.so
[11.507s] -- Up-to-date: /home/matrix/ros2_ws/install/custom_msg/include/custom_msg/custom_msg
[11.510s] -- Up-to-date: /home/matrix/ros2_ws/install/custom_msg/include/custom_msg/custom_msg/msg
[11.511s] -- Up-to-date: /home/matrix/ros2_ws/install/custom_msg/include/custom_msg/custom_msg/msg/rosidl_generator_cpp__visibility_control.hpp
[11.518s] -- Up-to-date: /home/matrix/ros2_ws/install/custom_msg/include/custom_msg/custom_msg/msg/age.hpp
[11.519s] -- Up-to-date: /home/matrix/ros2_ws/install/custom_msg/include/custom_msg/custom_msg/msg/detail
[11.520s] -- Up-to-date: /home/matrix/ros2_ws/install/custom_msg/include/custom_msg/custom_msg/msg/detail/age__type_support.hpp
[11.521s] -- Up-to-date: /home/matrix/ros2_ws/install/custom_msg/include/custom_msg/custom_msg/msg/detail/age__struct.hpp
[11.525s] -- Up-to-date: /home/matrix/ros2_ws/install/custom_msg/include/custom_msg/custom_msg/msg/detail/age__builder.hpp
[11.526s] -- Up-to-date: /home/matrix/ros2_ws/install/custom_msg/include/custom_msg/custom_msg/msg/detail/age__traits.hpp
[11.527s] -- Up-to-date: /home/matrix/ros2_ws/install/custom_msg/include/custom_msg/custom_msg
[11.527s] -- Up-to-date: /home/matrix/ros2_ws/install/custom_msg/include/custom_msg/custom_msg/msg
[11.528s] -- Up-to-date: /home/matrix/ros2_ws/install/custom_msg/include/custom_msg/custom_msg/msg/rosidl_typesupport_fastrtps_cpp__visibility_control.h
[11.528s] -- Up-to-date: /home/matrix/ros2_ws/install/custom_msg/include/custom_msg/custom_msg/msg/detail
[11.531s] -- Up-to-date: /home/matrix/ros2_ws/install/custom_msg/include/custom_msg/custom_msg/msg/detail/age__rosidl_typesupport_fastrtps_cpp.hpp
[11.532s] -- Up-to-date: /home/matrix/ros2_ws/install/custom_msg/include/custom_msg/custom_msg/msg/detail/dds_fastrtps
[11.534s] -- Up-to-date: /home/matrix/ros2_ws/install/custom_msg/lib/libcustom_msg__rosidl_typesupport_fastrtps_cpp.so
[11.545s] -- Up-to-date: /home/matrix/ros2_ws/install/custom_msg/include/custom_msg/custom_msg
[11.546s] -- Up-to-date: /home/matrix/ros2_ws/install/custom_msg/include/custom_msg/custom_msg/msg
[11.552s] -- Up-to-date: /home/matrix/ros2_ws/install/custom_msg/include/custom_msg/custom_msg/msg/detail
[11.553s] -- Up-to-date: /home/matrix/ros2_ws/install/custom_msg/include/custom_msg/custom_msg/msg/detail/age__type_support.cpp
[11.564s] -- Up-to-date: /home/matrix/ros2_ws/install/custom_msg/include/custom_msg/custom_msg/msg/detail/age__rosidl_typesupport_introspection_cpp.hpp
[11.565s] -- Up-to-date: /home/matrix/ros2_ws/install/custom_msg/lib/libcustom_msg__rosidl_typesupport_introspection_cpp.so
[11.567s] -- Up-to-date: /home/matrix/ros2_ws/install/custom_msg/lib/libcustom_msg__rosidl_typesupport_cpp.so
[11.576s] -- Up-to-date: /home/matrix/ros2_ws/install/custom_msg/share/custom_msg/environment/pythonpath.sh
[11.578s] -- Up-to-date: /home/matrix/ros2_ws/install/custom_msg/share/custom_msg/environment/pythonpath.dsv
[11.584s] -- Up-to-date: /home/matrix/ros2_ws/install/custom_msg/local/lib/python3.10/dist-packages/custom_msg-0.0.0-py3.10.egg-info
[11.585s] -- Installing: /home/matrix/ros2_ws/install/custom_msg/local/lib/python3.10/dist-packages/custom_msg-0.0.0-py3.10.egg-info/SOURCES.txt
[11.588s] -- Installing: /home/matrix/ros2_ws/install/custom_msg/local/lib/python3.10/dist-packages/custom_msg-0.0.0-py3.10.egg-info/PKG-INFO
[11.591s] -- Installing: /home/matrix/ros2_ws/install/custom_msg/local/lib/python3.10/dist-packages/custom_msg-0.0.0-py3.10.egg-info/dependency_links.txt
[11.594s] -- Installing: /home/matrix/ros2_ws/install/custom_msg/local/lib/python3.10/dist-packages/custom_msg-0.0.0-py3.10.egg-info/top_level.txt
[11.598s] -- Up-to-date: /home/matrix/ros2_ws/install/custom_msg/local/lib/python3.10/dist-packages/custom_msg
[11.601s] -- Up-to-date: /home/matrix/ros2_ws/install/custom_msg/local/lib/python3.10/dist-packages/custom_msg/custom_msg_s__rosidl_typesupport_fastrtps_c.cpython-310-x86_64-linux-gnu.so
[11.602s] -- Up-to-date: /home/matrix/ros2_ws/install/custom_msg/local/lib/python3.10/dist-packages/custom_msg/libcustom_msg__rosidl_generator_py.so
[11.604s] -- Up-to-date: /home/matrix/ros2_ws/install/custom_msg/local/lib/python3.10/dist-packages/custom_msg/msg
[11.606s] -- Up-to-date: /home/matrix/ros2_ws/install/custom_msg/local/lib/python3.10/dist-packages/custom_msg/msg/_age.py
[11.608s] -- Up-to-date: /home/matrix/ros2_ws/install/custom_msg/local/lib/python3.10/dist-packages/custom_msg/msg/_age_s.c
[11.609s] -- Up-to-date: /home/matrix/ros2_ws/install/custom_msg/local/lib/python3.10/dist-packages/custom_msg/msg/__init__.py
[11.618s] -- Up-to-date: /home/matrix/ros2_ws/install/custom_msg/local/lib/python3.10/dist-packages/custom_msg/__init__.py
[11.619s] -- Up-to-date: /home/matrix/ros2_ws/install/custom_msg/local/lib/python3.10/dist-packages/custom_msg/custom_msg_s__rosidl_typesupport_introspection_c.cpython-310-x86_64-linux-gnu.so
[11.624s] -- Up-to-date: /home/matrix/ros2_ws/install/custom_msg/local/lib/python3.10/dist-packages/custom_msg/_custom_msg_s.ep.rosidl_typesupport_introspection_c.c
[11.625s] -- Up-to-date: /home/matrix/ros2_ws/install/custom_msg/local/lib/python3.10/dist-packages/custom_msg/_custom_msg_s.ep.rosidl_typesupport_c.c
[11.626s] -- Up-to-date: /home/matrix/ros2_ws/install/custom_msg/local/lib/python3.10/dist-packages/custom_msg/_custom_msg_s.ep.rosidl_typesupport_fastrtps_c.c
[11.628s] -- Up-to-date: /home/matrix/ros2_ws/install/custom_msg/local/lib/python3.10/dist-packages/custom_msg/custom_msg_s__rosidl_typesupport_c.cpython-310-x86_64-linux-gnu.so
[11.877s] Listing '/home/matrix/ros2_ws/install/custom_msg/local/lib/python3.10/dist-packages/custom_msg'...
[11.881s] Listing '/home/matrix/ros2_ws/install/custom_msg/local/lib/python3.10/dist-packages/custom_msg/msg'...
[11.891s] -- Up-to-date: /home/matrix/ros2_ws/install/custom_msg/local/lib/python3.10/dist-packages/custom_msg/custom_msg_s__rosidl_typesupport_fastrtps_c.cpython-310-x86_64-linux-gnu.so
[11.902s] -- Up-to-date: /home/matrix/ros2_ws/install/custom_msg/local/lib/python3.10/dist-packages/custom_msg/custom_msg_s__rosidl_typesupport_introspection_c.cpython-310-x86_64-linux-gnu.so
[11.923s] -- Up-to-date: /home/matrix/ros2_ws/install/custom_msg/local/lib/python3.10/dist-packages/custom_msg/custom_msg_s__rosidl_typesupport_c.cpython-310-x86_64-linux-gnu.so
[11.929s] -- Up-to-date: /home/matrix/ros2_ws/install/custom_msg/lib/libcustom_msg__rosidl_generator_py.so
[11.940s] -- Up-to-date: /home/matrix/ros2_ws/install/custom_msg/share/custom_msg/msg/Age.idl
[11.942s] -- Up-to-date: /home/matrix/ros2_ws/install/custom_msg/share/custom_msg/msg/Age.msg
[11.947s] -- Up-to-date: /home/matrix/ros2_ws/install/custom_msg/share/ament_index/resource_index/package_run_dependencies/custom_msg
[11.948s] -- Up-to-date: /home/matrix/ros2_ws/install/custom_msg/share/ament_index/resource_index/parent_prefix_path/custom_msg
[11.951s] -- Up-to-date: /home/matrix/ros2_ws/install/custom_msg/share/custom_msg/environment/ament_prefix_path.sh
[11.953s] -- Up-to-date: /home/matrix/ros2_ws/install/custom_msg/share/custom_msg/environment/ament_prefix_path.dsv
[11.953s] -- Up-to-date: /home/matrix/ros2_ws/install/custom_msg/share/custom_msg/environment/path.sh
[11.954s] -- Up-to-date: /home/matrix/ros2_ws/install/custom_msg/share/custom_msg/environment/path.dsv
[11.955s] -- Up-to-date: /home/matrix/ros2_ws/install/custom_msg/share/custom_msg/local_setup.bash
[11.955s] -- Up-to-date: /home/matrix/ros2_ws/install/custom_msg/share/custom_msg/local_setup.sh
[11.956s] -- Up-to-date: /home/matrix/ros2_ws/install/custom_msg/share/custom_msg/local_setup.zsh
[11.957s] -- Up-to-date: /home/matrix/ros2_ws/install/custom_msg/share/custom_msg/local_setup.dsv
[11.965s] -- Installing: /home/matrix/ros2_ws/install/custom_msg/share/custom_msg/package.dsv
[11.965s] -- Up-to-date: /home/matrix/ros2_ws/install/custom_msg/share/ament_index/resource_index/packages/custom_msg
[11.966s] -- Up-to-date: /home/matrix/ros2_ws/install/custom_msg/share/custom_msg/cmake/export_custom_msg__rosidl_generator_cExport.cmake
[11.967s] -- Up-to-date: /home/matrix/ros2_ws/install/custom_msg/share/custom_msg/cmake/export_custom_msg__rosidl_generator_cExport-noconfig.cmake
[11.968s] -- Up-to-date: /home/matrix/ros2_ws/install/custom_msg/share/custom_msg/cmake/export_custom_msg__rosidl_typesupport_fastrtps_cExport.cmake
[11.971s] -- Up-to-date: /home/matrix/ros2_ws/install/custom_msg/share/custom_msg/cmake/export_custom_msg__rosidl_typesupport_fastrtps_cExport-noconfig.cmake
[11.972s] -- Up-to-date: /home/matrix/ros2_ws/install/custom_msg/share/custom_msg/cmake/custom_msg__rosidl_typesupport_introspection_cExport.cmake
[11.974s] -- Up-to-date: /home/matrix/ros2_ws/install/custom_msg/share/custom_msg/cmake/custom_msg__rosidl_typesupport_introspection_cExport-noconfig.cmake
[11.974s] -- Up-to-date: /home/matrix/ros2_ws/install/custom_msg/share/custom_msg/cmake/custom_msg__rosidl_typesupport_cExport.cmake
[11.975s] -- Up-to-date: /home/matrix/ros2_ws/install/custom_msg/share/custom_msg/cmake/custom_msg__rosidl_typesupport_cExport-noconfig.cmake
[11.976s] -- Up-to-date: /home/matrix/ros2_ws/install/custom_msg/share/custom_msg/cmake/export_custom_msg__rosidl_generator_cppExport.cmake
[11.976s] -- Up-to-date: /home/matrix/ros2_ws/install/custom_msg/share/custom_msg/cmake/export_custom_msg__rosidl_typesupport_fastrtps_cppExport.cmake
[11.981s] -- Up-to-date: /home/matrix/ros2_ws/install/custom_msg/share/custom_msg/cmake/export_custom_msg__rosidl_typesupport_fastrtps_cppExport-noconfig.cmake
[11.984s] -- Up-to-date: /home/matrix/ros2_ws/install/custom_msg/share/custom_msg/cmake/custom_msg__rosidl_typesupport_introspection_cppExport.cmake
[11.986s] -- Up-to-date: /home/matrix/ros2_ws/install/custom_msg/share/custom_msg/cmake/custom_msg__rosidl_typesupport_introspection_cppExport-noconfig.cmake
[11.987s] -- Up-to-date: /home/matrix/ros2_ws/install/custom_msg/share/custom_msg/cmake/custom_msg__rosidl_typesupport_cppExport.cmake
[11.993s] -- Up-to-date: /home/matrix/ros2_ws/install/custom_msg/share/custom_msg/cmake/custom_msg__rosidl_typesupport_cppExport-noconfig.cmake
[11.993s] -- Up-to-date: /home/matrix/ros2_ws/install/custom_msg/share/custom_msg/cmake/export_custom_msg__rosidl_generator_pyExport.cmake
[11.995s] -- Up-to-date: /home/matrix/ros2_ws/install/custom_msg/share/custom_msg/cmake/export_custom_msg__rosidl_generator_pyExport-noconfig.cmake
[11.999s] -- Up-to-date: /home/matrix/ros2_ws/install/custom_msg/share/custom_msg/cmake/rosidl_cmake-extras.cmake
[12.000s] -- Up-to-date: /home/matrix/ros2_ws/install/custom_msg/share/custom_msg/cmake/ament_cmake_export_dependencies-extras.cmake
[12.003s] -- Up-to-date: /home/matrix/ros2_ws/install/custom_msg/share/custom_msg/cmake/ament_cmake_export_include_directories-extras.cmake
[12.004s] -- Up-to-date: /home/matrix/ros2_ws/install/custom_msg/share/custom_msg/cmake/ament_cmake_export_libraries-extras.cmake
[12.005s] -- Up-to-date: /home/matrix/ros2_ws/install/custom_msg/share/custom_msg/cmake/ament_cmake_export_targets-extras.cmake
[12.011s] -- Up-to-date: /home/matrix/ros2_ws/install/custom_msg/share/custom_msg/cmake/rosidl_cmake_export_typesupport_targets-extras.cmake
[12.014s] -- Up-to-date: /home/matrix/ros2_ws/install/custom_msg/share/custom_msg/cmake/rosidl_cmake_export_typesupport_libraries-extras.cmake
[12.014s] -- Up-to-date: /home/matrix/ros2_ws/install/custom_msg/share/custom_msg/cmake/custom_msgConfig.cmake
[12.023s] -- Up-to-date: /home/matrix/ros2_ws/install/custom_msg/share/custom_msg/cmake/custom_msgConfig-version.cmake
[12.026s] -- Up-to-date: /home/matrix/ros2_ws/install/custom_msg/share/custom_msg/package.xml
[12.040s] Invoked command in '/home/matrix/ros2_ws/build/custom_msg' returned '0': CMAKE_PREFIX_PATH=/opt/ros/humble /usr/bin/cmake --install /home/matrix/ros2_ws/build/custom_msg
