[0.307s] DEBUG:colcon:Command line arguments: ['/usr/bin/colcon', 'list', '-p', '--base-paths', '/home/matrix/ROS2_Matrix']
[0.307s] DEBUG:colcon:Parsed command line arguments: Namespace(log_base=None, log_level=None, verb_name='list', build_base='build', ignore_user_meta=False, metas=['./colcon.meta'], base_paths=['/home/matrix/ROS2_Matrix'], packages_ignore=None, packages_ignore_regex=None, paths=None, packages_up_to=None, packages_up_to_regex=None, packages_above=None, packages_above_and_dependencies=None, packages_above_depth=None, packages_select_by_dep=None, packages_skip_by_dep=None, packages_skip_up_to=None, packages_select_build_failed=False, packages_skip_build_finished=False, packages_select_test_failures=False, packages_skip_test_passed=False, packages_select=None, packages_skip=None, packages_select_regex=None, packages_skip_regex=None, packages_start=None, packages_end=None, allow_overriding=[], topological_order=False, names_only=False, paths_only=True, topological_graph=False, topological_graph_dot=False, topological_graph_density=False, topological_graph_legend=False, topological_graph_dot_cluster=False, topological_graph_dot_include_skipped=False, mixin_files=None, mixin=None, verb_parser=<colcon_mixin.mixin.mixin_argument.MixinArgumentDecorator object at 0x79cab1c679a0>, verb_extension=<colcon_package_information.verb.list.ListVerb object at 0x79cab1c66b90>, main=<bound method ListVerb.main of <colcon_package_information.verb.list.ListVerb object at 0x79cab1c66b90>>, mixin_verb=('list',))
[0.877s] Level 1:colcon.colcon_core.package_discovery:discover_packages(colcon_meta) check parameters
[0.877s] Level 1:colcon.colcon_core.package_discovery:discover_packages(recursive) check parameters
[0.877s] Level 1:colcon.colcon_core.package_discovery:discover_packages(ignore) check parameters
[0.878s] Level 1:colcon.colcon_core.package_discovery:discover_packages(path) check parameters
[0.878s] Level 1:colcon.colcon_core.package_discovery:discover_packages(recursive) discover
[0.878s] INFO:colcon.colcon_core.package_discovery:Crawling recursively for packages in '/home/matrix/ROS2_Matrix'
[0.878s] Level 1:colcon.colcon_core.package_identification:_identify(/home/matrix/ROS2_Matrix) by extensions ['ignore', 'ignore_ament_install']
[0.878s] Level 1:colcon.colcon_core.package_identification:_identify(/home/matrix/ROS2_Matrix) by extension 'ignore'
[0.879s] Level 1:colcon.colcon_core.package_identification:_identify(/home/matrix/ROS2_Matrix) by extension 'ignore_ament_install'
[0.879s] Level 1:colcon.colcon_core.package_identification:_identify(/home/matrix/ROS2_Matrix) by extensions ['colcon_pkg']
[0.879s] Level 1:colcon.colcon_core.package_identification:_identify(/home/matrix/ROS2_Matrix) by extension 'colcon_pkg'
[0.879s] Level 1:colcon.colcon_core.package_identification:_identify(/home/matrix/ROS2_Matrix) by extensions ['colcon_meta']
[0.879s] Level 1:colcon.colcon_core.package_identification:_identify(/home/matrix/ROS2_Matrix) by extension 'colcon_meta'
[0.879s] Level 1:colcon.colcon_core.package_identification:_identify(/home/matrix/ROS2_Matrix) by extensions ['ros']
[0.879s] Level 1:colcon.colcon_core.package_identification:_identify(/home/matrix/ROS2_Matrix) by extension 'ros'
[0.915s] Level 1:colcon.colcon_core.package_identification:_identify(/home/matrix/ROS2_Matrix) by extensions ['cmake', 'python']
[0.915s] Level 1:colcon.colcon_core.package_identification:_identify(/home/matrix/ROS2_Matrix) by extension 'cmake'
[0.916s] Level 1:colcon.colcon_core.package_identification:_identify(/home/matrix/ROS2_Matrix) by extension 'python'
[0.916s] Level 1:colcon.colcon_core.package_identification:_identify(/home/matrix/ROS2_Matrix) by extensions ['python_setup_py']
[0.916s] Level 1:colcon.colcon_core.package_identification:_identify(/home/matrix/ROS2_Matrix) by extension 'python_setup_py'
[0.916s] Level 1:colcon.colcon_core.package_identification:_identify(/home/matrix/ROS2_Matrix/build) by extensions ['ignore', 'ignore_ament_install']
[0.917s] Level 1:colcon.colcon_core.package_identification:_identify(/home/matrix/ROS2_Matrix/build) by extension 'ignore'
[0.917s] Level 1:colcon.colcon_core.package_identification:_identify(/home/matrix/ROS2_Matrix/build) ignored
[0.917s] Level 1:colcon.colcon_core.package_identification:_identify(/home/matrix/ROS2_Matrix/install) by extensions ['ignore', 'ignore_ament_install']
[0.917s] Level 1:colcon.colcon_core.package_identification:_identify(/home/matrix/ROS2_Matrix/install) by extension 'ignore'
[0.918s] Level 1:colcon.colcon_core.package_identification:_identify(/home/matrix/ROS2_Matrix/install) ignored
[0.918s] Level 1:colcon.colcon_core.package_identification:_identify(/home/matrix/ROS2_Matrix/log) by extensions ['ignore', 'ignore_ament_install']
[0.918s] Level 1:colcon.colcon_core.package_identification:_identify(/home/matrix/ROS2_Matrix/log) by extension 'ignore'
[0.918s] Level 1:colcon.colcon_core.package_identification:_identify(/home/matrix/ROS2_Matrix/log) ignored
[0.919s] Level 1:colcon.colcon_core.package_identification:_identify(/home/matrix/ROS2_Matrix/src) by extensions ['ignore', 'ignore_ament_install']
[0.919s] Level 1:colcon.colcon_core.package_identification:_identify(/home/matrix/ROS2_Matrix/src) by extension 'ignore'
[0.919s] Level 1:colcon.colcon_core.package_identification:_identify(/home/matrix/ROS2_Matrix/src) by extension 'ignore_ament_install'
[0.919s] Level 1:colcon.colcon_core.package_identification:_identify(/home/matrix/ROS2_Matrix/src) by extensions ['colcon_pkg']
[0.919s] Level 1:colcon.colcon_core.package_identification:_identify(/home/matrix/ROS2_Matrix/src) by extension 'colcon_pkg'
[0.919s] Level 1:colcon.colcon_core.package_identification:_identify(/home/matrix/ROS2_Matrix/src) by extensions ['colcon_meta']
[0.920s] Level 1:colcon.colcon_core.package_identification:_identify(/home/matrix/ROS2_Matrix/src) by extension 'colcon_meta'
[0.920s] Level 1:colcon.colcon_core.package_identification:_identify(/home/matrix/ROS2_Matrix/src) by extensions ['ros']
[0.920s] Level 1:colcon.colcon_core.package_identification:_identify(/home/matrix/ROS2_Matrix/src) by extension 'ros'
[0.920s] Level 1:colcon.colcon_core.package_identification:_identify(/home/matrix/ROS2_Matrix/src) by extensions ['cmake', 'python']
[0.920s] Level 1:colcon.colcon_core.package_identification:_identify(/home/matrix/ROS2_Matrix/src) by extension 'cmake'
[0.920s] Level 1:colcon.colcon_core.package_identification:_identify(/home/matrix/ROS2_Matrix/src) by extension 'python'
[0.920s] Level 1:colcon.colcon_core.package_identification:_identify(/home/matrix/ROS2_Matrix/src) by extensions ['python_setup_py']
[0.921s] Level 1:colcon.colcon_core.package_identification:_identify(/home/matrix/ROS2_Matrix/src) by extension 'python_setup_py'
[0.921s] Level 1:colcon.colcon_core.package_identification:_identify(/home/matrix/ROS2_Matrix/src/arduino_bot_description) by extensions ['ignore', 'ignore_ament_install']
[0.921s] Level 1:colcon.colcon_core.package_identification:_identify(/home/matrix/ROS2_Matrix/src/arduino_bot_description) by extension 'ignore'
[0.921s] Level 1:colcon.colcon_core.package_identification:_identify(/home/matrix/ROS2_Matrix/src/arduino_bot_description) by extension 'ignore_ament_install'
[0.921s] Level 1:colcon.colcon_core.package_identification:_identify(/home/matrix/ROS2_Matrix/src/arduino_bot_description) by extensions ['colcon_pkg']
[0.922s] Level 1:colcon.colcon_core.package_identification:_identify(/home/matrix/ROS2_Matrix/src/arduino_bot_description) by extension 'colcon_pkg'
[0.922s] Level 1:colcon.colcon_core.package_identification:_identify(/home/matrix/ROS2_Matrix/src/arduino_bot_description) by extensions ['colcon_meta']
[0.922s] Level 1:colcon.colcon_core.package_identification:_identify(/home/matrix/ROS2_Matrix/src/arduino_bot_description) by extension 'colcon_meta'
[0.922s] Level 1:colcon.colcon_core.package_identification:_identify(/home/matrix/ROS2_Matrix/src/arduino_bot_description) by extensions ['ros']
[0.922s] Level 1:colcon.colcon_core.package_identification:_identify(/home/matrix/ROS2_Matrix/src/arduino_bot_description) by extension 'ros'
[0.928s] DEBUG:colcon.colcon_core.package_identification:Package '/home/matrix/ROS2_Matrix/src/arduino_bot_description' with type 'ros.ament_cmake' and name 'arduino_bot_description'
[0.928s] Level 1:colcon.colcon_core.package_identification:_identify(/home/matrix/ROS2_Matrix/src/arduinobot_py_examples) by extensions ['ignore', 'ignore_ament_install']
[0.929s] Level 1:colcon.colcon_core.package_identification:_identify(/home/matrix/ROS2_Matrix/src/arduinobot_py_examples) by extension 'ignore'
[0.929s] Level 1:colcon.colcon_core.package_identification:_identify(/home/matrix/ROS2_Matrix/src/arduinobot_py_examples) by extension 'ignore_ament_install'
[0.929s] Level 1:colcon.colcon_core.package_identification:_identify(/home/matrix/ROS2_Matrix/src/arduinobot_py_examples) by extensions ['colcon_pkg']
[0.929s] Level 1:colcon.colcon_core.package_identification:_identify(/home/matrix/ROS2_Matrix/src/arduinobot_py_examples) by extension 'colcon_pkg'
[0.929s] Level 1:colcon.colcon_core.package_identification:_identify(/home/matrix/ROS2_Matrix/src/arduinobot_py_examples) by extensions ['colcon_meta']
[0.929s] Level 1:colcon.colcon_core.package_identification:_identify(/home/matrix/ROS2_Matrix/src/arduinobot_py_examples) by extension 'colcon_meta'
[0.929s] Level 1:colcon.colcon_core.package_identification:_identify(/home/matrix/ROS2_Matrix/src/arduinobot_py_examples) by extensions ['ros']
[0.930s] Level 1:colcon.colcon_core.package_identification:_identify(/home/matrix/ROS2_Matrix/src/arduinobot_py_examples) by extension 'ros'
[0.931s] DEBUG:colcon.colcon_core.package_identification:Package '/home/matrix/ROS2_Matrix/src/arduinobot_py_examples' with type 'ros.ament_python' and name 'arduinobot_py_examples'
[0.931s] Level 1:colcon.colcon_core.package_identification:_identify(/home/matrix/ROS2_Matrix/src/arduinorobot_cpp_ex) by extensions ['ignore', 'ignore_ament_install']
[0.932s] Level 1:colcon.colcon_core.package_identification:_identify(/home/matrix/ROS2_Matrix/src/arduinorobot_cpp_ex) by extension 'ignore'
[0.932s] Level 1:colcon.colcon_core.package_identification:_identify(/home/matrix/ROS2_Matrix/src/arduinorobot_cpp_ex) by extension 'ignore_ament_install'
[0.932s] Level 1:colcon.colcon_core.package_identification:_identify(/home/matrix/ROS2_Matrix/src/arduinorobot_cpp_ex) by extensions ['colcon_pkg']
[0.932s] Level 1:colcon.colcon_core.package_identification:_identify(/home/matrix/ROS2_Matrix/src/arduinorobot_cpp_ex) by extension 'colcon_pkg'
[0.932s] Level 1:colcon.colcon_core.package_identification:_identify(/home/matrix/ROS2_Matrix/src/arduinorobot_cpp_ex) by extensions ['colcon_meta']
[0.932s] Level 1:colcon.colcon_core.package_identification:_identify(/home/matrix/ROS2_Matrix/src/arduinorobot_cpp_ex) by extension 'colcon_meta'
[0.933s] Level 1:colcon.colcon_core.package_identification:_identify(/home/matrix/ROS2_Matrix/src/arduinorobot_cpp_ex) by extensions ['ros']
[0.933s] Level 1:colcon.colcon_core.package_identification:_identify(/home/matrix/ROS2_Matrix/src/arduinorobot_cpp_ex) by extension 'ros'
[0.934s] DEBUG:colcon.colcon_core.package_identification:Package '/home/matrix/ROS2_Matrix/src/arduinorobot_cpp_ex' with type 'ros.ament_cmake' and name 'arduinorobot_cpp_ex'
[0.934s] Level 1:colcon.colcon_core.package_identification:_identify(/home/matrix/ROS2_Matrix/src/cpp_node) by extensions ['ignore', 'ignore_ament_install']
[0.935s] Level 1:colcon.colcon_core.package_identification:_identify(/home/matrix/ROS2_Matrix/src/cpp_node) by extension 'ignore'
[0.935s] Level 1:colcon.colcon_core.package_identification:_identify(/home/matrix/ROS2_Matrix/src/cpp_node) by extension 'ignore_ament_install'
[0.935s] Level 1:colcon.colcon_core.package_identification:_identify(/home/matrix/ROS2_Matrix/src/cpp_node) by extensions ['colcon_pkg']
[0.935s] Level 1:colcon.colcon_core.package_identification:_identify(/home/matrix/ROS2_Matrix/src/cpp_node) by extension 'colcon_pkg'
[0.935s] Level 1:colcon.colcon_core.package_identification:_identify(/home/matrix/ROS2_Matrix/src/cpp_node) by extensions ['colcon_meta']
[0.935s] Level 1:colcon.colcon_core.package_identification:_identify(/home/matrix/ROS2_Matrix/src/cpp_node) by extension 'colcon_meta'
[0.936s] Level 1:colcon.colcon_core.package_identification:_identify(/home/matrix/ROS2_Matrix/src/cpp_node) by extensions ['ros']
[0.936s] Level 1:colcon.colcon_core.package_identification:_identify(/home/matrix/ROS2_Matrix/src/cpp_node) by extension 'ros'
[0.937s] DEBUG:colcon.colcon_core.package_identification:Package '/home/matrix/ROS2_Matrix/src/cpp_node' with type 'ros.ament_cmake' and name 'cpp_node'
[0.938s] Level 1:colcon.colcon_core.package_identification:_identify(/home/matrix/ROS2_Matrix/src/custom_msg) by extensions ['ignore', 'ignore_ament_install']
[0.938s] Level 1:colcon.colcon_core.package_identification:_identify(/home/matrix/ROS2_Matrix/src/custom_msg) by extension 'ignore'
[0.938s] Level 1:colcon.colcon_core.package_identification:_identify(/home/matrix/ROS2_Matrix/src/custom_msg) by extension 'ignore_ament_install'
[0.938s] Level 1:colcon.colcon_core.package_identification:_identify(/home/matrix/ROS2_Matrix/src/custom_msg) by extensions ['colcon_pkg']
[0.938s] Level 1:colcon.colcon_core.package_identification:_identify(/home/matrix/ROS2_Matrix/src/custom_msg) by extension 'colcon_pkg'
[0.939s] Level 1:colcon.colcon_core.package_identification:_identify(/home/matrix/ROS2_Matrix/src/custom_msg) by extensions ['colcon_meta']
[0.939s] Level 1:colcon.colcon_core.package_identification:_identify(/home/matrix/ROS2_Matrix/src/custom_msg) by extension 'colcon_meta'
[0.939s] Level 1:colcon.colcon_core.package_identification:_identify(/home/matrix/ROS2_Matrix/src/custom_msg) by extensions ['ros']
[0.939s] Level 1:colcon.colcon_core.package_identification:_identify(/home/matrix/ROS2_Matrix/src/custom_msg) by extension 'ros'
[0.941s] DEBUG:colcon.colcon_core.package_identification:Package '/home/matrix/ROS2_Matrix/src/custom_msg' with type 'ros.ament_cmake' and name 'custom_msg'
[0.941s] Level 1:colcon.colcon_core.package_identification:_identify(/home/matrix/ROS2_Matrix/src/diffRobot) by extensions ['ignore', 'ignore_ament_install']
[0.941s] Level 1:colcon.colcon_core.package_identification:_identify(/home/matrix/ROS2_Matrix/src/diffRobot) by extension 'ignore'
[0.942s] Level 1:colcon.colcon_core.package_identification:_identify(/home/matrix/ROS2_Matrix/src/diffRobot) by extension 'ignore_ament_install'
[0.942s] Level 1:colcon.colcon_core.package_identification:_identify(/home/matrix/ROS2_Matrix/src/diffRobot) by extensions ['colcon_pkg']
[0.942s] Level 1:colcon.colcon_core.package_identification:_identify(/home/matrix/ROS2_Matrix/src/diffRobot) by extension 'colcon_pkg'
[0.942s] Level 1:colcon.colcon_core.package_identification:_identify(/home/matrix/ROS2_Matrix/src/diffRobot) by extensions ['colcon_meta']
[0.942s] Level 1:colcon.colcon_core.package_identification:_identify(/home/matrix/ROS2_Matrix/src/diffRobot) by extension 'colcon_meta'
[0.942s] Level 1:colcon.colcon_core.package_identification:_identify(/home/matrix/ROS2_Matrix/src/diffRobot) by extensions ['ros']
[0.942s] Level 1:colcon.colcon_core.package_identification:_identify(/home/matrix/ROS2_Matrix/src/diffRobot) by extension 'ros'
[0.944s] DEBUG:colcon.colcon_core.package_identification:Package '/home/matrix/ROS2_Matrix/src/diffRobot' with type 'ros.ament_cmake' and name 'diffRobot'
[0.944s] Level 1:colcon.colcon_core.package_identification:_identify(/home/matrix/ROS2_Matrix/src/py_node) by extensions ['ignore', 'ignore_ament_install']
[0.945s] Level 1:colcon.colcon_core.package_identification:_identify(/home/matrix/ROS2_Matrix/src/py_node) by extension 'ignore'
[0.945s] Level 1:colcon.colcon_core.package_identification:_identify(/home/matrix/ROS2_Matrix/src/py_node) by extension 'ignore_ament_install'
[0.945s] Level 1:colcon.colcon_core.package_identification:_identify(/home/matrix/ROS2_Matrix/src/py_node) by extensions ['colcon_pkg']
[0.945s] Level 1:colcon.colcon_core.package_identification:_identify(/home/matrix/ROS2_Matrix/src/py_node) by extension 'colcon_pkg'
[0.945s] Level 1:colcon.colcon_core.package_identification:_identify(/home/matrix/ROS2_Matrix/src/py_node) by extensions ['colcon_meta']
[0.945s] Level 1:colcon.colcon_core.package_identification:_identify(/home/matrix/ROS2_Matrix/src/py_node) by extension 'colcon_meta'
[0.946s] Level 1:colcon.colcon_core.package_identification:_identify(/home/matrix/ROS2_Matrix/src/py_node) by extensions ['ros']
[0.946s] Level 1:colcon.colcon_core.package_identification:_identify(/home/matrix/ROS2_Matrix/src/py_node) by extension 'ros'
[0.947s] DEBUG:colcon.colcon_core.package_identification:Package '/home/matrix/ROS2_Matrix/src/py_node' with type 'ros.ament_python' and name 'py_node'
[0.947s] Level 1:colcon.colcon_core.package_identification:_identify(/home/matrix/ROS2_Matrix/src/robotArm_4DOF) by extensions ['ignore', 'ignore_ament_install']
[0.948s] Level 1:colcon.colcon_core.package_identification:_identify(/home/matrix/ROS2_Matrix/src/robotArm_4DOF) by extension 'ignore'
[0.948s] Level 1:colcon.colcon_core.package_identification:_identify(/home/matrix/ROS2_Matrix/src/robotArm_4DOF) by extension 'ignore_ament_install'
[0.948s] Level 1:colcon.colcon_core.package_identification:_identify(/home/matrix/ROS2_Matrix/src/robotArm_4DOF) by extensions ['colcon_pkg']
[0.948s] Level 1:colcon.colcon_core.package_identification:_identify(/home/matrix/ROS2_Matrix/src/robotArm_4DOF) by extension 'colcon_pkg'
[0.948s] Level 1:colcon.colcon_core.package_identification:_identify(/home/matrix/ROS2_Matrix/src/robotArm_4DOF) by extensions ['colcon_meta']
[0.949s] Level 1:colcon.colcon_core.package_identification:_identify(/home/matrix/ROS2_Matrix/src/robotArm_4DOF) by extension 'colcon_meta'
[0.949s] Level 1:colcon.colcon_core.package_identification:_identify(/home/matrix/ROS2_Matrix/src/robotArm_4DOF) by extensions ['ros']
[0.949s] Level 1:colcon.colcon_core.package_identification:_identify(/home/matrix/ROS2_Matrix/src/robotArm_4DOF) by extension 'ros'
[0.950s] DEBUG:colcon.colcon_core.package_identification:Package '/home/matrix/ROS2_Matrix/src/robotArm_4DOF' with type 'ros.ament_cmake' and name 'robot_arm_4dof'
[0.951s] Level 1:colcon.colcon_core.package_identification:_identify(/home/matrix/ROS2_Matrix/src/use_custom_msg) by extensions ['ignore', 'ignore_ament_install']
[0.951s] Level 1:colcon.colcon_core.package_identification:_identify(/home/matrix/ROS2_Matrix/src/use_custom_msg) by extension 'ignore'
[0.951s] Level 1:colcon.colcon_core.package_identification:_identify(/home/matrix/ROS2_Matrix/src/use_custom_msg) by extension 'ignore_ament_install'
[0.951s] Level 1:colcon.colcon_core.package_identification:_identify(/home/matrix/ROS2_Matrix/src/use_custom_msg) by extensions ['colcon_pkg']
[0.951s] Level 1:colcon.colcon_core.package_identification:_identify(/home/matrix/ROS2_Matrix/src/use_custom_msg) by extension 'colcon_pkg'
[0.952s] Level 1:colcon.colcon_core.package_identification:_identify(/home/matrix/ROS2_Matrix/src/use_custom_msg) by extensions ['colcon_meta']
[0.952s] Level 1:colcon.colcon_core.package_identification:_identify(/home/matrix/ROS2_Matrix/src/use_custom_msg) by extension 'colcon_meta'
[0.952s] Level 1:colcon.colcon_core.package_identification:_identify(/home/matrix/ROS2_Matrix/src/use_custom_msg) by extensions ['ros']
[0.952s] Level 1:colcon.colcon_core.package_identification:_identify(/home/matrix/ROS2_Matrix/src/use_custom_msg) by extension 'ros'
[0.954s] DEBUG:colcon.colcon_core.package_identification:Package '/home/matrix/ROS2_Matrix/src/use_custom_msg' with type 'ros.ament_cmake' and name 'use_custom_msg'
[0.955s] Level 1:colcon.colcon_core.package_discovery:discover_packages(recursive) using defaults
