[0.260s] DEBUG:colcon:Command line arguments: ['/usr/bin/colcon', 'build', '--packages-select', 'custom_pkg']
[0.261s] DEBUG:colcon:Parsed command line arguments: Namespace(log_base=None, log_level=None, verb_name='build', build_base='build', install_base='install', merge_install=False, symlink_install=False, test_result_base=None, continue_on_error=False, executor='parallel', parallel_workers=8, event_handlers=None, ignore_user_meta=False, metas=['./colcon.meta'], base_paths=['.'], packages_ignore=None, packages_ignore_regex=None, paths=None, packages_up_to=None, packages_up_to_regex=None, packages_above=None, packages_above_and_dependencies=None, packages_above_depth=None, packages_select_by_dep=None, packages_skip_by_dep=None, packages_skip_up_to=None, packages_select_build_failed=False, packages_skip_build_finished=False, packages_select_test_failures=False, packages_skip_test_passed=False, packages_select=['custom_pkg'], packages_skip=None, packages_select_regex=None, packages_skip_regex=None, packages_start=None, packages_end=None, allow_overriding=[], cmake_args=None, cmake_target=None, cmake_target_skip_unavailable=False, cmake_clean_cache=False, cmake_clean_first=False, cmake_force_configure=False, ament_cmake_args=None, catkin_cmake_args=None, catkin_skip_building_tests=False, mixin_files=None, mixin=None, verb_parser=<colcon_mixin.mixin.mixin_argument.MixinArgumentDecorator object at 0x7bac79569c60>, verb_extension=<colcon_core.verb.build.BuildVerb object at 0x7bac7966abf0>, main=<bound method BuildVerb.main of <colcon_core.verb.build.BuildVerb object at 0x7bac7966abf0>>, mixin_verb=('build',))
[0.678s] Level 1:colcon.colcon_core.package_discovery:discover_packages(colcon_meta) check parameters
[0.678s] Level 1:colcon.colcon_core.package_discovery:discover_packages(recursive) check parameters
[0.679s] Level 1:colcon.colcon_core.package_discovery:discover_packages(ignore) check parameters
[0.679s] Level 1:colcon.colcon_core.package_discovery:discover_packages(path) check parameters
[0.679s] Level 1:colcon.colcon_core.package_discovery:discover_packages(colcon_meta) discover
[0.679s] Level 1:colcon.colcon_core.package_discovery:discover_packages(recursive) discover
[0.679s] INFO:colcon.colcon_core.package_discovery:Crawling recursively for packages in '/home/matrix/ros2_ws'
[0.680s] Level 1:colcon.colcon_core.package_identification:_identify(.) by extensions ['ignore', 'ignore_ament_install']
[0.680s] Level 1:colcon.colcon_core.package_identification:_identify(.) by extension 'ignore'
[0.680s] Level 1:colcon.colcon_core.package_identification:_identify(.) by extension 'ignore_ament_install'
[0.680s] Level 1:colcon.colcon_core.package_identification:_identify(.) by extensions ['colcon_pkg']
[0.680s] Level 1:colcon.colcon_core.package_identification:_identify(.) by extension 'colcon_pkg'
[0.680s] Level 1:colcon.colcon_core.package_identification:_identify(.) by extensions ['colcon_meta']
[0.680s] Level 1:colcon.colcon_core.package_identification:_identify(.) by extension 'colcon_meta'
[0.681s] Level 1:colcon.colcon_core.package_identification:_identify(.) by extensions ['ros']
[0.681s] Level 1:colcon.colcon_core.package_identification:_identify(.) by extension 'ros'
[0.704s] Level 1:colcon.colcon_core.package_identification:_identify(.) by extensions ['cmake', 'python']
[0.704s] Level 1:colcon.colcon_core.package_identification:_identify(.) by extension 'cmake'
[0.704s] Level 1:colcon.colcon_core.package_identification:_identify(.) by extension 'python'
[0.704s] Level 1:colcon.colcon_core.package_identification:_identify(.) by extensions ['python_setup_py']
[0.704s] Level 1:colcon.colcon_core.package_identification:_identify(.) by extension 'python_setup_py'
[0.705s] Level 1:colcon.colcon_core.package_identification:_identify(build) by extensions ['ignore', 'ignore_ament_install']
[0.705s] Level 1:colcon.colcon_core.package_identification:_identify(build) by extension 'ignore'
[0.705s] Level 1:colcon.colcon_core.package_identification:_identify(build) ignored
[0.705s] Level 1:colcon.colcon_core.package_identification:_identify(install) by extensions ['ignore', 'ignore_ament_install']
[0.705s] Level 1:colcon.colcon_core.package_identification:_identify(install) by extension 'ignore'
[0.706s] Level 1:colcon.colcon_core.package_identification:_identify(install) ignored
[0.706s] Level 1:colcon.colcon_core.package_identification:_identify(log) by extensions ['ignore', 'ignore_ament_install']
[0.706s] Level 1:colcon.colcon_core.package_identification:_identify(log) by extension 'ignore'
[0.706s] Level 1:colcon.colcon_core.package_identification:_identify(log) ignored
[0.706s] Level 1:colcon.colcon_core.package_identification:_identify(src) by extensions ['ignore', 'ignore_ament_install']
[0.706s] Level 1:colcon.colcon_core.package_identification:_identify(src) by extension 'ignore'
[0.707s] Level 1:colcon.colcon_core.package_identification:_identify(src) by extension 'ignore_ament_install'
[0.707s] Level 1:colcon.colcon_core.package_identification:_identify(src) by extensions ['colcon_pkg']
[0.707s] Level 1:colcon.colcon_core.package_identification:_identify(src) by extension 'colcon_pkg'
[0.707s] Level 1:colcon.colcon_core.package_identification:_identify(src) by extensions ['colcon_meta']
[0.707s] Level 1:colcon.colcon_core.package_identification:_identify(src) by extension 'colcon_meta'
[0.707s] Level 1:colcon.colcon_core.package_identification:_identify(src) by extensions ['ros']
[0.707s] Level 1:colcon.colcon_core.package_identification:_identify(src) by extension 'ros'
[0.707s] Level 1:colcon.colcon_core.package_identification:_identify(src) by extensions ['cmake', 'python']
[0.708s] Level 1:colcon.colcon_core.package_identification:_identify(src) by extension 'cmake'
[0.708s] Level 1:colcon.colcon_core.package_identification:_identify(src) by extension 'python'
[0.708s] Level 1:colcon.colcon_core.package_identification:_identify(src) by extensions ['python_setup_py']
[0.708s] Level 1:colcon.colcon_core.package_identification:_identify(src) by extension 'python_setup_py'
[0.708s] Level 1:colcon.colcon_core.package_identification:_identify(src/cpp_node) by extensions ['ignore', 'ignore_ament_install']
[0.708s] Level 1:colcon.colcon_core.package_identification:_identify(src/cpp_node) by extension 'ignore'
[0.709s] Level 1:colcon.colcon_core.package_identification:_identify(src/cpp_node) by extension 'ignore_ament_install'
[0.709s] Level 1:colcon.colcon_core.package_identification:_identify(src/cpp_node) by extensions ['colcon_pkg']
[0.709s] Level 1:colcon.colcon_core.package_identification:_identify(src/cpp_node) by extension 'colcon_pkg'
[0.709s] Level 1:colcon.colcon_core.package_identification:_identify(src/cpp_node) by extensions ['colcon_meta']
[0.709s] Level 1:colcon.colcon_core.package_identification:_identify(src/cpp_node) by extension 'colcon_meta'
[0.709s] Level 1:colcon.colcon_core.package_identification:_identify(src/cpp_node) by extensions ['ros']
[0.709s] Level 1:colcon.colcon_core.package_identification:_identify(src/cpp_node) by extension 'ros'
[0.714s] DEBUG:colcon.colcon_core.package_identification:Package 'src/cpp_node' with type 'ros.ament_cmake' and name 'cpp_node'
[0.714s] Level 1:colcon.colcon_core.package_identification:_identify(src/custom_pkg) by extensions ['ignore', 'ignore_ament_install']
[0.714s] Level 1:colcon.colcon_core.package_identification:_identify(src/custom_pkg) by extension 'ignore'
[0.714s] Level 1:colcon.colcon_core.package_identification:_identify(src/custom_pkg) by extension 'ignore_ament_install'
[0.715s] Level 1:colcon.colcon_core.package_identification:_identify(src/custom_pkg) by extensions ['colcon_pkg']
[0.715s] Level 1:colcon.colcon_core.package_identification:_identify(src/custom_pkg) by extension 'colcon_pkg'
[0.715s] Level 1:colcon.colcon_core.package_identification:_identify(src/custom_pkg) by extensions ['colcon_meta']
[0.715s] Level 1:colcon.colcon_core.package_identification:_identify(src/custom_pkg) by extension 'colcon_meta'
[0.715s] Level 1:colcon.colcon_core.package_identification:_identify(src/custom_pkg) by extensions ['ros']
[0.715s] Level 1:colcon.colcon_core.package_identification:_identify(src/custom_pkg) by extension 'ros'
[0.716s] DEBUG:colcon.colcon_core.package_identification:Package 'src/custom_pkg' with type 'ros.ament_cmake' and name 'custom_pkg'
[0.717s] Level 1:colcon.colcon_core.package_identification:_identify(src/py_node) by extensions ['ignore', 'ignore_ament_install']
[0.717s] Level 1:colcon.colcon_core.package_identification:_identify(src/py_node) by extension 'ignore'
[0.717s] Level 1:colcon.colcon_core.package_identification:_identify(src/py_node) by extension 'ignore_ament_install'
[0.717s] Level 1:colcon.colcon_core.package_identification:_identify(src/py_node) by extensions ['colcon_pkg']
[0.717s] Level 1:colcon.colcon_core.package_identification:_identify(src/py_node) by extension 'colcon_pkg'
[0.717s] Level 1:colcon.colcon_core.package_identification:_identify(src/py_node) by extensions ['colcon_meta']
[0.718s] Level 1:colcon.colcon_core.package_identification:_identify(src/py_node) by extension 'colcon_meta'
[0.718s] Level 1:colcon.colcon_core.package_identification:_identify(src/py_node) by extensions ['ros']
[0.718s] Level 1:colcon.colcon_core.package_identification:_identify(src/py_node) by extension 'ros'
[0.719s] DEBUG:colcon.colcon_core.package_identification:Package 'src/py_node' with type 'ros.ament_python' and name 'py_node'
[0.719s] Level 1:colcon.colcon_core.package_discovery:discover_packages(recursive) using defaults
[0.719s] Level 1:colcon.colcon_core.package_discovery:discover_packages(ignore) discover
[0.719s] Level 1:colcon.colcon_core.package_discovery:discover_packages(ignore) using defaults
[0.719s] Level 1:colcon.colcon_core.package_discovery:discover_packages(path) discover
[0.719s] Level 1:colcon.colcon_core.package_discovery:discover_packages(path) using defaults
[0.769s] INFO:colcon.colcon_core.package_selection:Skipping not selected package 'cpp_node' in 'src/cpp_node'
[0.769s] INFO:colcon.colcon_core.package_selection:Skipping not selected package 'py_node' in 'src/py_node'
[0.770s] Level 1:colcon.colcon_core.package_discovery:discover_packages(prefix_path) check parameters
[0.770s] Level 1:colcon.colcon_core.package_discovery:discover_packages(prefix_path) discover
[0.777s] DEBUG:colcon.colcon_installed_package_information.package_discovery:Found 3 installed packages in /home/matrix/ros2_ws/install
[0.785s] DEBUG:colcon.colcon_installed_package_information.package_discovery:Found 298 installed packages in /opt/ros/humble
[0.788s] Level 1:colcon.colcon_core.package_discovery:discover_packages(prefix_path) using defaults
[0.888s] Level 5:colcon.colcon_core.verb:set package 'custom_pkg' build argument 'cmake_args' from command line to 'None'
[0.888s] Level 5:colcon.colcon_core.verb:set package 'custom_pkg' build argument 'cmake_target' from command line to 'None'
[0.888s] Level 5:colcon.colcon_core.verb:set package 'custom_pkg' build argument 'cmake_target_skip_unavailable' from command line to 'False'
[0.889s] Level 5:colcon.colcon_core.verb:set package 'custom_pkg' build argument 'cmake_clean_cache' from command line to 'False'
[0.889s] Level 5:colcon.colcon_core.verb:set package 'custom_pkg' build argument 'cmake_clean_first' from command line to 'False'
[0.889s] Level 5:colcon.colcon_core.verb:set package 'custom_pkg' build argument 'cmake_force_configure' from command line to 'False'
[0.889s] Level 5:colcon.colcon_core.verb:set package 'custom_pkg' build argument 'ament_cmake_args' from command line to 'None'
[0.889s] Level 5:colcon.colcon_core.verb:set package 'custom_pkg' build argument 'catkin_cmake_args' from command line to 'None'
[0.889s] Level 5:colcon.colcon_core.verb:set package 'custom_pkg' build argument 'catkin_skip_building_tests' from command line to 'False'
[0.889s] DEBUG:colcon.colcon_core.verb:Building package 'custom_pkg' with the following arguments: {'ament_cmake_args': None, 'build_base': '/home/matrix/ros2_ws/build/custom_pkg', 'catkin_cmake_args': None, 'catkin_skip_building_tests': False, 'cmake_args': None, 'cmake_clean_cache': False, 'cmake_clean_first': False, 'cmake_force_configure': False, 'cmake_target': None, 'cmake_target_skip_unavailable': False, 'install_base': '/home/matrix/ros2_ws/install/custom_pkg', 'merge_install': False, 'path': '/home/matrix/ros2_ws/src/custom_pkg', 'symlink_install': False, 'test_result_base': None}
[0.889s] INFO:colcon.colcon_core.executor:Executing jobs using 'parallel' executor
[0.892s] DEBUG:colcon.colcon_parallel_executor.executor.parallel:run_until_complete
[0.892s] INFO:colcon.colcon_ros.task.ament_cmake.build:Building ROS package in '/home/matrix/ros2_ws/src/custom_pkg' with build type 'ament_cmake'
[0.892s] INFO:colcon.colcon_cmake.task.cmake.build:Building CMake package in '/home/matrix/ros2_ws/src/custom_pkg'
[0.900s] INFO:colcon.colcon_core.plugin_system:Skipping extension 'colcon_core.shell.bat': Not used on non-Windows systems
[0.900s] INFO:colcon.colcon_core.shell:Skip shell extension 'powershell' for command environment: Not usable outside of PowerShell
[0.900s] DEBUG:colcon.colcon_core.shell:Skip shell extension 'dsv' for command environment
[0.949s] DEBUG:colcon.colcon_core.event_handler.log_command:Invoking command in '/home/matrix/ros2_ws/build/custom_pkg': CMAKE_PREFIX_PATH=${CMAKE_PREFIX_PATH}:/home/matrix/ros2_ws/install/py_node:/opt/ros/humble /usr/bin/cmake --build /home/matrix/ros2_ws/build/custom_pkg -- -j8 -l8
[5.304s] Level 1:colcon.colcon_core.environment:create_environment_scripts_only(custom_pkg)
[5.307s] DEBUG:colcon.colcon_core.event_handler.log_command:Invoked command in '/home/matrix/ros2_ws/build/custom_pkg' returned '2': CMAKE_PREFIX_PATH=${CMAKE_PREFIX_PATH}:/home/matrix/ros2_ws/install/py_node:/opt/ros/humble /usr/bin/cmake --build /home/matrix/ros2_ws/build/custom_pkg -- -j8 -l8
[5.313s] Level 1:colcon.colcon_core.environment:checking '/home/matrix/ros2_ws/install/custom_pkg' for CMake module files
[5.315s] Level 1:colcon.colcon_core.environment:checking '/home/matrix/ros2_ws/install/custom_pkg' for CMake config files
[5.317s] Level 1:colcon.colcon_core.shell:create_environment_hook('custom_pkg', 'cmake_prefix_path')
[5.317s] INFO:colcon.colcon_core.shell:Creating environment hook '/home/matrix/ros2_ws/install/custom_pkg/share/custom_pkg/hook/cmake_prefix_path.ps1'
[5.319s] INFO:colcon.colcon_core.shell:Creating environment descriptor '/home/matrix/ros2_ws/install/custom_pkg/share/custom_pkg/hook/cmake_prefix_path.dsv'
[5.320s] INFO:colcon.colcon_core.shell:Creating environment hook '/home/matrix/ros2_ws/install/custom_pkg/share/custom_pkg/hook/cmake_prefix_path.sh'
[5.321s] Level 1:colcon.colcon_core.environment:checking '/home/matrix/ros2_ws/install/custom_pkg/lib'
[5.322s] Level 1:colcon.colcon_core.shell:create_environment_hook('custom_pkg', 'ld_library_path_lib')
[5.322s] INFO:colcon.colcon_core.shell:Creating environment hook '/home/matrix/ros2_ws/install/custom_pkg/share/custom_pkg/hook/ld_library_path_lib.ps1'
[5.323s] INFO:colcon.colcon_core.shell:Creating environment descriptor '/home/matrix/ros2_ws/install/custom_pkg/share/custom_pkg/hook/ld_library_path_lib.dsv'
[5.324s] INFO:colcon.colcon_core.shell:Creating environment hook '/home/matrix/ros2_ws/install/custom_pkg/share/custom_pkg/hook/ld_library_path_lib.sh'
[5.325s] Level 1:colcon.colcon_core.environment:checking '/home/matrix/ros2_ws/install/custom_pkg/bin'
[5.326s] Level 1:colcon.colcon_core.environment:checking '/home/matrix/ros2_ws/install/custom_pkg/lib/pkgconfig/custom_pkg.pc'
[5.326s] Level 1:colcon.colcon_core.environment:checking '/home/matrix/ros2_ws/install/custom_pkg/lib/python3.10/site-packages'
[5.326s] Level 1:colcon.colcon_core.environment:checking '/home/matrix/ros2_ws/install/custom_pkg/bin'
[5.327s] INFO:colcon.colcon_core.shell:Creating package script '/home/matrix/ros2_ws/install/custom_pkg/share/custom_pkg/package.ps1'
[5.328s] INFO:colcon.colcon_core.shell:Creating package descriptor '/home/matrix/ros2_ws/install/custom_pkg/share/custom_pkg/package.dsv'
[5.330s] INFO:colcon.colcon_core.shell:Creating package script '/home/matrix/ros2_ws/install/custom_pkg/share/custom_pkg/package.sh'
[5.332s] INFO:colcon.colcon_core.shell:Creating package script '/home/matrix/ros2_ws/install/custom_pkg/share/custom_pkg/package.bash'
[5.334s] INFO:colcon.colcon_core.shell:Creating package script '/home/matrix/ros2_ws/install/custom_pkg/share/custom_pkg/package.zsh'
[5.335s] Level 1:colcon.colcon_core.environment:create_file_with_runtime_dependencies(/home/matrix/ros2_ws/install/custom_pkg/share/colcon-core/packages/custom_pkg)
[5.338s] DEBUG:colcon.colcon_parallel_executor.executor.parallel:closing loop
[5.338s] DEBUG:colcon.colcon_parallel_executor.executor.parallel:loop closed
[5.338s] DEBUG:colcon.colcon_parallel_executor.executor.parallel:run_until_complete finished with '2'
[5.338s] DEBUG:colcon.colcon_core.event_reactor:joining thread
[5.356s] INFO:colcon.colcon_core.plugin_system:Skipping extension 'colcon_notification.desktop_notification.terminal_notifier': Not used on non-Darwin systems
[5.357s] INFO:colcon.colcon_core.plugin_system:Skipping extension 'colcon_notification.desktop_notification.win32': Not used on non-Windows systems
[5.357s] INFO:colcon.colcon_notification.desktop_notification:Sending desktop notification using 'notify2'
[5.401s] DEBUG:colcon.colcon_core.event_reactor:joined thread
[5.402s] INFO:colcon.colcon_core.shell:Creating prefix script '/home/matrix/ros2_ws/install/local_setup.ps1'
[5.404s] INFO:colcon.colcon_core.shell:Creating prefix util module '/home/matrix/ros2_ws/install/_local_setup_util_ps1.py'
[5.407s] INFO:colcon.colcon_core.shell:Creating prefix chain script '/home/matrix/ros2_ws/install/setup.ps1'
[5.410s] INFO:colcon.colcon_core.shell:Creating prefix script '/home/matrix/ros2_ws/install/local_setup.sh'
[5.411s] INFO:colcon.colcon_core.shell:Creating prefix util module '/home/matrix/ros2_ws/install/_local_setup_util_sh.py'
[5.413s] INFO:colcon.colcon_core.shell:Creating prefix chain script '/home/matrix/ros2_ws/install/setup.sh'
[5.416s] INFO:colcon.colcon_core.shell:Creating prefix script '/home/matrix/ros2_ws/install/local_setup.bash'
[5.417s] INFO:colcon.colcon_core.shell:Creating prefix chain script '/home/matrix/ros2_ws/install/setup.bash'
[5.420s] INFO:colcon.colcon_core.shell:Creating prefix script '/home/matrix/ros2_ws/install/local_setup.zsh'
[5.421s] INFO:colcon.colcon_core.shell:Creating prefix chain script '/home/matrix/ros2_ws/install/setup.zsh'
