[0.076s] Invoking command in '/home/matrix/ros2_ws/build/robot_arm_4dof': CMAKE_PREFIX_PATH=${CMAKE_PREFIX_PATH}:/home/matrix/ros2_ws/install/py_node:/opt/ros/humble /usr/bin/cmake --build /home/matrix/ros2_ws/build/robot_arm_4dof -- -j8 -l8
[0.185s] -- Found ament_cmake: 1.3.11 (/opt/ros/humble/share/ament_cmake/cmake)
[0.408s] -- Found ament_lint_auto: 0.12.11 (/opt/ros/humble/share/ament_lint_auto/cmake)
[0.531s] -- Added test 'flake8' to check Python code syntax and style conventions
[0.531s] -- Added test 'lint_cmake' to check CMake code style
[0.531s] -- Added test 'pep257' to check Python code against some of the docstring style conventions in PEP 257
[0.532s] -- Added test 'xmllint' to check XML markup files
[0.538s] -- Configuring done
[0.543s] -- Generating done
[0.543s] -- Build files have been written to: /home/matrix/ros2_ws/build/robot_arm_4dof
[0.695s] Invoked command in '/home/matrix/ros2_ws/build/robot_arm_4dof' returned '0': CMAKE_PREFIX_PATH=${CMAKE_PREFIX_PATH}:/home/matrix/ros2_ws/install/py_node:/opt/ros/humble /usr/bin/cmake --build /home/matrix/ros2_ws/build/robot_arm_4dof -- -j8 -l8
[0.749s] Invoking command in '/home/matrix/ros2_ws/build/robot_arm_4dof': CMAKE_PREFIX_PATH=${CMAKE_PREFIX_PATH}:/home/matrix/ros2_ws/install/py_node:/opt/ros/humble /usr/bin/cmake --install /home/matrix/ros2_ws/build/robot_arm_4dof
[0.778s] -- Install configuration: ""
[0.779s] -- Installing: /home/matrix/ros2_ws/install/robot_arm_4dof/share/robot_arm_4dof/urdf
[0.779s] -- Installing: /home/matrix/ros2_ws/install/robot_arm_4dof/share/robot_arm_4dof/urdf/robotic_arm.urdf.xacro
[0.779s] -- Installing: /home/matrix/ros2_ws/install/robot_arm_4dof/share/robot_arm_4dof/urdf/materials.xacro
[0.779s] -- Installing: /home/matrix/ros2_ws/install/robot_arm_4dof/share/robot_arm_4dof/urdf/macros.xacro
[0.780s] -- Up-to-date: /home/matrix/ros2_ws/install/robot_arm_4dof/share/ament_index/resource_index/package_run_dependencies/robot_arm_4dof
[0.780s] -- Installing: /home/matrix/ros2_ws/install/robot_arm_4dof/share/ament_index/resource_index/parent_prefix_path/robot_arm_4dof
[0.780s] -- Up-to-date: /home/matrix/ros2_ws/install/robot_arm_4dof/share/robot_arm_4dof/environment/ament_prefix_path.sh
[0.780s] -- Installing: /home/matrix/ros2_ws/install/robot_arm_4dof/share/robot_arm_4dof/environment/ament_prefix_path.dsv
[0.780s] -- Up-to-date: /home/matrix/ros2_ws/install/robot_arm_4dof/share/robot_arm_4dof/environment/path.sh
[0.780s] -- Installing: /home/matrix/ros2_ws/install/robot_arm_4dof/share/robot_arm_4dof/environment/path.dsv
[0.780s] -- Up-to-date: /home/matrix/ros2_ws/install/robot_arm_4dof/share/robot_arm_4dof/local_setup.bash
[0.781s] -- Up-to-date: /home/matrix/ros2_ws/install/robot_arm_4dof/share/robot_arm_4dof/local_setup.sh
[0.781s] -- Up-to-date: /home/matrix/ros2_ws/install/robot_arm_4dof/share/robot_arm_4dof/local_setup.zsh
[0.781s] -- Installing: /home/matrix/ros2_ws/install/robot_arm_4dof/share/robot_arm_4dof/local_setup.dsv
[0.781s] -- Installing: /home/matrix/ros2_ws/install/robot_arm_4dof/share/robot_arm_4dof/package.dsv
[0.781s] -- Up-to-date: /home/matrix/ros2_ws/install/robot_arm_4dof/share/ament_index/resource_index/packages/robot_arm_4dof
[0.781s] -- Up-to-date: /home/matrix/ros2_ws/install/robot_arm_4dof/share/robot_arm_4dof/cmake/robot_arm_4dofConfig.cmake
[0.781s] -- Up-to-date: /home/matrix/ros2_ws/install/robot_arm_4dof/share/robot_arm_4dof/cmake/robot_arm_4dofConfig-version.cmake
[0.781s] -- Up-to-date: /home/matrix/ros2_ws/install/robot_arm_4dof/share/robot_arm_4dof/package.xml
[0.784s] Invoked command in '/home/matrix/ros2_ws/build/robot_arm_4dof' returned '0': CMAKE_PREFIX_PATH=${CMAKE_PREFIX_PATH}:/home/matrix/ros2_ws/install/py_node:/opt/ros/humble /usr/bin/cmake --install /home/matrix/ros2_ws/build/robot_arm_4dof
