[0.145s] Invoking command in '/home/matrix/ros2_ws/build/cpp_node': CMAKE_PREFIX_PATH=${CMAKE_PREFIX_PATH}:/home/matrix/ros2_ws/install/py_node:/opt/ros/humble /usr/bin/cmake --build /home/matrix/ros2_ws/build/cpp_node -- -j8 -l8
[0.781s] [ 50%] Built target talker
[0.919s] [100%] Built target listener
[2.678s] Invoked command in '/home/matrix/ros2_ws/build/cpp_node' returned '0': CMAKE_PREFIX_PATH=${CMAKE_PREFIX_PATH}:/home/matrix/ros2_ws/install/py_node:/opt/ros/humble /usr/bin/cmake --build /home/matrix/ros2_ws/build/cpp_node -- -j8 -l8
[2.820s] Invoking command in '/home/matrix/ros2_ws/build/cpp_node': CMAKE_PREFIX_PATH=${CMAKE_PREFIX_PATH}:/home/matrix/ros2_ws/install/py_node:/opt/ros/humble /usr/bin/cmake --install /home/matrix/ros2_ws/build/cpp_node
[2.920s] -- Install configuration: ""
[2.944s] -- Up-to-date: /home/matrix/ros2_ws/install/cpp_node/lib/cpp_node/talker
[2.969s] -- Up-to-date: /home/matrix/ros2_ws/install/cpp_node/lib/cpp_node/listener
[2.994s] -- Up-to-date: /home/matrix/ros2_ws/install/cpp_node/share/ament_index/resource_index/package_run_dependencies/cpp_node
[2.999s] -- Up-to-date: /home/matrix/ros2_ws/install/cpp_node/share/ament_index/resource_index/parent_prefix_path/cpp_node
[3.000s] -- Up-to-date: /home/matrix/ros2_ws/install/cpp_node/share/cpp_node/environment/ament_prefix_path.sh
[3.012s] -- Up-to-date: /home/matrix/ros2_ws/install/cpp_node/share/cpp_node/environment/ament_prefix_path.dsv
[3.013s] -- Up-to-date: /home/matrix/ros2_ws/install/cpp_node/share/cpp_node/environment/path.sh
[3.013s] -- Up-to-date: /home/matrix/ros2_ws/install/cpp_node/share/cpp_node/environment/path.dsv
[3.046s] -- Up-to-date: /home/matrix/ros2_ws/install/cpp_node/share/cpp_node/local_setup.bash
[3.072s] -- Up-to-date: /home/matrix/ros2_ws/install/cpp_node/share/cpp_node/local_setup.sh
[3.072s] -- Up-to-date: /home/matrix/ros2_ws/install/cpp_node/share/cpp_node/local_setup.zsh
[3.072s] -- Up-to-date: /home/matrix/ros2_ws/install/cpp_node/share/cpp_node/local_setup.dsv
[3.073s] -- Installing: /home/matrix/ros2_ws/install/cpp_node/share/cpp_node/package.dsv
[3.073s] -- Up-to-date: /home/matrix/ros2_ws/install/cpp_node/share/ament_index/resource_index/packages/cpp_node
[3.087s] -- Up-to-date: /home/matrix/ros2_ws/install/cpp_node/share/cpp_node/cmake/cpp_nodeConfig.cmake
[3.093s] -- Up-to-date: /home/matrix/ros2_ws/install/cpp_node/share/cpp_node/cmake/cpp_nodeConfig-version.cmake
[3.094s] -- Up-to-date: /home/matrix/ros2_ws/install/cpp_node/share/cpp_node/package.xml
[3.094s] Invoked command in '/home/matrix/ros2_ws/build/cpp_node' returned '0': CMAKE_PREFIX_PATH=${CMAKE_PREFIX_PATH}:/home/matrix/ros2_ws/install/py_node:/opt/ros/humble /usr/bin/cmake --install /home/matrix/ros2_ws/build/cpp_node
