[0.257s] DEBUG:colcon:Command line arguments: ['/usr/bin/colcon', 'build']
[0.257s] DEBUG:colcon:Parsed command line arguments: Namespace(log_base=None, log_level=None, verb_name='build', build_base='build', install_base='install', merge_install=False, symlink_install=False, test_result_base=None, continue_on_error=False, executor='parallel', parallel_workers=8, event_handlers=None, ignore_user_meta=False, metas=['./colcon.meta'], base_paths=['.'], packages_ignore=None, packages_ignore_regex=None, paths=None, packages_up_to=None, packages_up_to_regex=None, packages_above=None, packages_above_and_dependencies=None, packages_above_depth=None, packages_select_by_dep=None, packages_skip_by_dep=None, packages_skip_up_to=None, packages_select_build_failed=False, packages_skip_build_finished=False, packages_select_test_failures=False, packages_skip_test_passed=False, packages_select=None, packages_skip=None, packages_select_regex=None, packages_skip_regex=None, packages_start=None, packages_end=None, allow_overriding=[], cmake_args=None, cmake_target=None, cmake_target_skip_unavailable=False, cmake_clean_cache=False, cmake_clean_first=False, cmake_force_configure=False, ament_cmake_args=None, catkin_cmake_args=None, catkin_skip_building_tests=False, mixin_files=None, mixin=None, verb_parser=<colcon_mixin.mixin.mixin_argument.MixinArgumentDecorator object at 0x7fa64bcd5c30>, verb_extension=<colcon_core.verb.build.BuildVerb object at 0x7fa64bdd6bc0>, main=<bound method BuildVerb.main of <colcon_core.verb.build.BuildVerb object at 0x7fa64bdd6bc0>>, mixin_verb=('build',))
[0.703s] Level 1:colcon.colcon_core.package_discovery:discover_packages(colcon_meta) check parameters
[0.703s] Level 1:colcon.colcon_core.package_discovery:discover_packages(recursive) check parameters
[0.703s] Level 1:colcon.colcon_core.package_discovery:discover_packages(ignore) check parameters
[0.703s] Level 1:colcon.colcon_core.package_discovery:discover_packages(path) check parameters
[0.703s] Level 1:colcon.colcon_core.package_discovery:discover_packages(colcon_meta) discover
[0.703s] Level 1:colcon.colcon_core.package_discovery:discover_packages(recursive) discover
[0.704s] INFO:colcon.colcon_core.package_discovery:Crawling recursively for packages in '/home/matrix/ros2_ws'
[0.704s] Level 1:colcon.colcon_core.package_identification:_identify(.) by extensions ['ignore', 'ignore_ament_install']
[0.704s] Level 1:colcon.colcon_core.package_identification:_identify(.) by extension 'ignore'
[0.704s] Level 1:colcon.colcon_core.package_identification:_identify(.) by extension 'ignore_ament_install'
[0.704s] Level 1:colcon.colcon_core.package_identification:_identify(.) by extensions ['colcon_pkg']
[0.704s] Level 1:colcon.colcon_core.package_identification:_identify(.) by extension 'colcon_pkg'
[0.705s] Level 1:colcon.colcon_core.package_identification:_identify(.) by extensions ['colcon_meta']
[0.705s] Level 1:colcon.colcon_core.package_identification:_identify(.) by extension 'colcon_meta'
[0.705s] Level 1:colcon.colcon_core.package_identification:_identify(.) by extensions ['ros']
[0.705s] Level 1:colcon.colcon_core.package_identification:_identify(.) by extension 'ros'
[0.730s] Level 1:colcon.colcon_core.package_identification:_identify(.) by extensions ['cmake', 'python']
[0.730s] Level 1:colcon.colcon_core.package_identification:_identify(.) by extension 'cmake'
[0.730s] Level 1:colcon.colcon_core.package_identification:_identify(.) by extension 'python'
[0.731s] Level 1:colcon.colcon_core.package_identification:_identify(.) by extensions ['python_setup_py']
[0.731s] Level 1:colcon.colcon_core.package_identification:_identify(.) by extension 'python_setup_py'
[0.731s] Level 1:colcon.colcon_core.package_identification:_identify(build) by extensions ['ignore', 'ignore_ament_install']
[0.731s] Level 1:colcon.colcon_core.package_identification:_identify(build) by extension 'ignore'
[0.731s] Level 1:colcon.colcon_core.package_identification:_identify(build) ignored
[0.732s] Level 1:colcon.colcon_core.package_identification:_identify(install) by extensions ['ignore', 'ignore_ament_install']
[0.732s] Level 1:colcon.colcon_core.package_identification:_identify(install) by extension 'ignore'
[0.732s] Level 1:colcon.colcon_core.package_identification:_identify(install) ignored
[0.732s] Level 1:colcon.colcon_core.package_identification:_identify(log) by extensions ['ignore', 'ignore_ament_install']
[0.732s] Level 1:colcon.colcon_core.package_identification:_identify(log) by extension 'ignore'
[0.732s] Level 1:colcon.colcon_core.package_identification:_identify(log) ignored
[0.733s] Level 1:colcon.colcon_core.package_identification:_identify(src) by extensions ['ignore', 'ignore_ament_install']
[0.733s] Level 1:colcon.colcon_core.package_identification:_identify(src) by extension 'ignore'
[0.733s] Level 1:colcon.colcon_core.package_identification:_identify(src) by extension 'ignore_ament_install'
[0.733s] Level 1:colcon.colcon_core.package_identification:_identify(src) by extensions ['colcon_pkg']
[0.733s] Level 1:colcon.colcon_core.package_identification:_identify(src) by extension 'colcon_pkg'
[0.734s] Level 1:colcon.colcon_core.package_identification:_identify(src) by extensions ['colcon_meta']
[0.734s] Level 1:colcon.colcon_core.package_identification:_identify(src) by extension 'colcon_meta'
[0.734s] Level 1:colcon.colcon_core.package_identification:_identify(src) by extensions ['ros']
[0.734s] Level 1:colcon.colcon_core.package_identification:_identify(src) by extension 'ros'
[0.734s] Level 1:colcon.colcon_core.package_identification:_identify(src) by extensions ['cmake', 'python']
[0.734s] Level 1:colcon.colcon_core.package_identification:_identify(src) by extension 'cmake'
[0.734s] Level 1:colcon.colcon_core.package_identification:_identify(src) by extension 'python'
[0.735s] Level 1:colcon.colcon_core.package_identification:_identify(src) by extensions ['python_setup_py']
[0.735s] Level 1:colcon.colcon_core.package_identification:_identify(src) by extension 'python_setup_py'
[0.735s] Level 1:colcon.colcon_core.package_identification:_identify(src/cpp_node) by extensions ['ignore', 'ignore_ament_install']
[0.735s] Level 1:colcon.colcon_core.package_identification:_identify(src/cpp_node) by extension 'ignore'
[0.735s] Level 1:colcon.colcon_core.package_identification:_identify(src/cpp_node) by extension 'ignore_ament_install'
[0.735s] Level 1:colcon.colcon_core.package_identification:_identify(src/cpp_node) by extensions ['colcon_pkg']
[0.735s] Level 1:colcon.colcon_core.package_identification:_identify(src/cpp_node) by extension 'colcon_pkg'
[0.736s] Level 1:colcon.colcon_core.package_identification:_identify(src/cpp_node) by extensions ['colcon_meta']
[0.736s] Level 1:colcon.colcon_core.package_identification:_identify(src/cpp_node) by extension 'colcon_meta'
[0.736s] Level 1:colcon.colcon_core.package_identification:_identify(src/cpp_node) by extensions ['ros']
[0.736s] Level 1:colcon.colcon_core.package_identification:_identify(src/cpp_node) by extension 'ros'
[0.741s] DEBUG:colcon.colcon_core.package_identification:Package 'src/cpp_node' with type 'ros.ament_cmake' and name 'cpp_node'
[0.742s] Level 1:colcon.colcon_core.package_identification:_identify(src/custom_pkg) by extensions ['ignore', 'ignore_ament_install']
[0.742s] Level 1:colcon.colcon_core.package_identification:_identify(src/custom_pkg) by extension 'ignore'
[0.742s] Level 1:colcon.colcon_core.package_identification:_identify(src/custom_pkg) by extension 'ignore_ament_install'
[0.742s] Level 1:colcon.colcon_core.package_identification:_identify(src/custom_pkg) by extensions ['colcon_pkg']
[0.742s] Level 1:colcon.colcon_core.package_identification:_identify(src/custom_pkg) by extension 'colcon_pkg'
[0.742s] Level 1:colcon.colcon_core.package_identification:_identify(src/custom_pkg) by extensions ['colcon_meta']
[0.742s] Level 1:colcon.colcon_core.package_identification:_identify(src/custom_pkg) by extension 'colcon_meta'
[0.743s] Level 1:colcon.colcon_core.package_identification:_identify(src/custom_pkg) by extensions ['ros']
[0.743s] Level 1:colcon.colcon_core.package_identification:_identify(src/custom_pkg) by extension 'ros'
[0.744s] DEBUG:colcon.colcon_core.package_identification:Package 'src/custom_pkg' with type 'ros.ament_cmake' and name 'custom_pkg'
[0.744s] Level 1:colcon.colcon_core.package_identification:_identify(src/py_node) by extensions ['ignore', 'ignore_ament_install']
[0.745s] Level 1:colcon.colcon_core.package_identification:_identify(src/py_node) by extension 'ignore'
[0.745s] Level 1:colcon.colcon_core.package_identification:_identify(src/py_node) by extension 'ignore_ament_install'
[0.745s] Level 1:colcon.colcon_core.package_identification:_identify(src/py_node) by extensions ['colcon_pkg']
[0.745s] Level 1:colcon.colcon_core.package_identification:_identify(src/py_node) by extension 'colcon_pkg'
[0.745s] Level 1:colcon.colcon_core.package_identification:_identify(src/py_node) by extensions ['colcon_meta']
[0.745s] Level 1:colcon.colcon_core.package_identification:_identify(src/py_node) by extension 'colcon_meta'
[0.745s] Level 1:colcon.colcon_core.package_identification:_identify(src/py_node) by extensions ['ros']
[0.745s] Level 1:colcon.colcon_core.package_identification:_identify(src/py_node) by extension 'ros'
[0.746s] DEBUG:colcon.colcon_core.package_identification:Package 'src/py_node' with type 'ros.ament_python' and name 'py_node'
[0.747s] Level 1:colcon.colcon_core.package_discovery:discover_packages(recursive) using defaults
[0.747s] Level 1:colcon.colcon_core.package_discovery:discover_packages(ignore) discover
[0.747s] Level 1:colcon.colcon_core.package_discovery:discover_packages(ignore) using defaults
[0.747s] Level 1:colcon.colcon_core.package_discovery:discover_packages(path) discover
[0.747s] Level 1:colcon.colcon_core.package_discovery:discover_packages(path) using defaults
[0.797s] Level 1:colcon.colcon_core.package_discovery:discover_packages(prefix_path) check parameters
[0.797s] Level 1:colcon.colcon_core.package_discovery:discover_packages(prefix_path) discover
[0.803s] DEBUG:colcon.colcon_installed_package_information.package_discovery:Found 3 installed packages in /home/matrix/ros2_ws/install
[0.810s] DEBUG:colcon.colcon_installed_package_information.package_discovery:Found 298 installed packages in /opt/ros/humble
[0.813s] Level 1:colcon.colcon_core.package_discovery:discover_packages(prefix_path) using defaults
[0.932s] Level 5:colcon.colcon_core.verb:set package 'cpp_node' build argument 'cmake_args' from command line to 'None'
[0.932s] Level 5:colcon.colcon_core.verb:set package 'cpp_node' build argument 'cmake_target' from command line to 'None'
[0.932s] Level 5:colcon.colcon_core.verb:set package 'cpp_node' build argument 'cmake_target_skip_unavailable' from command line to 'False'
[0.933s] Level 5:colcon.colcon_core.verb:set package 'cpp_node' build argument 'cmake_clean_cache' from command line to 'False'
[0.933s] Level 5:colcon.colcon_core.verb:set package 'cpp_node' build argument 'cmake_clean_first' from command line to 'False'
[0.933s] Level 5:colcon.colcon_core.verb:set package 'cpp_node' build argument 'cmake_force_configure' from command line to 'False'
[0.933s] Level 5:colcon.colcon_core.verb:set package 'cpp_node' build argument 'ament_cmake_args' from command line to 'None'
[0.933s] Level 5:colcon.colcon_core.verb:set package 'cpp_node' build argument 'catkin_cmake_args' from command line to 'None'
[0.933s] Level 5:colcon.colcon_core.verb:set package 'cpp_node' build argument 'catkin_skip_building_tests' from command line to 'False'
[0.933s] DEBUG:colcon.colcon_core.verb:Building package 'cpp_node' with the following arguments: {'ament_cmake_args': None, 'build_base': '/home/matrix/ros2_ws/build/cpp_node', 'catkin_cmake_args': None, 'catkin_skip_building_tests': False, 'cmake_args': None, 'cmake_clean_cache': False, 'cmake_clean_first': False, 'cmake_force_configure': False, 'cmake_target': None, 'cmake_target_skip_unavailable': False, 'install_base': '/home/matrix/ros2_ws/install/cpp_node', 'merge_install': False, 'path': '/home/matrix/ros2_ws/src/cpp_node', 'symlink_install': False, 'test_result_base': None}
[0.934s] Level 5:colcon.colcon_core.verb:set package 'custom_pkg' build argument 'cmake_args' from command line to 'None'
[0.934s] Level 5:colcon.colcon_core.verb:set package 'custom_pkg' build argument 'cmake_target' from command line to 'None'
[0.934s] Level 5:colcon.colcon_core.verb:set package 'custom_pkg' build argument 'cmake_target_skip_unavailable' from command line to 'False'
[0.934s] Level 5:colcon.colcon_core.verb:set package 'custom_pkg' build argument 'cmake_clean_cache' from command line to 'False'
[0.934s] Level 5:colcon.colcon_core.verb:set package 'custom_pkg' build argument 'cmake_clean_first' from command line to 'False'
[0.934s] Level 5:colcon.colcon_core.verb:set package 'custom_pkg' build argument 'cmake_force_configure' from command line to 'False'
[0.935s] Level 5:colcon.colcon_core.verb:set package 'custom_pkg' build argument 'ament_cmake_args' from command line to 'None'
[0.935s] Level 5:colcon.colcon_core.verb:set package 'custom_pkg' build argument 'catkin_cmake_args' from command line to 'None'
[0.935s] Level 5:colcon.colcon_core.verb:set package 'custom_pkg' build argument 'catkin_skip_building_tests' from command line to 'False'
[0.935s] DEBUG:colcon.colcon_core.verb:Building package 'custom_pkg' with the following arguments: {'ament_cmake_args': None, 'build_base': '/home/matrix/ros2_ws/build/custom_pkg', 'catkin_cmake_args': None, 'catkin_skip_building_tests': False, 'cmake_args': None, 'cmake_clean_cache': False, 'cmake_clean_first': False, 'cmake_force_configure': False, 'cmake_target': None, 'cmake_target_skip_unavailable': False, 'install_base': '/home/matrix/ros2_ws/install/custom_pkg', 'merge_install': False, 'path': '/home/matrix/ros2_ws/src/custom_pkg', 'symlink_install': False, 'test_result_base': None}
[0.935s] Level 5:colcon.colcon_core.verb:set package 'py_node' build argument 'cmake_args' from command line to 'None'
[0.936s] Level 5:colcon.colcon_core.verb:set package 'py_node' build argument 'cmake_target' from command line to 'None'
[0.936s] Level 5:colcon.colcon_core.verb:set package 'py_node' build argument 'cmake_target_skip_unavailable' from command line to 'False'
[0.936s] Level 5:colcon.colcon_core.verb:set package 'py_node' build argument 'cmake_clean_cache' from command line to 'False'
[0.936s] Level 5:colcon.colcon_core.verb:set package 'py_node' build argument 'cmake_clean_first' from command line to 'False'
[0.936s] Level 5:colcon.colcon_core.verb:set package 'py_node' build argument 'cmake_force_configure' from command line to 'False'
[0.936s] Level 5:colcon.colcon_core.verb:set package 'py_node' build argument 'ament_cmake_args' from command line to 'None'
[0.936s] Level 5:colcon.colcon_core.verb:set package 'py_node' build argument 'catkin_cmake_args' from command line to 'None'
[0.936s] Level 5:colcon.colcon_core.verb:set package 'py_node' build argument 'catkin_skip_building_tests' from command line to 'False'
[0.937s] DEBUG:colcon.colcon_core.verb:Building package 'py_node' with the following arguments: {'ament_cmake_args': None, 'build_base': '/home/matrix/ros2_ws/build/py_node', 'catkin_cmake_args': None, 'catkin_skip_building_tests': False, 'cmake_args': None, 'cmake_clean_cache': False, 'cmake_clean_first': False, 'cmake_force_configure': False, 'cmake_target': None, 'cmake_target_skip_unavailable': False, 'install_base': '/home/matrix/ros2_ws/install/py_node', 'merge_install': False, 'path': '/home/matrix/ros2_ws/src/py_node', 'symlink_install': False, 'test_result_base': None}
[0.937s] INFO:colcon.colcon_core.executor:Executing jobs using 'parallel' executor
[0.939s] DEBUG:colcon.colcon_parallel_executor.executor.parallel:run_until_complete
[0.940s] INFO:colcon.colcon_ros.task.ament_cmake.build:Building ROS package in '/home/matrix/ros2_ws/src/cpp_node' with build type 'ament_cmake'
[0.940s] INFO:colcon.colcon_cmake.task.cmake.build:Building CMake package in '/home/matrix/ros2_ws/src/cpp_node'
[0.948s] INFO:colcon.colcon_core.plugin_system:Skipping extension 'colcon_core.shell.bat': Not used on non-Windows systems
[0.949s] INFO:colcon.colcon_core.shell:Skip shell extension 'powershell' for command environment: Not usable outside of PowerShell
[0.949s] DEBUG:colcon.colcon_core.shell:Skip shell extension 'dsv' for command environment
[0.974s] INFO:colcon.colcon_ros.task.ament_cmake.build:Building ROS package in '/home/matrix/ros2_ws/src/custom_pkg' with build type 'ament_cmake'
[0.975s] INFO:colcon.colcon_cmake.task.cmake.build:Building CMake package in '/home/matrix/ros2_ws/src/custom_pkg'
[0.975s] INFO:colcon.colcon_core.shell:Skip shell extension 'powershell' for command environment: Not usable outside of PowerShell
[0.976s] DEBUG:colcon.colcon_core.shell:Skip shell extension 'dsv' for command environment
[0.993s] INFO:colcon.colcon_ros.task.ament_python.build:Building ROS package in '/home/matrix/ros2_ws/src/py_node' with build type 'ament_python'
[0.994s] Level 1:colcon.colcon_core.shell:create_environment_hook('py_node', 'ament_prefix_path')
[0.996s] INFO:colcon.colcon_core.shell:Creating environment hook '/home/matrix/ros2_ws/install/py_node/share/py_node/hook/ament_prefix_path.ps1'
[1.001s] INFO:colcon.colcon_core.shell:Creating environment descriptor '/home/matrix/ros2_ws/install/py_node/share/py_node/hook/ament_prefix_path.dsv'
[1.004s] INFO:colcon.colcon_core.shell:Creating environment hook '/home/matrix/ros2_ws/install/py_node/share/py_node/hook/ament_prefix_path.sh'
[1.006s] INFO:colcon.colcon_core.shell:Skip shell extension 'powershell' for command environment: Not usable outside of PowerShell
[1.006s] DEBUG:colcon.colcon_core.shell:Skip shell extension 'dsv' for command environment
[1.066s] DEBUG:colcon.colcon_core.event_handler.log_command:Invoking command in '/home/matrix/ros2_ws/build/cpp_node': CMAKE_PREFIX_PATH=${CMAKE_PREFIX_PATH}:/home/matrix/ros2_ws/install/py_node:/opt/ros/humble /usr/bin/cmake --build /home/matrix/ros2_ws/build/cpp_node -- -j8 -l8
[1.087s] DEBUG:colcon.colcon_core.event_handler.log_command:Invoking command in '/home/matrix/ros2_ws/build/custom_pkg': CMAKE_PREFIX_PATH=${CMAKE_PREFIX_PATH}:/home/matrix/ros2_ws/install/py_node:/opt/ros/humble /usr/bin/cmake --build /home/matrix/ros2_ws/build/custom_pkg -- -j8 -l8
[1.895s] INFO:colcon.colcon_core.task.python.build:Building Python package in '/home/matrix/ros2_ws/src/py_node'
[1.896s] INFO:colcon.colcon_core.shell:Skip shell extension 'powershell' for command environment: Not usable outside of PowerShell
[1.896s] DEBUG:colcon.colcon_core.shell:Skip shell extension 'dsv' for command environment
[1.922s] DEBUG:colcon.colcon_core.event_handler.log_command:Invoked command in '/home/matrix/ros2_ws/build/cpp_node' returned '0': CMAKE_PREFIX_PATH=${CMAKE_PREFIX_PATH}:/home/matrix/ros2_ws/install/py_node:/opt/ros/humble /usr/bin/cmake --build /home/matrix/ros2_ws/build/cpp_node -- -j8 -l8
[1.978s] DEBUG:colcon.colcon_core.event_handler.log_command:Invoking command in '/home/matrix/ros2_ws/build/cpp_node': CMAKE_PREFIX_PATH=${CMAKE_PREFIX_PATH}:/home/matrix/ros2_ws/install/py_node:/opt/ros/humble /usr/bin/cmake --install /home/matrix/ros2_ws/build/cpp_node
[2.051s] Level 1:colcon.colcon_core.environment:create_environment_scripts_only(cpp_node)
[2.058s] DEBUG:colcon.colcon_core.event_handler.log_command:Invoked command in '/home/matrix/ros2_ws/build/cpp_node' returned '0': CMAKE_PREFIX_PATH=${CMAKE_PREFIX_PATH}:/home/matrix/ros2_ws/install/py_node:/opt/ros/humble /usr/bin/cmake --install /home/matrix/ros2_ws/build/cpp_node
[2.067s] Level 1:colcon.colcon_core.environment:checking '/home/matrix/ros2_ws/install/cpp_node' for CMake module files
[2.069s] Level 1:colcon.colcon_core.environment:checking '/home/matrix/ros2_ws/install/cpp_node' for CMake config files
[2.071s] Level 1:colcon.colcon_core.shell:create_environment_hook('cpp_node', 'cmake_prefix_path')
[2.072s] INFO:colcon.colcon_core.shell:Creating environment hook '/home/matrix/ros2_ws/install/cpp_node/share/cpp_node/hook/cmake_prefix_path.ps1'
[2.073s] INFO:colcon.colcon_core.shell:Creating environment descriptor '/home/matrix/ros2_ws/install/cpp_node/share/cpp_node/hook/cmake_prefix_path.dsv'
[2.075s] INFO:colcon.colcon_core.shell:Creating environment hook '/home/matrix/ros2_ws/install/cpp_node/share/cpp_node/hook/cmake_prefix_path.sh'
[2.078s] Level 1:colcon.colcon_core.environment:checking '/home/matrix/ros2_ws/install/cpp_node/lib'
[2.078s] Level 1:colcon.colcon_core.environment:checking '/home/matrix/ros2_ws/install/cpp_node/bin'
[2.078s] Level 1:colcon.colcon_core.environment:checking '/home/matrix/ros2_ws/install/cpp_node/lib/pkgconfig/cpp_node.pc'
[2.079s] Level 1:colcon.colcon_core.environment:checking '/home/matrix/ros2_ws/install/cpp_node/lib/python3.10/site-packages'
[2.079s] Level 1:colcon.colcon_core.environment:checking '/home/matrix/ros2_ws/install/cpp_node/bin'
[2.080s] INFO:colcon.colcon_core.shell:Creating package script '/home/matrix/ros2_ws/install/cpp_node/share/cpp_node/package.ps1'
[2.083s] INFO:colcon.colcon_core.shell:Creating package descriptor '/home/matrix/ros2_ws/install/cpp_node/share/cpp_node/package.dsv'
[2.085s] INFO:colcon.colcon_core.shell:Creating package script '/home/matrix/ros2_ws/install/cpp_node/share/cpp_node/package.sh'
[2.088s] INFO:colcon.colcon_core.shell:Creating package script '/home/matrix/ros2_ws/install/cpp_node/share/cpp_node/package.bash'
[2.091s] INFO:colcon.colcon_core.shell:Creating package script '/home/matrix/ros2_ws/install/cpp_node/share/cpp_node/package.zsh'
[2.093s] Level 1:colcon.colcon_core.environment:create_file_with_runtime_dependencies(/home/matrix/ros2_ws/install/cpp_node/share/colcon-core/packages/cpp_node)
[2.095s] Level 1:colcon.colcon_core.environment:create_environment_scripts_only(cpp_node)
[2.096s] Level 1:colcon.colcon_core.environment:checking '/home/matrix/ros2_ws/install/cpp_node' for CMake module files
[2.098s] Level 1:colcon.colcon_core.environment:checking '/home/matrix/ros2_ws/install/cpp_node' for CMake config files
[2.101s] Level 1:colcon.colcon_core.shell:create_environment_hook('cpp_node', 'cmake_prefix_path')
[2.102s] INFO:colcon.colcon_core.shell:Creating environment hook '/home/matrix/ros2_ws/install/cpp_node/share/cpp_node/hook/cmake_prefix_path.ps1'
[2.104s] INFO:colcon.colcon_core.shell:Creating environment descriptor '/home/matrix/ros2_ws/install/cpp_node/share/cpp_node/hook/cmake_prefix_path.dsv'
[2.105s] INFO:colcon.colcon_core.shell:Creating environment hook '/home/matrix/ros2_ws/install/cpp_node/share/cpp_node/hook/cmake_prefix_path.sh'
[2.107s] Level 1:colcon.colcon_core.environment:checking '/home/matrix/ros2_ws/install/cpp_node/lib'
[2.108s] Level 1:colcon.colcon_core.environment:checking '/home/matrix/ros2_ws/install/cpp_node/bin'
[2.108s] Level 1:colcon.colcon_core.environment:checking '/home/matrix/ros2_ws/install/cpp_node/lib/pkgconfig/cpp_node.pc'
[2.109s] Level 1:colcon.colcon_core.environment:checking '/home/matrix/ros2_ws/install/cpp_node/lib/python3.10/site-packages'
[2.109s] Level 1:colcon.colcon_core.environment:checking '/home/matrix/ros2_ws/install/cpp_node/bin'
[2.110s] INFO:colcon.colcon_core.shell:Creating package script '/home/matrix/ros2_ws/install/cpp_node/share/cpp_node/package.ps1'
[2.112s] INFO:colcon.colcon_core.shell:Creating package descriptor '/home/matrix/ros2_ws/install/cpp_node/share/cpp_node/package.dsv'
[2.114s] INFO:colcon.colcon_core.shell:Creating package script '/home/matrix/ros2_ws/install/cpp_node/share/cpp_node/package.sh'
[2.116s] INFO:colcon.colcon_core.shell:Creating package script '/home/matrix/ros2_ws/install/cpp_node/share/cpp_node/package.bash'
[2.121s] INFO:colcon.colcon_core.shell:Creating package script '/home/matrix/ros2_ws/install/cpp_node/share/cpp_node/package.zsh'
[2.124s] Level 1:colcon.colcon_core.environment:create_file_with_runtime_dependencies(/home/matrix/ros2_ws/install/cpp_node/share/colcon-core/packages/cpp_node)
[3.078s] DEBUG:colcon.colcon_core.event_handler.log_command:Invoking command in '/home/matrix/ros2_ws/src/py_node': PYTHONPATH=/home/matrix/ros2_ws/build/py_node/prefix_override:/usr/lib/python3/dist-packages/colcon_core/task/python/colcon_distutils_commands:/home/matrix/ros2_ws/install/py_node/lib/python3.10/site-packages:${PYTHONPATH} /usr/bin/python3 -W ignore:setup.py install is deprecated -W ignore:easy_install command is deprecated setup.py egg_info --egg-base ../../build/py_node build --build-base /home/matrix/ros2_ws/build/py_node/build install --record /home/matrix/ros2_ws/build/py_node/install.log --single-version-externally-managed install_data
[3.899s] Level 1:colcon.colcon_core.environment:checking '/home/matrix/ros2_ws/install/py_node' for CMake module files
[3.903s] Level 1:colcon.colcon_core.environment:checking '/home/matrix/ros2_ws/install/py_node' for CMake config files
[3.905s] DEBUG:colcon.colcon_core.event_handler.log_command:Invoked command in '/home/matrix/ros2_ws/src/py_node' returned '0': PYTHONPATH=/home/matrix/ros2_ws/build/py_node/prefix_override:/usr/lib/python3/dist-packages/colcon_core/task/python/colcon_distutils_commands:/home/matrix/ros2_ws/install/py_node/lib/python3.10/site-packages:${PYTHONPATH} /usr/bin/python3 -W ignore:setup.py install is deprecated -W ignore:easy_install command is deprecated setup.py egg_info --egg-base ../../build/py_node build --build-base /home/matrix/ros2_ws/build/py_node/build install --record /home/matrix/ros2_ws/build/py_node/install.log --single-version-externally-managed install_data
[3.908s] Level 1:colcon.colcon_core.environment:checking '/home/matrix/ros2_ws/install/py_node/lib'
[3.908s] Level 1:colcon.colcon_core.environment:checking '/home/matrix/ros2_ws/install/py_node/bin'
[3.909s] Level 1:colcon.colcon_core.environment:checking '/home/matrix/ros2_ws/install/py_node/lib/pkgconfig/py_node.pc'
[3.909s] Level 1:colcon.colcon_core.environment:checking '/home/matrix/ros2_ws/install/py_node/lib/python3.10/site-packages'
[3.909s] Level 1:colcon.colcon_core.shell:create_environment_hook('py_node', 'pythonpath')
[3.909s] INFO:colcon.colcon_core.shell:Creating environment hook '/home/matrix/ros2_ws/install/py_node/share/py_node/hook/pythonpath.ps1'
[3.911s] INFO:colcon.colcon_core.shell:Creating environment descriptor '/home/matrix/ros2_ws/install/py_node/share/py_node/hook/pythonpath.dsv'
[3.912s] INFO:colcon.colcon_core.shell:Creating environment hook '/home/matrix/ros2_ws/install/py_node/share/py_node/hook/pythonpath.sh'
[3.913s] Level 1:colcon.colcon_core.environment:checking '/home/matrix/ros2_ws/install/py_node/bin'
[3.913s] Level 1:colcon.colcon_core.environment:create_environment_scripts_only(py_node)
[3.914s] INFO:colcon.colcon_core.shell:Creating package script '/home/matrix/ros2_ws/install/py_node/share/py_node/package.ps1'
[3.915s] INFO:colcon.colcon_core.shell:Creating package descriptor '/home/matrix/ros2_ws/install/py_node/share/py_node/package.dsv'
[3.916s] INFO:colcon.colcon_core.shell:Creating package script '/home/matrix/ros2_ws/install/py_node/share/py_node/package.sh'
[3.917s] INFO:colcon.colcon_core.shell:Creating package script '/home/matrix/ros2_ws/install/py_node/share/py_node/package.bash'
[3.918s] INFO:colcon.colcon_core.shell:Creating package script '/home/matrix/ros2_ws/install/py_node/share/py_node/package.zsh'
[3.919s] Level 1:colcon.colcon_core.environment:create_file_with_runtime_dependencies(/home/matrix/ros2_ws/install/py_node/share/colcon-core/packages/py_node)
[8.718s] Level 1:colcon.colcon_core.environment:create_environment_scripts_only(custom_pkg)
[8.718s] Level 1:colcon.colcon_core.environment:checking '/home/matrix/ros2_ws/install/custom_pkg' for CMake module files
[8.719s] DEBUG:colcon.colcon_core.event_handler.log_command:Invoked command in '/home/matrix/ros2_ws/build/custom_pkg' returned '2': CMAKE_PREFIX_PATH=${CMAKE_PREFIX_PATH}:/home/matrix/ros2_ws/install/py_node:/opt/ros/humble /usr/bin/cmake --build /home/matrix/ros2_ws/build/custom_pkg -- -j8 -l8
[8.721s] Level 1:colcon.colcon_core.environment:checking '/home/matrix/ros2_ws/install/custom_pkg' for CMake config files
[8.723s] Level 1:colcon.colcon_core.shell:create_environment_hook('custom_pkg', 'cmake_prefix_path')
[8.723s] INFO:colcon.colcon_core.shell:Creating environment hook '/home/matrix/ros2_ws/install/custom_pkg/share/custom_pkg/hook/cmake_prefix_path.ps1'
[8.724s] INFO:colcon.colcon_core.shell:Creating environment descriptor '/home/matrix/ros2_ws/install/custom_pkg/share/custom_pkg/hook/cmake_prefix_path.dsv'
[8.725s] INFO:colcon.colcon_core.shell:Creating environment hook '/home/matrix/ros2_ws/install/custom_pkg/share/custom_pkg/hook/cmake_prefix_path.sh'
[8.727s] Level 1:colcon.colcon_core.environment:checking '/home/matrix/ros2_ws/install/custom_pkg/lib'
[8.727s] Level 1:colcon.colcon_core.shell:create_environment_hook('custom_pkg', 'ld_library_path_lib')
[8.728s] INFO:colcon.colcon_core.shell:Creating environment hook '/home/matrix/ros2_ws/install/custom_pkg/share/custom_pkg/hook/ld_library_path_lib.ps1'
[8.728s] INFO:colcon.colcon_core.shell:Creating environment descriptor '/home/matrix/ros2_ws/install/custom_pkg/share/custom_pkg/hook/ld_library_path_lib.dsv'
[8.729s] INFO:colcon.colcon_core.shell:Creating environment hook '/home/matrix/ros2_ws/install/custom_pkg/share/custom_pkg/hook/ld_library_path_lib.sh'
[8.730s] Level 1:colcon.colcon_core.environment:checking '/home/matrix/ros2_ws/install/custom_pkg/bin'
[8.731s] Level 1:colcon.colcon_core.environment:checking '/home/matrix/ros2_ws/install/custom_pkg/lib/pkgconfig/custom_pkg.pc'
[8.731s] Level 1:colcon.colcon_core.environment:checking '/home/matrix/ros2_ws/install/custom_pkg/lib/python3.10/site-packages'
[8.732s] Level 1:colcon.colcon_core.environment:checking '/home/matrix/ros2_ws/install/custom_pkg/bin'
[8.732s] INFO:colcon.colcon_core.shell:Creating package script '/home/matrix/ros2_ws/install/custom_pkg/share/custom_pkg/package.ps1'
[8.733s] INFO:colcon.colcon_core.shell:Creating package descriptor '/home/matrix/ros2_ws/install/custom_pkg/share/custom_pkg/package.dsv'
[8.735s] INFO:colcon.colcon_core.shell:Creating package script '/home/matrix/ros2_ws/install/custom_pkg/share/custom_pkg/package.sh'
[8.736s] INFO:colcon.colcon_core.shell:Creating package script '/home/matrix/ros2_ws/install/custom_pkg/share/custom_pkg/package.bash'
[8.737s] INFO:colcon.colcon_core.shell:Creating package script '/home/matrix/ros2_ws/install/custom_pkg/share/custom_pkg/package.zsh'
[8.738s] Level 1:colcon.colcon_core.environment:create_file_with_runtime_dependencies(/home/matrix/ros2_ws/install/custom_pkg/share/colcon-core/packages/custom_pkg)
[8.749s] DEBUG:colcon.colcon_parallel_executor.executor.parallel:closing loop
[8.750s] DEBUG:colcon.colcon_parallel_executor.executor.parallel:loop closed
[8.750s] DEBUG:colcon.colcon_parallel_executor.executor.parallel:run_until_complete finished with '2'
[8.750s] DEBUG:colcon.colcon_core.event_reactor:joining thread
[8.772s] INFO:colcon.colcon_core.plugin_system:Skipping extension 'colcon_notification.desktop_notification.terminal_notifier': Not used on non-Darwin systems
[8.772s] INFO:colcon.colcon_core.plugin_system:Skipping extension 'colcon_notification.desktop_notification.win32': Not used on non-Windows systems
[8.772s] INFO:colcon.colcon_notification.desktop_notification:Sending desktop notification using 'notify2'
[8.810s] DEBUG:colcon.colcon_core.event_reactor:joined thread
[8.811s] INFO:colcon.colcon_core.shell:Creating prefix script '/home/matrix/ros2_ws/install/local_setup.ps1'
[8.813s] INFO:colcon.colcon_core.shell:Creating prefix util module '/home/matrix/ros2_ws/install/_local_setup_util_ps1.py'
[8.815s] INFO:colcon.colcon_core.shell:Creating prefix chain script '/home/matrix/ros2_ws/install/setup.ps1'
[8.818s] INFO:colcon.colcon_core.shell:Creating prefix script '/home/matrix/ros2_ws/install/local_setup.sh'
[8.820s] INFO:colcon.colcon_core.shell:Creating prefix util module '/home/matrix/ros2_ws/install/_local_setup_util_sh.py'
[8.823s] INFO:colcon.colcon_core.shell:Creating prefix chain script '/home/matrix/ros2_ws/install/setup.sh'
[8.826s] INFO:colcon.colcon_core.shell:Creating prefix script '/home/matrix/ros2_ws/install/local_setup.bash'
[8.828s] INFO:colcon.colcon_core.shell:Creating prefix chain script '/home/matrix/ros2_ws/install/setup.bash'
[8.832s] INFO:colcon.colcon_core.shell:Creating prefix script '/home/matrix/ros2_ws/install/local_setup.zsh'
[8.833s] INFO:colcon.colcon_core.shell:Creating prefix chain script '/home/matrix/ros2_ws/install/setup.zsh'
