[4.984s] Invoking command in '/home/matrix/ros2_ws/src/py_node': PYTHONPATH=/home/matrix/ros2_ws/build/py_node/prefix_override:/usr/lib/python3/dist-packages/colcon_core/task/python/colcon_distutils_commands:/home/matrix/ros2_ws/install/py_node/lib/python3.10/site-packages:${PYTHONPATH} /usr/bin/python3 -W ignore:setup.py install is deprecated -W ignore:easy_install command is deprecated setup.py egg_info --egg-base ../../build/py_node build --build-base /home/matrix/ros2_ws/build/py_node/build install --record /home/matrix/ros2_ws/build/py_node/install.log --single-version-externally-managed install_data
[6.282s] running egg_info
[6.286s] writing ../../build/py_node/py_node.egg-info/PKG-INFO
[6.288s] writing dependency_links to ../../build/py_node/py_node.egg-info/dependency_links.txt
[6.289s] writing entry points to ../../build/py_node/py_node.egg-info/entry_points.txt
[6.291s] writing requirements to ../../build/py_node/py_node.egg-info/requires.txt
[6.293s] writing top-level names to ../../build/py_node/py_node.egg-info/top_level.txt
[6.300s] reading manifest file '../../build/py_node/py_node.egg-info/SOURCES.txt'
[6.305s] writing manifest file '../../build/py_node/py_node.egg-info/SOURCES.txt'
[6.305s] running build
[6.306s] running build_py
[6.311s] running install
[6.311s] running install_lib
[6.315s] running install_data
[6.316s] running install_egg_info
[6.325s] removing '/home/matrix/ros2_ws/install/py_node/lib/python3.10/site-packages/py_node-0.0.0-py3.10.egg-info' (and everything under it)
[6.327s] Copying ../../build/py_node/py_node.egg-info to /home/matrix/ros2_ws/install/py_node/lib/python3.10/site-packages/py_node-0.0.0-py3.10.egg-info
[6.335s] running install_scripts
[6.401s] Installing listener script to /home/matrix/ros2_ws/install/py_node/lib/py_node
[6.404s] Installing talker script to /home/matrix/ros2_ws/install/py_node/lib/py_node
[6.405s] writing list of installed files to '/home/matrix/ros2_ws/build/py_node/install.log'
