[2.350s] Invoking command in '/home/matrix/ros2_ws/src/py_node': PYTHONPATH=/home/matrix/ros2_ws/build/py_node/prefix_override:/usr/lib/python3/dist-packages/colcon_core/task/python/colcon_distutils_commands:/home/matrix/ros2_ws/install/py_node/lib/python3.10/site-packages:${PYTHONPATH} /usr/bin/python3 -W ignore:setup.py install is deprecated -W ignore:easy_install command is deprecated setup.py egg_info --egg-base ../../build/py_node build --build-base /home/matrix/ros2_ws/build/py_node/build install --record /home/matrix/ros2_ws/build/py_node/install.log --single-version-externally-managed install_data
[3.065s] running egg_info
[3.065s] writing ../../build/py_node/py_node.egg-info/PKG-INFO
[3.068s] writing dependency_links to ../../build/py_node/py_node.egg-info/dependency_links.txt
[3.069s] writing entry points to ../../build/py_node/py_node.egg-info/entry_points.txt
[3.069s] writing requirements to ../../build/py_node/py_node.egg-info/requires.txt
[3.069s] writing top-level names to ../../build/py_node/py_node.egg-info/top_level.txt
[3.072s] reading manifest file '../../build/py_node/py_node.egg-info/SOURCES.txt'
[3.075s] writing manifest file '../../build/py_node/py_node.egg-info/SOURCES.txt'
[3.075s] running build
[3.075s] running build_py
[3.076s] running install
[3.076s] running install_lib
[3.079s] running install_data
[3.079s] running install_egg_info
[3.084s] removing '/home/matrix/ros2_ws/install/py_node/lib/python3.10/site-packages/py_node-0.0.0-py3.10.egg-info' (and everything under it)
[3.086s] Copying ../../build/py_node/py_node.egg-info to /home/matrix/ros2_ws/install/py_node/lib/python3.10/site-packages/py_node-0.0.0-py3.10.egg-info
[3.089s] running install_scripts
[3.134s] Installing listener script to /home/matrix/ros2_ws/install/py_node/lib/py_node
[3.136s] Installing talker script to /home/matrix/ros2_ws/install/py_node/lib/py_node
[3.136s] writing list of installed files to '/home/matrix/ros2_ws/build/py_node/install.log'
[3.167s] Invoked command in '/home/matrix/ros2_ws/src/py_node' returned '0': PYTHONPATH=/home/matrix/ros2_ws/build/py_node/prefix_override:/usr/lib/python3/dist-packages/colcon_core/task/python/colcon_distutils_commands:/home/matrix/ros2_ws/install/py_node/lib/python3.10/site-packages:${PYTHONPATH} /usr/bin/python3 -W ignore:setup.py install is deprecated -W ignore:easy_install command is deprecated setup.py egg_info --egg-base ../../build/py_node build --build-base /home/matrix/ros2_ws/build/py_node/build install --record /home/matrix/ros2_ws/build/py_node/install.log --single-version-externally-managed install_data
