[1.743s] Invoking command in '/home/matrix/ros2_ws/src/py_node': PYTHONPATH=/home/matrix/ros2_ws/build/py_node/prefix_override:/usr/lib/python3/dist-packages/colcon_core/task/python/colcon_distutils_commands:/home/matrix/ros2_ws/install/py_node/lib/python3.10/site-packages:${PYTHONPATH} /usr/bin/python3 -W ignore:setup.py install is deprecated -W ignore:easy_install command is deprecated setup.py egg_info --egg-base ../../build/py_node build --build-base /home/matrix/ros2_ws/build/py_node/build install --record /home/matrix/ros2_ws/build/py_node/install.log --single-version-externally-managed install_data
[2.380s] running egg_info
[2.381s] writing ../../build/py_node/py_node.egg-info/PKG-INFO
[2.382s] writing dependency_links to ../../build/py_node/py_node.egg-info/dependency_links.txt
[2.383s] writing entry points to ../../build/py_node/py_node.egg-info/entry_points.txt
[2.383s] writing requirements to ../../build/py_node/py_node.egg-info/requires.txt
[2.383s] writing top-level names to ../../build/py_node/py_node.egg-info/top_level.txt
[2.388s] reading manifest file '../../build/py_node/py_node.egg-info/SOURCES.txt'
[2.390s] writing manifest file '../../build/py_node/py_node.egg-info/SOURCES.txt'
[2.391s] running build
[2.391s] running build_py
[2.392s] running install
[2.393s] running install_lib
[2.396s] running install_data
[2.396s] running install_egg_info
[2.401s] removing '/home/matrix/ros2_ws/install/py_node/lib/python3.10/site-packages/py_node-0.0.0-py3.10.egg-info' (and everything under it)
[2.403s] Copying ../../build/py_node/py_node.egg-info to /home/matrix/ros2_ws/install/py_node/lib/python3.10/site-packages/py_node-0.0.0-py3.10.egg-info
[2.406s] running install_scripts
[2.451s] Installing listener script to /home/matrix/ros2_ws/install/py_node/lib/py_node
[2.456s] Installing talker script to /home/matrix/ros2_ws/install/py_node/lib/py_node
[2.456s] writing list of installed files to '/home/matrix/ros2_ws/build/py_node/install.log'
[2.494s] Invoked command in '/home/matrix/ros2_ws/src/py_node' returned '0': PYTHONPATH=/home/matrix/ros2_ws/build/py_node/prefix_override:/usr/lib/python3/dist-packages/colcon_core/task/python/colcon_distutils_commands:/home/matrix/ros2_ws/install/py_node/lib/python3.10/site-packages:${PYTHONPATH} /usr/bin/python3 -W ignore:setup.py install is deprecated -W ignore:easy_install command is deprecated setup.py egg_info --egg-base ../../build/py_node build --build-base /home/matrix/ros2_ws/build/py_node/build install --record /home/matrix/ros2_ws/build/py_node/install.log --single-version-externally-managed install_data
