[  2%] [32mBuilding CXX object CMakeFiles/msg_pub.dir/src/pub.cpp.o[0m
[  5%] Built target custom_pkg__cpp
[  8%] [32mBuilding CXX object CMakeFiles/msg_sub.dir/src/sub.cpp.o[0m
[ 17%] Built target custom_pkg__rosidl_generator_c
[ 17%] Built target ament_cmake_python_copy_custom_pkg
[ 25%] Built target custom_pkg__rosidl_typesupport_cpp
[ 34%] Built target custom_pkg__rosidl_typesupport_fastrtps_cpp
[ 42%] Built target custom_pkg__rosidl_typesupport_introspection_cpp
[ 51%] Built target custom_pkg__rosidl_typesupport_fastrtps_c
[ 60%] Built target custom_pkg__rosidl_typesupport_introspection_c
[ 68%] Built target custom_pkg__rosidl_typesupport_c
[ 68%] Built target custom_pkg
[ 71%] Built target custom_pkg__py
[ 77%] Built target custom_pkg__rosidl_generator_py
[ 82%] Built target custom_pkg__rosidl_typesupport_fastrtps_c__pyext
[ 91%] Built target custom_pkg__rosidl_typesupport_introspection_c__pyext
[ 94%] Built target custom_pkg__rosidl_typesupport_c__pyext
running egg_info
writing custom_pkg.egg-info/PKG-INFO
writing dependency_links to custom_pkg.egg-info/dependency_links.txt
writing top-level names to custom_pkg.egg-info/top_level.txt
reading manifest file 'custom_pkg.egg-info/SOURCES.txt'
writing manifest file 'custom_pkg.egg-info/SOURCES.txt'
[ 94%] Built target ament_cmake_python_build_custom_pkg_egg
