[0.048s] Invoking command in '/home/matrix/ros2_ws/build/custom_msg': CMAKE_PREFIX_PATH=/opt/ros/humble /usr/bin/cmake /home/matrix/ros2_ws/src/custom_msg -DCMAKE_INSTALL_PREFIX=/home/matrix/ros2_ws/install/custom_msg
[0.093s] -- Found ament_cmake: 1.3.11 (/opt/ros/humble/share/ament_cmake/cmake)
[0.421s] -- Found rosidl_default_generators: 1.2.0 (/opt/ros/humble/share/rosidl_default_generators/cmake)
[0.424s] -- Using all available rosidl_typesupport_c: rosidl_typesupport_fastrtps_c;rosidl_typesupport_introspection_c
[0.436s] -- Found rosidl_adapter: 3.1.6 (/opt/ros/humble/share/rosidl_adapter/cmake)
[0.533s] -- Using all available rosidl_typesupport_cpp: rosidl_typesupport_fastrtps_cpp;rosidl_typesupport_introspection_cpp
[0.615s] -- Found std_msgs: 4.2.4 (/opt/ros/humble/share/std_msgs/cmake)
[1.402s] -- Found ament_cmake_ros: 0.10.0 (/opt/ros/humble/share/ament_cmake_ros/cmake)
[2.037s] -- Using all available rosidl_typesupport_c: rosidl_typesupport_fastrtps_c;rosidl_typesupport_introspection_c
[2.864s] -- Using all available rosidl_typesupport_cpp: rosidl_typesupport_fastrtps_cpp;rosidl_typesupport_introspection_cpp
[2.928s] -- Found PythonInterp: /usr/bin/python3 (found suitable version "3.10.12", minimum required is "3.6") 
[2.933s] -- Found python_cmake_module: 0.10.0 (/opt/ros/humble/share/python_cmake_module/cmake)
[2.997s] -- Found PythonLibs: /usr/lib/x86_64-linux-gnu/libpython3.10.so (found suitable version "3.10.12", minimum required is "3.5") 
[2.998s] -- Using PYTHON_EXECUTABLE: /usr/bin/python3
[2.998s] -- Using PYTHON_INCLUDE_DIRS: /usr/include/python3.10
[2.998s] -- Using PYTHON_LIBRARIES: /usr/lib/x86_64-linux-gnu/libpython3.10.so
[3.057s] -- Found PythonExtra: .so  
[3.278s] -- Configuring done
[3.448s] -- Generating done
[3.474s] -- Build files have been written to: /home/matrix/ros2_ws/build/custom_msg
[3.497s] Invoked command in '/home/matrix/ros2_ws/build/custom_msg' returned '0': CMAKE_PREFIX_PATH=/opt/ros/humble /usr/bin/cmake /home/matrix/ros2_ws/src/custom_msg -DCMAKE_INSTALL_PREFIX=/home/matrix/ros2_ws/install/custom_msg
[3.502s] Invoking command in '/home/matrix/ros2_ws/build/custom_msg': CMAKE_PREFIX_PATH=/opt/ros/humble /usr/bin/cmake --build /home/matrix/ros2_ws/build/custom_msg -- -j8 -l8
[3.697s] [  3%] [34m[1mGenerating C code for ROS interfaces[0m
[3.741s] [  6%] [34m[1mGenerating C++ code for ROS interfaces[0m
[3.824s] [  6%] Built target ament_cmake_python_copy_custom_msg
[4.238s] [  6%] Built target custom_msg__cpp
[4.281s] [  9%] [32mBuilding C object CMakeFiles/custom_msg__rosidl_generator_c.dir/rosidl_generator_c/custom_msg/msg/detail/age__functions.c.o[0m
[4.295s] [ 12%] [34m[1mGenerating C++ type support dispatch for ROS interfaces[0m
[4.308s] [ 16%] [34m[1mGenerating C++ introspection for ROS interfaces[0m
[4.309s] [ 19%] [34m[1mGenerating C++ type support for eProsima Fast-RTPS[0m
[4.533s] [ 22%] [32m[1mLinking C shared library libcustom_msg__rosidl_generator_c.so[0m
[4.589s] running egg_info
[4.591s] creating custom_msg.egg-info
[4.591s] writing custom_msg.egg-info/PKG-INFO
[4.592s] writing dependency_links to custom_msg.egg-info/dependency_links.txt
[4.592s] writing top-level names to custom_msg.egg-info/top_level.txt
[4.592s] writing manifest file 'custom_msg.egg-info/SOURCES.txt'
[4.594s] reading manifest file 'custom_msg.egg-info/SOURCES.txt'
[4.594s] writing manifest file 'custom_msg.egg-info/SOURCES.txt'
[4.663s] [ 22%] Built target ament_cmake_python_build_custom_msg_egg
[4.769s] [ 22%] Built target custom_msg__rosidl_generator_c
[4.854s] [ 25%] [32mBuilding CXX object CMakeFiles/custom_msg__rosidl_typesupport_cpp.dir/rosidl_typesupport_cpp/custom_msg/msg/age__type_support.cpp.o[0m
[4.860s] [ 29%] [34m[1mGenerating C type support for eProsima Fast-RTPS[0m
[4.896s] [ 32%] [34m[1mGenerating C introspection for ROS interfaces[0m
[4.913s] [ 35%] [34m[1mGenerating C type support dispatch for ROS interfaces[0m
[4.998s] [ 38%] [32mBuilding CXX object CMakeFiles/custom_msg__rosidl_typesupport_introspection_cpp.dir/rosidl_typesupport_introspection_cpp/custom_msg/msg/detail/age__type_support.cpp.o[0m
[5.004s] [ 41%] [32mBuilding CXX object CMakeFiles/custom_msg__rosidl_typesupport_fastrtps_cpp.dir/rosidl_typesupport_fastrtps_cpp/custom_msg/msg/detail/dds_fastrtps/age__type_support.cpp.o[0m
[5.500s] [ 45%] [32mBuilding CXX object CMakeFiles/custom_msg__rosidl_typesupport_c.dir/rosidl_typesupport_c/custom_msg/msg/age__type_support.cpp.o[0m
[5.501s] [ 48%] [32mBuilding CXX object CMakeFiles/custom_msg__rosidl_typesupport_fastrtps_c.dir/rosidl_typesupport_fastrtps_c/custom_msg/msg/detail/age__type_support_c.cpp.o[0m
[5.580s] [ 51%] [32mBuilding C object CMakeFiles/custom_msg__rosidl_typesupport_introspection_c.dir/rosidl_typesupport_introspection_c/custom_msg/msg/detail/age__type_support.c.o[0m
[5.739s] [ 54%] [32m[1mLinking CXX shared library libcustom_msg__rosidl_typesupport_c.so[0m
[5.788s] [ 58%] [32m[1mLinking C shared library libcustom_msg__rosidl_typesupport_introspection_c.so[0m
[5.950s] [ 61%] [32m[1mLinking CXX shared library libcustom_msg__rosidl_typesupport_cpp.so[0m
[5.990s] [ 61%] Built target custom_msg__rosidl_typesupport_c
[6.008s] [ 61%] Built target custom_msg__rosidl_typesupport_introspection_c
[6.193s] [ 61%] Built target custom_msg__rosidl_typesupport_cpp
[6.389s] [ 64%] [32m[1mLinking CXX shared library libcustom_msg__rosidl_typesupport_fastrtps_cpp.so[0m
[6.404s] [ 67%] [32m[1mLinking CXX shared library libcustom_msg__rosidl_typesupport_introspection_cpp.so[0m
[6.626s] [ 70%] [32m[1mLinking CXX shared library libcustom_msg__rosidl_typesupport_fastrtps_c.so[0m
[6.646s] [ 70%] Built target custom_msg__rosidl_typesupport_introspection_cpp
[6.715s] [ 70%] Built target custom_msg__rosidl_typesupport_fastrtps_cpp
[6.947s] [ 70%] Built target custom_msg__rosidl_typesupport_fastrtps_c
[7.043s] [ 70%] Built target custom_msg
[7.142s] [ 74%] [34m[1mGenerating Python code for ROS interfaces[0m
[7.686s] [ 74%] Built target custom_msg__py
[7.787s] [ 77%] [32mBuilding C object CMakeFiles/custom_msg__rosidl_generator_py.dir/rosidl_generator_py/custom_msg/msg/_age_s.c.o[0m
[8.357s] [ 80%] [32m[1mLinking C shared library rosidl_generator_py/custom_msg/libcustom_msg__rosidl_generator_py.so[0m
[8.564s] [ 80%] Built target custom_msg__rosidl_generator_py
[8.682s] [ 83%] [32mBuilding C object CMakeFiles/custom_msg__rosidl_typesupport_introspection_c__pyext.dir/rosidl_generator_py/custom_msg/_custom_msg_s.ep.rosidl_typesupport_introspection_c.c.o[0m
[8.683s] [ 90%] [32mBuilding C object CMakeFiles/custom_msg__rosidl_typesupport_c__pyext.dir/rosidl_generator_py/custom_msg/_custom_msg_s.ep.rosidl_typesupport_c.c.o[0m
[8.683s] [ 90%] [32mBuilding C object CMakeFiles/custom_msg__rosidl_typesupport_fastrtps_c__pyext.dir/rosidl_generator_py/custom_msg/_custom_msg_s.ep.rosidl_typesupport_fastrtps_c.c.o[0m
[9.164s] [ 93%] [32m[1mLinking C shared library rosidl_generator_py/custom_msg/custom_msg_s__rosidl_typesupport_c.cpython-310-x86_64-linux-gnu.so[0m
[9.168s] [ 96%] [32m[1mLinking C shared library rosidl_generator_py/custom_msg/custom_msg_s__rosidl_typesupport_introspection_c.cpython-310-x86_64-linux-gnu.so[0m
[9.169s] [100%] [32m[1mLinking C shared library rosidl_generator_py/custom_msg/custom_msg_s__rosidl_typesupport_fastrtps_c.cpython-310-x86_64-linux-gnu.so[0m
[9.368s] [100%] Built target custom_msg__rosidl_typesupport_introspection_c__pyext
[9.370s] [100%] Built target custom_msg__rosidl_typesupport_c__pyext
[9.372s] [100%] Built target custom_msg__rosidl_typesupport_fastrtps_c__pyext
[9.418s] Invoked command in '/home/matrix/ros2_ws/build/custom_msg' returned '0': CMAKE_PREFIX_PATH=/opt/ros/humble /usr/bin/cmake --build /home/matrix/ros2_ws/build/custom_msg -- -j8 -l8
[9.464s] Invoking command in '/home/matrix/ros2_ws/build/custom_msg': CMAKE_PREFIX_PATH=/opt/ros/humble /usr/bin/cmake --install /home/matrix/ros2_ws/build/custom_msg
[9.494s] -- Install configuration: ""
[9.496s] -- Installing: /home/matrix/ros2_ws/install/custom_msg/share/ament_index/resource_index/rosidl_interfaces/custom_msg
[9.496s] -- Installing: /home/matrix/ros2_ws/install/custom_msg/include/custom_msg/custom_msg
[9.497s] -- Installing: /home/matrix/ros2_ws/install/custom_msg/include/custom_msg/custom_msg/msg
[9.497s] -- Installing: /home/matrix/ros2_ws/install/custom_msg/include/custom_msg/custom_msg/msg/rosidl_generator_c__visibility_control.h
[9.498s] -- Installing: /home/matrix/ros2_ws/install/custom_msg/include/custom_msg/custom_msg/msg/age.h
[9.499s] -- Installing: /home/matrix/ros2_ws/install/custom_msg/include/custom_msg/custom_msg/msg/detail
[9.499s] -- Installing: /home/matrix/ros2_ws/install/custom_msg/include/custom_msg/custom_msg/msg/detail/age__functions.c
[9.499s] -- Installing: /home/matrix/ros2_ws/install/custom_msg/include/custom_msg/custom_msg/msg/detail/age__functions.h
[9.500s] -- Installing: /home/matrix/ros2_ws/install/custom_msg/include/custom_msg/custom_msg/msg/detail/age__struct.h
[9.500s] -- Installing: /home/matrix/ros2_ws/install/custom_msg/include/custom_msg/custom_msg/msg/detail/age__type_support.h
[9.502s] -- Installing: /home/matrix/ros2_ws/install/custom_msg/share/custom_msg/environment/library_path.sh
[9.502s] -- Installing: /home/matrix/ros2_ws/install/custom_msg/share/custom_msg/environment/library_path.dsv
[9.503s] -- Installing: /home/matrix/ros2_ws/install/custom_msg/lib/libcustom_msg__rosidl_generator_c.so
[9.508s] -- Set runtime path of "/home/matrix/ros2_ws/install/custom_msg/lib/libcustom_msg__rosidl_generator_c.so" to ""
[9.509s] -- Up-to-date: /home/matrix/ros2_ws/install/custom_msg/include/custom_msg/custom_msg
[9.509s] -- Up-to-date: /home/matrix/ros2_ws/install/custom_msg/include/custom_msg/custom_msg/msg
[9.510s] -- Installing: /home/matrix/ros2_ws/install/custom_msg/include/custom_msg/custom_msg/msg/rosidl_typesupport_fastrtps_c__visibility_control.h
[9.510s] -- Up-to-date: /home/matrix/ros2_ws/install/custom_msg/include/custom_msg/custom_msg/msg/detail
[9.510s] -- Installing: /home/matrix/ros2_ws/install/custom_msg/include/custom_msg/custom_msg/msg/detail/age__rosidl_typesupport_fastrtps_c.h
[9.511s] -- Installing: /home/matrix/ros2_ws/install/custom_msg/lib/libcustom_msg__rosidl_typesupport_fastrtps_c.so
[9.516s] -- Set runtime path of "/home/matrix/ros2_ws/install/custom_msg/lib/libcustom_msg__rosidl_typesupport_fastrtps_c.so" to ""
[9.516s] -- Up-to-date: /home/matrix/ros2_ws/install/custom_msg/include/custom_msg/custom_msg
[9.517s] -- Up-to-date: /home/matrix/ros2_ws/install/custom_msg/include/custom_msg/custom_msg/msg
[9.518s] -- Installing: /home/matrix/ros2_ws/install/custom_msg/include/custom_msg/custom_msg/msg/rosidl_typesupport_introspection_c__visibility_control.h
[9.518s] -- Up-to-date: /home/matrix/ros2_ws/install/custom_msg/include/custom_msg/custom_msg/msg/detail
[9.519s] -- Installing: /home/matrix/ros2_ws/install/custom_msg/include/custom_msg/custom_msg/msg/detail/age__rosidl_typesupport_introspection_c.h
[9.519s] -- Installing: /home/matrix/ros2_ws/install/custom_msg/include/custom_msg/custom_msg/msg/detail/age__type_support.c
[9.526s] -- Installing: /home/matrix/ros2_ws/install/custom_msg/lib/libcustom_msg__rosidl_typesupport_introspection_c.so
[9.530s] -- Set runtime path of "/home/matrix/ros2_ws/install/custom_msg/lib/libcustom_msg__rosidl_typesupport_introspection_c.so" to ""
[9.530s] -- Installing: /home/matrix/ros2_ws/install/custom_msg/lib/libcustom_msg__rosidl_typesupport_c.so
[9.534s] -- Set runtime path of "/home/matrix/ros2_ws/install/custom_msg/lib/libcustom_msg__rosidl_typesupport_c.so" to ""
[9.535s] -- Up-to-date: /home/matrix/ros2_ws/install/custom_msg/include/custom_msg/custom_msg
[9.535s] -- Up-to-date: /home/matrix/ros2_ws/install/custom_msg/include/custom_msg/custom_msg/msg
[9.535s] -- Installing: /home/matrix/ros2_ws/install/custom_msg/include/custom_msg/custom_msg/msg/rosidl_generator_cpp__visibility_control.hpp
[9.536s] -- Installing: /home/matrix/ros2_ws/install/custom_msg/include/custom_msg/custom_msg/msg/age.hpp
[9.536s] -- Up-to-date: /home/matrix/ros2_ws/install/custom_msg/include/custom_msg/custom_msg/msg/detail
[9.537s] -- Installing: /home/matrix/ros2_ws/install/custom_msg/include/custom_msg/custom_msg/msg/detail/age__type_support.hpp
[9.538s] -- Installing: /home/matrix/ros2_ws/install/custom_msg/include/custom_msg/custom_msg/msg/detail/age__struct.hpp
[9.538s] -- Installing: /home/matrix/ros2_ws/install/custom_msg/include/custom_msg/custom_msg/msg/detail/age__builder.hpp
[9.539s] -- Installing: /home/matrix/ros2_ws/install/custom_msg/include/custom_msg/custom_msg/msg/detail/age__traits.hpp
[9.540s] -- Up-to-date: /home/matrix/ros2_ws/install/custom_msg/include/custom_msg/custom_msg
[9.540s] -- Up-to-date: /home/matrix/ros2_ws/install/custom_msg/include/custom_msg/custom_msg/msg
[9.541s] -- Installing: /home/matrix/ros2_ws/install/custom_msg/include/custom_msg/custom_msg/msg/rosidl_typesupport_fastrtps_cpp__visibility_control.h
[9.541s] -- Up-to-date: /home/matrix/ros2_ws/install/custom_msg/include/custom_msg/custom_msg/msg/detail
[9.542s] -- Installing: /home/matrix/ros2_ws/install/custom_msg/include/custom_msg/custom_msg/msg/detail/age__rosidl_typesupport_fastrtps_cpp.hpp
[9.542s] -- Installing: /home/matrix/ros2_ws/install/custom_msg/include/custom_msg/custom_msg/msg/detail/dds_fastrtps
[9.550s] -- Installing: /home/matrix/ros2_ws/install/custom_msg/lib/libcustom_msg__rosidl_typesupport_fastrtps_cpp.so
[9.554s] -- Set runtime path of "/home/matrix/ros2_ws/install/custom_msg/lib/libcustom_msg__rosidl_typesupport_fastrtps_cpp.so" to ""
[9.559s] -- Up-to-date: /home/matrix/ros2_ws/install/custom_msg/include/custom_msg/custom_msg
[9.560s] -- Up-to-date: /home/matrix/ros2_ws/install/custom_msg/include/custom_msg/custom_msg/msg
[9.560s] -- Up-to-date: /home/matrix/ros2_ws/install/custom_msg/include/custom_msg/custom_msg/msg/detail
[9.560s] -- Installing: /home/matrix/ros2_ws/install/custom_msg/include/custom_msg/custom_msg/msg/detail/age__type_support.cpp
[9.560s] -- Installing: /home/matrix/ros2_ws/install/custom_msg/include/custom_msg/custom_msg/msg/detail/age__rosidl_typesupport_introspection_cpp.hpp
[9.561s] -- Installing: /home/matrix/ros2_ws/install/custom_msg/lib/libcustom_msg__rosidl_typesupport_introspection_cpp.so
[9.563s] -- Set runtime path of "/home/matrix/ros2_ws/install/custom_msg/lib/libcustom_msg__rosidl_typesupport_introspection_cpp.so" to ""
[9.563s] -- Installing: /home/matrix/ros2_ws/install/custom_msg/lib/libcustom_msg__rosidl_typesupport_cpp.so
[9.568s] -- Set runtime path of "/home/matrix/ros2_ws/install/custom_msg/lib/libcustom_msg__rosidl_typesupport_cpp.so" to ""
[9.568s] -- Installing: /home/matrix/ros2_ws/install/custom_msg/share/custom_msg/environment/pythonpath.sh
[9.569s] -- Installing: /home/matrix/ros2_ws/install/custom_msg/share/custom_msg/environment/pythonpath.dsv
[9.577s] -- Installing: /home/matrix/ros2_ws/install/custom_msg/local/lib/python3.10/dist-packages/custom_msg-0.0.0-py3.10.egg-info
[9.580s] -- Installing: /home/matrix/ros2_ws/install/custom_msg/local/lib/python3.10/dist-packages/custom_msg-0.0.0-py3.10.egg-info/SOURCES.txt
[9.581s] -- Installing: /home/matrix/ros2_ws/install/custom_msg/local/lib/python3.10/dist-packages/custom_msg-0.0.0-py3.10.egg-info/PKG-INFO
[9.582s] -- Installing: /home/matrix/ros2_ws/install/custom_msg/local/lib/python3.10/dist-packages/custom_msg-0.0.0-py3.10.egg-info/dependency_links.txt
[9.583s] -- Installing: /home/matrix/ros2_ws/install/custom_msg/local/lib/python3.10/dist-packages/custom_msg-0.0.0-py3.10.egg-info/top_level.txt
[9.585s] -- Installing: /home/matrix/ros2_ws/install/custom_msg/local/lib/python3.10/dist-packages/custom_msg
[9.585s] -- Installing: /home/matrix/ros2_ws/install/custom_msg/local/lib/python3.10/dist-packages/custom_msg/custom_msg_s__rosidl_typesupport_fastrtps_c.cpython-310-x86_64-linux-gnu.so
[9.586s] -- Installing: /home/matrix/ros2_ws/install/custom_msg/local/lib/python3.10/dist-packages/custom_msg/libcustom_msg__rosidl_generator_py.so
[9.586s] -- Installing: /home/matrix/ros2_ws/install/custom_msg/local/lib/python3.10/dist-packages/custom_msg/msg
[9.587s] -- Installing: /home/matrix/ros2_ws/install/custom_msg/local/lib/python3.10/dist-packages/custom_msg/msg/_age.py
[9.588s] -- Installing: /home/matrix/ros2_ws/install/custom_msg/local/lib/python3.10/dist-packages/custom_msg/msg/_age_s.c
[9.589s] -- Installing: /home/matrix/ros2_ws/install/custom_msg/local/lib/python3.10/dist-packages/custom_msg/msg/__init__.py
[9.590s] -- Installing: /home/matrix/ros2_ws/install/custom_msg/local/lib/python3.10/dist-packages/custom_msg/__init__.py
[9.592s] -- Installing: /home/matrix/ros2_ws/install/custom_msg/local/lib/python3.10/dist-packages/custom_msg/custom_msg_s__rosidl_typesupport_introspection_c.cpython-310-x86_64-linux-gnu.so
[9.593s] -- Installing: /home/matrix/ros2_ws/install/custom_msg/local/lib/python3.10/dist-packages/custom_msg/_custom_msg_s.ep.rosidl_typesupport_introspection_c.c
[9.594s] -- Installing: /home/matrix/ros2_ws/install/custom_msg/local/lib/python3.10/dist-packages/custom_msg/_custom_msg_s.ep.rosidl_typesupport_c.c
[9.595s] -- Installing: /home/matrix/ros2_ws/install/custom_msg/local/lib/python3.10/dist-packages/custom_msg/_custom_msg_s.ep.rosidl_typesupport_fastrtps_c.c
[9.596s] -- Installing: /home/matrix/ros2_ws/install/custom_msg/local/lib/python3.10/dist-packages/custom_msg/custom_msg_s__rosidl_typesupport_c.cpython-310-x86_64-linux-gnu.so
[9.707s] Listing '/home/matrix/ros2_ws/install/custom_msg/local/lib/python3.10/dist-packages/custom_msg'...
[9.708s] Compiling '/home/matrix/ros2_ws/install/custom_msg/local/lib/python3.10/dist-packages/custom_msg/__init__.py'...
[9.708s] Listing '/home/matrix/ros2_ws/install/custom_msg/local/lib/python3.10/dist-packages/custom_msg/msg'...
[9.708s] Compiling '/home/matrix/ros2_ws/install/custom_msg/local/lib/python3.10/dist-packages/custom_msg/msg/__init__.py'...
[9.709s] Compiling '/home/matrix/ros2_ws/install/custom_msg/local/lib/python3.10/dist-packages/custom_msg/msg/_age.py'...
[9.717s] -- Installing: /home/matrix/ros2_ws/install/custom_msg/local/lib/python3.10/dist-packages/custom_msg/custom_msg_s__rosidl_typesupport_fastrtps_c.cpython-310-x86_64-linux-gnu.so
[9.720s] -- Set runtime path of "/home/matrix/ros2_ws/install/custom_msg/local/lib/python3.10/dist-packages/custom_msg/custom_msg_s__rosidl_typesupport_fastrtps_c.cpython-310-x86_64-linux-gnu.so" to ""
[9.724s] -- Installing: /home/matrix/ros2_ws/install/custom_msg/local/lib/python3.10/dist-packages/custom_msg/custom_msg_s__rosidl_typesupport_introspection_c.cpython-310-x86_64-linux-gnu.so
[9.731s] -- Set runtime path of "/home/matrix/ros2_ws/install/custom_msg/local/lib/python3.10/dist-packages/custom_msg/custom_msg_s__rosidl_typesupport_introspection_c.cpython-310-x86_64-linux-gnu.so" to ""
[9.731s] -- Installing: /home/matrix/ros2_ws/install/custom_msg/local/lib/python3.10/dist-packages/custom_msg/custom_msg_s__rosidl_typesupport_c.cpython-310-x86_64-linux-gnu.so
[9.735s] -- Set runtime path of "/home/matrix/ros2_ws/install/custom_msg/local/lib/python3.10/dist-packages/custom_msg/custom_msg_s__rosidl_typesupport_c.cpython-310-x86_64-linux-gnu.so" to ""
[9.735s] -- Installing: /home/matrix/ros2_ws/install/custom_msg/lib/libcustom_msg__rosidl_generator_py.so
[9.740s] -- Set runtime path of "/home/matrix/ros2_ws/install/custom_msg/lib/libcustom_msg__rosidl_generator_py.so" to ""
[9.743s] -- Installing: /home/matrix/ros2_ws/install/custom_msg/share/custom_msg/msg/Age.idl
[9.744s] -- Installing: /home/matrix/ros2_ws/install/custom_msg/share/custom_msg/msg/Age.msg
[9.746s] -- Installing: /home/matrix/ros2_ws/install/custom_msg/share/ament_index/resource_index/package_run_dependencies/custom_msg
[9.753s] -- Installing: /home/matrix/ros2_ws/install/custom_msg/share/ament_index/resource_index/parent_prefix_path/custom_msg
[9.754s] -- Installing: /home/matrix/ros2_ws/install/custom_msg/share/custom_msg/environment/ament_prefix_path.sh
[9.754s] -- Installing: /home/matrix/ros2_ws/install/custom_msg/share/custom_msg/environment/ament_prefix_path.dsv
[9.754s] -- Installing: /home/matrix/ros2_ws/install/custom_msg/share/custom_msg/environment/path.sh
[9.756s] -- Installing: /home/matrix/ros2_ws/install/custom_msg/share/custom_msg/environment/path.dsv
[9.758s] -- Installing: /home/matrix/ros2_ws/install/custom_msg/share/custom_msg/local_setup.bash
[9.758s] -- Installing: /home/matrix/ros2_ws/install/custom_msg/share/custom_msg/local_setup.sh
[9.760s] -- Installing: /home/matrix/ros2_ws/install/custom_msg/share/custom_msg/local_setup.zsh
[9.760s] -- Installing: /home/matrix/ros2_ws/install/custom_msg/share/custom_msg/local_setup.dsv
[9.761s] -- Installing: /home/matrix/ros2_ws/install/custom_msg/share/custom_msg/package.dsv
[9.761s] -- Installing: /home/matrix/ros2_ws/install/custom_msg/share/ament_index/resource_index/packages/custom_msg
[9.762s] -- Installing: /home/matrix/ros2_ws/install/custom_msg/share/custom_msg/cmake/export_custom_msg__rosidl_generator_cExport.cmake
[9.762s] -- Installing: /home/matrix/ros2_ws/install/custom_msg/share/custom_msg/cmake/export_custom_msg__rosidl_generator_cExport-noconfig.cmake
[9.763s] -- Installing: /home/matrix/ros2_ws/install/custom_msg/share/custom_msg/cmake/export_custom_msg__rosidl_typesupport_fastrtps_cExport.cmake
[9.763s] -- Installing: /home/matrix/ros2_ws/install/custom_msg/share/custom_msg/cmake/export_custom_msg__rosidl_typesupport_fastrtps_cExport-noconfig.cmake
[9.766s] -- Installing: /home/matrix/ros2_ws/install/custom_msg/share/custom_msg/cmake/custom_msg__rosidl_typesupport_introspection_cExport.cmake
[9.767s] -- Installing: /home/matrix/ros2_ws/install/custom_msg/share/custom_msg/cmake/custom_msg__rosidl_typesupport_introspection_cExport-noconfig.cmake
[9.767s] -- Installing: /home/matrix/ros2_ws/install/custom_msg/share/custom_msg/cmake/custom_msg__rosidl_typesupport_cExport.cmake
[9.771s] -- Installing: /home/matrix/ros2_ws/install/custom_msg/share/custom_msg/cmake/custom_msg__rosidl_typesupport_cExport-noconfig.cmake
[9.771s] -- Installing: /home/matrix/ros2_ws/install/custom_msg/share/custom_msg/cmake/export_custom_msg__rosidl_generator_cppExport.cmake
[9.771s] -- Installing: /home/matrix/ros2_ws/install/custom_msg/share/custom_msg/cmake/export_custom_msg__rosidl_typesupport_fastrtps_cppExport.cmake
[9.772s] -- Installing: /home/matrix/ros2_ws/install/custom_msg/share/custom_msg/cmake/export_custom_msg__rosidl_typesupport_fastrtps_cppExport-noconfig.cmake
[9.772s] -- Installing: /home/matrix/ros2_ws/install/custom_msg/share/custom_msg/cmake/custom_msg__rosidl_typesupport_introspection_cppExport.cmake
[9.772s] -- Installing: /home/matrix/ros2_ws/install/custom_msg/share/custom_msg/cmake/custom_msg__rosidl_typesupport_introspection_cppExport-noconfig.cmake
[9.774s] -- Installing: /home/matrix/ros2_ws/install/custom_msg/share/custom_msg/cmake/custom_msg__rosidl_typesupport_cppExport.cmake
[9.775s] -- Installing: /home/matrix/ros2_ws/install/custom_msg/share/custom_msg/cmake/custom_msg__rosidl_typesupport_cppExport-noconfig.cmake
[9.780s] -- Installing: /home/matrix/ros2_ws/install/custom_msg/share/custom_msg/cmake/export_custom_msg__rosidl_generator_pyExport.cmake
[9.780s] -- Installing: /home/matrix/ros2_ws/install/custom_msg/share/custom_msg/cmake/export_custom_msg__rosidl_generator_pyExport-noconfig.cmake
[9.782s] -- Installing: /home/matrix/ros2_ws/install/custom_msg/share/custom_msg/cmake/rosidl_cmake-extras.cmake
[9.782s] -- Installing: /home/matrix/ros2_ws/install/custom_msg/share/custom_msg/cmake/ament_cmake_export_dependencies-extras.cmake
[9.782s] -- Installing: /home/matrix/ros2_ws/install/custom_msg/share/custom_msg/cmake/ament_cmake_export_include_directories-extras.cmake
[9.784s] -- Installing: /home/matrix/ros2_ws/install/custom_msg/share/custom_msg/cmake/ament_cmake_export_libraries-extras.cmake
[9.785s] -- Installing: /home/matrix/ros2_ws/install/custom_msg/share/custom_msg/cmake/ament_cmake_export_targets-extras.cmake
[9.785s] -- Installing: /home/matrix/ros2_ws/install/custom_msg/share/custom_msg/cmake/rosidl_cmake_export_typesupport_targets-extras.cmake
[9.786s] -- Installing: /home/matrix/ros2_ws/install/custom_msg/share/custom_msg/cmake/rosidl_cmake_export_typesupport_libraries-extras.cmake
[9.787s] -- Installing: /home/matrix/ros2_ws/install/custom_msg/share/custom_msg/cmake/custom_msgConfig.cmake
[9.789s] -- Installing: /home/matrix/ros2_ws/install/custom_msg/share/custom_msg/cmake/custom_msgConfig-version.cmake
[9.789s] -- Installing: /home/matrix/ros2_ws/install/custom_msg/share/custom_msg/package.xml
[9.799s] Invoked command in '/home/matrix/ros2_ws/build/custom_msg' returned '0': CMAKE_PREFIX_PATH=/opt/ros/humble /usr/bin/cmake --install /home/matrix/ros2_ws/build/custom_msg
