[0.080s] Invoking command in '/home/matrix/ros2_ws/build/cpp_node': CMAKE_PREFIX_PATH=/opt/ros/humble /usr/bin/cmake /home/matrix/ros2_ws/src/cpp_node -DCMAKE_INSTALL_PREFIX=/home/matrix/ros2_ws/install/cpp_node
[0.403s] -- The C compiler identification is GNU 11.4.0
[0.748s] -- The CXX compiler identification is GNU 11.4.0
[0.810s] -- Detecting C compiler ABI info
[1.279s] -- Detecting C compiler ABI info - done
[1.295s] -- Check for working C compiler: /usr/bin/cc - skipped
[1.295s] -- Detecting C compile features
[1.299s] -- Detecting C compile features - done
[1.310s] -- Detecting CXX compiler ABI info
[1.737s] -- Detecting CXX compiler ABI info - done
[1.750s] -- Check for working CXX compiler: /usr/bin/c++ - skipped
[1.752s] -- Detecting CXX compile features
[1.755s] -- Detecting CXX compile features - done
[1.764s] -- Found ament_cmake: 1.3.11 (/opt/ros/humble/share/ament_cmake/cmake)
[2.194s] -- Found Python3: /usr/bin/python3 (found version "3.10.12") found components: Interpreter 
[2.429s] -- Found rclcpp: 16.0.11 (/opt/ros/humble/share/rclcpp/cmake)
[2.543s] -- Found rosidl_generator_c: 3.1.6 (/opt/ros/humble/share/rosidl_generator_c/cmake)
[2.556s] -- Found rosidl_adapter: 3.1.6 (/opt/ros/humble/share/rosidl_adapter/cmake)
[2.581s] -- Found rosidl_generator_cpp: 3.1.6 (/opt/ros/humble/share/rosidl_generator_cpp/cmake)
[2.620s] -- Using all available rosidl_typesupport_c: rosidl_typesupport_fastrtps_c;rosidl_typesupport_introspection_c
[2.663s] -- Using all available rosidl_typesupport_cpp: rosidl_typesupport_fastrtps_cpp;rosidl_typesupport_introspection_cpp
[2.783s] -- Found rmw_implementation_cmake: 6.1.2 (/opt/ros/humble/share/rmw_implementation_cmake/cmake)
[2.786s] -- Found rmw_fastrtps_cpp: 6.2.7 (/opt/ros/humble/share/rmw_fastrtps_cpp/cmake)
[3.116s] -- Found OpenSSL: /usr/lib/x86_64-linux-gnu/libcrypto.so (found version "3.0.2")  
[3.182s] -- Found FastRTPS: /opt/ros/humble/include  
[3.288s] -- Using RMW implementation 'rmw_fastrtps_cpp' as default
[3.312s] -- Looking for pthread.h
[3.654s] -- Looking for pthread.h - found
[3.659s] -- Performing Test CMAKE_HAVE_LIBC_PTHREAD
[4.044s] -- Performing Test CMAKE_HAVE_LIBC_PTHREAD - Success
[4.048s] -- Found Threads: TRUE  
[4.169s] -- Found ament_lint_auto: 0.12.11 (/opt/ros/humble/share/ament_lint_auto/cmake)
[4.375s] -- Added test 'cppcheck' to perform static code analysis on C / C++ code
[4.376s] -- Configured cppcheck include dirs: 
[4.376s] -- Configured cppcheck exclude dirs and/or files: 
[4.381s] -- Added test 'lint_cmake' to check CMake code style
[4.397s] -- Added test 'uncrustify' to check C / C++ code style
[4.397s] -- Configured uncrustify additional arguments: 
[4.398s] -- Added test 'xmllint' to check XML markup files
[4.402s] -- Configuring done
[4.463s] -- Generating done
[4.474s] -- Build files have been written to: /home/matrix/ros2_ws/build/cpp_node
