[0.122s] Invoking command in '/home/matrix/ros2_ws/build/cpp_node': CMAKE_PREFIX_PATH=${CMAKE_PREFIX_PATH}:/home/matrix/ros2_ws/install/py_node:/opt/ros/humble /usr/bin/cmake --build /home/matrix/ros2_ws/build/cpp_node -- -j8 -l8
[0.464s] [ 50%] Built target talker
[0.477s] [100%] Built target listener
[0.979s] Invoked command in '/home/matrix/ros2_ws/build/cpp_node' returned '0': CMAKE_PREFIX_PATH=${CMAKE_PREFIX_PATH}:/home/matrix/ros2_ws/install/py_node:/opt/ros/humble /usr/bin/cmake --build /home/matrix/ros2_ws/build/cpp_node -- -j8 -l8
[1.033s] Invoking command in '/home/matrix/ros2_ws/build/cpp_node': CMAKE_PREFIX_PATH=${CMAKE_PREFIX_PATH}:/home/matrix/ros2_ws/install/py_node:/opt/ros/humble /usr/bin/cmake --install /home/matrix/ros2_ws/build/cpp_node
[1.069s] -- Install configuration: ""
[1.070s] -- Up-to-date: /home/matrix/ros2_ws/install/cpp_node/lib/cpp_node/talker
[1.075s] -- Up-to-date: /home/matrix/ros2_ws/install/cpp_node/lib/cpp_node/listener
[1.078s] -- Up-to-date: /home/matrix/ros2_ws/install/cpp_node/share/ament_index/resource_index/package_run_dependencies/cpp_node
[1.080s] -- Up-to-date: /home/matrix/ros2_ws/install/cpp_node/share/ament_index/resource_index/parent_prefix_path/cpp_node
[1.081s] -- Up-to-date: /home/matrix/ros2_ws/install/cpp_node/share/cpp_node/environment/ament_prefix_path.sh
[1.082s] -- Up-to-date: /home/matrix/ros2_ws/install/cpp_node/share/cpp_node/environment/ament_prefix_path.dsv
[1.090s] -- Up-to-date: /home/matrix/ros2_ws/install/cpp_node/share/cpp_node/environment/path.sh
[1.094s] -- Up-to-date: /home/matrix/ros2_ws/install/cpp_node/share/cpp_node/environment/path.dsv
[1.095s] -- Up-to-date: /home/matrix/ros2_ws/install/cpp_node/share/cpp_node/local_setup.bash
[1.098s] -- Up-to-date: /home/matrix/ros2_ws/install/cpp_node/share/cpp_node/local_setup.sh
[1.101s] -- Up-to-date: /home/matrix/ros2_ws/install/cpp_node/share/cpp_node/local_setup.zsh
[1.103s] -- Up-to-date: /home/matrix/ros2_ws/install/cpp_node/share/cpp_node/local_setup.dsv
[1.104s] -- Installing: /home/matrix/ros2_ws/install/cpp_node/share/cpp_node/package.dsv
[1.104s] -- Up-to-date: /home/matrix/ros2_ws/install/cpp_node/share/ament_index/resource_index/packages/cpp_node
[1.106s] -- Up-to-date: /home/matrix/ros2_ws/install/cpp_node/share/cpp_node/cmake/cpp_nodeConfig.cmake
[1.111s] -- Up-to-date: /home/matrix/ros2_ws/install/cpp_node/share/cpp_node/cmake/cpp_nodeConfig-version.cmake
[1.113s] -- Up-to-date: /home/matrix/ros2_ws/install/cpp_node/share/cpp_node/package.xml
[1.115s] Invoked command in '/home/matrix/ros2_ws/build/cpp_node' returned '0': CMAKE_PREFIX_PATH=${CMAKE_PREFIX_PATH}:/home/matrix/ros2_ws/install/py_node:/opt/ros/humble /usr/bin/cmake --install /home/matrix/ros2_ws/build/cpp_node
