[0.074s] Invoking command in '/home/matrix/ros2_ws/build/custom_pkg': CMAKE_PREFIX_PATH=/opt/ros/humble /usr/bin/cmake /home/matrix/ros2_ws/src/custom_pkg -DCMAKE_INSTALL_PREFIX=/home/matrix/ros2_ws/install/custom_pkg
[0.413s] -- The C compiler identification is GNU 11.4.0
[0.791s] -- The CXX compiler identification is GNU 11.4.0
[0.837s] -- Detecting C compiler ABI info
[1.293s] -- Detecting C compiler ABI info - done
[1.305s] -- Check for working C compiler: /usr/bin/cc - skipped
[1.305s] -- Detecting C compile features
[1.305s] -- Detecting C compile features - done
[1.314s] -- Detecting CXX compiler ABI info
[1.749s] -- Detecting CXX compiler ABI info - done
[1.767s] -- Check for working CXX compiler: /usr/bin/c++ - skipped
[1.771s] -- Detecting CXX compile features
[1.772s] -- Detecting CXX compile features - done
[1.778s] -- Found ament_cmake: 1.3.11 (/opt/ros/humble/share/ament_cmake/cmake)
[2.237s] -- Found Python3: /usr/bin/python3 (found version "3.10.12") found components: Interpreter 
[2.470s] -- Found rosidl_default_generators: 1.2.0 (/opt/ros/humble/share/rosidl_default_generators/cmake)
[2.474s] -- Using all available rosidl_typesupport_c: rosidl_typesupport_fastrtps_c;rosidl_typesupport_introspection_c
[2.494s] -- Found rosidl_adapter: 3.1.6 (/opt/ros/humble/share/rosidl_adapter/cmake)
[2.608s] -- Using all available rosidl_typesupport_cpp: rosidl_typesupport_fastrtps_cpp;rosidl_typesupport_introspection_cpp
[2.707s] -- Found std_msgs: 4.2.4 (/opt/ros/humble/share/std_msgs/cmake)
[3.275s] [31mCMake Error at /opt/ros/humble/share/rosidl_cmake/cmake/rosidl_generate_interfaces.cmake:229 (message):
[3.276s]   Packages installing interfaces must include
[3.276s]   '<member_of_group>rosidl_interface_packages</member_of_group>' in their
[3.276s]   package.xml
[3.277s] Call Stack (most recent call first):
[3.277s]   CMakeLists.txt:18 (rosidl_generate_interfaces)
[3.277s] 
[3.277s] [0m
[3.279s] -- Configuring incomplete, errors occurred!
[3.279s] See also "/home/matrix/ros2_ws/build/custom_pkg/CMakeFiles/CMakeOutput.log".
[3.320s] Invoked command in '/home/matrix/ros2_ws/build/custom_pkg' returned '1': CMAKE_PREFIX_PATH=/opt/ros/humble /usr/bin/cmake /home/matrix/ros2_ws/src/custom_pkg -DCMAKE_INSTALL_PREFIX=/home/matrix/ros2_ws/install/custom_pkg
