[0.052s] Invoking command in '/home/matrix/ros2_ws/build/use_custom_msg': AMENT_PREFIX_PATH=/home/matrix/ros2_ws/install/custom_msg:${AMENT_PREFIX_PATH} CMAKE_PREFIX_PATH=/home/matrix/ros2_ws/install/custom_msg:/opt/ros/humble LD_LIBRARY_PATH=/home/matrix/ros2_ws/install/custom_msg/lib:${LD_LIBRARY_PATH} PYTHONPATH=/home/matrix/ros2_ws/install/custom_msg/local/lib/python3.10/dist-packages:${PYTHONPATH} /usr/bin/cmake /home/matrix/ros2_ws/src/use_custom_msg -DCMAKE_INSTALL_PREFIX=/home/matrix/ros2_ws/install/use_custom_msg
[0.319s] -- The C compiler identification is GNU 11.4.0
[0.579s] -- The CXX compiler identification is GNU 11.4.0
[0.608s] -- Detecting C compiler ABI info
[0.938s] -- Detecting C compiler ABI info - done
[0.954s] -- Check for working C compiler: /usr/bin/cc - skipped
[0.957s] -- Detecting C compile features
[0.957s] -- Detecting C compile features - done
[0.965s] -- Detecting CXX compiler ABI info
[1.398s] -- Detecting CXX compiler ABI info - done
[1.409s] -- Check for working CXX compiler: /usr/bin/c++ - skipped
[1.413s] -- Detecting CXX compile features
[1.413s] -- Detecting CXX compile features - done
[1.421s] -- Found ament_cmake: 1.3.11 (/opt/ros/humble/share/ament_cmake/cmake)
[1.943s] -- Found Python3: /usr/bin/python3 (found version "3.10.12") found components: Interpreter 
[2.216s] -- Found custom_msg: 0.0.0 (/home/matrix/ros2_ws/install/custom_msg/share/custom_msg/cmake)
[2.324s] -- Found rosidl_generator_c: 3.1.6 (/opt/ros/humble/share/rosidl_generator_c/cmake)
[2.342s] -- Found rosidl_adapter: 3.1.6 (/opt/ros/humble/share/rosidl_adapter/cmake)
[2.376s] -- Found rosidl_generator_cpp: 3.1.6 (/opt/ros/humble/share/rosidl_generator_cpp/cmake)
[2.413s] -- Using all available rosidl_typesupport_c: rosidl_typesupport_fastrtps_c;rosidl_typesupport_introspection_c
[2.459s] -- Using all available rosidl_typesupport_cpp: rosidl_typesupport_fastrtps_cpp;rosidl_typesupport_introspection_cpp
[2.555s] [31mCMake Error at /opt/ros/humble/share/ament_cmake_target_dependencies/cmake/ament_target_dependencies.cmake:77 (message):
[2.555s]   ament_target_dependencies() the passed package name 'rclcpp' was not found
[2.556s]   before
[2.556s] Call Stack (most recent call first):
[2.557s]   CMakeLists.txt:14 (ament_target_dependencies)
[2.557s] 
[2.557s] [0m
[2.562s] -- Configuring incomplete, errors occurred!
[2.562s] See also "/home/matrix/ros2_ws/build/use_custom_msg/CMakeFiles/CMakeOutput.log".
[2.577s] Invoked command in '/home/matrix/ros2_ws/build/use_custom_msg' returned '1': AMENT_PREFIX_PATH=/home/matrix/ros2_ws/install/custom_msg:${AMENT_PREFIX_PATH} CMAKE_PREFIX_PATH=/home/matrix/ros2_ws/install/custom_msg:/opt/ros/humble LD_LIBRARY_PATH=/home/matrix/ros2_ws/install/custom_msg/lib:${LD_LIBRARY_PATH} PYTHONPATH=/home/matrix/ros2_ws/install/custom_msg/local/lib/python3.10/dist-packages:${PYTHONPATH} /usr/bin/cmake /home/matrix/ros2_ws/src/use_custom_msg -DCMAKE_INSTALL_PREFIX=/home/matrix/ros2_ws/install/use_custom_msg
