[0.117s] Invoking command in '/home/matrix/ros2_ws/build/cpp_node': CMAKE_PREFIX_PATH=${CMAKE_PREFIX_PATH}:/home/matrix/ros2_ws/install/py_node:/opt/ros/humble /usr/bin/cmake --build /home/matrix/ros2_ws/build/cpp_node -- -j8 -l8
[0.513s] [ 50%] Built target talker
[0.532s] [100%] Built target listener
[1.088s] Invoked command in '/home/matrix/ros2_ws/build/cpp_node' returned '0': CMAKE_PREFIX_PATH=${CMAKE_PREFIX_PATH}:/home/matrix/ros2_ws/install/py_node:/opt/ros/humble /usr/bin/cmake --build /home/matrix/ros2_ws/build/cpp_node -- -j8 -l8
[1.132s] Invoking command in '/home/matrix/ros2_ws/build/cpp_node': CMAKE_PREFIX_PATH=${CMAKE_PREFIX_PATH}:/home/matrix/ros2_ws/install/py_node:/opt/ros/humble /usr/bin/cmake --install /home/matrix/ros2_ws/build/cpp_node
[1.180s] -- Install configuration: ""
[1.183s] -- Up-to-date: /home/matrix/ros2_ws/install/cpp_node/lib/cpp_node/talker
[1.188s] -- Up-to-date: /home/matrix/ros2_ws/install/cpp_node/lib/cpp_node/listener
[1.191s] -- Up-to-date: /home/matrix/ros2_ws/install/cpp_node/share/ament_index/resource_index/package_run_dependencies/cpp_node
[1.193s] -- Up-to-date: /home/matrix/ros2_ws/install/cpp_node/share/ament_index/resource_index/parent_prefix_path/cpp_node
[1.194s] -- Up-to-date: /home/matrix/ros2_ws/install/cpp_node/share/cpp_node/environment/ament_prefix_path.sh
[1.195s] -- Up-to-date: /home/matrix/ros2_ws/install/cpp_node/share/cpp_node/environment/ament_prefix_path.dsv
[1.196s] -- Up-to-date: /home/matrix/ros2_ws/install/cpp_node/share/cpp_node/environment/path.sh
[1.197s] -- Up-to-date: /home/matrix/ros2_ws/install/cpp_node/share/cpp_node/environment/path.dsv
[1.198s] -- Up-to-date: /home/matrix/ros2_ws/install/cpp_node/share/cpp_node/local_setup.bash
[1.198s] -- Up-to-date: /home/matrix/ros2_ws/install/cpp_node/share/cpp_node/local_setup.sh
[1.200s] -- Up-to-date: /home/matrix/ros2_ws/install/cpp_node/share/cpp_node/local_setup.zsh
[1.200s] -- Up-to-date: /home/matrix/ros2_ws/install/cpp_node/share/cpp_node/local_setup.dsv
[1.201s] -- Installing: /home/matrix/ros2_ws/install/cpp_node/share/cpp_node/package.dsv
[1.201s] -- Up-to-date: /home/matrix/ros2_ws/install/cpp_node/share/ament_index/resource_index/packages/cpp_node
[1.201s] -- Up-to-date: /home/matrix/ros2_ws/install/cpp_node/share/cpp_node/cmake/cpp_nodeConfig.cmake
[1.202s] -- Up-to-date: /home/matrix/ros2_ws/install/cpp_node/share/cpp_node/cmake/cpp_nodeConfig-version.cmake
[1.205s] -- Up-to-date: /home/matrix/ros2_ws/install/cpp_node/share/cpp_node/package.xml
[1.211s] Invoked command in '/home/matrix/ros2_ws/build/cpp_node' returned '0': CMAKE_PREFIX_PATH=${CMAKE_PREFIX_PATH}:/home/matrix/ros2_ws/install/py_node:/opt/ros/humble /usr/bin/cmake --install /home/matrix/ros2_ws/build/cpp_node
