[0.071s] Invoking command in '/home/matrix/ros2_ws/build/use_custom_msg': AMENT_PREFIX_PATH=/home/matrix/ros2_ws/install/custom_msg:${AMENT_PREFIX_PATH} CMAKE_PREFIX_PATH=/home/matrix/ros2_ws/install/custom_msg:/opt/ros/humble LD_LIBRARY_PATH=/home/matrix/ros2_ws/install/custom_msg/lib:${LD_LIBRARY_PATH} PYTHONPATH=/home/matrix/ros2_ws/install/custom_msg/local/lib/python3.10/dist-packages:${PYTHONPATH} /usr/bin/cmake --build /home/matrix/ros2_ws/build/use_custom_msg -- -j8 -l8
[0.306s] [35m[1mConsolidate compiler generated dependencies of target custom_listner[0m
[0.307s] [35m[1mConsolidate compiler generated dependencies of target custom_talker[0m
[0.433s] [ 25%] [32mBuilding CXX object CMakeFiles/custom_talker.dir/src/pub.cpp.o[0m
[0.436s] [ 50%] [32mBuilding CXX object CMakeFiles/custom_listner.dir/src/sub.cpp.o[0m
[9.777s] [ 75%] [32m[1mLinking CXX executable custom_talker[0m
[10.894s] [ 75%] Built target custom_talker
[16.139s] [100%] [32m[1mLinking CXX executable custom_listner[0m
[17.638s] [100%] Built target custom_listner
[17.690s] Invoked command in '/home/matrix/ros2_ws/build/use_custom_msg' returned '0': AMENT_PREFIX_PATH=/home/matrix/ros2_ws/install/custom_msg:${AMENT_PREFIX_PATH} CMAKE_PREFIX_PATH=/home/matrix/ros2_ws/install/custom_msg:/opt/ros/humble LD_LIBRARY_PATH=/home/matrix/ros2_ws/install/custom_msg/lib:${LD_LIBRARY_PATH} PYTHONPATH=/home/matrix/ros2_ws/install/custom_msg/local/lib/python3.10/dist-packages:${PYTHONPATH} /usr/bin/cmake --build /home/matrix/ros2_ws/build/use_custom_msg -- -j8 -l8
[17.732s] Invoking command in '/home/matrix/ros2_ws/build/use_custom_msg': AMENT_PREFIX_PATH=/home/matrix/ros2_ws/install/custom_msg:${AMENT_PREFIX_PATH} CMAKE_PREFIX_PATH=/home/matrix/ros2_ws/install/custom_msg:/opt/ros/humble LD_LIBRARY_PATH=/home/matrix/ros2_ws/install/custom_msg/lib:${LD_LIBRARY_PATH} PYTHONPATH=/home/matrix/ros2_ws/install/custom_msg/local/lib/python3.10/dist-packages:${PYTHONPATH} /usr/bin/cmake --install /home/matrix/ros2_ws/build/use_custom_msg
[17.771s] -- Install configuration: ""
[17.771s] -- Installing: /home/matrix/ros2_ws/install/use_custom_msg/lib/use_custom_msg/custom_listner
[17.800s] -- Set runtime path of "/home/matrix/ros2_ws/install/use_custom_msg/lib/use_custom_msg/custom_listner" to ""
[17.800s] -- Installing: /home/matrix/ros2_ws/install/use_custom_msg/lib/use_custom_msg/custom_talker
[17.811s] -- Set runtime path of "/home/matrix/ros2_ws/install/use_custom_msg/lib/use_custom_msg/custom_talker" to ""
[17.811s] -- Installing: /home/matrix/ros2_ws/install/use_custom_msg/share/ament_index/resource_index/package_run_dependencies/use_custom_msg
[17.814s] -- Installing: /home/matrix/ros2_ws/install/use_custom_msg/share/ament_index/resource_index/parent_prefix_path/use_custom_msg
[17.814s] -- Installing: /home/matrix/ros2_ws/install/use_custom_msg/share/use_custom_msg/environment/ament_prefix_path.sh
[17.815s] -- Installing: /home/matrix/ros2_ws/install/use_custom_msg/share/use_custom_msg/environment/ament_prefix_path.dsv
[17.816s] -- Installing: /home/matrix/ros2_ws/install/use_custom_msg/share/use_custom_msg/environment/path.sh
[17.817s] -- Installing: /home/matrix/ros2_ws/install/use_custom_msg/share/use_custom_msg/environment/path.dsv
[17.819s] -- Installing: /home/matrix/ros2_ws/install/use_custom_msg/share/use_custom_msg/local_setup.bash
[17.821s] -- Installing: /home/matrix/ros2_ws/install/use_custom_msg/share/use_custom_msg/local_setup.sh
[17.823s] -- Installing: /home/matrix/ros2_ws/install/use_custom_msg/share/use_custom_msg/local_setup.zsh
[17.823s] -- Installing: /home/matrix/ros2_ws/install/use_custom_msg/share/use_custom_msg/local_setup.dsv
[17.825s] -- Installing: /home/matrix/ros2_ws/install/use_custom_msg/share/use_custom_msg/package.dsv
[17.828s] -- Installing: /home/matrix/ros2_ws/install/use_custom_msg/share/ament_index/resource_index/packages/use_custom_msg
[17.830s] -- Installing: /home/matrix/ros2_ws/install/use_custom_msg/share/use_custom_msg/cmake/use_custom_msgConfig.cmake
[17.834s] -- Installing: /home/matrix/ros2_ws/install/use_custom_msg/share/use_custom_msg/cmake/use_custom_msgConfig-version.cmake
[17.835s] -- Installing: /home/matrix/ros2_ws/install/use_custom_msg/share/use_custom_msg/package.xml
[17.840s] Invoked command in '/home/matrix/ros2_ws/build/use_custom_msg' returned '0': AMENT_PREFIX_PATH=/home/matrix/ros2_ws/install/custom_msg:${AMENT_PREFIX_PATH} CMAKE_PREFIX_PATH=/home/matrix/ros2_ws/install/custom_msg:/opt/ros/humble LD_LIBRARY_PATH=/home/matrix/ros2_ws/install/custom_msg/lib:${LD_LIBRARY_PATH} PYTHONPATH=/home/matrix/ros2_ws/install/custom_msg/local/lib/python3.10/dist-packages:${PYTHONPATH} /usr/bin/cmake --install /home/matrix/ros2_ws/build/use_custom_msg
