[0.062s] Invoking command in '/home/matrix/ros2_ws/build/robot_arm_4dof': CMAKE_PREFIX_PATH=/opt/ros/humble /usr/bin/cmake /home/matrix/ros2_ws/src/robotArm_4DOF -DCMAKE_INSTALL_PREFIX=/home/matrix/ros2_ws/install/robot_arm_4dof
[0.684s] -- The C compiler identification is GNU 11.4.0
[1.056s] -- The CXX compiler identification is GNU 11.4.0
[1.127s] -- Detecting C compiler ABI info
[1.580s] -- Detecting C compiler ABI info - done
[1.586s] -- Check for working C compiler: /usr/bin/cc - skipped
[1.612s] -- Detecting C compile features
[1.615s] -- Detecting C compile features - done
[1.678s] -- Detecting CXX compiler ABI info
[2.154s] -- Detecting CXX compiler ABI info - done
[2.163s] -- Check for working CXX compiler: /usr/bin/c++ - skipped
[2.163s] -- Detecting CXX compile features
[2.164s] -- Detecting CXX compile features - done
[2.215s] -- Found ament_cmake: 1.3.11 (/opt/ros/humble/share/ament_cmake/cmake)
[2.595s] -- Found Python3: /usr/bin/python3 (found version "3.10.12") found components: Interpreter 
[2.794s] -- Found ament_lint_auto: 0.12.11 (/opt/ros/humble/share/ament_lint_auto/cmake)
[2.874s] -- Configuring incomplete, errors occurred!
[2.874s] See also "/home/matrix/ros2_ws/build/robot_arm_4dof/CMakeFiles/CMakeOutput.log".
[2.874s] [31mCMake Error at /opt/ros/humble/share/ament_cmake_core/cmake/core/ament_package_xml.cmake:53 (message):
[2.874s]   ament_package_xml() package name 'robot_arm_4dof' in '/package.xml' does
[2.874s]   not match current PROJECT_NAME 'robotArm_4DOF'.  You must call project()
[2.874s]   with the same package name before.
[2.874s] Call Stack (most recent call first):
[2.874s]   /opt/ros/humble/share/ament_lint_auto/cmake/ament_lint_auto_find_test_dependencies.cmake:31 (ament_package_xml)
[2.874s]   CMakeLists.txt:23 (ament_lint_auto_find_test_dependencies)
[2.874s] 
[2.874s] [0m
[2.883s] Invoked command in '/home/matrix/ros2_ws/build/robot_arm_4dof' returned '1': CMAKE_PREFIX_PATH=/opt/ros/humble /usr/bin/cmake /home/matrix/ros2_ws/src/robotArm_4DOF -DCMAKE_INSTALL_PREFIX=/home/matrix/ros2_ws/install/robot_arm_4dof
