[0.259s] DEBUG:colcon:Command line arguments: ['/usr/bin/colcon', 'build']
[0.260s] DEBUG:colcon:Parsed command line arguments: Namespace(log_base=None, log_level=None, verb_name='build', build_base='build', install_base='install', merge_install=False, symlink_install=False, test_result_base=None, continue_on_error=False, executor='parallel', parallel_workers=8, event_handlers=None, ignore_user_meta=False, metas=['./colcon.meta'], base_paths=['.'], packages_ignore=None, packages_ignore_regex=None, paths=None, packages_up_to=None, packages_up_to_regex=None, packages_above=None, packages_above_and_dependencies=None, packages_above_depth=None, packages_select_by_dep=None, packages_skip_by_dep=None, packages_skip_up_to=None, packages_select_build_failed=False, packages_skip_build_finished=False, packages_select_test_failures=False, packages_skip_test_passed=False, packages_select=None, packages_skip=None, packages_select_regex=None, packages_skip_regex=None, packages_start=None, packages_end=None, allow_overriding=[], cmake_args=None, cmake_target=None, cmake_target_skip_unavailable=False, cmake_clean_cache=False, cmake_clean_first=False, cmake_force_configure=False, ament_cmake_args=None, catkin_cmake_args=None, catkin_skip_building_tests=False, mixin_files=None, mixin=None, verb_parser=<colcon_mixin.mixin.mixin_argument.MixinArgumentDecorator object at 0x707363241c30>, verb_extension=<colcon_core.verb.build.BuildVerb object at 0x707363342bc0>, main=<bound method BuildVerb.main of <colcon_core.verb.build.BuildVerb object at 0x707363342bc0>>, mixin_verb=('build',))
[0.741s] Level 1:colcon.colcon_core.package_discovery:discover_packages(colcon_meta) check parameters
[0.741s] Level 1:colcon.colcon_core.package_discovery:discover_packages(recursive) check parameters
[0.742s] Level 1:colcon.colcon_core.package_discovery:discover_packages(ignore) check parameters
[0.742s] Level 1:colcon.colcon_core.package_discovery:discover_packages(path) check parameters
[0.742s] Level 1:colcon.colcon_core.package_discovery:discover_packages(colcon_meta) discover
[0.742s] Level 1:colcon.colcon_core.package_discovery:discover_packages(recursive) discover
[0.742s] INFO:colcon.colcon_core.package_discovery:Crawling recursively for packages in '/home/matrix/ros2_ws'
[0.742s] Level 1:colcon.colcon_core.package_identification:_identify(.) by extensions ['ignore', 'ignore_ament_install']
[0.742s] Level 1:colcon.colcon_core.package_identification:_identify(.) by extension 'ignore'
[0.743s] Level 1:colcon.colcon_core.package_identification:_identify(.) by extension 'ignore_ament_install'
[0.743s] Level 1:colcon.colcon_core.package_identification:_identify(.) by extensions ['colcon_pkg']
[0.743s] Level 1:colcon.colcon_core.package_identification:_identify(.) by extension 'colcon_pkg'
[0.743s] Level 1:colcon.colcon_core.package_identification:_identify(.) by extensions ['colcon_meta']
[0.743s] Level 1:colcon.colcon_core.package_identification:_identify(.) by extension 'colcon_meta'
[0.743s] Level 1:colcon.colcon_core.package_identification:_identify(.) by extensions ['ros']
[0.743s] Level 1:colcon.colcon_core.package_identification:_identify(.) by extension 'ros'
[0.781s] Level 1:colcon.colcon_core.package_identification:_identify(.) by extensions ['cmake', 'python']
[0.781s] Level 1:colcon.colcon_core.package_identification:_identify(.) by extension 'cmake'
[0.781s] Level 1:colcon.colcon_core.package_identification:_identify(.) by extension 'python'
[0.782s] Level 1:colcon.colcon_core.package_identification:_identify(.) by extensions ['python_setup_py']
[0.782s] Level 1:colcon.colcon_core.package_identification:_identify(.) by extension 'python_setup_py'
[0.782s] Level 1:colcon.colcon_core.package_identification:_identify(build) by extensions ['ignore', 'ignore_ament_install']
[0.783s] Level 1:colcon.colcon_core.package_identification:_identify(build) by extension 'ignore'
[0.783s] Level 1:colcon.colcon_core.package_identification:_identify(build) ignored
[0.784s] Level 1:colcon.colcon_core.package_identification:_identify(install) by extensions ['ignore', 'ignore_ament_install']
[0.784s] Level 1:colcon.colcon_core.package_identification:_identify(install) by extension 'ignore'
[0.784s] Level 1:colcon.colcon_core.package_identification:_identify(install) ignored
[0.785s] Level 1:colcon.colcon_core.package_identification:_identify(log) by extensions ['ignore', 'ignore_ament_install']
[0.785s] Level 1:colcon.colcon_core.package_identification:_identify(log) by extension 'ignore'
[0.785s] Level 1:colcon.colcon_core.package_identification:_identify(log) ignored
[0.786s] Level 1:colcon.colcon_core.package_identification:_identify(src) by extensions ['ignore', 'ignore_ament_install']
[0.786s] Level 1:colcon.colcon_core.package_identification:_identify(src) by extension 'ignore'
[0.786s] Level 1:colcon.colcon_core.package_identification:_identify(src) by extension 'ignore_ament_install'
[0.786s] Level 1:colcon.colcon_core.package_identification:_identify(src) by extensions ['colcon_pkg']
[0.787s] Level 1:colcon.colcon_core.package_identification:_identify(src) by extension 'colcon_pkg'
[0.787s] Level 1:colcon.colcon_core.package_identification:_identify(src) by extensions ['colcon_meta']
[0.787s] Level 1:colcon.colcon_core.package_identification:_identify(src) by extension 'colcon_meta'
[0.787s] Level 1:colcon.colcon_core.package_identification:_identify(src) by extensions ['ros']
[0.787s] Level 1:colcon.colcon_core.package_identification:_identify(src) by extension 'ros'
[0.787s] Level 1:colcon.colcon_core.package_identification:_identify(src) by extensions ['cmake', 'python']
[0.788s] Level 1:colcon.colcon_core.package_identification:_identify(src) by extension 'cmake'
[0.788s] Level 1:colcon.colcon_core.package_identification:_identify(src) by extension 'python'
[0.788s] Level 1:colcon.colcon_core.package_identification:_identify(src) by extensions ['python_setup_py']
[0.788s] Level 1:colcon.colcon_core.package_identification:_identify(src) by extension 'python_setup_py'
[0.788s] Level 1:colcon.colcon_core.package_identification:_identify(src/cpp_node) by extensions ['ignore', 'ignore_ament_install']
[0.789s] Level 1:colcon.colcon_core.package_identification:_identify(src/cpp_node) by extension 'ignore'
[0.789s] Level 1:colcon.colcon_core.package_identification:_identify(src/cpp_node) by extension 'ignore_ament_install'
[0.789s] Level 1:colcon.colcon_core.package_identification:_identify(src/cpp_node) by extensions ['colcon_pkg']
[0.789s] Level 1:colcon.colcon_core.package_identification:_identify(src/cpp_node) by extension 'colcon_pkg'
[0.789s] Level 1:colcon.colcon_core.package_identification:_identify(src/cpp_node) by extensions ['colcon_meta']
[0.789s] Level 1:colcon.colcon_core.package_identification:_identify(src/cpp_node) by extension 'colcon_meta'
[0.790s] Level 1:colcon.colcon_core.package_identification:_identify(src/cpp_node) by extensions ['ros']
[0.790s] Level 1:colcon.colcon_core.package_identification:_identify(src/cpp_node) by extension 'ros'
[0.795s] DEBUG:colcon.colcon_core.package_identification:Package 'src/cpp_node' with type 'ros.ament_cmake' and name 'cpp_node'
[0.796s] Level 1:colcon.colcon_core.package_identification:_identify(src/custom_pkg) by extensions ['ignore', 'ignore_ament_install']
[0.796s] Level 1:colcon.colcon_core.package_identification:_identify(src/custom_pkg) by extension 'ignore'
[0.796s] Level 1:colcon.colcon_core.package_identification:_identify(src/custom_pkg) by extension 'ignore_ament_install'
[0.796s] Level 1:colcon.colcon_core.package_identification:_identify(src/custom_pkg) by extensions ['colcon_pkg']
[0.797s] Level 1:colcon.colcon_core.package_identification:_identify(src/custom_pkg) by extension 'colcon_pkg'
[0.797s] Level 1:colcon.colcon_core.package_identification:_identify(src/custom_pkg) by extensions ['colcon_meta']
[0.797s] Level 1:colcon.colcon_core.package_identification:_identify(src/custom_pkg) by extension 'colcon_meta'
[0.797s] Level 1:colcon.colcon_core.package_identification:_identify(src/custom_pkg) by extensions ['ros']
[0.797s] Level 1:colcon.colcon_core.package_identification:_identify(src/custom_pkg) by extension 'ros'
[0.800s] DEBUG:colcon.colcon_core.package_identification:Package 'src/custom_pkg' with type 'ros.ament_cmake' and name 'custom_pkg'
[0.801s] Level 1:colcon.colcon_core.package_identification:_identify(src/py_node) by extensions ['ignore', 'ignore_ament_install']
[0.802s] Level 1:colcon.colcon_core.package_identification:_identify(src/py_node) by extension 'ignore'
[0.802s] Level 1:colcon.colcon_core.package_identification:_identify(src/py_node) by extension 'ignore_ament_install'
[0.802s] Level 1:colcon.colcon_core.package_identification:_identify(src/py_node) by extensions ['colcon_pkg']
[0.802s] Level 1:colcon.colcon_core.package_identification:_identify(src/py_node) by extension 'colcon_pkg'
[0.802s] Level 1:colcon.colcon_core.package_identification:_identify(src/py_node) by extensions ['colcon_meta']
[0.802s] Level 1:colcon.colcon_core.package_identification:_identify(src/py_node) by extension 'colcon_meta'
[0.803s] Level 1:colcon.colcon_core.package_identification:_identify(src/py_node) by extensions ['ros']
[0.803s] Level 1:colcon.colcon_core.package_identification:_identify(src/py_node) by extension 'ros'
[0.804s] DEBUG:colcon.colcon_core.package_identification:Package 'src/py_node' with type 'ros.ament_python' and name 'py_node'
[0.805s] Level 1:colcon.colcon_core.package_discovery:discover_packages(recursive) using defaults
[0.805s] Level 1:colcon.colcon_core.package_discovery:discover_packages(ignore) discover
[0.805s] Level 1:colcon.colcon_core.package_discovery:discover_packages(ignore) using defaults
[0.805s] Level 1:colcon.colcon_core.package_discovery:discover_packages(path) discover
[0.805s] Level 1:colcon.colcon_core.package_discovery:discover_packages(path) using defaults
[0.875s] Level 1:colcon.colcon_core.package_discovery:discover_packages(prefix_path) check parameters
[0.875s] Level 1:colcon.colcon_core.package_discovery:discover_packages(prefix_path) discover
[0.881s] DEBUG:colcon.colcon_installed_package_information.package_discovery:Found 3 installed packages in /home/matrix/ros2_ws/install
[0.889s] DEBUG:colcon.colcon_installed_package_information.package_discovery:Found 298 installed packages in /opt/ros/humble
[0.892s] Level 1:colcon.colcon_core.package_discovery:discover_packages(prefix_path) using defaults
[1.015s] Level 5:colcon.colcon_core.verb:set package 'cpp_node' build argument 'cmake_args' from command line to 'None'
[1.015s] Level 5:colcon.colcon_core.verb:set package 'cpp_node' build argument 'cmake_target' from command line to 'None'
[1.016s] Level 5:colcon.colcon_core.verb:set package 'cpp_node' build argument 'cmake_target_skip_unavailable' from command line to 'False'
[1.016s] Level 5:colcon.colcon_core.verb:set package 'cpp_node' build argument 'cmake_clean_cache' from command line to 'False'
[1.016s] Level 5:colcon.colcon_core.verb:set package 'cpp_node' build argument 'cmake_clean_first' from command line to 'False'
[1.016s] Level 5:colcon.colcon_core.verb:set package 'cpp_node' build argument 'cmake_force_configure' from command line to 'False'
[1.016s] Level 5:colcon.colcon_core.verb:set package 'cpp_node' build argument 'ament_cmake_args' from command line to 'None'
[1.016s] Level 5:colcon.colcon_core.verb:set package 'cpp_node' build argument 'catkin_cmake_args' from command line to 'None'
[1.016s] Level 5:colcon.colcon_core.verb:set package 'cpp_node' build argument 'catkin_skip_building_tests' from command line to 'False'
[1.016s] DEBUG:colcon.colcon_core.verb:Building package 'cpp_node' with the following arguments: {'ament_cmake_args': None, 'build_base': '/home/matrix/ros2_ws/build/cpp_node', 'catkin_cmake_args': None, 'catkin_skip_building_tests': False, 'cmake_args': None, 'cmake_clean_cache': False, 'cmake_clean_first': False, 'cmake_force_configure': False, 'cmake_target': None, 'cmake_target_skip_unavailable': False, 'install_base': '/home/matrix/ros2_ws/install/cpp_node', 'merge_install': False, 'path': '/home/matrix/ros2_ws/src/cpp_node', 'symlink_install': False, 'test_result_base': None}
[1.017s] Level 5:colcon.colcon_core.verb:set package 'custom_pkg' build argument 'cmake_args' from command line to 'None'
[1.017s] Level 5:colcon.colcon_core.verb:set package 'custom_pkg' build argument 'cmake_target' from command line to 'None'
[1.017s] Level 5:colcon.colcon_core.verb:set package 'custom_pkg' build argument 'cmake_target_skip_unavailable' from command line to 'False'
[1.017s] Level 5:colcon.colcon_core.verb:set package 'custom_pkg' build argument 'cmake_clean_cache' from command line to 'False'
[1.017s] Level 5:colcon.colcon_core.verb:set package 'custom_pkg' build argument 'cmake_clean_first' from command line to 'False'
[1.017s] Level 5:colcon.colcon_core.verb:set package 'custom_pkg' build argument 'cmake_force_configure' from command line to 'False'
[1.017s] Level 5:colcon.colcon_core.verb:set package 'custom_pkg' build argument 'ament_cmake_args' from command line to 'None'
[1.018s] Level 5:colcon.colcon_core.verb:set package 'custom_pkg' build argument 'catkin_cmake_args' from command line to 'None'
[1.018s] Level 5:colcon.colcon_core.verb:set package 'custom_pkg' build argument 'catkin_skip_building_tests' from command line to 'False'
[1.018s] DEBUG:colcon.colcon_core.verb:Building package 'custom_pkg' with the following arguments: {'ament_cmake_args': None, 'build_base': '/home/matrix/ros2_ws/build/custom_pkg', 'catkin_cmake_args': None, 'catkin_skip_building_tests': False, 'cmake_args': None, 'cmake_clean_cache': False, 'cmake_clean_first': False, 'cmake_force_configure': False, 'cmake_target': None, 'cmake_target_skip_unavailable': False, 'install_base': '/home/matrix/ros2_ws/install/custom_pkg', 'merge_install': False, 'path': '/home/matrix/ros2_ws/src/custom_pkg', 'symlink_install': False, 'test_result_base': None}
[1.018s] Level 5:colcon.colcon_core.verb:set package 'py_node' build argument 'cmake_args' from command line to 'None'
[1.018s] Level 5:colcon.colcon_core.verb:set package 'py_node' build argument 'cmake_target' from command line to 'None'
[1.019s] Level 5:colcon.colcon_core.verb:set package 'py_node' build argument 'cmake_target_skip_unavailable' from command line to 'False'
[1.019s] Level 5:colcon.colcon_core.verb:set package 'py_node' build argument 'cmake_clean_cache' from command line to 'False'
[1.019s] Level 5:colcon.colcon_core.verb:set package 'py_node' build argument 'cmake_clean_first' from command line to 'False'
[1.019s] Level 5:colcon.colcon_core.verb:set package 'py_node' build argument 'cmake_force_configure' from command line to 'False'
[1.019s] Level 5:colcon.colcon_core.verb:set package 'py_node' build argument 'ament_cmake_args' from command line to 'None'
[1.019s] Level 5:colcon.colcon_core.verb:set package 'py_node' build argument 'catkin_cmake_args' from command line to 'None'
[1.019s] Level 5:colcon.colcon_core.verb:set package 'py_node' build argument 'catkin_skip_building_tests' from command line to 'False'
[1.020s] DEBUG:colcon.colcon_core.verb:Building package 'py_node' with the following arguments: {'ament_cmake_args': None, 'build_base': '/home/matrix/ros2_ws/build/py_node', 'catkin_cmake_args': None, 'catkin_skip_building_tests': False, 'cmake_args': None, 'cmake_clean_cache': False, 'cmake_clean_first': False, 'cmake_force_configure': False, 'cmake_target': None, 'cmake_target_skip_unavailable': False, 'install_base': '/home/matrix/ros2_ws/install/py_node', 'merge_install': False, 'path': '/home/matrix/ros2_ws/src/py_node', 'symlink_install': False, 'test_result_base': None}
[1.020s] INFO:colcon.colcon_core.executor:Executing jobs using 'parallel' executor
[1.025s] DEBUG:colcon.colcon_parallel_executor.executor.parallel:run_until_complete
[1.026s] INFO:colcon.colcon_ros.task.ament_cmake.build:Building ROS package in '/home/matrix/ros2_ws/src/cpp_node' with build type 'ament_cmake'
[1.027s] INFO:colcon.colcon_cmake.task.cmake.build:Building CMake package in '/home/matrix/ros2_ws/src/cpp_node'
[1.043s] INFO:colcon.colcon_core.plugin_system:Skipping extension 'colcon_core.shell.bat': Not used on non-Windows systems
[1.043s] INFO:colcon.colcon_core.shell:Skip shell extension 'powershell' for command environment: Not usable outside of PowerShell
[1.043s] DEBUG:colcon.colcon_core.shell:Skip shell extension 'dsv' for command environment
[1.064s] INFO:colcon.colcon_ros.task.ament_cmake.build:Building ROS package in '/home/matrix/ros2_ws/src/custom_pkg' with build type 'ament_cmake'
[1.064s] INFO:colcon.colcon_cmake.task.cmake.build:Building CMake package in '/home/matrix/ros2_ws/src/custom_pkg'
[1.065s] INFO:colcon.colcon_core.shell:Skip shell extension 'powershell' for command environment: Not usable outside of PowerShell
[1.065s] DEBUG:colcon.colcon_core.shell:Skip shell extension 'dsv' for command environment
[1.085s] INFO:colcon.colcon_ros.task.ament_python.build:Building ROS package in '/home/matrix/ros2_ws/src/py_node' with build type 'ament_python'
[1.085s] Level 1:colcon.colcon_core.shell:create_environment_hook('py_node', 'ament_prefix_path')
[1.087s] INFO:colcon.colcon_core.shell:Creating environment hook '/home/matrix/ros2_ws/install/py_node/share/py_node/hook/ament_prefix_path.ps1'
[1.092s] INFO:colcon.colcon_core.shell:Creating environment descriptor '/home/matrix/ros2_ws/install/py_node/share/py_node/hook/ament_prefix_path.dsv'
[1.094s] INFO:colcon.colcon_core.shell:Creating environment hook '/home/matrix/ros2_ws/install/py_node/share/py_node/hook/ament_prefix_path.sh'
[1.096s] INFO:colcon.colcon_core.shell:Skip shell extension 'powershell' for command environment: Not usable outside of PowerShell
[1.096s] DEBUG:colcon.colcon_core.shell:Skip shell extension 'dsv' for command environment
[1.165s] DEBUG:colcon.colcon_core.event_handler.log_command:Invoking command in '/home/matrix/ros2_ws/build/cpp_node': CMAKE_PREFIX_PATH=${CMAKE_PREFIX_PATH}:/home/matrix/ros2_ws/install/py_node:/opt/ros/humble /usr/bin/cmake --build /home/matrix/ros2_ws/build/cpp_node -- -j8 -l8
[1.171s] DEBUG:colcon.colcon_core.event_handler.log_command:Invoking command in '/home/matrix/ros2_ws/build/custom_pkg': CMAKE_PREFIX_PATH=${CMAKE_PREFIX_PATH}:/home/matrix/ros2_ws/install/py_node:/opt/ros/humble /usr/bin/cmake --build /home/matrix/ros2_ws/build/custom_pkg -- -j8 -l8
[2.779s] INFO:colcon.colcon_core.task.python.build:Building Python package in '/home/matrix/ros2_ws/src/py_node'
[2.779s] INFO:colcon.colcon_core.shell:Skip shell extension 'powershell' for command environment: Not usable outside of PowerShell
[2.779s] DEBUG:colcon.colcon_core.shell:Skip shell extension 'dsv' for command environment
[2.870s] DEBUG:colcon.colcon_core.event_handler.log_command:Invoked command in '/home/matrix/ros2_ws/build/cpp_node' returned '0': CMAKE_PREFIX_PATH=${CMAKE_PREFIX_PATH}:/home/matrix/ros2_ws/install/py_node:/opt/ros/humble /usr/bin/cmake --build /home/matrix/ros2_ws/build/cpp_node -- -j8 -l8
[2.956s] DEBUG:colcon.colcon_core.event_handler.log_command:Invoking command in '/home/matrix/ros2_ws/build/cpp_node': CMAKE_PREFIX_PATH=${CMAKE_PREFIX_PATH}:/home/matrix/ros2_ws/install/py_node:/opt/ros/humble /usr/bin/cmake --install /home/matrix/ros2_ws/build/cpp_node
[3.101s] Level 1:colcon.colcon_core.environment:create_environment_scripts_only(cpp_node)
[3.112s] DEBUG:colcon.colcon_core.event_handler.log_command:Invoked command in '/home/matrix/ros2_ws/build/cpp_node' returned '0': CMAKE_PREFIX_PATH=${CMAKE_PREFIX_PATH}:/home/matrix/ros2_ws/install/py_node:/opt/ros/humble /usr/bin/cmake --install /home/matrix/ros2_ws/build/cpp_node
[3.137s] Level 1:colcon.colcon_core.environment:checking '/home/matrix/ros2_ws/install/cpp_node' for CMake module files
[3.148s] Level 1:colcon.colcon_core.environment:checking '/home/matrix/ros2_ws/install/cpp_node' for CMake config files
[3.156s] Level 1:colcon.colcon_core.shell:create_environment_hook('cpp_node', 'cmake_prefix_path')
[3.170s] INFO:colcon.colcon_core.shell:Creating environment hook '/home/matrix/ros2_ws/install/cpp_node/share/cpp_node/hook/cmake_prefix_path.ps1'
[3.172s] INFO:colcon.colcon_core.shell:Creating environment descriptor '/home/matrix/ros2_ws/install/cpp_node/share/cpp_node/hook/cmake_prefix_path.dsv'
[3.174s] INFO:colcon.colcon_core.shell:Creating environment hook '/home/matrix/ros2_ws/install/cpp_node/share/cpp_node/hook/cmake_prefix_path.sh'
[3.184s] Level 1:colcon.colcon_core.environment:checking '/home/matrix/ros2_ws/install/cpp_node/lib'
[3.188s] Level 1:colcon.colcon_core.environment:checking '/home/matrix/ros2_ws/install/cpp_node/bin'
[3.189s] Level 1:colcon.colcon_core.environment:checking '/home/matrix/ros2_ws/install/cpp_node/lib/pkgconfig/cpp_node.pc'
[3.190s] Level 1:colcon.colcon_core.environment:checking '/home/matrix/ros2_ws/install/cpp_node/lib/python3.10/site-packages'
[3.190s] Level 1:colcon.colcon_core.environment:checking '/home/matrix/ros2_ws/install/cpp_node/bin'
[3.191s] INFO:colcon.colcon_core.shell:Creating package script '/home/matrix/ros2_ws/install/cpp_node/share/cpp_node/package.ps1'
[3.197s] INFO:colcon.colcon_core.shell:Creating package descriptor '/home/matrix/ros2_ws/install/cpp_node/share/cpp_node/package.dsv'
[3.211s] INFO:colcon.colcon_core.shell:Creating package script '/home/matrix/ros2_ws/install/cpp_node/share/cpp_node/package.sh'
[3.222s] INFO:colcon.colcon_core.shell:Creating package script '/home/matrix/ros2_ws/install/cpp_node/share/cpp_node/package.bash'
[3.237s] INFO:colcon.colcon_core.shell:Creating package script '/home/matrix/ros2_ws/install/cpp_node/share/cpp_node/package.zsh'
[3.243s] Level 1:colcon.colcon_core.environment:create_file_with_runtime_dependencies(/home/matrix/ros2_ws/install/cpp_node/share/colcon-core/packages/cpp_node)
[3.250s] Level 1:colcon.colcon_core.environment:create_environment_scripts_only(cpp_node)
[3.257s] Level 1:colcon.colcon_core.environment:checking '/home/matrix/ros2_ws/install/cpp_node' for CMake module files
[3.266s] Level 1:colcon.colcon_core.environment:checking '/home/matrix/ros2_ws/install/cpp_node' for CMake config files
[3.269s] Level 1:colcon.colcon_core.shell:create_environment_hook('cpp_node', 'cmake_prefix_path')
[3.271s] INFO:colcon.colcon_core.shell:Creating environment hook '/home/matrix/ros2_ws/install/cpp_node/share/cpp_node/hook/cmake_prefix_path.ps1'
[3.277s] INFO:colcon.colcon_core.shell:Creating environment descriptor '/home/matrix/ros2_ws/install/cpp_node/share/cpp_node/hook/cmake_prefix_path.dsv'
[3.281s] INFO:colcon.colcon_core.shell:Creating environment hook '/home/matrix/ros2_ws/install/cpp_node/share/cpp_node/hook/cmake_prefix_path.sh'
[3.284s] Level 1:colcon.colcon_core.environment:checking '/home/matrix/ros2_ws/install/cpp_node/lib'
[3.284s] Level 1:colcon.colcon_core.environment:checking '/home/matrix/ros2_ws/install/cpp_node/bin'
[3.284s] Level 1:colcon.colcon_core.environment:checking '/home/matrix/ros2_ws/install/cpp_node/lib/pkgconfig/cpp_node.pc'
[3.286s] Level 1:colcon.colcon_core.environment:checking '/home/matrix/ros2_ws/install/cpp_node/lib/python3.10/site-packages'
[3.288s] Level 1:colcon.colcon_core.environment:checking '/home/matrix/ros2_ws/install/cpp_node/bin'
[3.289s] INFO:colcon.colcon_core.shell:Creating package script '/home/matrix/ros2_ws/install/cpp_node/share/cpp_node/package.ps1'
[3.297s] INFO:colcon.colcon_core.shell:Creating package descriptor '/home/matrix/ros2_ws/install/cpp_node/share/cpp_node/package.dsv'
[3.313s] INFO:colcon.colcon_core.shell:Creating package script '/home/matrix/ros2_ws/install/cpp_node/share/cpp_node/package.sh'
[3.315s] INFO:colcon.colcon_core.shell:Creating package script '/home/matrix/ros2_ws/install/cpp_node/share/cpp_node/package.bash'
[3.317s] INFO:colcon.colcon_core.shell:Creating package script '/home/matrix/ros2_ws/install/cpp_node/share/cpp_node/package.zsh'
[3.318s] Level 1:colcon.colcon_core.environment:create_file_with_runtime_dependencies(/home/matrix/ros2_ws/install/cpp_node/share/colcon-core/packages/cpp_node)
[5.033s] DEBUG:colcon.colcon_core.event_handler.log_command:Invoking command in '/home/matrix/ros2_ws/src/py_node': PYTHONPATH=/home/matrix/ros2_ws/build/py_node/prefix_override:/usr/lib/python3/dist-packages/colcon_core/task/python/colcon_distutils_commands:/home/matrix/ros2_ws/install/py_node/lib/python3.10/site-packages:${PYTHONPATH} /usr/bin/python3 -W ignore:setup.py install is deprecated -W ignore:easy_install command is deprecated setup.py egg_info --egg-base ../../build/py_node build --build-base /home/matrix/ros2_ws/build/py_node/build install --record /home/matrix/ros2_ws/build/py_node/install.log --single-version-externally-managed install_data
[5.317s] DEBUG:colcon.colcon_core.event_handler.log_command:Invoked command in '/home/matrix/ros2_ws/build/custom_pkg' returned '2': CMAKE_PREFIX_PATH=${CMAKE_PREFIX_PATH}:/home/matrix/ros2_ws/install/py_node:/opt/ros/humble /usr/bin/cmake --build /home/matrix/ros2_ws/build/custom_pkg -- -j8 -l8
[5.319s] Level 1:colcon.colcon_core.environment:create_environment_scripts_only(custom_pkg)
[5.320s] Level 1:colcon.colcon_core.environment:checking '/home/matrix/ros2_ws/install/custom_pkg' for CMake module files
[5.325s] Level 1:colcon.colcon_core.environment:checking '/home/matrix/ros2_ws/install/custom_pkg' for CMake config files
[5.327s] Level 1:colcon.colcon_core.shell:create_environment_hook('custom_pkg', 'cmake_prefix_path')
[5.327s] INFO:colcon.colcon_core.shell:Creating environment hook '/home/matrix/ros2_ws/install/custom_pkg/share/custom_pkg/hook/cmake_prefix_path.ps1'
[5.329s] INFO:colcon.colcon_core.shell:Creating environment descriptor '/home/matrix/ros2_ws/install/custom_pkg/share/custom_pkg/hook/cmake_prefix_path.dsv'
[5.330s] INFO:colcon.colcon_core.shell:Creating environment hook '/home/matrix/ros2_ws/install/custom_pkg/share/custom_pkg/hook/cmake_prefix_path.sh'
[5.333s] Level 1:colcon.colcon_core.environment:checking '/home/matrix/ros2_ws/install/custom_pkg/lib'
[5.333s] Level 1:colcon.colcon_core.shell:create_environment_hook('custom_pkg', 'ld_library_path_lib')
[5.335s] INFO:colcon.colcon_core.shell:Creating environment hook '/home/matrix/ros2_ws/install/custom_pkg/share/custom_pkg/hook/ld_library_path_lib.ps1'
[5.337s] INFO:colcon.colcon_core.shell:Creating environment descriptor '/home/matrix/ros2_ws/install/custom_pkg/share/custom_pkg/hook/ld_library_path_lib.dsv'
[5.338s] INFO:colcon.colcon_core.shell:Creating environment hook '/home/matrix/ros2_ws/install/custom_pkg/share/custom_pkg/hook/ld_library_path_lib.sh'
[5.341s] Level 1:colcon.colcon_core.environment:checking '/home/matrix/ros2_ws/install/custom_pkg/bin'
[5.341s] Level 1:colcon.colcon_core.environment:checking '/home/matrix/ros2_ws/install/custom_pkg/lib/pkgconfig/custom_pkg.pc'
[5.341s] Level 1:colcon.colcon_core.environment:checking '/home/matrix/ros2_ws/install/custom_pkg/lib/python3.10/site-packages'
[5.342s] Level 1:colcon.colcon_core.environment:checking '/home/matrix/ros2_ws/install/custom_pkg/bin'
[5.342s] INFO:colcon.colcon_core.shell:Creating package script '/home/matrix/ros2_ws/install/custom_pkg/share/custom_pkg/package.ps1'
[5.346s] INFO:colcon.colcon_core.shell:Creating package descriptor '/home/matrix/ros2_ws/install/custom_pkg/share/custom_pkg/package.dsv'
[5.347s] INFO:colcon.colcon_core.shell:Creating package script '/home/matrix/ros2_ws/install/custom_pkg/share/custom_pkg/package.sh'
[5.349s] INFO:colcon.colcon_core.shell:Creating package script '/home/matrix/ros2_ws/install/custom_pkg/share/custom_pkg/package.bash'
[5.351s] INFO:colcon.colcon_core.shell:Creating package script '/home/matrix/ros2_ws/install/custom_pkg/share/custom_pkg/package.zsh'
[5.353s] Level 1:colcon.colcon_core.environment:create_file_with_runtime_dependencies(/home/matrix/ros2_ws/install/custom_pkg/share/colcon-core/packages/custom_pkg)
[6.092s] DEBUG:colcon.colcon_parallel_executor.executor.parallel:closing loop
[6.092s] DEBUG:colcon.colcon_parallel_executor.executor.parallel:loop closed
[6.092s] DEBUG:colcon.colcon_parallel_executor.executor.parallel:run_until_complete finished with '2'
[6.093s] DEBUG:colcon.colcon_core.event_reactor:joining thread
[6.121s] INFO:colcon.colcon_core.plugin_system:Skipping extension 'colcon_notification.desktop_notification.terminal_notifier': Not used on non-Darwin systems
[6.121s] INFO:colcon.colcon_core.plugin_system:Skipping extension 'colcon_notification.desktop_notification.win32': Not used on non-Windows systems
[6.121s] INFO:colcon.colcon_notification.desktop_notification:Sending desktop notification using 'notify2'
[6.168s] DEBUG:colcon.colcon_core.event_reactor:joined thread
[6.169s] INFO:colcon.colcon_core.shell:Creating prefix script '/home/matrix/ros2_ws/install/local_setup.ps1'
[6.171s] INFO:colcon.colcon_core.shell:Creating prefix util module '/home/matrix/ros2_ws/install/_local_setup_util_ps1.py'
[6.177s] INFO:colcon.colcon_core.shell:Creating prefix chain script '/home/matrix/ros2_ws/install/setup.ps1'
[6.183s] INFO:colcon.colcon_core.shell:Creating prefix script '/home/matrix/ros2_ws/install/local_setup.sh'
[6.185s] INFO:colcon.colcon_core.shell:Creating prefix util module '/home/matrix/ros2_ws/install/_local_setup_util_sh.py'
[6.188s] INFO:colcon.colcon_core.shell:Creating prefix chain script '/home/matrix/ros2_ws/install/setup.sh'
[6.195s] INFO:colcon.colcon_core.shell:Creating prefix script '/home/matrix/ros2_ws/install/local_setup.bash'
[6.198s] INFO:colcon.colcon_core.shell:Creating prefix chain script '/home/matrix/ros2_ws/install/setup.bash'
[6.202s] INFO:colcon.colcon_core.shell:Creating prefix script '/home/matrix/ros2_ws/install/local_setup.zsh'
[6.204s] INFO:colcon.colcon_core.shell:Creating prefix chain script '/home/matrix/ros2_ws/install/setup.zsh'
