-- Found ament_cmake: 1.3.11 (/opt/ros/humble/share/ament_cmake/cmake)
-- Found rosidl_default_generators: 1.2.0 (/opt/ros/humble/share/rosidl_default_generators/cmake)
-- Using all available rosidl_typesupport_c: rosidl_typesupport_fastrtps_c;rosidl_typesupport_introspection_c
-- Found rosidl_adapter: 3.1.6 (/opt/ros/humble/share/rosidl_adapter/cmake)
-- Using all available rosidl_typesupport_cpp: rosidl_typesupport_fastrtps_cpp;rosidl_typesupport_introspection_cpp
-- Found std_msgs: 4.2.4 (/opt/ros/humble/share/std_msgs/cmake)
-- Found ament_lint_auto: 0.12.11 (/opt/ros/humble/share/ament_lint_auto/cmake)
-- Found ament_cmake_ros: 0.10.0 (/opt/ros/humble/share/ament_cmake_ros/cmake)
-- Using all available rosidl_typesupport_c: rosidl_typesupport_fastrtps_c;rosidl_typesupport_introspection_c
-- Using all available rosidl_typesupport_cpp: rosidl_typesupport_fastrtps_cpp;rosidl_typesupport_introspection_cpp
-- Found python_cmake_module: 0.10.0 (/opt/ros/humble/share/python_cmake_module/cmake)
-- Using PYTHON_EXECUTABLE: /usr/bin/python3
-- Using PYTHON_INCLUDE_DIRS: /usr/include/python3.10
-- Using PYTHON_LIBRARIES: /usr/lib/x86_64-linux-gnu/libpython3.10.so
-- Added test 'cppcheck' to perform static code analysis on C / C++ code
-- Configured cppcheck include dirs: 
-- Configured cppcheck exclude dirs and/or files: 
-- Added test 'lint_cmake' to check CMake code style
-- Added test 'uncrustify' to check C / C++ code style
-- Configured uncrustify additional arguments: 
-- Added test 'xmllint' to check XML markup files
-- Configuring done
-- Generating done
-- Build files have been written to: /home/matrix/ros2_ws/build/custom_pkg
[35m[1mConsolidate compiler generated dependencies of target custom_pkg__rosidl_generator_c[0m
[  3%] Built target custom_pkg__cpp
[ 12%] Built target custom_pkg__rosidl_generator_c
[ 12%] Built target ament_cmake_python_copy_custom_pkg
[35m[1mConsolidate compiler generated dependencies of target custom_pkg__rosidl_typesupport_cpp[0m
[35m[1mConsolidate compiler generated dependencies of target custom_pkg__rosidl_typesupport_introspection_cpp[0m
[35m[1mConsolidate compiler generated dependencies of target custom_pkg__rosidl_typesupport_fastrtps_cpp[0m
[35m[1mConsolidate compiler generated dependencies of target custom_pkg__rosidl_typesupport_fastrtps_c[0m
[35m[1mConsolidate compiler generated dependencies of target custom_pkg__rosidl_typesupport_introspection_c[0m
[35m[1mConsolidate compiler generated dependencies of target custom_pkg__rosidl_typesupport_c[0m
[ 22%] Built target custom_pkg__rosidl_typesupport_introspection_cpp
[ 32%] Built target custom_pkg__rosidl_typesupport_fastrtps_cpp
[ 41%] Built target custom_pkg__rosidl_typesupport_fastrtps_c
[ 51%] Built target custom_pkg__rosidl_typesupport_cpp
[ 61%] Built target custom_pkg__rosidl_typesupport_introspection_c
[ 70%] Built target custom_pkg__rosidl_typesupport_c
[ 70%] Built target custom_pkg
[ 74%] Built target custom_pkg__py
[35m[1mConsolidate compiler generated dependencies of target custom_pkg__rosidl_generator_py[0m
[ 80%] Built target custom_pkg__rosidl_generator_py
[35m[1mConsolidate compiler generated dependencies of target custom_pkg__rosidl_typesupport_fastrtps_c__pyext[0m
[35m[1mConsolidate compiler generated dependencies of target custom_pkg__rosidl_typesupport_introspection_c__pyext[0m
[35m[1mConsolidate compiler generated dependencies of target custom_pkg__rosidl_typesupport_c__pyext[0m
[ 87%] Built target custom_pkg__rosidl_typesupport_introspection_c__pyext
[ 93%] Built target custom_pkg__rosidl_typesupport_fastrtps_c__pyext
[100%] Built target custom_pkg__rosidl_typesupport_c__pyext
running egg_info
writing custom_pkg.egg-info/PKG-INFO
writing dependency_links to custom_pkg.egg-info/dependency_links.txt
writing top-level names to custom_pkg.egg-info/top_level.txt
reading manifest file 'custom_pkg.egg-info/SOURCES.txt'
writing manifest file 'custom_pkg.egg-info/SOURCES.txt'
[100%] Built target ament_cmake_python_build_custom_pkg_egg
-- Install configuration: ""
-- Up-to-date: /home/matrix/ros2_ws/install/custom_pkg/share/ament_index/resource_index/rosidl_interfaces/custom_pkg
-- Up-to-date: /home/matrix/ros2_ws/install/custom_pkg/include/custom_pkg/custom_pkg
-- Up-to-date: /home/matrix/ros2_ws/install/custom_pkg/include/custom_pkg/custom_pkg/msg
-- Up-to-date: /home/matrix/ros2_ws/install/custom_pkg/include/custom_pkg/custom_pkg/msg/rosidl_generator_c__visibility_control.h
-- Up-to-date: /home/matrix/ros2_ws/install/custom_pkg/include/custom_pkg/custom_pkg/msg/age.h
-- Up-to-date: /home/matrix/ros2_ws/install/custom_pkg/include/custom_pkg/custom_pkg/msg/detail
-- Up-to-date: /home/matrix/ros2_ws/install/custom_pkg/include/custom_pkg/custom_pkg/msg/detail/age__functions.c
-- Up-to-date: /home/matrix/ros2_ws/install/custom_pkg/include/custom_pkg/custom_pkg/msg/detail/age__functions.h
-- Up-to-date: /home/matrix/ros2_ws/install/custom_pkg/include/custom_pkg/custom_pkg/msg/detail/age__struct.h
-- Up-to-date: /home/matrix/ros2_ws/install/custom_pkg/include/custom_pkg/custom_pkg/msg/detail/age__type_support.h
-- Up-to-date: /home/matrix/ros2_ws/install/custom_pkg/share/custom_pkg/environment/library_path.sh
-- Installing: /home/matrix/ros2_ws/install/custom_pkg/share/custom_pkg/environment/library_path.dsv
-- Up-to-date: /home/matrix/ros2_ws/install/custom_pkg/lib/libcustom_pkg__rosidl_generator_c.so
-- Up-to-date: /home/matrix/ros2_ws/install/custom_pkg/include/custom_pkg/custom_pkg
-- Up-to-date: /home/matrix/ros2_ws/install/custom_pkg/include/custom_pkg/custom_pkg/msg
-- Up-to-date: /home/matrix/ros2_ws/install/custom_pkg/include/custom_pkg/custom_pkg/msg/rosidl_typesupport_fastrtps_c__visibility_control.h
-- Up-to-date: /home/matrix/ros2_ws/install/custom_pkg/include/custom_pkg/custom_pkg/msg/detail
-- Up-to-date: /home/matrix/ros2_ws/install/custom_pkg/include/custom_pkg/custom_pkg/msg/detail/age__rosidl_typesupport_fastrtps_c.h
-- Up-to-date: /home/matrix/ros2_ws/install/custom_pkg/lib/libcustom_pkg__rosidl_typesupport_fastrtps_c.so
-- Up-to-date: /home/matrix/ros2_ws/install/custom_pkg/include/custom_pkg/custom_pkg
-- Up-to-date: /home/matrix/ros2_ws/install/custom_pkg/include/custom_pkg/custom_pkg/msg
-- Up-to-date: /home/matrix/ros2_ws/install/custom_pkg/include/custom_pkg/custom_pkg/msg/rosidl_typesupport_introspection_c__visibility_control.h
-- Up-to-date: /home/matrix/ros2_ws/install/custom_pkg/include/custom_pkg/custom_pkg/msg/detail
-- Up-to-date: /home/matrix/ros2_ws/install/custom_pkg/include/custom_pkg/custom_pkg/msg/detail/age__rosidl_typesupport_introspection_c.h
-- Up-to-date: /home/matrix/ros2_ws/install/custom_pkg/include/custom_pkg/custom_pkg/msg/detail/age__type_support.c
-- Up-to-date: /home/matrix/ros2_ws/install/custom_pkg/lib/libcustom_pkg__rosidl_typesupport_introspection_c.so
-- Up-to-date: /home/matrix/ros2_ws/install/custom_pkg/lib/libcustom_pkg__rosidl_typesupport_c.so
-- Up-to-date: /home/matrix/ros2_ws/install/custom_pkg/include/custom_pkg/custom_pkg
-- Up-to-date: /home/matrix/ros2_ws/install/custom_pkg/include/custom_pkg/custom_pkg/msg
-- Up-to-date: /home/matrix/ros2_ws/install/custom_pkg/include/custom_pkg/custom_pkg/msg/rosidl_generator_cpp__visibility_control.hpp
-- Up-to-date: /home/matrix/ros2_ws/install/custom_pkg/include/custom_pkg/custom_pkg/msg/age.hpp
-- Up-to-date: /home/matrix/ros2_ws/install/custom_pkg/include/custom_pkg/custom_pkg/msg/detail
-- Up-to-date: /home/matrix/ros2_ws/install/custom_pkg/include/custom_pkg/custom_pkg/msg/detail/age__type_support.hpp
-- Up-to-date: /home/matrix/ros2_ws/install/custom_pkg/include/custom_pkg/custom_pkg/msg/detail/age__struct.hpp
-- Up-to-date: /home/matrix/ros2_ws/install/custom_pkg/include/custom_pkg/custom_pkg/msg/detail/age__builder.hpp
-- Up-to-date: /home/matrix/ros2_ws/install/custom_pkg/include/custom_pkg/custom_pkg/msg/detail/age__traits.hpp
-- Up-to-date: /home/matrix/ros2_ws/install/custom_pkg/include/custom_pkg/custom_pkg
-- Up-to-date: /home/matrix/ros2_ws/install/custom_pkg/include/custom_pkg/custom_pkg/msg
-- Up-to-date: /home/matrix/ros2_ws/install/custom_pkg/include/custom_pkg/custom_pkg/msg/rosidl_typesupport_fastrtps_cpp__visibility_control.h
-- Up-to-date: /home/matrix/ros2_ws/install/custom_pkg/include/custom_pkg/custom_pkg/msg/detail
-- Up-to-date: /home/matrix/ros2_ws/install/custom_pkg/include/custom_pkg/custom_pkg/msg/detail/age__rosidl_typesupport_fastrtps_cpp.hpp
-- Up-to-date: /home/matrix/ros2_ws/install/custom_pkg/include/custom_pkg/custom_pkg/msg/detail/dds_fastrtps
-- Up-to-date: /home/matrix/ros2_ws/install/custom_pkg/lib/libcustom_pkg__rosidl_typesupport_fastrtps_cpp.so
-- Up-to-date: /home/matrix/ros2_ws/install/custom_pkg/include/custom_pkg/custom_pkg
-- Up-to-date: /home/matrix/ros2_ws/install/custom_pkg/include/custom_pkg/custom_pkg/msg
-- Up-to-date: /home/matrix/ros2_ws/install/custom_pkg/include/custom_pkg/custom_pkg/msg/detail
-- Up-to-date: /home/matrix/ros2_ws/install/custom_pkg/include/custom_pkg/custom_pkg/msg/detail/age__type_support.cpp
-- Up-to-date: /home/matrix/ros2_ws/install/custom_pkg/include/custom_pkg/custom_pkg/msg/detail/age__rosidl_typesupport_introspection_cpp.hpp
-- Up-to-date: /home/matrix/ros2_ws/install/custom_pkg/lib/libcustom_pkg__rosidl_typesupport_introspection_cpp.so
-- Up-to-date: /home/matrix/ros2_ws/install/custom_pkg/lib/libcustom_pkg__rosidl_typesupport_cpp.so
-- Up-to-date: /home/matrix/ros2_ws/install/custom_pkg/share/custom_pkg/environment/pythonpath.sh
-- Installing: /home/matrix/ros2_ws/install/custom_pkg/share/custom_pkg/environment/pythonpath.dsv
-- Up-to-date: /home/matrix/ros2_ws/install/custom_pkg/local/lib/python3.10/dist-packages/custom_pkg-0.0.0-py3.10.egg-info
-- Installing: /home/matrix/ros2_ws/install/custom_pkg/local/lib/python3.10/dist-packages/custom_pkg-0.0.0-py3.10.egg-info/SOURCES.txt
-- Installing: /home/matrix/ros2_ws/install/custom_pkg/local/lib/python3.10/dist-packages/custom_pkg-0.0.0-py3.10.egg-info/PKG-INFO
-- Installing: /home/matrix/ros2_ws/install/custom_pkg/local/lib/python3.10/dist-packages/custom_pkg-0.0.0-py3.10.egg-info/dependency_links.txt
-- Installing: /home/matrix/ros2_ws/install/custom_pkg/local/lib/python3.10/dist-packages/custom_pkg-0.0.0-py3.10.egg-info/top_level.txt
-- Up-to-date: /home/matrix/ros2_ws/install/custom_pkg/local/lib/python3.10/dist-packages/custom_pkg
-- Up-to-date: /home/matrix/ros2_ws/install/custom_pkg/local/lib/python3.10/dist-packages/custom_pkg/msg
-- Up-to-date: /home/matrix/ros2_ws/install/custom_pkg/local/lib/python3.10/dist-packages/custom_pkg/msg/_age.py
-- Up-to-date: /home/matrix/ros2_ws/install/custom_pkg/local/lib/python3.10/dist-packages/custom_pkg/msg/_age_s.c
-- Up-to-date: /home/matrix/ros2_ws/install/custom_pkg/local/lib/python3.10/dist-packages/custom_pkg/msg/__init__.py
-- Up-to-date: /home/matrix/ros2_ws/install/custom_pkg/local/lib/python3.10/dist-packages/custom_pkg/custom_pkg_s__rosidl_typesupport_fastrtps_c.cpython-310-x86_64-linux-gnu.so
-- Up-to-date: /home/matrix/ros2_ws/install/custom_pkg/local/lib/python3.10/dist-packages/custom_pkg/custom_pkg_s__rosidl_typesupport_c.cpython-310-x86_64-linux-gnu.so
-- Installing: /home/matrix/ros2_ws/install/custom_pkg/local/lib/python3.10/dist-packages/custom_pkg/__init__.py
-- Up-to-date: /home/matrix/ros2_ws/install/custom_pkg/local/lib/python3.10/dist-packages/custom_pkg/libcustom_pkg__rosidl_generator_py.so
-- Up-to-date: /home/matrix/ros2_ws/install/custom_pkg/local/lib/python3.10/dist-packages/custom_pkg/custom_pkg_s__rosidl_typesupport_introspection_c.cpython-310-x86_64-linux-gnu.so
-- Up-to-date: /home/matrix/ros2_ws/install/custom_pkg/local/lib/python3.10/dist-packages/custom_pkg/_custom_pkg_s.ep.rosidl_typesupport_c.c
-- Up-to-date: /home/matrix/ros2_ws/install/custom_pkg/local/lib/python3.10/dist-packages/custom_pkg/_custom_pkg_s.ep.rosidl_typesupport_fastrtps_c.c
-- Up-to-date: /home/matrix/ros2_ws/install/custom_pkg/local/lib/python3.10/dist-packages/custom_pkg/_custom_pkg_s.ep.rosidl_typesupport_introspection_c.c
Listing '/home/matrix/ros2_ws/install/custom_pkg/local/lib/python3.10/dist-packages/custom_pkg'...
Compiling '/home/matrix/ros2_ws/install/custom_pkg/local/lib/python3.10/dist-packages/custom_pkg/__init__.py'...
Listing '/home/matrix/ros2_ws/install/custom_pkg/local/lib/python3.10/dist-packages/custom_pkg/msg'...
-- Up-to-date: /home/matrix/ros2_ws/install/custom_pkg/local/lib/python3.10/dist-packages/custom_pkg/custom_pkg_s__rosidl_typesupport_fastrtps_c.cpython-310-x86_64-linux-gnu.so
-- Up-to-date: /home/matrix/ros2_ws/install/custom_pkg/local/lib/python3.10/dist-packages/custom_pkg/custom_pkg_s__rosidl_typesupport_introspection_c.cpython-310-x86_64-linux-gnu.so
-- Up-to-date: /home/matrix/ros2_ws/install/custom_pkg/local/lib/python3.10/dist-packages/custom_pkg/custom_pkg_s__rosidl_typesupport_c.cpython-310-x86_64-linux-gnu.so
-- Up-to-date: /home/matrix/ros2_ws/install/custom_pkg/lib/libcustom_pkg__rosidl_generator_py.so
-- Up-to-date: /home/matrix/ros2_ws/install/custom_pkg/share/custom_pkg/msg/Age.idl
-- Installing: /home/matrix/ros2_ws/install/custom_pkg/share/custom_pkg/msg/Age.msg
-- Up-to-date: /home/matrix/ros2_ws/install/custom_pkg/share/ament_index/resource_index/package_run_dependencies/custom_pkg
-- Up-to-date: /home/matrix/ros2_ws/install/custom_pkg/share/ament_index/resource_index/parent_prefix_path/custom_pkg
-- Up-to-date: /home/matrix/ros2_ws/install/custom_pkg/share/custom_pkg/environment/ament_prefix_path.sh
-- Installing: /home/matrix/ros2_ws/install/custom_pkg/share/custom_pkg/environment/ament_prefix_path.dsv
-- Up-to-date: /home/matrix/ros2_ws/install/custom_pkg/share/custom_pkg/environment/path.sh
-- Installing: /home/matrix/ros2_ws/install/custom_pkg/share/custom_pkg/environment/path.dsv
-- Up-to-date: /home/matrix/ros2_ws/install/custom_pkg/share/custom_pkg/local_setup.bash
-- Up-to-date: /home/matrix/ros2_ws/install/custom_pkg/share/custom_pkg/local_setup.sh
-- Up-to-date: /home/matrix/ros2_ws/install/custom_pkg/share/custom_pkg/local_setup.zsh
-- Installing: /home/matrix/ros2_ws/install/custom_pkg/share/custom_pkg/local_setup.dsv
-- Installing: /home/matrix/ros2_ws/install/custom_pkg/share/custom_pkg/package.dsv
-- Up-to-date: /home/matrix/ros2_ws/install/custom_pkg/share/ament_index/resource_index/packages/custom_pkg
-- Up-to-date: /home/matrix/ros2_ws/install/custom_pkg/share/custom_pkg/cmake/export_custom_pkg__rosidl_generator_cExport.cmake
-- Up-to-date: /home/matrix/ros2_ws/install/custom_pkg/share/custom_pkg/cmake/export_custom_pkg__rosidl_generator_cExport-noconfig.cmake
-- Up-to-date: /home/matrix/ros2_ws/install/custom_pkg/share/custom_pkg/cmake/export_custom_pkg__rosidl_typesupport_fastrtps_cExport.cmake
-- Up-to-date: /home/matrix/ros2_ws/install/custom_pkg/share/custom_pkg/cmake/export_custom_pkg__rosidl_typesupport_fastrtps_cExport-noconfig.cmake
-- Up-to-date: /home/matrix/ros2_ws/install/custom_pkg/share/custom_pkg/cmake/custom_pkg__rosidl_typesupport_introspection_cExport.cmake
-- Up-to-date: /home/matrix/ros2_ws/install/custom_pkg/share/custom_pkg/cmake/custom_pkg__rosidl_typesupport_introspection_cExport-noconfig.cmake
-- Up-to-date: /home/matrix/ros2_ws/install/custom_pkg/share/custom_pkg/cmake/custom_pkg__rosidl_typesupport_cExport.cmake
-- Up-to-date: /home/matrix/ros2_ws/install/custom_pkg/share/custom_pkg/cmake/custom_pkg__rosidl_typesupport_cExport-noconfig.cmake
-- Up-to-date: /home/matrix/ros2_ws/install/custom_pkg/share/custom_pkg/cmake/export_custom_pkg__rosidl_generator_cppExport.cmake
-- Up-to-date: /home/matrix/ros2_ws/install/custom_pkg/share/custom_pkg/cmake/export_custom_pkg__rosidl_typesupport_fastrtps_cppExport.cmake
-- Up-to-date: /home/matrix/ros2_ws/install/custom_pkg/share/custom_pkg/cmake/export_custom_pkg__rosidl_typesupport_fastrtps_cppExport-noconfig.cmake
-- Up-to-date: /home/matrix/ros2_ws/install/custom_pkg/share/custom_pkg/cmake/custom_pkg__rosidl_typesupport_introspection_cppExport.cmake
-- Up-to-date: /home/matrix/ros2_ws/install/custom_pkg/share/custom_pkg/cmake/custom_pkg__rosidl_typesupport_introspection_cppExport-noconfig.cmake
-- Up-to-date: /home/matrix/ros2_ws/install/custom_pkg/share/custom_pkg/cmake/custom_pkg__rosidl_typesupport_cppExport.cmake
-- Up-to-date: /home/matrix/ros2_ws/install/custom_pkg/share/custom_pkg/cmake/custom_pkg__rosidl_typesupport_cppExport-noconfig.cmake
-- Up-to-date: /home/matrix/ros2_ws/install/custom_pkg/share/custom_pkg/cmake/export_custom_pkg__rosidl_generator_pyExport.cmake
-- Up-to-date: /home/matrix/ros2_ws/install/custom_pkg/share/custom_pkg/cmake/export_custom_pkg__rosidl_generator_pyExport-noconfig.cmake
-- Up-to-date: /home/matrix/ros2_ws/install/custom_pkg/share/custom_pkg/cmake/rosidl_cmake-extras.cmake
-- Up-to-date: /home/matrix/ros2_ws/install/custom_pkg/share/custom_pkg/cmake/ament_cmake_export_dependencies-extras.cmake
-- Up-to-date: /home/matrix/ros2_ws/install/custom_pkg/share/custom_pkg/cmake/ament_cmake_export_include_directories-extras.cmake
-- Up-to-date: /home/matrix/ros2_ws/install/custom_pkg/share/custom_pkg/cmake/ament_cmake_export_libraries-extras.cmake
-- Up-to-date: /home/matrix/ros2_ws/install/custom_pkg/share/custom_pkg/cmake/ament_cmake_export_targets-extras.cmake
-- Up-to-date: /home/matrix/ros2_ws/install/custom_pkg/share/custom_pkg/cmake/rosidl_cmake_export_typesupport_targets-extras.cmake
-- Up-to-date: /home/matrix/ros2_ws/install/custom_pkg/share/custom_pkg/cmake/rosidl_cmake_export_typesupport_libraries-extras.cmake
-- Up-to-date: /home/matrix/ros2_ws/install/custom_pkg/share/custom_pkg/cmake/custom_pkgConfig.cmake
-- Up-to-date: /home/matrix/ros2_ws/install/custom_pkg/share/custom_pkg/cmake/custom_pkgConfig-version.cmake
-- Installing: /home/matrix/ros2_ws/install/custom_pkg/share/custom_pkg/package.xml
