[0.167s] Invoking command in '/home/matrix/ros2_ws/build/custom_pkg': CMAKE_PREFIX_PATH=/opt/ros/humble /usr/bin/cmake --build /home/matrix/ros2_ws/build/custom_pkg -- -j8 -l8
[0.412s] -- Found ament_cmake: 1.3.11 (/opt/ros/humble/share/ament_cmake/cmake)
[1.243s] -- Found rosidl_default_generators: 1.2.0 (/opt/ros/humble/share/rosidl_default_generators/cmake)
[1.254s] -- Using all available rosidl_typesupport_c: rosidl_typesupport_fastrtps_c;rosidl_typesupport_introspection_c
[1.281s] -- Found rosidl_adapter: 3.1.6 (/opt/ros/humble/share/rosidl_adapter/cmake)
[1.490s] -- Using all available rosidl_typesupport_cpp: rosidl_typesupport_fastrtps_cpp;rosidl_typesupport_introspection_cpp
[1.672s] -- Found std_msgs: 4.2.4 (/opt/ros/humble/share/std_msgs/cmake)
[1.800s] -- Found ament_lint_auto: 0.12.11 (/opt/ros/humble/share/ament_lint_auto/cmake)
[3.249s] -- Found ament_cmake_ros: 0.10.0 (/opt/ros/humble/share/ament_cmake_ros/cmake)
[4.340s] -- Using all available rosidl_typesupport_c: rosidl_typesupport_fastrtps_c;rosidl_typesupport_introspection_c
[5.964s] -- Using all available rosidl_typesupport_cpp: rosidl_typesupport_fastrtps_cpp;rosidl_typesupport_introspection_cpp
[6.065s] -- Found python_cmake_module: 0.10.0 (/opt/ros/humble/share/python_cmake_module/cmake)
[6.167s] -- Using PYTHON_EXECUTABLE: /usr/bin/python3
[6.169s] -- Using PYTHON_INCLUDE_DIRS: /usr/include/python3.10
[6.170s] -- Using PYTHON_LIBRARIES: /usr/lib/x86_64-linux-gnu/libpython3.10.so
[6.288s] -- Added test 'cppcheck' to perform static code analysis on C / C++ code
[6.288s] -- Configured cppcheck include dirs: 
[6.288s] -- Configured cppcheck exclude dirs and/or files: 
[6.293s] -- Added test 'lint_cmake' to check CMake code style
[6.304s] -- Added test 'uncrustify' to check C / C++ code style
[6.304s] -- Configured uncrustify additional arguments: 
[6.307s] -- Added test 'xmllint' to check XML markup files
[6.323s] -- Configuring done
[6.539s] -- Generating done
[6.576s] -- Build files have been written to: /home/matrix/ros2_ws/build/custom_pkg
[6.753s] [35m[1mConsolidate compiler generated dependencies of target custom_pkg__rosidl_generator_c[0m
[6.822s] [  3%] Built target custom_pkg__cpp
[6.874s] [ 12%] Built target custom_pkg__rosidl_generator_c
[6.898s] [ 12%] Built target ament_cmake_python_copy_custom_pkg
[6.977s] [35m[1mConsolidate compiler generated dependencies of target custom_pkg__rosidl_typesupport_cpp[0m
[6.988s] [35m[1mConsolidate compiler generated dependencies of target custom_pkg__rosidl_typesupport_introspection_cpp[0m
[6.997s] [35m[1mConsolidate compiler generated dependencies of target custom_pkg__rosidl_typesupport_fastrtps_cpp[0m
[7.006s] [35m[1mConsolidate compiler generated dependencies of target custom_pkg__rosidl_typesupport_fastrtps_c[0m
[7.082s] [35m[1mConsolidate compiler generated dependencies of target custom_pkg__rosidl_typesupport_introspection_c[0m
[7.162s] [35m[1mConsolidate compiler generated dependencies of target custom_pkg__rosidl_typesupport_c[0m
[7.192s] [ 22%] Built target custom_pkg__rosidl_typesupport_introspection_cpp
[7.214s] [ 32%] Built target custom_pkg__rosidl_typesupport_fastrtps_cpp
[7.228s] [ 41%] Built target custom_pkg__rosidl_typesupport_fastrtps_c
[7.250s] [ 51%] Built target custom_pkg__rosidl_typesupport_cpp
[7.270s] [ 61%] Built target custom_pkg__rosidl_typesupport_introspection_c
[7.319s] [ 70%] Built target custom_pkg__rosidl_typesupport_c
[7.539s] [ 70%] Built target custom_pkg
[7.762s] [ 74%] Built target custom_pkg__py
[7.854s] [35m[1mConsolidate compiler generated dependencies of target custom_pkg__rosidl_generator_py[0m
[7.994s] [ 80%] Built target custom_pkg__rosidl_generator_py
[8.130s] [35m[1mConsolidate compiler generated dependencies of target custom_pkg__rosidl_typesupport_fastrtps_c__pyext[0m
[8.130s] [35m[1mConsolidate compiler generated dependencies of target custom_pkg__rosidl_typesupport_introspection_c__pyext[0m
[8.150s] [35m[1mConsolidate compiler generated dependencies of target custom_pkg__rosidl_typesupport_c__pyext[0m
[8.290s] [ 87%] Built target custom_pkg__rosidl_typesupport_introspection_c__pyext
[8.290s] [ 93%] Built target custom_pkg__rosidl_typesupport_fastrtps_c__pyext
[8.316s] [100%] Built target custom_pkg__rosidl_typesupport_c__pyext
[8.420s] running egg_info
[8.423s] writing custom_pkg.egg-info/PKG-INFO
[8.424s] writing dependency_links to custom_pkg.egg-info/dependency_links.txt
[8.425s] writing top-level names to custom_pkg.egg-info/top_level.txt
[8.435s] reading manifest file 'custom_pkg.egg-info/SOURCES.txt'
[8.439s] writing manifest file 'custom_pkg.egg-info/SOURCES.txt'
[8.558s] [100%] Built target ament_cmake_python_build_custom_pkg_egg
[8.656s] Invoked command in '/home/matrix/ros2_ws/build/custom_pkg' returned '0': CMAKE_PREFIX_PATH=/opt/ros/humble /usr/bin/cmake --build /home/matrix/ros2_ws/build/custom_pkg -- -j8 -l8
[8.667s] Invoking command in '/home/matrix/ros2_ws/build/custom_pkg': CMAKE_PREFIX_PATH=/opt/ros/humble /usr/bin/cmake --install /home/matrix/ros2_ws/build/custom_pkg
[8.722s] -- Install configuration: ""
[8.723s] -- Up-to-date: /home/matrix/ros2_ws/install/custom_pkg/share/ament_index/resource_index/rosidl_interfaces/custom_pkg
[8.724s] -- Up-to-date: /home/matrix/ros2_ws/install/custom_pkg/include/custom_pkg/custom_pkg
[8.725s] -- Up-to-date: /home/matrix/ros2_ws/install/custom_pkg/include/custom_pkg/custom_pkg/msg
[8.726s] -- Up-to-date: /home/matrix/ros2_ws/install/custom_pkg/include/custom_pkg/custom_pkg/msg/rosidl_generator_c__visibility_control.h
[8.727s] -- Up-to-date: /home/matrix/ros2_ws/install/custom_pkg/include/custom_pkg/custom_pkg/msg/age.h
[8.729s] -- Up-to-date: /home/matrix/ros2_ws/install/custom_pkg/include/custom_pkg/custom_pkg/msg/detail
[8.731s] -- Up-to-date: /home/matrix/ros2_ws/install/custom_pkg/include/custom_pkg/custom_pkg/msg/detail/age__functions.c
[8.732s] -- Up-to-date: /home/matrix/ros2_ws/install/custom_pkg/include/custom_pkg/custom_pkg/msg/detail/age__functions.h
[8.734s] -- Up-to-date: /home/matrix/ros2_ws/install/custom_pkg/include/custom_pkg/custom_pkg/msg/detail/age__struct.h
[8.734s] -- Up-to-date: /home/matrix/ros2_ws/install/custom_pkg/include/custom_pkg/custom_pkg/msg/detail/age__type_support.h
[8.735s] -- Up-to-date: /home/matrix/ros2_ws/install/custom_pkg/share/custom_pkg/environment/library_path.sh
[8.735s] -- Installing: /home/matrix/ros2_ws/install/custom_pkg/share/custom_pkg/environment/library_path.dsv
[8.736s] -- Up-to-date: /home/matrix/ros2_ws/install/custom_pkg/lib/libcustom_pkg__rosidl_generator_c.so
[8.739s] -- Up-to-date: /home/matrix/ros2_ws/install/custom_pkg/include/custom_pkg/custom_pkg
[8.741s] -- Up-to-date: /home/matrix/ros2_ws/install/custom_pkg/include/custom_pkg/custom_pkg/msg
[8.742s] -- Up-to-date: /home/matrix/ros2_ws/install/custom_pkg/include/custom_pkg/custom_pkg/msg/rosidl_typesupport_fastrtps_c__visibility_control.h
[8.743s] -- Up-to-date: /home/matrix/ros2_ws/install/custom_pkg/include/custom_pkg/custom_pkg/msg/detail
[8.743s] -- Up-to-date: /home/matrix/ros2_ws/install/custom_pkg/include/custom_pkg/custom_pkg/msg/detail/age__rosidl_typesupport_fastrtps_c.h
[8.752s] -- Up-to-date: /home/matrix/ros2_ws/install/custom_pkg/lib/libcustom_pkg__rosidl_typesupport_fastrtps_c.so
[8.753s] -- Up-to-date: /home/matrix/ros2_ws/install/custom_pkg/include/custom_pkg/custom_pkg
[8.754s] -- Up-to-date: /home/matrix/ros2_ws/install/custom_pkg/include/custom_pkg/custom_pkg/msg
[8.755s] -- Up-to-date: /home/matrix/ros2_ws/install/custom_pkg/include/custom_pkg/custom_pkg/msg/rosidl_typesupport_introspection_c__visibility_control.h
[8.755s] -- Up-to-date: /home/matrix/ros2_ws/install/custom_pkg/include/custom_pkg/custom_pkg/msg/detail
[8.759s] -- Up-to-date: /home/matrix/ros2_ws/install/custom_pkg/include/custom_pkg/custom_pkg/msg/detail/age__rosidl_typesupport_introspection_c.h
[8.762s] -- Up-to-date: /home/matrix/ros2_ws/install/custom_pkg/include/custom_pkg/custom_pkg/msg/detail/age__type_support.c
[8.763s] -- Up-to-date: /home/matrix/ros2_ws/install/custom_pkg/lib/libcustom_pkg__rosidl_typesupport_introspection_c.so
[8.765s] -- Up-to-date: /home/matrix/ros2_ws/install/custom_pkg/lib/libcustom_pkg__rosidl_typesupport_c.so
[8.769s] -- Up-to-date: /home/matrix/ros2_ws/install/custom_pkg/include/custom_pkg/custom_pkg
[8.772s] -- Up-to-date: /home/matrix/ros2_ws/install/custom_pkg/include/custom_pkg/custom_pkg/msg
[8.772s] -- Up-to-date: /home/matrix/ros2_ws/install/custom_pkg/include/custom_pkg/custom_pkg/msg/rosidl_generator_cpp__visibility_control.hpp
[8.773s] -- Up-to-date: /home/matrix/ros2_ws/install/custom_pkg/include/custom_pkg/custom_pkg/msg/age.hpp
[8.774s] -- Up-to-date: /home/matrix/ros2_ws/install/custom_pkg/include/custom_pkg/custom_pkg/msg/detail
[8.775s] -- Up-to-date: /home/matrix/ros2_ws/install/custom_pkg/include/custom_pkg/custom_pkg/msg/detail/age__type_support.hpp
[8.776s] -- Up-to-date: /home/matrix/ros2_ws/install/custom_pkg/include/custom_pkg/custom_pkg/msg/detail/age__struct.hpp
[8.776s] -- Up-to-date: /home/matrix/ros2_ws/install/custom_pkg/include/custom_pkg/custom_pkg/msg/detail/age__builder.hpp
[8.777s] -- Up-to-date: /home/matrix/ros2_ws/install/custom_pkg/include/custom_pkg/custom_pkg/msg/detail/age__traits.hpp
[8.777s] -- Up-to-date: /home/matrix/ros2_ws/install/custom_pkg/include/custom_pkg/custom_pkg
[8.778s] -- Up-to-date: /home/matrix/ros2_ws/install/custom_pkg/include/custom_pkg/custom_pkg/msg
[8.778s] -- Up-to-date: /home/matrix/ros2_ws/install/custom_pkg/include/custom_pkg/custom_pkg/msg/rosidl_typesupport_fastrtps_cpp__visibility_control.h
[8.782s] -- Up-to-date: /home/matrix/ros2_ws/install/custom_pkg/include/custom_pkg/custom_pkg/msg/detail
[8.782s] -- Up-to-date: /home/matrix/ros2_ws/install/custom_pkg/include/custom_pkg/custom_pkg/msg/detail/age__rosidl_typesupport_fastrtps_cpp.hpp
[8.782s] -- Up-to-date: /home/matrix/ros2_ws/install/custom_pkg/include/custom_pkg/custom_pkg/msg/detail/dds_fastrtps
[8.784s] -- Up-to-date: /home/matrix/ros2_ws/install/custom_pkg/lib/libcustom_pkg__rosidl_typesupport_fastrtps_cpp.so
[8.792s] -- Up-to-date: /home/matrix/ros2_ws/install/custom_pkg/include/custom_pkg/custom_pkg
[8.792s] -- Up-to-date: /home/matrix/ros2_ws/install/custom_pkg/include/custom_pkg/custom_pkg/msg
[8.794s] -- Up-to-date: /home/matrix/ros2_ws/install/custom_pkg/include/custom_pkg/custom_pkg/msg/detail
[8.794s] -- Up-to-date: /home/matrix/ros2_ws/install/custom_pkg/include/custom_pkg/custom_pkg/msg/detail/age__type_support.cpp
[8.796s] -- Up-to-date: /home/matrix/ros2_ws/install/custom_pkg/include/custom_pkg/custom_pkg/msg/detail/age__rosidl_typesupport_introspection_cpp.hpp
[8.798s] -- Up-to-date: /home/matrix/ros2_ws/install/custom_pkg/lib/libcustom_pkg__rosidl_typesupport_introspection_cpp.so
[8.801s] -- Up-to-date: /home/matrix/ros2_ws/install/custom_pkg/lib/libcustom_pkg__rosidl_typesupport_cpp.so
[8.811s] -- Up-to-date: /home/matrix/ros2_ws/install/custom_pkg/share/custom_pkg/environment/pythonpath.sh
[8.812s] -- Installing: /home/matrix/ros2_ws/install/custom_pkg/share/custom_pkg/environment/pythonpath.dsv
[8.812s] -- Up-to-date: /home/matrix/ros2_ws/install/custom_pkg/local/lib/python3.10/dist-packages/custom_pkg-0.0.0-py3.10.egg-info
[8.812s] -- Installing: /home/matrix/ros2_ws/install/custom_pkg/local/lib/python3.10/dist-packages/custom_pkg-0.0.0-py3.10.egg-info/SOURCES.txt
[8.813s] -- Installing: /home/matrix/ros2_ws/install/custom_pkg/local/lib/python3.10/dist-packages/custom_pkg-0.0.0-py3.10.egg-info/PKG-INFO
[8.814s] -- Installing: /home/matrix/ros2_ws/install/custom_pkg/local/lib/python3.10/dist-packages/custom_pkg-0.0.0-py3.10.egg-info/dependency_links.txt
[8.814s] -- Installing: /home/matrix/ros2_ws/install/custom_pkg/local/lib/python3.10/dist-packages/custom_pkg-0.0.0-py3.10.egg-info/top_level.txt
[8.817s] -- Up-to-date: /home/matrix/ros2_ws/install/custom_pkg/local/lib/python3.10/dist-packages/custom_pkg
[8.818s] -- Up-to-date: /home/matrix/ros2_ws/install/custom_pkg/local/lib/python3.10/dist-packages/custom_pkg/msg
[8.819s] -- Up-to-date: /home/matrix/ros2_ws/install/custom_pkg/local/lib/python3.10/dist-packages/custom_pkg/msg/_age.py
[8.820s] -- Up-to-date: /home/matrix/ros2_ws/install/custom_pkg/local/lib/python3.10/dist-packages/custom_pkg/msg/_age_s.c
[8.822s] -- Up-to-date: /home/matrix/ros2_ws/install/custom_pkg/local/lib/python3.10/dist-packages/custom_pkg/msg/__init__.py
[8.823s] -- Up-to-date: /home/matrix/ros2_ws/install/custom_pkg/local/lib/python3.10/dist-packages/custom_pkg/custom_pkg_s__rosidl_typesupport_fastrtps_c.cpython-310-x86_64-linux-gnu.so
[8.829s] -- Up-to-date: /home/matrix/ros2_ws/install/custom_pkg/local/lib/python3.10/dist-packages/custom_pkg/custom_pkg_s__rosidl_typesupport_c.cpython-310-x86_64-linux-gnu.so
[8.830s] -- Installing: /home/matrix/ros2_ws/install/custom_pkg/local/lib/python3.10/dist-packages/custom_pkg/__init__.py
[8.830s] -- Up-to-date: /home/matrix/ros2_ws/install/custom_pkg/local/lib/python3.10/dist-packages/custom_pkg/libcustom_pkg__rosidl_generator_py.so
[8.831s] -- Up-to-date: /home/matrix/ros2_ws/install/custom_pkg/local/lib/python3.10/dist-packages/custom_pkg/custom_pkg_s__rosidl_typesupport_introspection_c.cpython-310-x86_64-linux-gnu.so
[8.831s] -- Up-to-date: /home/matrix/ros2_ws/install/custom_pkg/local/lib/python3.10/dist-packages/custom_pkg/_custom_pkg_s.ep.rosidl_typesupport_c.c
[8.832s] -- Up-to-date: /home/matrix/ros2_ws/install/custom_pkg/local/lib/python3.10/dist-packages/custom_pkg/_custom_pkg_s.ep.rosidl_typesupport_fastrtps_c.c
[8.833s] -- Up-to-date: /home/matrix/ros2_ws/install/custom_pkg/local/lib/python3.10/dist-packages/custom_pkg/_custom_pkg_s.ep.rosidl_typesupport_introspection_c.c
[9.009s] Listing '/home/matrix/ros2_ws/install/custom_pkg/local/lib/python3.10/dist-packages/custom_pkg'...
[9.010s] Compiling '/home/matrix/ros2_ws/install/custom_pkg/local/lib/python3.10/dist-packages/custom_pkg/__init__.py'...
[9.010s] Listing '/home/matrix/ros2_ws/install/custom_pkg/local/lib/python3.10/dist-packages/custom_pkg/msg'...
[9.031s] -- Up-to-date: /home/matrix/ros2_ws/install/custom_pkg/local/lib/python3.10/dist-packages/custom_pkg/custom_pkg_s__rosidl_typesupport_fastrtps_c.cpython-310-x86_64-linux-gnu.so
[9.043s] -- Up-to-date: /home/matrix/ros2_ws/install/custom_pkg/local/lib/python3.10/dist-packages/custom_pkg/custom_pkg_s__rosidl_typesupport_introspection_c.cpython-310-x86_64-linux-gnu.so
[9.046s] -- Up-to-date: /home/matrix/ros2_ws/install/custom_pkg/local/lib/python3.10/dist-packages/custom_pkg/custom_pkg_s__rosidl_typesupport_c.cpython-310-x86_64-linux-gnu.so
[9.053s] -- Up-to-date: /home/matrix/ros2_ws/install/custom_pkg/lib/libcustom_pkg__rosidl_generator_py.so
[9.060s] -- Up-to-date: /home/matrix/ros2_ws/install/custom_pkg/share/custom_pkg/msg/Age.idl
[9.063s] -- Installing: /home/matrix/ros2_ws/install/custom_pkg/share/custom_pkg/msg/Age.msg
[9.064s] -- Up-to-date: /home/matrix/ros2_ws/install/custom_pkg/share/ament_index/resource_index/package_run_dependencies/custom_pkg
[9.067s] -- Up-to-date: /home/matrix/ros2_ws/install/custom_pkg/share/ament_index/resource_index/parent_prefix_path/custom_pkg
[9.067s] -- Up-to-date: /home/matrix/ros2_ws/install/custom_pkg/share/custom_pkg/environment/ament_prefix_path.sh
[9.068s] -- Installing: /home/matrix/ros2_ws/install/custom_pkg/share/custom_pkg/environment/ament_prefix_path.dsv
[9.073s] -- Up-to-date: /home/matrix/ros2_ws/install/custom_pkg/share/custom_pkg/environment/path.sh
[9.073s] -- Installing: /home/matrix/ros2_ws/install/custom_pkg/share/custom_pkg/environment/path.dsv
[9.074s] -- Up-to-date: /home/matrix/ros2_ws/install/custom_pkg/share/custom_pkg/local_setup.bash
[9.076s] -- Up-to-date: /home/matrix/ros2_ws/install/custom_pkg/share/custom_pkg/local_setup.sh
[9.077s] -- Up-to-date: /home/matrix/ros2_ws/install/custom_pkg/share/custom_pkg/local_setup.zsh
[9.078s] -- Installing: /home/matrix/ros2_ws/install/custom_pkg/share/custom_pkg/local_setup.dsv
[9.078s] -- Installing: /home/matrix/ros2_ws/install/custom_pkg/share/custom_pkg/package.dsv
[9.080s] -- Up-to-date: /home/matrix/ros2_ws/install/custom_pkg/share/ament_index/resource_index/packages/custom_pkg
[9.084s] -- Up-to-date: /home/matrix/ros2_ws/install/custom_pkg/share/custom_pkg/cmake/export_custom_pkg__rosidl_generator_cExport.cmake
[9.084s] -- Up-to-date: /home/matrix/ros2_ws/install/custom_pkg/share/custom_pkg/cmake/export_custom_pkg__rosidl_generator_cExport-noconfig.cmake
[9.085s] -- Up-to-date: /home/matrix/ros2_ws/install/custom_pkg/share/custom_pkg/cmake/export_custom_pkg__rosidl_typesupport_fastrtps_cExport.cmake
[9.085s] -- Up-to-date: /home/matrix/ros2_ws/install/custom_pkg/share/custom_pkg/cmake/export_custom_pkg__rosidl_typesupport_fastrtps_cExport-noconfig.cmake
[9.085s] -- Up-to-date: /home/matrix/ros2_ws/install/custom_pkg/share/custom_pkg/cmake/custom_pkg__rosidl_typesupport_introspection_cExport.cmake
[9.088s] -- Up-to-date: /home/matrix/ros2_ws/install/custom_pkg/share/custom_pkg/cmake/custom_pkg__rosidl_typesupport_introspection_cExport-noconfig.cmake
[9.088s] -- Up-to-date: /home/matrix/ros2_ws/install/custom_pkg/share/custom_pkg/cmake/custom_pkg__rosidl_typesupport_cExport.cmake
[9.089s] -- Up-to-date: /home/matrix/ros2_ws/install/custom_pkg/share/custom_pkg/cmake/custom_pkg__rosidl_typesupport_cExport-noconfig.cmake
[9.091s] -- Up-to-date: /home/matrix/ros2_ws/install/custom_pkg/share/custom_pkg/cmake/export_custom_pkg__rosidl_generator_cppExport.cmake
[9.091s] -- Up-to-date: /home/matrix/ros2_ws/install/custom_pkg/share/custom_pkg/cmake/export_custom_pkg__rosidl_typesupport_fastrtps_cppExport.cmake
[9.093s] -- Up-to-date: /home/matrix/ros2_ws/install/custom_pkg/share/custom_pkg/cmake/export_custom_pkg__rosidl_typesupport_fastrtps_cppExport-noconfig.cmake
[9.094s] -- Up-to-date: /home/matrix/ros2_ws/install/custom_pkg/share/custom_pkg/cmake/custom_pkg__rosidl_typesupport_introspection_cppExport.cmake
[9.096s] -- Up-to-date: /home/matrix/ros2_ws/install/custom_pkg/share/custom_pkg/cmake/custom_pkg__rosidl_typesupport_introspection_cppExport-noconfig.cmake
[9.099s] -- Up-to-date: /home/matrix/ros2_ws/install/custom_pkg/share/custom_pkg/cmake/custom_pkg__rosidl_typesupport_cppExport.cmake
[9.101s] -- Up-to-date: /home/matrix/ros2_ws/install/custom_pkg/share/custom_pkg/cmake/custom_pkg__rosidl_typesupport_cppExport-noconfig.cmake
[9.103s] -- Up-to-date: /home/matrix/ros2_ws/install/custom_pkg/share/custom_pkg/cmake/export_custom_pkg__rosidl_generator_pyExport.cmake
[9.103s] -- Up-to-date: /home/matrix/ros2_ws/install/custom_pkg/share/custom_pkg/cmake/export_custom_pkg__rosidl_generator_pyExport-noconfig.cmake
[9.103s] -- Up-to-date: /home/matrix/ros2_ws/install/custom_pkg/share/custom_pkg/cmake/rosidl_cmake-extras.cmake
[9.104s] -- Up-to-date: /home/matrix/ros2_ws/install/custom_pkg/share/custom_pkg/cmake/ament_cmake_export_dependencies-extras.cmake
[9.105s] -- Up-to-date: /home/matrix/ros2_ws/install/custom_pkg/share/custom_pkg/cmake/ament_cmake_export_include_directories-extras.cmake
[9.107s] -- Up-to-date: /home/matrix/ros2_ws/install/custom_pkg/share/custom_pkg/cmake/ament_cmake_export_libraries-extras.cmake
[9.110s] -- Up-to-date: /home/matrix/ros2_ws/install/custom_pkg/share/custom_pkg/cmake/ament_cmake_export_targets-extras.cmake
[9.110s] -- Up-to-date: /home/matrix/ros2_ws/install/custom_pkg/share/custom_pkg/cmake/rosidl_cmake_export_typesupport_targets-extras.cmake
[9.111s] -- Up-to-date: /home/matrix/ros2_ws/install/custom_pkg/share/custom_pkg/cmake/rosidl_cmake_export_typesupport_libraries-extras.cmake
[9.111s] -- Up-to-date: /home/matrix/ros2_ws/install/custom_pkg/share/custom_pkg/cmake/custom_pkgConfig.cmake
[9.112s] -- Up-to-date: /home/matrix/ros2_ws/install/custom_pkg/share/custom_pkg/cmake/custom_pkgConfig-version.cmake
[9.112s] -- Installing: /home/matrix/ros2_ws/install/custom_pkg/share/custom_pkg/package.xml
[9.129s] Invoked command in '/home/matrix/ros2_ws/build/custom_pkg' returned '0': CMAKE_PREFIX_PATH=/opt/ros/humble /usr/bin/cmake --install /home/matrix/ros2_ws/build/custom_pkg
