[0.072s] Invoking command in '/home/matrix/ros2_ws/build/custom_pkg': CMAKE_PREFIX_PATH=/opt/ros/humble /usr/bin/cmake /home/matrix/ros2_ws/src/custom_pkg -DCMAKE_INSTALL_PREFIX=/home/matrix/ros2_ws/install/custom_pkg
[0.360s] -- The C compiler identification is GNU 11.4.0
[0.623s] -- The CXX compiler identification is GNU 11.4.0
[0.658s] -- Detecting C compiler ABI info
[0.998s] -- Detecting C compiler ABI info - done
[1.010s] -- Check for working C compiler: /usr/bin/cc - skipped
[1.010s] -- Detecting C compile features
[1.012s] -- Detecting C compile features - done
[1.027s] -- Detecting CXX compiler ABI info
[1.470s] -- Detecting CXX compiler ABI info - done
[1.484s] -- Check for working CXX compiler: /usr/bin/c++ - skipped
[1.485s] -- Detecting CXX compile features
[1.487s] -- Detecting CXX compile features - done
[1.495s] -- Found ament_cmake: 1.3.11 (/opt/ros/humble/share/ament_cmake/cmake)
[2.004s] -- Found Python3: /usr/bin/python3 (found version "3.10.12") found components: Interpreter 
[2.301s] -- Found rosidl_default_generators: 1.2.0 (/opt/ros/humble/share/rosidl_default_generators/cmake)
[2.306s] -- Using all available rosidl_typesupport_c: rosidl_typesupport_fastrtps_c;rosidl_typesupport_introspection_c
[2.325s] -- Found rosidl_adapter: 3.1.6 (/opt/ros/humble/share/rosidl_adapter/cmake)
[2.469s] -- Using all available rosidl_typesupport_cpp: rosidl_typesupport_fastrtps_cpp;rosidl_typesupport_introspection_cpp
[2.569s] -- Found std_msgs: 4.2.4 (/opt/ros/humble/share/std_msgs/cmake)
[3.112s] [31mCMake Error at /opt/ros/humble/share/rosidl_cmake/cmake/rosidl_generate_interfaces.cmake:229 (message):
[3.113s]   Packages installing interfaces must include
[3.113s]   '<member_of_group>rosidl_interface_packages</member_of_group>' in their
[3.113s]   package.xml
[3.113s] Call Stack (most recent call first):
[3.113s]   CMakeLists.txt:18 (rosidl_generate_interfaces)
[3.114s] 
[3.114s] [0m
[3.114s] -- Configuring incomplete, errors occurred!
[3.114s] See also "/home/matrix/ros2_ws/build/custom_pkg/CMakeFiles/CMakeOutput.log".
[3.148s] Invoked command in '/home/matrix/ros2_ws/build/custom_pkg' returned '1': CMAKE_PREFIX_PATH=/opt/ros/humble /usr/bin/cmake /home/matrix/ros2_ws/src/custom_pkg -DCMAKE_INSTALL_PREFIX=/home/matrix/ros2_ws/install/custom_pkg
