[6.610s] Invoking command in '/home/matrix/ros2_ws/src/py_node': PYTHONPATH=/home/matrix/ros2_ws/build/py_node/prefix_override:/usr/lib/python3/dist-packages/colcon_core/task/python/colcon_distutils_commands:/home/matrix/ros2_ws/install/py_node/lib/python3.10/site-packages:${PYTHONPATH} /usr/bin/python3 -W ignore:setup.py install is deprecated -W ignore:easy_install command is deprecated setup.py egg_info --egg-base ../../build/py_node build --build-base /home/matrix/ros2_ws/build/py_node/build install --record /home/matrix/ros2_ws/build/py_node/install.log --single-version-externally-managed install_data
[9.084s] running egg_info
[9.092s] writing ../../build/py_node/py_node.egg-info/PKG-INFO
[9.094s] writing dependency_links to ../../build/py_node/py_node.egg-info/dependency_links.txt
[9.096s] writing entry points to ../../build/py_node/py_node.egg-info/entry_points.txt
[9.101s] writing requirements to ../../build/py_node/py_node.egg-info/requires.txt
[9.107s] writing top-level names to ../../build/py_node/py_node.egg-info/top_level.txt
[9.126s] reading manifest file '../../build/py_node/py_node.egg-info/SOURCES.txt'
[9.134s] writing manifest file '../../build/py_node/py_node.egg-info/SOURCES.txt'
[9.135s] running build
[9.140s] running build_py
[9.144s] running install
[9.151s] running install_lib
[9.160s] running install_data
[9.161s] running install_egg_info
[9.175s] removing '/home/matrix/ros2_ws/install/py_node/lib/python3.10/site-packages/py_node-0.0.0-py3.10.egg-info' (and everything under it)
[9.183s] Copying ../../build/py_node/py_node.egg-info to /home/matrix/ros2_ws/install/py_node/lib/python3.10/site-packages/py_node-0.0.0-py3.10.egg-info
[9.193s] running install_scripts
[9.397s] Installing listener script to /home/matrix/ros2_ws/install/py_node/lib/py_node
[9.398s] Installing talker script to /home/matrix/ros2_ws/install/py_node/lib/py_node
[9.403s] writing list of installed files to '/home/matrix/ros2_ws/build/py_node/install.log'
[9.509s] Invoked command in '/home/matrix/ros2_ws/src/py_node' returned '0': PYTHONPATH=/home/matrix/ros2_ws/build/py_node/prefix_override:/usr/lib/python3/dist-packages/colcon_core/task/python/colcon_distutils_commands:/home/matrix/ros2_ws/install/py_node/lib/python3.10/site-packages:${PYTHONPATH} /usr/bin/python3 -W ignore:setup.py install is deprecated -W ignore:easy_install command is deprecated setup.py egg_info --egg-base ../../build/py_node build --build-base /home/matrix/ros2_ws/build/py_node/build install --record /home/matrix/ros2_ws/build/py_node/install.log --single-version-externally-managed install_data
